0.01 -0.00127474
0.02 -0.00734143
0.03 -0.0220829
0.04 -0.0482136
0.05 -0.0873726
0.06 -0.14025
0.07 -0.206737
0.08 -0.286082
0.09 -0.377055
0.1 -0.478095
0.11 -0.587448
0.12 -0.703285
0.13 -0.823807
0.14 -0.947335
0.15 -1.07236
0.16 -1.19761
0.17 -1.32202
0.18 -1.44479
0.19 -1.56534
0.2 -1.68332
0.21 -1.79856
0.22 -1.91104
0.23 -2.02086
0.24 -2.12824
0.25 -2.23348
0.26 -2.33692
0.27 -2.43892
0.28 -2.53984
0.29 -2.64003
0.3 -2.73981
0.31 -2.83943
0.32 -2.93909
0.33 -3.03893
0.34 -3.13906
0.35 -3.23954
0.36 -3.34042
0.37 -3.44171
0.38 -3.5434
0.39 -3.64546
0.4 -3.74786
0.41 -3.85052
0.42 -3.95335
0.43 -4.05624
0.44 -4.1591
0.45 -4.26187
0.46 -4.36448
0.47 -4.4669
0.48 -4.56912
0.49 -4.67113
0.5 -4.77294
0.51 -4.87453
0.52 -4.97587
0.53 -5.07693
0.54 -5.17767
0.55 -5.27811
0.56 -5.37826
0.57 -5.47814
0.58 -5.5778
0.59 -5.67725
0.6 -5.77656
0.61 -5.87573
0.62 -5.97473
0.63 -6.07352
0.64 -6.17207
0.65 -6.27037
0.66 -6.36843
0.67 -6.46627
0.68 -6.56391
0.69 -6.66137
0.7 -6.75869
0.71 -6.85587
0.72 -6.95287
0.73 -7.04962
0.74 -7.14608
0.75 -7.24224
0.76 -7.3381
0.77 -7.43367
0.78 -7.52899
0.79 -7.62409
0.8 -7.719
0.81 -7.81373
0.82 -7.90823
0.83 -8.00244
0.84 -8.09631
0.85 -8.18983
0.86 -8.283
0.87 -8.37585
0.88 -8.46841
0.89 -8.56073
0.9 -8.65283
0.91 -8.74474
0.92 -8.83639
0.93 -8.92772
0.94 -9.01868
0.95 -9.10926
0.96 -9.19946
0.97 -9.2893
0.98 -9.37882
0.99 -9.46806
1 -9.55709
1.01 -9.64589
1.02 -9.73441
1.03 -9.82258
1.04 -9.91034
1.05 -9.99768
1.06 -10.0846
1.07 -10.1711
1.08 -10.2573
1.09 -10.3432
1.1 -10.4288
1.11 -10.5142
1.12 -10.5993
1.13 -10.684
1.14 -10.7682
1.15 -10.852
1.16 -10.9354
1.17 -11.0183
1.18 -11.1009
1.19 -11.1831
1.2 -11.265
1.21 -11.3467
1.22 -11.4281
1.23 -11.509
1.24 -11.5895
1.25 -11.6694
1.26 -11.7489
1.27 -11.828
1.28 -11.9066
1.29 -11.9848
1.3 -12.0628
1.31 -12.1405
1.32 -12.2179
1.33 -12.2948
1.34 -12.3712
1.35 -12.4471
1.36 -12.5224
1.37 -12.5973
1.38 -12.6717
1.39 -12.7458
1.4 -12.8195
1.41 -12.893
1.42 -12.9661
1.43 -13.0387
1.44 -13.1108
1.45 -13.1823
1.46 -13.2533
1.47 -13.3237
1.48 -13.3937
1.49 -13.4633
1.5 -13.5326
1.51 -13.6015
1.52 -13.6701
1.53 -13.7382
1.54 -13.8057
1.55 -13.8726
1.56 -13.9389
1.57 -14.0047
1.58 -14.07
1.59 -14.1349
1.6 -14.1995
1.61 -14.2637
1.62 -14.3275
1.63 -14.3908
1.64 -14.4535
1.65 -14.5156
1.66 -14.5771
1.67 -14.638
1.68 -14.6984
1.69 -14.7584
1.7 -14.818
1.71 -14.8773
1.72 -14.9361
1.73 -14.9944
1.74 -15.0521
1.75 -15.1092
1.76 -15.1656
1.77 -15.2214
1.78 -15.2767
1.79 -15.3316
1.8 -15.3861
1.81 -15.4402
1.82 -15.4939
1.83 -15.547
1.84 -15.5994
1.85 -15.6513
1.86 -15.7024
1.87 -15.753
1.88 -15.803
1.89 -15.8525
1.9 -15.9017
1.91 -15.9505
1.92 -15.9988
1.93 -16.0465
1.94 -16.0936
1.95 -16.14
1.96 -16.1857
1.97 -16.2308
1.98 -16.2754
1.99 -16.3194
2 -16.3631
2.01 -16.4064
2.02 -16.4492
2.03 -16.4914
2.04 -16.5329
2.05 -16.5738
2.06 -16.6139
2.07 -16.6534
2.08 -16.6923
2.09 -16.7308
2.1 -16.7688
2.11 -16.8064
2.12 -16.8436
2.13 -16.8801
2.14 -16.9159
2.15 -16.9511
2.16 -16.9855
2.17 -17.0192
2.18 -17.0524
2.19 -17.0851
2.2 -17.1173
2.21 -17.1492
2.22 -17.1805
2.23 -17.2113
2.24 -17.2413
2.25 -17.2706
2.26 -17.2992
2.27 -17.3271
2.28 -17.3544
2.29 -17.3812
2.3 -17.4075
2.31 -17.4335
2.32 -17.4589
2.33 -17.4838
2.34 -17.5079
2.35 -17.5312
2.36 -17.5539
2.37 -17.5758
2.38 -17.5972
2.39 -17.618
2.4 -17.6384
2.41 -17.6584
2.42 -17.6779
2.43 -17.6967
2.44 -17.7148
2.45 -17.7322
2.46 -17.7488
2.47 -17.7647
2.48 -17.7801
2.49 -17.7948
2.5 -17.8092
2.51 -17.8231
2.52 -17.8366
2.53 -17.8494
2.54 -17.8614
2.55 -17.8727
2.56 -17.8833
2.57 -17.8931
2.58 -17.9023
2.59 -17.911
2.6 -17.9193
2.61 -17.9272
2.62 -17.9345
2.63 -17.9412
2.64 -17.9471
2.65 -17.9523
2.66 -17.9568
2.67 -17.9605
2.68 -17.9636
2.69 -17.9662
2.7 -17.9684
2.71 -17.9701
2.72 -17.9713
2.73 -17.9719
2.74 -17.9717
2.75 -17.9708
2.76 -17.9691
2.77 -17.9667
2.78 -17.9637
2.79 -17.9602
2.8 -17.9562
2.81 -17.9518
2.82 -17.9469
2.83 -17.9413
2.84 -17.935
2.85 -17.928
2.86 -17.9202
2.87 -17.9117
2.88 -17.9026
2.89 -17.8929
2.9 -17.8828
2.91 -17.8723
2.92 -17.8613
2.93 -17.8497
2.94 -17.8373
2.95 -17.8241
2.96 -17.8102
2.97 -17.7956
2.98 -17.7804
2.99 -17.7647
3 -17.7485
3.01 -17.732
3.02 -17.7149
3.03 -17.6972
3.04 -17.6787
3.05 -17.6595
3.06 -17.6396
3.07 -17.619
3.08 -17.5977
3.09 -17.576
3.1 -17.5538
3.11 -17.5312
3.12 -17.5081
3.13 -17.4843
3.14 -17.4599
3.15 -17.4347
3.16 -17.4088
3.17 -17.3822
3.18 -17.355
3.19 -17.3273
3.2 -17.2992
3.21 -17.2707
3.22 -17.2416
3.23 -17.212
3.24 -17.1816
3.25 -17.1505
3.26 -17.1187
3.27 -17.0863
3.28 -17.0532
3.29 -17.0196
3.3 -16.9857
3.31 -16.9513
3.32 -16.9164
3.33 -16.8809
3.34 -16.8448
3.35 -16.8079
3.36 -16.7703
3.37 -16.7321
3.38 -16.6933
3.39 -16.654
3.4 -16.6143
3.41 -16.5742
3.42 -16.5336
3.43 -16.4924
3.44 -16.4505
3.45 -16.408
3.46 -16.3648
3.47 -16.3209
3.48 -16.2765
3.49 -16.2316
3.5 -16.1862
3.51 -16.1406
3.52 -16.0944
3.53 -16.0477
3.54 -16.0003
3.55 -15.9522
3.56 -15.9035
3.57 -15.8541
3.58 -15.8042
3.59 -15.7538
3.6 -15.7031
3.61 -15.6519
3.62 -15.6004
3.63 -15.5482
3.64 -15.4955
3.65 -15.442
3.66 -15.388
3.67 -15.3333
3.68 -15.2781
3.69 -15.2224
3.7 -15.1664
3.71 -15.11
3.72 -15.0532
3.73 -14.9958
3.74 -14.9378
3.75 -14.8792
3.76 -14.82
3.77 -14.7602
3.78 -14.6999
3.79 -14.6391
3.8 -14.578
3.81 -14.5166
3.82 -14.4547
3.83 -14.3923
3.84 -14.3293
3.85 -14.2657
3.86 -14.2016
3.87 -14.1368
3.88 -14.0716
3.89 -14.006
3.9 -13.94
3.91 -13.8737
3.92 -13.807
3.93 -13.7398
3.94 -13.672
3.95 -13.6037
3.96 -13.5347
3.97 -13.4653
3.98 -13.3954
3.99 -13.3251
4 -13.2545
4.01 -13.1835
4.02 -13.1122
4.03 -13.0404
4.04 -12.9681
4.05 -12.8952
4.06 -12.8218
4.07 -12.7479
4.08 -12.6735
4.09 -12.5988
4.1 -12.5238
4.11 -12.4484
4.12 -12.3727
4.13 -12.2966
4.14 -12.22
4.15 -12.1428
4.16 -12.0652
4.17 -11.987
4.18 -11.9085
4.19 -11.8296
4.2 -11.7504
4.21 -11.6709
4.22 -11.5911
4.23 -11.5109
4.24 -11.4302
4.25 -11.3491
4.26 -11.2674
4.27 -11.1853
4.28 -11.1029
4.29 -11.0201
4.3 -10.937
4.31 -10.8537
4.32 -10.77
4.33 -10.686
4.34 -10.6015
4.35 -10.5166
4.36 -10.4313
4.37 -10.3455
4.38 -10.2594
4.39 -10.173
4.4 -10.0863
4.41 -9.99941
4.42 -9.91222
4.43 -9.82467
4.44 -9.73672
4.45 -9.64836
4.46 -9.5596
4.47 -9.47047
4.48 -9.38101
4.49 -9.29127
4.5 -9.20129
4.51 -9.1111
4.52 -9.02065
4.53 -8.92987
4.54 -8.83873
4.55 -8.74722
4.56 -8.65535
4.57 -8.56314
4.58 -8.47064
4.59 -8.37787
4.6 -8.2849
4.61 -8.19173
4.62 -8.09833
4.63 -8.00463
4.64 -7.91062
4.65 -7.81627
4.66 -7.7216
4.67 -7.62663
4.68 -7.53139
4.69 -7.43592
4.7 -7.34026
4.71 -7.24444
4.72 -7.14841
4.73 -7.05212
4.74 -6.95554
4.75 -6.85868
4.76 -6.76153
4.77 -6.66412
4.78 -6.56647
4.79 -6.46863
4.8 -6.37062
4.81 -6.27247
4.82 -6.17413
4.83 -6.07558
4.84 -5.97678
4.85 -5.87773
4.86 -5.77843
4.87 -5.67892
4.88 -5.5792
4.89 -5.47931
4.9 -5.37928
4.91 -5.27913
4.92 -5.17883
4.93 -5.07834
4.94 -4.97765
4.95 -4.87675
4.96 -4.77565
4.97 -4.67436
4.98 -4.57291
4.99 -4.47132
5 -4.36962
5.01 -4.26781
5.02 -4.16588
5.03 -4.0638
5.04 -3.96156
5.05 -3.85916
5.06 -3.7566
5.07 -3.65389
5.08 -3.55105
5.09 -3.4481
5.1 -3.34506
5.11 -3.24194
5.12 -3.13873
5.13 -3.03541
5.14 -2.93197
5.15 -2.82841
5.16 -2.72473
5.17 -2.62095
5.18 -2.51707
5.19 -2.41311
5.2 -2.30909
5.21 -2.20501
5.22 -2.10087
5.23 -1.99666
5.24 -1.89238
5.25 -1.78801
5.26 -1.68358
5.27 -1.57907
5.28 -1.47451
5.29 -1.3699
5.3 -1.26526
5.31 -1.16058
5.32 -1.05587
5.33 -0.951124
5.34 -0.846347
5.35 -0.741537
5.36 -0.636697
5.37 -0.531832
5.38 -0.426945
5.39 -0.322041
5.4 -0.217125
5.41 -0.112201
5.42 -0.00727566
5.43 0.0976455
5.44 0.202558
5.45 0.307459
5.46 0.412345
5.47 0.517217
5.48 0.622074
5.49 0.726918
5.5 0.831748
5.51 0.936562
5.52 1.04135
5.53 1.14609
5.54 1.25078
5.55 1.35542
5.56 1.45999
5.57 1.56451
5.58 1.66898
5.59 1.77341
5.6 1.8778
5.61 1.98214
5.62 2.08643
5.63 2.19064
5.64 2.29475
5.65 2.39876
5.66 2.50267
5.67 2.60648
5.68 2.71021
5.69 2.81386
5.7 2.91745
5.71 3.02097
5.72 3.1244
5.73 3.22772
5.74 3.3309
5.75 3.43393
5.76 3.53682
5.77 3.63957
5.78 3.7422
5.79 3.84473
5.8 3.94716
5.81 4.0495
5.82 4.15173
5.83 4.2538
5.84 4.35569
5.85 4.4574
5.86 4.55891
5.87 4.66026
5.88 4.76144
5.89 4.86248
5.9 4.96341
5.91 5.06423
5.92 5.1649
5.93 5.26538
5.94 5.36564
5.95 5.46567
5.96 5.56547
5.97 5.66506
5.98 5.76445
5.99 5.86367
6 5.96275
6.01 6.0617
6.02 6.16047
6.03 6.25902
6.04 6.3573
6.05 6.45531
6.06 6.55306
6.07 6.65054
6.08 6.74781
6.09 6.84487
6.1 6.94177
6.11 7.03851
6.12 7.13505
6.13 7.23133
6.14 7.3273
6.15 7.42297
6.16 7.51832
6.17 7.61338
6.18 7.70818
6.19 7.80276
6.2 7.89714
6.21 7.99135
6.22 8.08533
6.23 8.17901
6.24 8.27235
6.25 8.36534
6.26 8.45797
6.27 8.55028
6.28 8.6423
6.29 8.73406
6.3 8.82561
6.31 8.91696
6.32 9.00806
6.33 9.09882
6.34 9.1892
6.35 9.27919
6.36 9.3688
6.37 9.45804
6.38 9.54696
6.39 9.6356
6.4 9.724
6.41 9.81219
6.42 9.90009
6.43 9.98762
6.44 10.0747
6.45 10.1614
6.46 10.2477
6.47 10.3336
6.48 10.4191
6.49 10.5043
6.5 10.5893
6.51 10.674
6.52 10.7584
6.53 10.8424
6.54 10.926
6.55 11.0091
6.56 11.0917
6.57 11.1739
6.58 11.2557
6.59 11.3372
6.6 11.4184
6.61 11.4994
6.62 11.58
6.63 11.6602
6.64 11.7399
6.65 11.8191
6.66 11.8979
6.67 11.9761
6.68 12.054
6.69 12.1315
6.7 12.2087
6.71 12.2856
6.72 12.3622
6.73 12.4383
6.74 12.5139
6.75 12.589
6.76 12.6635
6.77 12.7376
6.78 12.8112
6.79 12.8844
6.8 12.9574
6.81 13.03
6.82 13.1023
6.83 13.174
6.84 13.2453
6.85 13.3159
6.86 13.386
6.87 13.4556
6.88 13.5248
6.89 13.5935
6.9 13.6619
6.91 13.73
6.92 13.7977
6.93 13.8648
6.94 13.9315
6.95 13.9975
6.96 14.0629
6.97 14.1278
6.98 14.1922
6.99 14.2562
7 14.3199
7.01 14.3832
7.02 14.4461
7.03 14.5084
7.04 14.5702
7.05 14.6314
7.06 14.6919
7.07 14.7519
7.08 14.8113
7.09 14.8704
7.1 14.929
7.11 14.9873
7.12 15.0452
7.13 15.1026
7.14 15.1593
7.15 15.2154
7.16 15.2708
7.17 15.3257
7.18 15.38
7.19 15.4338
7.2 15.4873
7.21 15.5405
7.22 15.5931
7.23 15.6452
7.24 15.6967
7.25 15.7475
7.26 15.7977
7.27 15.8472
7.28 15.8962
7.29 15.9447
7.3 15.9928
7.31 16.0406
7.32 16.0879
7.33 16.1346
7.34 16.1807
7.35 16.226
7.36 16.2707
7.37 16.3148
7.38 16.3583
7.39 16.4013
7.4 16.4439
7.41 16.4861
7.42 16.5279
7.43 16.569
7.44 16.6095
7.45 16.6493
7.46 16.6883
7.47 16.7268
7.48 16.7646
7.49 16.8019
7.5 16.8389
7.51 16.8754
7.52 16.9115
7.53 16.947
7.54 16.9817
7.55 17.0157
7.56 17.0491
7.57 17.0817
7.58 17.1138
7.59 17.1454
7.6 17.1765
7.61 17.2073
7.62 17.2375
7.63 17.2671
7.64 17.2961
7.65 17.3242
7.66 17.3517
7.67 17.3785
7.68 17.4047
7.69 17.4304
7.7 17.4556
7.71 17.4805
7.72 17.5048
7.73 17.5285
7.74 17.5515
7.75 17.5737
7.76 17.5952
7.77 17.6161
7.78 17.6363
7.79 17.656
7.8 17.6752
7.81 17.6941
7.82 17.7124
7.83 17.7301
7.84 17.7471
7.85 17.7633
7.86 17.7788
7.87 17.7936
7.88 17.8078
7.89 17.8214
7.9 17.8346
7.91 17.8474
7.92 17.8597
7.93 17.8713
7.94 17.8822
7.95 17.8924
7.96 17.9018
7.97 17.9105
7.98 17.9186
7.99 17.9261
8 17.9332
8.01 17.9399
8.02 17.9461
8.03 17.9516
8.04 17.9564
8.05 17.9605
8.06 17.9638
8.07 17.9664
8.08 17.9683
8.09 17.9698
8.1 17.9707
8.11 17.9713
8.12 17.9714
8.13 17.9708
8.14 17.9695
8.15 17.9674
8.16 17.9646
8.17 17.961
8.18 17.9569
8.19 17.9522
8.2 17.947
8.21 17.9415
8.22 17.9354
8.23 17.9287
8.24 17.9213
8.25 17.9131
8.26 17.9041
8.27 17.8945
8.28 17.8842
8.29 17.8734
8.3 17.8622
8.31 17.8505
8.32 17.8384
8.33 17.8255
8.34 17.812
8.35 17.7977
8.36 17.7827
8.37 17.767
8.38 17.7506
8.39 17.7337
8.4 17.7164
8.41 17.6987
8.42 17.6805
8.43 17.6616
8.44 17.642
8.45 17.6217
8.46 17.6006
8.47 17.5789
8.48 17.5565
8.49 17.5336
8.5 17.5103
8.51 17.4866
8.52 17.4624
8.53 17.4375
8.54 17.412
8.55 17.3857
8.56 17.3586
8.57 17.3309
8.58 17.3026
8.59 17.2738
8.6 17.2446
8.61 17.2149
8.62 17.1848
8.63 17.154
8.64 17.1226
8.65 17.0904
8.66 17.0575
8.67 17.0239
8.68 16.9898
8.69 16.9551
8.7 16.92
8.71 16.8846
8.72 16.8486
8.73 16.8121
8.74 16.7748
8.75 16.7369
8.76 16.6982
8.77 16.6589
8.78 16.619
8.79 16.5786
8.8 16.5379
8.81 16.4967
8.82 16.455
8.83 16.4128
8.84 16.3699
8.85 16.3263
8.86 16.282
8.87 16.2371
8.88 16.1916
8.89 16.1457
8.9 16.0993
8.91 16.0526
8.92 16.0054
8.93 15.9576
8.94 15.9092
8.95 15.8601
8.96 15.8104
8.97 15.76
8.98 15.7091
8.99 15.6577
9 15.6059
9.01 15.5538
9.02 15.5012
9.03 15.4481
9.04 15.3943
9.05 15.3399
9.06 15.2848
9.07 15.2292
9.08 15.173
9.09 15.1164
9.1 15.0594
9.11 15.002
9.12 14.9442
9.13 14.8859
9.14 14.827
9.15 14.7674
9.16 14.7072
9.17 14.6465
9.18 14.5852
9.19 14.5235
9.2 14.4615
9.21 14.3991
9.22 14.3363
9.23 14.273
9.24 14.2091
9.25 14.1446
9.26 14.0795
9.27 14.0139
9.28 13.9477
9.29 13.8812
9.3 13.8143
9.31 13.7471
9.32 13.6795
9.33 13.6114
9.34 13.5428
9.35 13.4736
9.36 13.4038
9.37 13.3335
9.38 13.2627
9.39 13.1916
9.4 13.1201
9.41 13.0483
9.42 12.9761
9.43 12.9035
9.44 12.8304
9.45 12.7567
9.46 12.6824
9.47 12.6077
9.48 12.5326
9.49 12.457
9.5 12.3812
9.51 12.305
9.52 12.2286
9.53 12.1516
9.54 12.0742
9.55 11.9963
9.56 11.9179
9.57 11.839
9.58 11.7597
9.59 11.68
9.6 11.6001
9.61 11.5198
9.62 11.4393
9.63 11.3583
9.64 11.2769
9.65 11.195
9.66 11.1127
9.67 11.0299
9.68 10.9467
9.69 10.8632
9.7 10.7794
9.71 10.6954
9.72 10.611
9.73 10.5263
9.74 10.4412
9.75 10.3556
9.76 10.2696
9.77 10.1832
9.78 10.0964
9.79 10.0093
9.8 9.92202
9.81 9.83447
9.82 9.74664
9.83 9.65845
9.84 9.56988
9.85 9.4809
9.86 9.39153
9.87 9.3018
9.88 9.21174
9.89 9.1214
9.9 9.03083
9.91 8.94006
9.92 8.84903
9.93 8.75768
9.94 8.66598
9.95 8.57391
9.96 8.48149
9.97 8.38873
9.98 8.29569
9.99 8.20239
10 8.10889
10.01 8.0152
10.02 7.92127
10.03 7.82707
10.04 7.73255
10.05 7.6377
10.06 7.54254
10.07 7.44708
10.08 7.35136
10.09 7.25542
10.1 7.15929
10.11 7.063
10.12 6.96651
10.13 6.86977
10.14 6.77275
10.15 6.67545
10.16 6.57787
10.17 6.48004
10.18 6.38197
10.19 6.28372
10.2 6.1853
10.21 6.08674
10.22 5.98801
10.23 5.88907
10.24 5.78988
10.25 5.69046
10.26 5.5908
10.27 5.49093
10.28 5.39086
10.29 5.29062
10.3 5.19025
10.31 5.08976
10.32 4.98913
10.33 4.88831
10.34 4.78731
10.35 4.6861
10.36 4.5847
10.37 4.48311
10.38 4.38137
10.39 4.2795
10.4 4.17751
10.41 4.07543
10.42 3.97323
10.43 3.87089
10.44 3.7684
10.45 3.66575
10.46 3.56295
10.47 3.46001
10.48 3.35694
10.49 3.25378
10.5 3.15053
10.51 3.0472
10.52 2.94379
10.53 2.84028
10.54 2.73665
10.55 2.63292
10.56 2.52907
10.57 2.42512
10.58 2.32109
10.59 2.21698
10.6 2.11282
10.61 2.0086
10.62 1.90433
10.63 1.79999
10.64 1.69558
10.65 1.59111
10.66 1.48657
10.67 1.38197
10.68 1.27732
10.69 1.17263
10.7 1.0679
10.71 0.963151
10.72 0.858373
10.73 0.75357
10.74 0.64874
10.75 0.543885
10.76 0.43901
10.77 0.334115
10.78 0.229206
10.79 0.124286
10.8 0.0193573
10.81 -0.0855745
10.82 -0.190502
10.83 -0.295418
10.84 -0.400318
10.85 -0.505197
10.86 -0.610054
10.87 -0.714889
10.88 -0.819701
10.89 -0.924494
10.9 -1.02927
10.91 -1.13402
10.92 -1.23874
10.93 -1.34341
10.94 -1.44802
10.95 -1.55256
10.96 -1.65704
10.97 -1.76146
10.98 -1.86582
10.99 -1.97012
11 -2.07438
11.01 -2.1786
11.02 -2.28275
11.03 -2.38682
11.04 -2.49078
11.05 -2.59463
11.06 -2.69838
11.07 -2.80202
11.08 -2.90556
11.09 -3.00902
11.1 -3.11242
11.11 -3.21574
11.12 -3.31897
11.13 -3.42208
11.14 -3.52504
11.15 -3.62785
11.16 -3.73051
11.17 -3.83302
11.18 -3.93541
11.19 -4.03768
11.2 -4.13985
11.21 -4.24194
11.22 -4.3439
11.23 -4.4457
11.24 -4.54731
11.25 -4.64873
11.26 -4.74995
11.27 -4.85099
11.28 -4.95186
11.29 -5.05259
11.3 -5.1532
11.31 -5.25369
11.32 -5.35403
11.33 -5.45417
11.34 -5.55408
11.35 -5.65376
11.36 -5.75319
11.37 -5.85241
11.38 -5.95142
11.39 -6.05026
11.4 -6.14896
11.41 -6.24752
11.42 -6.3459
11.43 -6.44404
11.44 -6.54191
11.45 -6.6395
11.46 -6.73682
11.47 -6.83388
11.48 -6.9307
11.49 -7.02732
11.5 -7.12378
11.51 -7.22007
11.52 -7.31615
11.53 -7.41196
11.54 -7.50747
11.55 -7.60265
11.56 -7.69752
11.57 -7.79208
11.58 -7.88638
11.59 -7.98045
11.6 -8.07433
11.61 -8.16802
11.62 -8.26148
11.63 -8.35463
11.64 -8.44743
11.65 -8.53988
11.66 -8.63196
11.67 -8.72372
11.68 -8.81517
11.69 -8.90637
11.7 -8.99735
11.71 -9.08813
11.72 -9.17864
11.73 -9.26882
11.74 -9.35861
11.75 -9.44801
11.76 -9.53701
11.77 -9.62564
11.78 -9.71394
11.79 -9.80195
11.8 -9.88973
11.81 -9.97729
11.82 -10.0646
11.83 -10.1514
11.84 -10.2379
11.85 -10.324
11.86 -10.4096
11.87 -10.4948
11.88 -10.5796
11.89 -10.6641
11.9 -10.7484
11.91 -10.8324
11.92 -10.9162
11.93 -10.9995
11.94 -11.0823
11.95 -11.1647
11.96 -11.2466
11.97 -11.3281
11.98 -11.4092
11.99 -11.49
12 -11.5705
12.01 -11.6507
12.02 -11.7306
12.03 -11.81
12.04 -11.889
12.05 -11.9674
12.06 -12.0454
12.07 -12.1229
12.08 -12.2
12.09 -12.2767
12.1 -12.3531
12.11 -12.4292
12.12 -12.505
12.13 -12.5803
12.14 -12.6551
12.15 -12.7294
12.16 -12.8031
12.17 -12.8763
12.18 -12.9491
12.19 -13.0215
12.2 -13.0936
12.21 -13.1654
12.22 -13.2368
12.23 -13.3078
12.24 -13.3781
12.25 -13.4479
12.26 -13.5172
12.27 -13.5859
12.28 -13.6542
12.29 -13.722
12.3 -13.7895
12.31 -13.8567
12.32 -13.9235
12.33 -13.9898
12.34 -14.0556
12.35 -14.1207
12.36 -14.1852
12.37 -14.2492
12.38 -14.3127
12.39 -14.3758
12.4 -14.4385
12.41 -14.5009
12.42 -14.5628
12.43 -14.6243
12.44 -14.6851
12.45 -14.7453
12.46 -14.8049
12.47 -14.8639
12.48 -14.9224
12.49 -14.9805
12.5 -15.0382
12.51 -15.0956
12.52 -15.1525
12.53 -15.2089
12.54 -15.2646
12.55 -15.3197
12.56 -15.3742
12.57 -15.428
12.58 -15.4813
12.59 -15.5342
12.6 -15.5867
12.61 -15.6388
12.62 -15.6905
12.63 -15.7416
12.64 -15.7921
12.65 -15.8419
12.66 -15.891
12.67 -15.9395
12.68 -15.9875
12.69 -16.035
12.7 -16.0821
12.71 -16.1288
12.72 -16.1751
12.73 -16.2208
12.74 -16.2658
12.75 -16.3101
12.76 -16.3537
12.77 -16.3967
12.78 -16.4392
12.79 -16.4811
12.8 -16.5227
12.81 -16.5638
12.82 -16.6045
12.83 -16.6446
12.84 -16.684
12.85 -16.7227
12.86 -16.7607
12.87 -16.7981
12.88 -16.8348
12.89 -16.8711
12.9 -16.907
12.91 -16.9424
12.92 -16.9774
12.93 -17.0118
12.94 -17.0454
12.95 -17.0784
12.96 -17.1106
12.97 -17.1422
12.98 -17.1731
12.99 -17.2036
13 -17.2336
13.01 -17.2633
13.02 -17.2924
13.03 -17.3209
13.04 -17.3487
13.05 -17.3758
13.06 -17.4022
13.07 -17.4278
13.08 -17.4529
13.09 -17.4775
13.1 -17.5016
13.11 -17.5253
13.12 -17.5485
13.13 -17.5711
13.14 -17.5929
13.15 -17.6141
13.16 -17.6344
13.17 -17.6541
13.18 -17.6732
13.19 -17.6918
13.2 -17.7099
13.21 -17.7276
13.22 -17.7448
13.23 -17.7614
13.24 -17.7772
13.25 -17.7923
13.26 -17.8066
13.27 -17.8203
13.28 -17.8333
13.29 -17.8458
13.3 -17.8579
13.31 -17.8695
13.32 -17.8807
13.33 -17.8911
13.34 -17.9009
13.35 -17.9099
13.36 -17.9181
13.37 -17.9257
13.38 -17.9326
13.39 -17.939
13.4 -17.945
13.41 -17.9505
13.42 -17.9556
13.43 -17.96
13.44 -17.9636
13.45 -17.9665
13.46 -17.9686
13.47 -17.9701
13.48 -17.9709
13.49 -17.9711
13.5 -17.971
13.51 -17.9704
13.52 -17.9693
13.53 -17.9676
13.54 -17.9651
13.55 -17.9618
13.56 -17.9578
13.57 -17.9532
13.58 -17.9478
13.59 -17.942
13.6 -17.9357
13.61 -17.929
13.62 -17.9218
13.63 -17.9139
13.64 -17.9053
13.65 -17.896
13.66 -17.8859
13.67 -17.8751
13.68 -17.8637
13.69 -17.8517
13.7 -17.8393
13.71 -17.8265
13.72 -17.8132
13.73 -17.7993
13.74 -17.7846
13.75 -17.7691
13.76 -17.753
13.77 -17.7361
13.78 -17.7186
13.79 -17.7006
13.8 -17.6822
13.81 -17.6633
13.82 -17.644
13.83 -17.624
13.84 -17.6032
13.85 -17.5818
13.86 -17.5596
13.87 -17.5367
13.88 -17.5132
13.89 -17.4892
13.9 -17.4648
13.91 -17.4399
13.92 -17.4146
13.93 -17.3886
13.94 -17.3619
13.95 -17.3345
13.96 -17.3064
13.97 -17.2775
13.98 -17.2481
13.99 -17.2182
14 -17.1878
14.01 -17.1571
14.02 -17.1259
14.03 -17.094
14.04 -17.0614
14.05 -17.0281
14.06 -16.9942
14.07 -16.9595
14.08 -16.9243
14.09 -16.8885
14.1 -16.8524
14.11 -16.8158
14.12 -16.7788
14.13 -16.7411
14.14 -16.7028
14.15 -16.6638
14.16 -16.6241
14.17 -16.5837
14.18 -16.5428
14.19 -16.5013
14.2 -16.4595
14.21 -16.4172
14.22 -16.3745
14.23 -16.3312
14.24 -16.2873
14.25 -16.2426
14.26 -16.1973
14.27 -16.1514
14.28 -16.1048
14.29 -16.0579
14.3 -16.0105
14.31 -15.9627
14.32 -15.9145
14.33 -15.8657
14.34 -15.8162
14.35 -15.7661
14.36 -15.7154
14.37 -15.664
14.38 -15.6121
14.39 -15.5597
14.4 -15.5069
14.41 -15.4538
14.42 -15.4002
14.43 -15.3461
14.44 -15.2913
14.45 -15.2359
14.46 -15.1799
14.47 -15.1233
14.48 -15.0661
14.49 -15.0085
14.5 -14.9505
14.51 -14.8922
14.52 -14.8335
14.53 -14.7742
14.54 -14.7143
14.55 -14.6538
14.56 -14.5927
14.57 -14.531
14.58 -14.4688
14.59 -14.4062
14.6 -14.3432
14.61 -14.2799
14.62 -14.2162
14.63 -14.1519
14.64 -14.0871
14.65 -14.0217
14.66 -13.9557
14.67 -13.8892
14.68 -13.8222
14.69 -13.7548
14.7 -13.687
14.71 -13.6189
14.72 -13.5504
14.73 -13.4815
14.74 -13.412
14.75 -13.3419
14.76 -13.2712
14.77 -13.2001
14.78 -13.1285
14.79 -13.0565
14.8 -12.9842
14.81 -12.9115
14.82 -12.8385
14.83 -12.7651
14.84 -12.6911
14.85 -12.6166
14.86 -12.5415
14.87 -12.466
14.88 -12.39
14.89 -12.3137
14.9 -12.2371
14.91 -12.1602
14.92 -12.0829
14.93 -12.0052
14.94 -11.927
14.95 -11.8483
14.96 -11.7691
14.97 -11.6894
14.98 -11.6094
14.99 -11.529
15 -11.4483
15.01 -11.3673
15.02 -11.2861
15.03 -11.2044
15.04 -11.1222
15.05 -11.0396
15.06 -10.9565
15.07 -10.873
15.08 -10.7892
15.09 -10.705
15.1 -10.6205
15.11 -10.5358
15.12 -10.4508
15.13 -10.3654
15.14 -10.2796
15.15 -10.1933
15.16 -10.1067
15.17 -10.0196
15.18 -9.93219
15.19 -9.84448
15.2 -9.75652
15.21 -9.66834
15.22 -9.57988
15.23 -9.49108
15.24 -9.40189
15.25 -9.3123
15.26 -9.22234
15.27 -9.13201
15.28 -9.04136
15.29 -8.95044
15.3 -8.8593
15.31 -8.76795
15.32 -8.67635
15.33 -8.58444
15.34 -8.49218
15.35 -8.39956
15.36 -8.3066
15.37 -8.21331
15.38 -8.11974
15.39 -8.02591
15.4 -7.93189
15.41 -7.83769
15.42 -7.74325
15.43 -7.64854
15.44 -7.55353
15.45 -7.45819
15.46 -7.36255
15.47 -7.26662
15.48 -7.17043
15.49 -7.07403
15.5 -6.97745
15.51 -6.88071
15.52 -6.78377
15.53 -6.68659
15.54 -6.58914
15.55 -6.49141
15.56 -6.39342
15.57 -6.29518
15.58 -6.19671
15.59 -6.09805
15.6 -5.99924
15.61 -5.90029
15.62 -5.80118
15.63 -5.70185
15.64 -5.6023
15.65 -5.50251
15.66 -5.4025
15.67 -5.30227
15.68 -5.20186
15.69 -5.10129
15.7 -5.00059
15.71 -4.89977
15.72 -4.79882
15.73 -4.69769
15.74 -4.59638
15.75 -4.49487
15.76 -4.39318
15.77 -4.29131
15.78 -4.1893
15.79 -4.08715
15.8 -3.9849
15.81 -3.88256
15.82 -3.78011
15.83 -3.67752
15.84 -3.57479
15.85 -3.47191
15.86 -3.36888
15.87 -3.26573
15.88 -3.16245
15.89 -3.05908
15.9 -2.95563
15.91 -2.85211
15.92 -2.74851
15.93 -2.64481
15.94 -2.54101
15.95 -2.4371
15.96 -2.3331
15.97 -2.229
15.98 -2.12483
15.99 -2.02058
16 -1.91628
16.01 -1.81194
16.02 -1.70754
16.03 -1.60309
16.04 -1.49858
16.05 -1.39401
16.06 -1.28937
16.07 -1.18469
16.08 -1.07997
16.09 -0.975203
16.1 -0.870411
16.11 -0.765596
16.12 -0.660761
16.13 -0.555907
16.14 -0.451035
16.15 -0.346148
16.16 -0.241247
16.17 -0.136337
16.18 -0.0314187
16.19 0.0735043
16.2 0.17843
16.21 0.283354
16.22 0.388268
16.23 0.493163
16.24 0.598033
16.25 0.702875
16.26 0.807687
16.27 0.912469
16.28 1.01722
16.29 1.12195
16.3 1.22666
16.31 1.33134
16.32 1.43598
16.33 1.54056
16.34 1.64507
16.35 1.74952
16.36 1.85388
16.37 1.95818
16.38 2.06241
16.39 2.16659
16.4 2.27071
16.41 2.37479
16.42 2.4788
16.43 2.58271
16.44 2.68651
16.45 2.79019
16.46 2.89376
16.47 2.99721
16.48 3.10057
16.49 3.20383
16.5 3.30702
16.51 3.41014
16.52 3.51316
16.53 3.61605
16.54 3.71878
16.55 3.82136
16.56 3.92377
16.57 4.02603
16.58 4.12815
16.59 4.23016
16.6 4.33207
16.61 4.43388
16.62 4.53556
16.63 4.63706
16.64 4.73838
16.65 4.83949
16.66 4.9404
16.67 5.04112
16.68 5.14167
16.69 5.24207
16.7 5.34234
16.71 5.4425
16.72 5.54249
16.73 5.64228
16.74 5.74184
16.75 5.84114
16.76 5.94021
16.77 6.03904
16.78 6.13767
16.79 6.23612
16.8 6.33443
16.81 6.43258
16.82 6.53056
16.83 6.62829
16.84 6.72574
16.85 6.82291
16.86 6.91979
16.87 7.0164
16.88 7.11277
16.89 7.20894
16.9 7.30493
16.91 7.40076
16.92 7.49637
16.93 7.5917
16.94 7.68672
16.95 7.78141
16.96 7.87578
16.97 7.96984
16.98 8.06362
16.99 8.15717
17 8.25053
17.01 8.3437
17.02 8.43662
17.03 8.52924
17.04 8.6215
17.05 8.71339
17.06 8.80492
17.07 8.89611
17.08 8.987
17.09 9.07761
17.1 9.16802
17.11 9.25821
17.12 9.34814
17.13 9.43772
17.14 9.52691
17.15 9.61569
17.16 9.70408
17.17 9.79209
17.18 9.87976
17.19 9.96713
17.2 10.0543
17.21 10.1412
17.22 10.2278
17.23 10.314
17.24 10.3999
17.25 10.4852
17.26 10.5702
17.27 10.6547
17.28 10.7388
17.29 10.8227
17.3 10.9063
17.31 10.9896
17.32 11.0726
17.33 11.1552
17.34 11.2374
17.35 11.319
17.36 11.4002
17.37 11.481
17.38 11.5613
17.39 11.6414
17.4 11.7211
17.41 11.8006
17.42 11.8797
17.43 11.9584
17.44 12.0366
17.45 12.1143
17.46 12.1914
17.47 12.2682
17.48 12.3444
17.49 12.4204
17.5 12.496
17.51 12.5713
17.52 12.6463
17.53 12.7208
17.54 12.7948
17.55 12.8682
17.56 12.9411
17.57 13.0135
17.58 13.0855
17.59 13.1571
17.6 13.2283
17.61 13.2992
17.62 13.3698
17.63 13.4399
17.64 13.5094
17.65 13.5783
17.66 13.6467
17.67 13.7146
17.68 13.7819
17.69 13.8489
17.7 13.9155
17.71 13.9819
17.72 14.0478
17.73 14.1132
17.74 14.178
17.75 14.2422
17.76 14.3058
17.77 14.3689
17.78 14.4314
17.79 14.4936
17.8 14.5554
17.81 14.6168
17.82 14.6779
17.83 14.7383
17.84 14.7982
17.85 14.8575
17.86 14.9161
17.87 14.9742
17.88 15.0317
17.89 15.0888
17.9 15.1456
17.91 15.202
17.92 15.2579
17.93 15.3133
17.94 15.3681
17.95 15.4222
17.96 15.4756
17.97 15.5285
17.98 15.5808
17.99 15.6327
18 15.6842
18.01 15.7353
18.02 15.786
18.03 15.8361
18.04 15.8855
18.05 15.9343
18.06 15.9824
18.07 16.0299
18.08 16.0769
18.09 16.1233
18.1 16.1694
18.11 16.2151
18.12 16.2603
18.13 16.3049
18.14 16.3489
18.15 16.3922
18.16 16.4348
18.17 16.4767
18.18 16.5181
18.19 16.559
18.2 16.5995
18.21 16.6396
18.22 16.6792
18.23 16.7182
18.24 16.7565
18.25 16.7942
18.26 16.8311
18.27 16.8673
18.28 16.903
18.29 16.9382
18.3 16.973
18.31 17.0074
18.32 17.0412
18.33 17.0745
18.34 17.1071
18.35 17.1389
18.36 17.17
18.37 17.2005
18.38 17.2304
18.39 17.2597
18.4 17.2887
18.41 17.3172
18.42 17.3452
18.43 17.3726
18.44 17.3993
18.45 17.4253
18.46 17.4505
18.47 17.4751
18.48 17.499
18.49 17.5224
18.5 17.5454
18.51 17.568
18.52 17.5901
18.53 17.6116
18.54 17.6323
18.55 17.6523
18.56 17.6715
18.57 17.6901
18.58 17.708
18.59 17.7254
18.6 17.7424
18.61 17.759
18.62 17.7751
18.63 17.7905
18.64 17.8052
18.65 17.8191
18.66 17.8323
18.67 17.8448
18.68 17.8567
18.69 17.868
18.7 17.879
18.71 17.8895
18.72 17.8995
18.73 17.9088
18.74 17.9174
18.75 17.9252
18.76 17.9323
18.77 17.9387
18.78 17.9445
18.79 17.9498
18.8 17.9546
18.81 17.959
18.82 17.9629
18.83 17.9661
18.84 17.9686
18.85 17.9703
18.86 17.9713
18.87 17.9715
18.88 17.9712
18.89 17.9703
18.9 17.969
18.91 17.9673
18.92 17.965
18.93 17.9621
18.94 17.9585
18.95 17.9541
18.96 17.9489
18.97 17.9431
18.98 17.9366
18.99 17.9296
19 17.9222
19.01 17.9144
19.02 17.906
19.03 17.897
19.04 17.8872
19.05 17.8767
19.06 17.8655
19.07 17.8535
19.08 17.841
19.09 17.8279
19.1 17.8143
19.11 17.8004
19.12 17.786
19.13 17.7709
19.14 17.755
19.15 17.7384
19.16 17.7211
19.17 17.7031
19.18 17.6845
19.19 17.6654
19.2 17.6458
19.21 17.6258
19.22 17.6053
19.23 17.5842
19.24 17.5623
19.25 17.5397
19.26 17.5164
19.27 17.4924
19.28 17.4678
19.29 17.4427
19.3 17.4171
19.31 17.3911
19.32 17.3647
19.33 17.3376
19.34 17.3098
19.35 17.2812
19.36 17.252
19.37 17.2221
19.38 17.1915
19.39 17.1605
19.4 17.129
19.41 17.0972
19.42 17.0649
19.43 17.0319
19.44 16.9982
19.45 16.9639
19.46 16.9288
19.47 16.893
19.48 16.8567
19.49 16.8199
19.5 16.7827
19.51 16.745
19.52 16.7069
19.53 16.6682
19.54 16.6288
19.55 16.5887
19.56 16.5479
19.57 16.5065
19.58 16.4645
19.59 16.422
19.6 16.3791
19.61 16.3358
19.62 16.292
19.63 16.2477
19.64 16.2027
19.65 16.157
19.66 16.1106
19.67 16.0636
19.68 16.0161
19.69 15.9681
19.7 15.9197
19.71 15.8709
19.72 15.8216
19.73 15.7718
19.74 15.7214
19.75 15.6702
19.76 15.6185
19.77 15.5661
19.78 15.5132
19.79 15.4598
19.8 15.406
19.81 15.3519
19.82 15.2973
19.83 15.2422
19.84 15.1865
19.85 15.1301
19.86 15.0731
19.87 15.0155
19.88 14.9574
19.89 14.8988
19.9 14.8399
19.91 14.7806
19.92 14.7209
19.93 14.6607
19.94 14.5998
19.95 14.5384
19.96 14.4763
19.97 14.4137
19.98 14.3506
19.99 14.2871
20 14.2232
20.01 14.1589
20.02 14.0943
20.03 14.0292
20.04 13.9635
20.05 13.8971
20.06 13.8303
20.07 13.7629
20.08 13.695
20.09 13.6266
20.1 13.558
20.11 13.489
20.12 13.4197
20.13 13.3499
20.14 13.2795
20.15 13.2086
20.16 13.1371
20.17 13.0651
20.18 12.9926
20.19 12.9198
20.2 12.8466
20.21 12.7732
20.22 12.6994
20.23 12.6251
20.24 12.5503
20.25 12.475
20.26 12.3991
20.27 12.3228
20.28 12.246
20.29 12.1689
20.3 12.0915
20.31 12.0138
20.32 11.9357
20.33 11.8573
20.34 11.7783
20.35 11.6988
20.36 11.6189
20.37 11.5385
20.38 11.4577
20.39 11.3766
20.4 11.2951
20.41 11.2135
20.42 11.1315
20.43 11.049
20.44 10.9662
20.45 10.8829
20.46 10.7991
20.47 10.7149
20.48 10.6303
20.49 10.5455
20.5 10.4603
20.51 10.3749
20.52 10.2892
20.53 10.2032
20.54 10.1167
20.55 10.0298
20.56 9.94251
20.57 9.85481
20.58 9.76676
20.59 9.67842
20.6 9.58984
20.61 9.50104
20.62 9.41197
20.63 9.32255
20.64 9.23276
20.65 9.14258
20.66 9.05202
20.67 8.96111
20.68 8.86989
20.69 8.77839
20.7 8.68668
20.71 8.59477
20.72 8.50261
20.73 8.41015
20.74 8.31734
20.75 8.22419
20.76 8.1307
20.77 8.03689
20.78 7.9428
20.79 7.84846
20.8 7.75393
20.81 7.65923
20.82 7.5643
20.83 7.4691
20.84 7.3736
20.85 7.27779
20.86 7.18168
20.87 7.08529
20.88 6.98865
20.89 6.8918
20.9 6.79477
20.91 6.69759
20.92 6.60022
20.93 6.5026
20.94 6.40473
20.95 6.30659
20.96 6.20819
20.97 6.10954
20.98 6.01068
20.99 5.91164
21 5.81245
21.01 5.71312
21.02 5.61363
21.03 5.51394
21.04 5.41403
21.05 5.31389
21.06 5.21353
21.07 5.11297
21.08 5.01223
21.09 4.91134
21.1 4.81032
21.11 4.70919
21.12 4.60792
21.13 4.5065
21.14 4.40489
21.15 4.3031
21.16 4.20113
21.17 4.09899
21.18 3.99671
21.19 3.89431
21.2 3.79181
21.21 3.68922
21.22 3.58652
21.23 3.4837
21.24 3.38073
21.25 3.27763
21.26 3.1744
21.27 3.07104
21.28 2.96756
21.29 2.864
21.3 2.76036
21.31 2.65666
21.32 2.55288
21.33 2.44901
21.34 2.34505
21.35 2.24099
21.36 2.13684
21.37 2.03261
21.38 1.9283
21.39 1.82393
21.4 1.71951
21.41 1.61505
21.42 1.51055
21.43 1.40599
21.44 1.30139
21.45 1.19673
21.46 1.09202
21.47 0.987267
21.48 0.882477
21.49 0.777657
21.5 0.672813
21.51 0.567951
21.52 0.463074
21.53 0.358185
21.54 0.253286
21.55 0.148379
21.56 0.0434679
21.57 -0.0614463
21.58 -0.166361
21.59 -0.271276
21.6 -0.376189
21.61 -0.481095
21.62 -0.585986
21.63 -0.690851
21.64 -0.795682
21.65 -0.900476
21.66 -1.00523
21.67 -1.10995
21.68 -1.21463
21.69 -1.31928
21.7 -1.4239
21.71 -1.52849
21.72 -1.63304
21.73 -1.73752
21.74 -1.84192
21.75 -1.94625
21.76 -2.05049
21.77 -2.15466
21.78 -2.25875
21.79 -2.36278
21.8 -2.46676
21.81 -2.57068
21.82 -2.67453
21.83 -2.77827
21.84 -2.8819
21.85 -2.98541
21.86 -3.08878
21.87 -3.19204
21.88 -3.29519
21.89 -3.39825
21.9 -3.50122
21.91 -3.60412
21.92 -3.70692
21.93 -3.80957
21.94 -3.91206
21.95 -4.01439
21.96 -4.11654
21.97 -4.21854
21.98 -4.3204
21.99 -4.42212
22 -4.52375
22.01 -4.62527
22.02 -4.72666
22.03 -4.82788
22.04 -4.92889
22.05 -5.02968
22.06 -5.13027
22.07 -5.23066
22.08 -5.33087
22.09 -5.43093
22.1 -5.53086
22.11 -5.63066
22.12 -5.7303
22.13 -5.82973
22.14 -5.92891
22.15 -6.02784
22.16 -6.12652
22.17 -6.22496
22.18 -6.32319
22.19 -6.42123
22.2 -6.51912
22.21 -6.61687
22.22 -6.71442
22.23 -6.81173
22.24 -6.90875
22.25 -7.00547
22.26 -7.1019
22.27 -7.19806
22.28 -7.29397
22.29 -7.38967
22.3 -7.48519
22.31 -7.58054
22.32 -7.67567
22.33 -7.77051
22.34 -7.86504
22.35 -7.95922
22.36 -8.05308
22.37 -8.14662
22.38 -8.23989
22.39 -8.33291
22.4 -8.42573
22.41 -8.51836
22.42 -8.61075
22.43 -8.70282
22.44 -8.79452
22.45 -8.88585
22.46 -8.97682
22.47 -9.06743
22.48 -9.15773
22.49 -9.24776
22.5 -9.33757
22.51 -9.42717
22.52 -9.51649
22.53 -9.60547
22.54 -9.69404
22.55 -9.78221
22.56 -9.86996
22.57 -9.95733
22.58 -10.0444
22.59 -10.1311
22.6 -10.2176
22.61 -10.3038
22.62 -10.3898
22.63 -10.4754
22.64 -10.5605
22.65 -10.6452
22.66 -10.7295
22.67 -10.8133
22.68 -10.8968
22.69 -10.9799
22.7 -11.0628
22.71 -11.1454
22.72 -11.2277
22.73 -11.3096
22.74 -11.391
22.75 -11.472
22.76 -11.5524
22.77 -11.6325
22.78 -11.7121
22.79 -11.7913
22.8 -11.8703
22.81 -11.949
22.82 -12.0274
22.83 -12.1053
22.84 -12.1827
22.85 -12.2596
22.86 -12.336
22.87 -12.4119
22.88 -12.4874
22.89 -12.5625
22.9 -12.6374
22.91 -12.7119
22.92 -12.786
22.93 -12.8597
22.94 -12.9329
22.95 -13.0055
22.96 -13.0776
22.97 -13.1491
22.98 -13.2202
22.99 -13.291
23 -13.3614
23.01 -13.4315
23.02 -13.5012
23.03 -13.5704
23.04 -13.639
23.05 -13.7071
23.06 -13.7746
23.07 -13.8415
23.08 -13.908
23.09 -13.9741
23.1 -14.0398
23.11 -14.1053
23.12 -14.1703
23.13 -14.2347
23.14 -14.2987
23.15 -14.3619
23.16 -14.4246
23.17 -14.4868
23.18 -14.5484
23.19 -14.6096
23.2 -14.6705
23.21 -14.731
23.22 -14.7911
23.23 -14.8506
23.24 -14.9096
23.25 -14.9679
23.26 -15.0256
23.27 -15.0827
23.28 -15.1392
23.29 -15.1954
23.3 -15.2511
23.31 -15.3065
23.32 -15.3615
23.33 -15.4159
23.34 -15.4697
23.35 -15.5228
23.36 -15.5753
23.37 -15.6271
23.38 -15.6785
23.39 -15.7293
23.4 -15.7798
23.41 -15.8299
23.42 -15.8796
23.43 -15.9287
23.44 -15.9771
23.45 -16.0248
23.46 -16.0719
23.47 -16.1184
23.48 -16.1643
23.49 -16.2097
23.5 -16.2547
23.51 -16.2994
23.52 -16.3436
23.53 -16.3871
23.54 -16.4301
23.55 -16.4723
23.56 -16.5138
23.57 -16.5547
23.58 -16.595
23.59 -16.6348
23.6 -16.6742
23.61 -16.7133
23.62 -16.7518
23.63 -16.7898
23.64 -16.827
23.65 -16.8636
23.66 -16.8994
23.67 -16.9346
23.68 -16.9692
23.69 -17.0033
23.7 -17.0369
23.71 -17.0702
23.72 -17.103
23.73 -17.1352
23.74 -17.1667
23.75 -17.1974
23.76 -17.2274
23.77 -17.2568
23.78 -17.2855
23.79 -17.3138
23.8 -17.3416
23.81 -17.369
23.82 -17.3959
23.83 -17.4222
23.84 -17.4478
23.85 -17.4726
23.86 -17.4968
23.87 -17.5202
23.88 -17.543
23.89 -17.5653
23.9 -17.5872
23.91 -17.6086
23.92 -17.6296
23.93 -17.6499
23.94 -17.6695
23.95 -17.6883
23.96 -17.7064
23.97 -17.7239
23.98 -17.7407
23.99 -17.7569
24 -17.7728
24.01 -17.7882
24.02 -17.8032
24.03 -17.8174
24.04 -17.831
24.05 -17.8438
24.06 -17.8558
24.07 -17.8672
24.08 -17.8779
24.09 -17.8881
24.1 -17.8979
24.11 -17.9072
24.12 -17.9161
24.13 -17.9243
24.14 -17.9317
24.15 -17.9384
24.16 -17.9443
24.17 -17.9496
24.18 -17.9542
24.19 -17.9583
24.2 -17.962
24.21 -17.9652
24.22 -17.9679
24.23 -17.97
24.24 -17.9713
24.25 -17.9719
24.26 -17.9717
24.27 -17.9709
24.28 -17.9694
24.29 -17.9673
24.3 -17.9649
24.31 -17.962
24.32 -17.9586
24.33 -17.9545
24.34 -17.9497
24.35 -17.9442
24.36 -17.9379
24.37 -17.9309
24.38 -17.9233
24.39 -17.9151
24.4 -17.9065
24.41 -17.8975
24.42 -17.888
24.43 -17.8779
24.44 -17.867
24.45 -17.8553
24.46 -17.8429
24.47 -17.8298
24.48 -17.8161
24.49 -17.8019
24.5 -17.7872
24.51 -17.7721
24.52 -17.7565
24.53 -17.7403
24.54 -17.7233
24.55 -17.7056
24.56 -17.6871
24.57 -17.668
24.58 -17.6482
24.59 -17.628
24.6 -17.6072
24.61 -17.5861
24.62 -17.5645
24.63 -17.5422
24.64 -17.5193
24.65 -17.4955
24.66 -17.4711
24.67 -17.446
24.68 -17.4202
24.69 -17.394
24.7 -17.3673
24.71 -17.3402
24.72 -17.3126
24.73 -17.2844
24.74 -17.2555
24.75 -17.2259
24.76 -17.1955
24.77 -17.1645
24.78 -17.1329
24.79 -17.1007
24.8 -17.0682
24.81 -17.0352
24.82 -17.0018
24.83 -16.9677
24.84 -16.933
24.85 -16.8975
24.86 -16.8614
24.87 -16.8245
24.88 -16.7871
24.89 -16.7492
24.9 -16.7109
24.91 -16.6722
24.92 -16.633
24.93 -16.5932
24.94 -16.5528
24.95 -16.5116
24.96 -16.4697
24.97 -16.4273
24.98 -16.3842
24.99 -16.3406
25 -16.2967
25.01 -16.2524
25.02 -16.2076
25.03 -16.1622
25.04 -16.1161
25.05 -16.0694
25.06 -16.022
25.07 -15.974
25.08 -15.9254
25.09 -15.8764
25.1 -15.8269
25.11 -15.7771
25.12 -15.7269
25.13 -15.676
25.14 -15.6246
25.15 -15.5724
25.16 -15.5197
25.17 -15.4663
25.18 -15.4124
25.19 -15.358
25.2 -15.3032
25.21 -15.2481
25.22 -15.1926
25.23 -15.1365
25.24 -15.0798
25.25 -15.0224
25.26 -14.9645
25.27 -14.9059
25.28 -14.8468
25.29 -14.7873
25.3 -14.7274
25.31 -14.6672
25.32 -14.6066
25.33 -14.5454
25.34 -14.4836
25.35 -14.4212
25.36 -14.3583
25.37 -14.2947
25.38 -14.2307
25.39 -14.1662
25.4 -14.1014
25.41 -14.0363
25.42 -13.9707
25.43 -13.9047
25.44 -13.8381
25.45 -13.7709
25.46 -13.7031
25.47 -13.6348
25.48 -13.5661
25.49 -13.4969
25.5 -13.4274
25.51 -13.3575
25.52 -13.2873
25.53 -13.2166
25.54 -13.1454
25.55 -13.0736
25.56 -13.0013
25.57 -12.9285
25.58 -12.8552
25.59 -12.7815
25.6 -12.7075
25.61 -12.6333
25.62 -12.5586
25.63 -12.4835
25.64 -12.4079
25.65 -12.3318
25.66 -12.2552
25.67 -12.1781
25.68 -12.1005
25.69 -12.0226
25.7 -11.9444
25.71 -11.866
25.72 -11.7872
25.73 -11.7079
25.74 -11.6282
25.75 -11.548
25.76 -11.4673
25.77 -11.3862
25.78 -11.3047
25.79 -11.2228
25.8 -11.1406
25.81 -11.0582
25.82 -10.9755
25.83 -10.8924
25.84 -10.8088
25.85 -10.7248
25.86 -10.6404
25.87 -10.5555
25.88 -10.4702
25.89 -10.3847
25.9 -10.2989
25.91 -10.2128
25.92 -10.1265
25.93 -10.0397
25.94 -9.95262
25.95 -9.86508
25.96 -9.77714
25.97 -9.68881
25.98 -9.60014
25.99 -9.51119
26 -9.422
26.01 -9.33259
26.02 -9.24291
26.03 -9.1529
26.04 -9.06252
26.05 -8.97175
26.06 -8.88062
26.07 -8.78914
26.08 -8.69735
26.09 -8.6053
26.1 -8.51303
26.11 -8.42057
26.12 -8.32786
26.13 -8.23486
26.14 -8.14152
26.15 -8.04784
26.16 -7.95383
26.17 -7.85951
26.18 -7.76491
26.19 -7.67007
26.2 -7.57505
26.21 -7.47985
26.22 -7.38443
26.23 -7.28875
26.24 -7.19278
26.25 -7.09651
26.26 -6.99994
26.27 -6.9031
26.28 -6.80602
26.29 -6.70873
26.3 -6.61127
26.31 -6.51366
26.32 -6.41586
26.33 -6.31783
26.34 -6.21955
26.35 -6.121
26.36 -6.02221
26.37 -5.92318
26.38 -5.82394
26.39 -5.72452
26.4 -5.62496
26.41 -5.52526
26.42 -5.42541
26.43 -5.32536
26.44 -5.22511
26.45 -5.12463
26.46 -5.02394
26.47 -4.92306
26.48 -4.822
26.49 -4.72079
26.5 -4.61947
26.51 -4.51804
26.52 -4.41647
26.53 -4.31475
26.54 -4.21286
26.55 -4.1108
26.56 -4.00856
26.57 -3.90617
26.58 -3.80364
26.59 -3.70099
26.6 -3.59825
26.61 -3.49542
26.62 -3.39249
26.63 -3.28944
26.64 -3.18627
26.65 -3.08296
26.66 -2.97952
26.67 -2.87597
26.68 -2.77231
26.69 -2.66857
26.7 -2.56476
26.71 -2.46089
26.72 -2.35694
26.73 -2.25292
26.74 -2.14881
26.75 -2.04461
26.76 -1.94033
26.77 -1.83597
26.78 -1.73154
26.79 -1.62706
26.8 -1.52253
26.81 -1.41797
26.82 -1.31337
26.83 -1.20872
26.84 -1.10403
26.85 -0.9993
26.86 -0.894527
26.87 -0.789717
26.88 -0.684877
26.89 -0.580012
26.9 -0.475129
26.91 -0.370232
26.92 -0.265326
26.93 -0.160415
26.94 -0.0555025
26.95 0.0494088
26.96 0.154317
26.97 0.25922
26.98 0.364117
26.99 0.469007
27 0.573891
27.01 0.678764
27.02 0.783616
27.03 0.888435
27.04 0.993212
27.05 1.09795
27.06 1.20263
27.07 1.30727
27.08 1.41187
27.09 1.51643
27.1 1.62096
27.11 1.72546
27.12 1.8299
27.13 1.93427
27.14 2.03856
27.15 2.14276
27.16 2.24687
27.17 2.35089
27.18 2.45483
27.19 2.5587
27.2 2.66252
27.21 2.76627
27.22 2.86995
27.23 2.97351
27.24 3.07695
27.25 3.18026
27.26 3.28343
27.27 3.38648
27.28 3.48941
27.29 3.59224
27.3 3.69499
27.31 3.79766
27.32 3.90022
27.33 4.00263
27.34 4.10487
27.35 4.20693
27.36 4.30882
27.37 4.41054
27.38 4.51211
27.39 4.61355
27.4 4.71488
27.41 4.81611
27.42 4.91719
27.43 5.01809
27.44 5.11879
27.45 5.21926
27.46 5.31951
27.47 5.41956
27.48 5.51942
27.49 5.61913
27.5 5.7187
27.51 5.81814
27.52 5.91742
27.53 6.01647
27.54 6.11527
27.55 6.21381
27.56 6.31209
27.57 6.41013
27.58 6.50795
27.59 6.60557
27.6 6.70304
27.61 6.80036
27.62 6.89748
27.63 6.99434
27.64 7.09092
27.65 7.18718
27.66 7.28315
27.67 7.37884
27.68 7.47428
27.69 7.56949
27.7 7.66453
27.71 7.75939
27.72 7.85403
27.73 7.94837
27.74 8.04239
27.75 8.13607
27.76 8.2294
27.77 8.32242
27.78 8.41515
27.79 8.50763
27.8 8.59991
27.81 8.69199
27.82 8.78382
27.83 8.87533
27.84 8.96647
27.85 9.05723
27.86 9.14761
27.87 9.23764
27.88 9.32735
27.89 9.41678
27.9 9.50599
27.91 9.59498
27.92 9.68369
27.93 9.77205
27.94 9.86
27.95 9.94753
27.96 10.0347
27.97 10.1214
27.98 10.2078
27.99 10.2938
28 10.3797
28.01 10.4653
28.02 10.5506
28.03 10.6355
28.04 10.7199
28.05 10.8039
28.06 10.8875
28.07 10.9706
28.08 11.0534
28.09 11.1358
28.1 11.218
28.11 11.2999
28.12 11.3815
28.13 11.4626
28.14 11.5433
28.15 11.6235
28.16 11.7032
28.17 11.7825
28.18 11.8614
28.19 11.9399
28.2 12.0181
28.21 12.096
28.22 12.1736
28.23 12.2508
28.24 12.3274
28.25 12.4035
28.26 12.4791
28.27 12.5542
28.28 12.6289
28.29 12.7032
28.3 12.7772
28.31 12.8509
28.32 12.9243
28.33 12.9971
28.34 13.0695
28.35 13.1412
28.36 13.2125
28.37 13.2832
28.38 13.3534
28.39 13.4233
28.4 13.4928
28.41 13.562
28.42 13.6309
28.43 13.6992
28.44 13.767
28.45 13.8342
28.46 13.9008
28.47 13.9669
28.48 14.0324
28.49 14.0976
28.5 14.1624
28.51 14.2269
28.52 14.291
28.53 14.3546
28.54 14.4176
28.55 14.48
28.56 14.5417
28.57 14.6029
28.58 14.6636
28.59 14.7239
28.6 14.7838
28.61 14.8434
28.62 14.9025
28.63 14.9611
28.64 15.0191
28.65 15.0765
28.66 15.1332
28.67 15.1893
28.68 15.2449
28.69 15.3
28.7 15.3548
28.71 15.4092
28.72 15.4632
28.73 15.5166
28.74 15.5694
28.75 15.6215
28.76 15.673
28.77 15.7239
28.78 15.7742
28.79 15.824
28.8 15.8735
28.81 15.9226
28.82 15.9712
28.83 16.0193
28.84 16.0667
28.85 16.1134
28.86 16.1594
28.87 16.2049
28.88 16.2497
28.89 16.2941
28.9 16.3381
28.91 16.3817
28.92 16.4248
28.93 16.4674
28.94 16.5092
28.95 16.5504
28.96 16.5908
28.97 16.6307
28.98 16.6699
28.99 16.7087
29 16.747
29.01 16.785
29.02 16.8224
29.03 16.8593
29.04 16.8955
29.05 16.9309
29.06 16.9657
29.07 16.9998
29.08 17.0333
29.09 17.0663
29.1 17.0989
29.11 17.131
29.12 17.1627
29.13 17.1938
29.14 17.2242
29.15 17.2538
29.16 17.2827
29.17 17.311
29.18 17.3386
29.19 17.3657
29.2 17.3924
29.21 17.4187
29.22 17.4445
29.23 17.4697
29.24 17.4942
29.25 17.5179
29.26 17.5409
29.27 17.5632
29.28 17.5849
29.29 17.606
29.3 17.6268
29.31 17.6471
29.32 17.6669
29.33 17.6861
29.34 17.7046
29.35 17.7223
29.36 17.7393
29.37 17.7555
29.38 17.7712
29.39 17.7863
29.4 17.801
29.41 17.8153
29.42 17.8291
29.43 17.8422
29.44 17.8546
29.45 17.8663
29.46 17.8772
29.47 17.8874
29.48 17.897
29.49 17.906
29.5 17.9146
29.51 17.9228
29.52 17.9305
29.53 17.9376
29.54 17.9439
29.55 17.9494
29.56 17.9542
29.57 17.9583
29.58 17.9618
29.59 17.9647
29.6 17.9672
29.61 17.9693
29.62 17.9709
29.63 17.9718
29.64 17.972
29.65 17.9714
29.66 17.97
29.67 17.968
29.68 17.9654
29.69 17.9622
29.7 17.9586
29.71 17.9545
29.72 17.95
29.73 17.9448
29.74 17.9388
29.75 17.9321
29.76 17.9247
29.77 17.9165
29.78 17.9077
29.79 17.8984
29.8 17.8887
29.81 17.8786
29.82 17.8679
29.83 17.8566
29.84 17.8445
29.85 17.8317
29.86 17.8182
29.87 17.8039
29.88 17.7891
29.89 17.7737
29.9 17.7579
29.91 17.7417
29.92 17.7249
29.93 17.7076
29.94 17.6894
29.95 17.6706
29.96 17.651
29.97 17.6307
29.98 17.6098
29.99 17.5884
30 17.5666
30.01 17.5443
30.02 17.5216
30.03 17.4982
30.04 17.4741
30.05 17.4492
30.06 17.4237
30.07 17.3974
30.08 17.3706
30.09 17.3432
30.1 17.3154
30.11 17.2872
30.12 17.2585
30.13 17.2292
30.14 17.1992
30.15 17.1684
30.16 17.137
30.17 17.1049
30.18 17.0721
30.19 17.0389
30.2 17.0052
30.21 16.9712
30.22 16.9367
30.23 16.9015
30.24 16.8657
30.25 16.8291
30.26 16.7919
30.27 16.754
30.28 16.7155
30.29 16.6765
30.3 16.6371
30.31 16.5974
30.32 16.5571
30.33 16.5162
30.34 16.4747
30.35 16.4325
30.36 16.3896
30.37 16.346
30.38 16.3019
30.39 16.2573
30.4 16.2123
30.41 16.167
30.42 16.1211
30.43 16.0747
30.44 16.0276
30.45 15.9799
30.46 15.9314
30.47 15.8824
30.48 15.8328
30.49 15.7827
30.5 15.7323
30.51 15.6815
30.52 15.6302
30.53 15.5784
30.54 15.5259
30.55 15.4728
30.56 15.419
30.57 15.3646
30.58 15.3097
30.59 15.2544
30.6 15.1986
30.61 15.1425
30.62 15.086
30.63 15.029
30.64 14.9713
30.65 14.913
30.66 14.854
30.67 14.7945
30.68 14.7345
30.69 14.674
30.7 14.6132
30.71 14.552
30.72 14.4904
30.73 14.4283
30.74 14.3656
30.75 14.3023
30.76 14.2384
30.77 14.174
30.78 14.109
30.79 14.0437
30.8 13.978
30.81 13.9119
30.82 13.8455
30.83 13.7785
30.84 13.711
30.85 13.643
30.86 13.5743
30.87 13.5052
30.88 13.4355
30.89 13.3655
30.9 13.2951
30.91 13.2244
30.92 13.1534
30.93 13.0818
30.94 13.0097
30.95 12.9371
30.96 12.864
30.97 12.7903
30.98 12.7162
30.99 12.6417
31 12.5669
31.01 12.4918
31.02 12.4164
31.03 12.3405
31.04 12.2641
31.05 12.1872
31.06 12.1098
31.07 12.0319
31.08 11.9536
31.09 11.8749
31.1 11.7959
31.11 11.7167
31.12 11.6371
31.13 11.5571
31.14 11.4767
31.15 11.3957
31.16 11.3143
31.17 11.2325
31.18 11.1502
31.19 11.0676
31.2 10.9848
31.21 10.9017
31.22 10.8182
31.23 10.7344
31.24 10.6502
31.25 10.5655
31.26 10.4803
31.27 10.3948
31.28 10.3089
31.29 10.2226
31.3 10.1362
31.31 10.0495
31.32 9.96245
31.33 9.8751
31.34 9.78734
31.35 9.69917
31.36 9.6106
31.37 9.52166
31.38 9.43238
31.39 9.34281
31.4 9.25301
31.41 9.163
31.42 9.07273
31.43 8.98213
31.44 8.89117
31.45 8.79983
31.46 8.70813
31.47 8.61609
31.48 8.52375
31.49 8.43115
31.5 8.33834
31.51 8.24533
31.52 8.15209
31.53 8.05856
31.54 7.9647
31.55 7.87051
31.56 7.77599
31.57 7.68117
31.58 7.58608
31.59 7.49076
31.6 7.39525
31.61 7.29957
31.62 7.20368
31.63 7.10753
31.64 7.0111
31.65 6.91437
31.66 6.81736
31.67 6.72008
31.68 6.62256
31.69 6.52484
31.7 6.42696
31.71 6.32893
31.72 6.23071
31.73 6.13228
31.74 6.03359
31.75 5.93466
31.76 5.83548
31.77 5.73607
31.78 5.63646
31.79 5.53668
31.8 5.43676
31.81 5.33671
31.82 5.23651
31.83 5.13613
31.84 5.03554
31.85 4.93474
31.86 4.83373
31.87 4.73254
31.88 4.63118
31.89 4.52967
31.9 4.42806
31.91 4.32633
31.92 4.22449
31.93 4.12249
31.94 4.02034
31.95 3.91801
31.96 3.81552
31.97 3.71289
31.98 3.61012
31.99 3.50723
32 3.40426
32.01 3.30121
32.02 3.19806
32.03 3.0948
32.04 2.99142
32.05 2.88792
32.06 2.7843
32.07 2.68057
32.08 2.57674
32.09 2.47283
32.1 2.36885
32.11 2.26482
32.12 2.16073
32.13 2.05656
32.14 1.95231
32.15 1.84799
32.16 1.74358
32.17 1.63911
32.18 1.53458
32.19 1.43
32.2 1.32538
32.21 1.22073
32.22 1.11604
32.23 1.01131
32.24 0.906555
32.25 0.801761
32.26 0.696934
32.27 0.59208
32.28 0.487202
32.29 0.382306
32.3 0.277395
32.31 0.172476
32.32 0.0675533
32.33 -0.0373672
32.34 -0.142282
32.35 -0.247187
32.36 -0.352081
32.37 -0.456962
32.38 -0.561831
32.39 -0.666688
32.4 -0.771534
32.41 -0.876364
32.42 -0.981168
32.43 -1.08593
32.44 -1.19064
32.45 -1.2953
32.46 -1.39991
32.47 -1.50446
32.48 -1.60896
32.49 -1.71342
32.5 -1.81784
32.51 -1.92222
32.52 -2.02654
32.53 -2.13079
32.54 -2.23494
32.55 -2.339
32.56 -2.44295
32.57 -2.54682
32.58 -2.6506
32.59 -2.7543
32.6 -2.85794
32.61 -2.96152
32.62 -3.06501
32.63 -3.16839
32.64 -3.27163
32.65 -3.37473
32.66 -3.47769
32.67 -3.58051
32.68 -3.68321
32.69 -3.78581
32.7 -3.88832
32.71 -3.99074
32.72 -4.09305
32.73 -4.1952
32.74 -4.29718
32.75 -4.39897
32.76 -4.50057
32.77 -4.60201
32.78 -4.70328
32.79 -4.80442
32.8 -4.90544
32.81 -5.00636
32.82 -5.10713
32.83 -5.20771
32.84 -5.30807
32.85 -5.4082
32.86 -5.50811
32.87 -5.6078
32.88 -5.70731
32.89 -5.80664
32.9 -5.90584
32.91 -6.00491
32.92 -6.1038
32.93 -6.20247
32.94 -6.30087
32.95 -6.39901
32.96 -6.49688
32.97 -6.5945
32.98 -6.6919
32.99 -6.78909
33 -6.88613
33.01 -6.98301
33.02 -7.07969
33.03 -7.17611
33.04 -7.27223
33.05 -7.36803
33.06 -7.46353
33.07 -7.55874
33.08 -7.65369
33.09 -7.74842
33.1 -7.84296
33.11 -7.93732
33.12 -8.03145
33.13 -8.12529
33.14 -8.21879
33.15 -8.31193
33.16 -8.40473
33.17 -8.49721
33.18 -8.58939
33.19 -8.68132
33.2 -8.77305
33.21 -8.86457
33.22 -8.95584
33.23 -9.04678
33.24 -9.13734
33.25 -9.22751
33.26 -9.3173
33.27 -9.40673
33.28 -9.49583
33.29 -9.58466
33.3 -9.67325
33.31 -9.76162
33.32 -9.84971
33.33 -9.93744
33.34 -10.0248
33.35 -10.1117
33.36 -10.1981
33.37 -10.2842
33.38 -10.3699
33.39 -10.4553
33.4 -10.5405
33.41 -10.6254
33.42 -10.71
33.43 -10.7943
33.44 -10.878
33.45 -10.9613
33.46 -11.0442
33.47 -11.1266
33.48 -11.2087
33.49 -11.2904
33.5 -11.3718
33.51 -11.453
33.52 -11.5339
33.53 -11.6143
33.54 -11.6942
33.55 -11.7737
33.56 -11.8526
33.57 -11.9311
33.58 -12.0092
33.59 -12.087
33.6 -12.1644
33.61 -12.2416
33.62 -12.3184
33.63 -12.3947
33.64 -12.4706
33.65 -12.5459
33.66 -12.6207
33.67 -12.695
33.68 -12.7689
33.69 -12.8424
33.7 -12.9155
33.71 -12.9884
33.72 -13.0609
33.73 -13.1329
33.74 -13.2044
33.75 -13.2754
33.76 -13.3457
33.77 -13.4156
33.78 -13.485
33.79 -13.554
33.8 -13.6226
33.81 -13.691
33.82 -13.759
33.83 -13.8264
33.84 -13.8933
33.85 -13.9596
33.86 -14.0253
33.87 -14.0905
33.88 -14.1552
33.89 -14.2194
33.9 -14.2834
33.91 -14.3469
33.92 -14.4101
33.93 -14.4728
33.94 -14.5348
33.95 -14.5963
33.96 -14.6571
33.97 -14.7174
33.98 -14.7771
33.99 -14.8364
34 -14.8954
34.01 -14.954
34.02 -15.0122
34.03 -15.0698
34.04 -15.1268
34.05 -15.1832
34.06 -15.2389
34.07 -15.2941
34.08 -15.3487
34.09 -15.4029
34.1 -15.4566
34.11 -15.5101
34.12 -15.5631
34.13 -15.6155
34.14 -15.6673
34.15 -15.7184
34.16 -15.7688
34.17 -15.8187
34.18 -15.868
34.19 -15.9168
34.2 -15.9653
34.21 -16.0133
34.22 -16.061
34.23 -16.108
34.24 -16.1543
34.25 -16.2
34.26 -16.245
34.27 -16.2894
34.28 -16.3332
34.29 -16.3765
34.3 -16.4195
34.31 -16.462
34.32 -16.5041
34.33 -16.5456
34.34 -16.5864
34.35 -16.6265
34.36 -16.6659
34.37 -16.7046
34.38 -16.7428
34.39 -16.7805
34.4 -16.8177
34.41 -16.8546
34.42 -16.891
34.43 -16.9268
34.44 -16.9619
34.45 -16.9962
34.46 -17.0299
34.47 -17.0629
34.48 -17.0953
34.49 -17.1272
34.5 -17.1587
34.51 -17.1898
34.52 -17.2204
34.53 -17.2503
34.54 -17.2796
34.55 -17.3081
34.56 -17.3359
34.57 -17.363
34.58 -17.3896
34.59 -17.4156
34.6 -17.4412
34.61 -17.4664
34.62 -17.491
34.63 -17.5151
34.64 -17.5384
34.65 -17.561
34.66 -17.5829
34.67 -17.604
34.68 -17.6246
34.69 -17.6446
34.7 -17.6642
34.71 -17.6834
34.72 -17.7021
34.73 -17.7202
34.74 -17.7375
34.75 -17.7541
34.76 -17.7699
34.77 -17.785
34.78 -17.7995
34.79 -17.8135
34.8 -17.8271
34.81 -17.8402
34.82 -17.8529
34.83 -17.8649
34.84 -17.8761
34.85 -17.8866
34.86 -17.8964
34.87 -17.9054
34.88 -17.9139
34.89 -17.9218
34.9 -17.9292
34.91 -17.9363
34.92 -17.9428
34.93 -17.9487
34.94 -17.9538
34.95 -17.9582
34.96 -17.9619
34.97 -17.9648
34.98 -17.9671
34.99 -17.9689
35 -17.9702
35.01 -17.9712
35.02 -17.9716
35.03 -17.9714
35.04 -17.9704
35.05 -17.9686
35.06 -17.9662
35.07 -17.963
35.08 -17.9592
35.09 -17.9548
35.1 -17.95
35.11 -17.9449
35.12 -17.9391
35.13 -17.9328
35.14 -17.9257
35.15 -17.9178
35.16 -17.9092
35.17 -17.8999
35.18 -17.89
35.19 -17.8796
35.2 -17.8687
35.21 -17.8574
35.22 -17.8456
35.23 -17.8331
35.24 -17.8199
35.25 -17.806
35.26 -17.7913
35.27 -17.7759
35.28 -17.7599
35.29 -17.7434
35.3 -17.7264
35.31 -17.7091
35.32 -17.6912
35.33 -17.6727
35.34 -17.6534
35.35 -17.6335
35.36 -17.6127
35.37 -17.5913
35.38 -17.5693
35.39 -17.5468
35.4 -17.5238
35.41 -17.5004
35.42 -17.4765
35.43 -17.452
35.44 -17.4268
35.45 -17.4008
35.46 -17.3742
35.47 -17.3468
35.48 -17.3188
35.49 -17.2903
35.5 -17.2614
35.51 -17.2321
35.52 -17.2023
35.53 -17.1719
35.54 -17.1408
35.55 -17.1089
35.56 -17.0764
35.57 -17.0431
35.58 -17.0093
35.59 -16.975
35.6 -16.9403
35.61 -16.9051
35.62 -16.8695
35.63 -16.8333
35.64 -16.7964
35.65 -16.7587
35.66 -16.7204
35.67 -16.6814
35.68 -16.6419
35.69 -16.6018
35.7 -16.5614
35.71 -16.5205
35.72 -16.4792
35.73 -16.4373
35.74 -16.3947
35.75 -16.3514
35.76 -16.3075
35.77 -16.2629
35.78 -16.2177
35.79 -16.1721
35.8 -16.126
35.81 -16.0796
35.82 -16.0327
35.83 -15.9853
35.84 -15.9372
35.85 -15.8884
35.86 -15.8389
35.87 -15.7889
35.88 -15.7383
35.89 -15.6872
35.9 -15.6357
35.91 -15.5839
35.92 -15.5316
35.93 -15.4788
35.94 -15.4253
35.95 -15.3712
35.96 -15.3165
35.97 -15.2611
35.98 -15.2052
35.99 -15.1489
36 -15.0922
36.01 -15.0351
36.02 -14.9776
36.03 -14.9196
36.04 -14.861
36.05 -14.8017
36.06 -14.7418
36.07 -14.6813
36.08 -14.6204
36.09 -14.559
36.1 -14.4972
36.11 -14.4351
36.12 -14.3726
36.13 -14.3095
36.14 -14.2459
36.15 -14.1817
36.16 -14.1169
36.17 -14.0515
36.18 -13.9857
36.19 -13.9194
36.2 -13.8528
36.21 -13.7859
36.22 -13.7185
36.23 -13.6507
36.24 -13.5823
36.25 -13.5134
36.26 -13.4439
36.27 -13.3738
36.28 -13.3033
36.29 -13.2324
36.3 -13.1612
36.31 -13.0897
36.32 -13.0178
36.33 -12.9454
36.34 -12.8725
36.35 -12.799
36.36 -12.7251
36.37 -12.6506
36.38 -12.5757
36.39 -12.5004
36.4 -12.4248
36.41 -12.3489
36.42 -12.2727
36.43 -12.196
36.44 -12.1188
36.45 -12.0411
36.46 -11.9629
36.47 -11.8842
36.48 -11.8052
36.49 -11.7257
36.5 -11.646
36.51 -11.566
36.52 -11.4857
36.53 -11.405
36.54 -11.3238
36.55 -11.2421
36.56 -11.16
36.57 -11.0774
36.58 -10.9944
36.59 -10.9111
36.6 -10.8276
36.61 -10.7438
36.62 -10.6596
36.63 -10.5751
36.64 -10.4902
36.65 -10.4048
36.66 -10.319
36.67 -10.2328
36.68 -10.1462
36.69 -10.0594
36.7 -9.97223
36.71 -9.88487
36.72 -9.79723
36.73 -9.70924
36.74 -9.62086
36.75 -9.53207
36.76 -9.44288
36.77 -9.35333
36.78 -9.26345
36.79 -9.17329
36.8 -9.0829
36.81 -8.9923
36.82 -8.90144
36.83 -8.81027
36.84 -8.71873
36.85 -8.62684
36.86 -8.53458
36.87 -8.44199
36.88 -8.34911
36.89 -8.25597
36.9 -8.16263
36.91 -8.0691
36.92 -7.97533
36.93 -7.88128
36.94 -7.78692
36.95 -7.69222
36.96 -7.59721
36.97 -7.5019
36.98 -7.40633
36.99 -7.31053
37 -7.21455
37.01 -7.1184
37.02 -7.02205
37.03 -6.92544
37.04 -6.82856
37.05 -6.73139
37.06 -6.63394
37.07 -6.53624
37.08 -6.4383
37.09 -6.34017
37.1 -6.24188
37.11 -6.14344
37.12 -6.04483
37.13 -5.946
37.14 -5.84693
37.15 -5.74762
37.16 -5.64807
37.17 -5.5483
37.18 -5.44834
37.19 -5.34821
37.2 -5.24794
37.21 -5.14755
37.22 -5.04701
37.23 -4.9463
37.24 -4.84538
37.25 -4.74427
37.26 -4.64295
37.27 -4.54146
37.28 -4.43981
37.29 -4.33802
37.3 -4.23612
37.31 -4.13412
37.32 -4.032
37.33 -3.92974
37.34 -3.82732
37.35 -3.72475
37.36 -3.62202
37.37 -3.51915
37.38 -3.41615
37.39 -3.31305
37.4 -3.20986
37.41 -3.1066
37.42 -3.00325
37.43 -2.89979
37.44 -2.79622
37.45 -2.69253
37.46 -2.58874
37.47 -2.48484
37.48 -2.38085
37.49 -2.27679
37.5 -2.17267
37.51 -2.06849
37.52 -1.96426
37.53 -1.85996
37.54 -1.75559
37.55 -1.65114
37.56 -1.54663
37.57 -1.44206
37.58 -1.33744
37.59 -1.23277
37.6 -1.12807
37.61 -1.02333
37.62 -0.918574
37.63 -0.813786
37.64 -0.708969
37.65 -0.604125
37.66 -0.499258
37.67 -0.39437
37.68 -0.289466
37.69 -0.184548
37.7 -0.0796216
37.71 0.0253093
37.72 0.130238
37.73 0.235157
37.74 0.340061
37.75 0.444947
37.76 0.549814
37.77 0.65466
37.78 0.759487
37.79 0.864295
37.8 0.969086
37.81 1.07386
37.82 1.1786
37.83 1.28329
37.84 1.38792
37.85 1.4925
37.86 1.59701
37.87 1.70145
37.88 1.80585
37.89 1.91019
37.9 2.01449
37.91 2.11875
37.92 2.22294
37.93 2.32705
37.94 2.43106
37.95 2.53496
37.96 2.63876
37.97 2.74245
37.98 2.84606
37.99 2.94958
38 3.05303
38.01 3.15642
38.02 3.25971
38.03 3.36289
38.04 3.46591
38.05 3.56879
38.06 3.67152
38.07 3.77411
38.08 3.87657
38.09 3.97892
38.1 4.08118
38.11 4.18334
38.12 4.28538
38.13 4.38726
38.14 4.48896
38.15 4.59047
38.16 4.69178
38.17 4.79291
38.18 4.89388
38.19 4.99471
38.2 5.09542
38.21 5.19601
38.22 5.29645
38.23 5.3967
38.24 5.49672
38.25 5.5965
38.26 5.69605
38.27 5.79538
38.28 5.89451
38.29 5.99347
38.3 6.09229
38.31 6.19097
38.32 6.28947
38.33 6.38773
38.34 6.48574
38.35 6.58346
38.36 6.6809
38.37 6.77809
38.38 6.87505
38.39 6.9718
38.4 7.06839
38.41 7.16482
38.42 7.26105
38.43 7.357
38.44 7.45265
38.45 7.54798
38.46 7.64299
38.47 7.73771
38.48 7.83216
38.49 7.92639
38.5 8.02042
38.51 8.11428
38.52 8.20789
38.53 8.30121
38.54 8.39418
38.55 8.48679
38.56 8.57905
38.57 8.67098
38.58 8.7626
38.59 8.85397
38.6 8.94513
38.61 9.03608
38.62 9.12677
38.63 9.21713
38.64 9.3071
38.65 9.39668
38.66 9.48586
38.67 9.57468
38.68 9.66317
38.69 9.75137
38.7 9.83934
38.71 9.92709
38.72 10.0145
38.73 10.1016
38.74 10.1883
38.75 10.2745
38.76 10.3604
38.77 10.4458
38.78 10.5308
38.79 10.6156
38.8 10.7
38.81 10.7843
38.82 10.8682
38.83 10.9517
38.84 11.0348
38.85 11.1174
38.86 11.1996
38.87 11.2813
38.88 11.3626
38.89 11.4436
38.9 11.5243
38.91 11.6047
38.92 11.6848
38.93 11.7645
38.94 11.8437
38.95 11.9224
38.96 12.0006
38.97 12.0783
38.98 12.1556
38.99 12.2326
39 12.3092
39.01 12.3856
39.02 12.4616
39.03 12.5372
39.04 12.6122
39.05 12.6867
39.06 12.7607
39.07 12.8342
39.08 12.9073
39.09 12.9799
39.1 13.0523
39.11 13.1243
39.12 13.196
39.13 13.2672
39.14 13.3378
39.15 13.4079
39.16 13.4774
39.17 13.5464
39.18 13.6149
39.19 13.683
39.2 13.7508
39.21 13.8183
39.22 13.8854
39.23 13.9519
39.24 14.0179
39.25 14.0833
39.26 14.1481
39.27 14.2124
39.28 14.2762
39.29 14.3395
39.3 14.4025
39.31 14.4652
39.32 14.5274
39.33 14.5892
39.34 14.6503
39.35 14.7108
39.36 14.7707
39.37 14.83
39.38 14.8888
39.39 14.9471
39.4 15.0051
39.41 15.0628
39.42 15.12
39.43 15.1767
39.44 15.2327
39.45 15.2881
39.46 15.3428
39.47 15.397
39.48 15.4506
39.49 15.5038
39.5 15.5566
39.51 15.609
39.52 15.661
39.53 15.7124
39.54 15.7632
39.55 15.8133
39.56 15.8628
39.57 15.9116
39.58 15.9599
39.59 16.0077
39.6 16.0551
39.61 16.1021
39.62 16.1487
39.63 16.1947
39.64 16.24
39.65 16.2847
39.66 16.3286
39.67 16.372
39.68 16.4147
39.69 16.457
39.7 16.4989
39.71 16.5404
39.72 16.5814
39.73 16.6218
39.74 16.6615
39.75 16.7005
39.76 16.7389
39.77 16.7765
39.78 16.8136
39.79 16.8502
39.8 16.8864
39.81 16.9222
39.82 16.9575
39.83 16.9922
39.84 17.0262
39.85 17.0595
39.86 17.0921
39.87 17.124
39.88 17.1553
39.89 17.1861
39.9 17.2164
39.91 17.2464
39.92 17.2759
39.93 17.3048
39.94 17.3329
39.95 17.3603
39.96 17.387
39.97 17.413
39.98 17.4384
39.99 17.4633
40 17.4878
40.01 17.5119
40.02 17.5354
40.03 17.5583
40.04 17.5805
40.05 17.602
40.06 17.6227
40.07 17.6428
40.08 17.6622
40.09 17.6811
40.1 17.6996
40.11 17.7176
40.12 17.7352
40.13 17.7521
40.14 17.7683
40.15 17.7837
40.16 17.7984
40.17 17.8124
40.18 17.8257
40.19 17.8386
40.2 17.851
40.21 17.863
40.22 17.8745
40.23 17.8853
40.24 17.8954
40.25 17.9048
40.26 17.9134
40.27 17.9213
40.28 17.9286
40.29 17.9353
40.3 17.9416
40.31 17.9475
40.32 17.9529
40.33 17.9576
40.34 17.9616
40.35 17.9649
40.36 17.9674
40.37 17.9691
40.38 17.9703
40.39 17.9709
40.4 17.9711
40.41 17.9709
40.42 17.9702
40.43 17.9688
40.44 17.9666
40.45 17.9637
40.46 17.9601
40.47 17.9558
40.48 17.9508
40.49 17.9453
40.5 17.9394
40.51 17.933
40.52 17.9262
40.53 17.9187
40.54 17.9104
40.55 17.9014
40.56 17.8917
40.57 17.8812
40.58 17.8702
40.59 17.8586
40.6 17.8465
40.61 17.8341
40.62 17.8211
40.63 17.8075
40.64 17.7932
40.65 17.7781
40.66 17.7623
40.67 17.7457
40.68 17.7286
40.69 17.7109
40.7 17.6928
40.71 17.6743
40.72 17.6553
40.73 17.6357
40.74 17.6153
40.75 17.5942
40.76 17.5723
40.77 17.5498
40.78 17.5266
40.79 17.503
40.8 17.4789
40.81 17.4544
40.82 17.4294
40.83 17.4037
40.84 17.3774
40.85 17.3503
40.86 17.3225
40.87 17.294
40.88 17.265
40.89 17.2354
40.9 17.2053
40.91 17.1749
40.92 17.144
40.93 17.1125
40.94 17.0803
40.95 17.0473
40.96 17.0137
40.97 16.9794
40.98 16.9444
40.99 16.909
41 16.8732
41.01 16.837
41.02 16.8003
41.03 16.763
41.04 16.725
41.05 16.6863
41.06 16.6469
41.07 16.6068
41.08 16.5662
41.09 16.5251
41.1 16.4836
41.11 16.4417
41.12 16.3993
41.13 16.3563
41.14 16.3127
41.15 16.2683
41.16 16.2233
41.17 16.1777
41.18 16.1315
41.19 16.0848
41.2 16.0377
41.21 15.9903
41.22 15.9424
41.23 15.8939
41.24 15.8448
41.25 15.795
41.26 15.7445
41.27 15.6934
41.28 15.6418
41.29 15.5897
41.3 15.5373
41.31 15.4845
41.32 15.4312
41.33 15.3774
41.34 15.3229
41.35 15.2678
41.36 15.2121
41.37 15.1557
41.38 15.0989
41.39 15.0416
41.4 14.9839
41.41 14.9259
41.42 14.8674
41.43 14.8084
41.44 14.7488
41.45 14.6886
41.46 14.6278
41.47 14.5664
41.48 14.5045
41.49 14.4421
41.5 14.3794
41.51 14.3164
41.52 14.253
41.53 14.189
41.54 14.1245
41.55 14.0594
41.56 13.9936
41.57 13.9274
41.58 13.8606
41.59 13.7935
41.6 13.726
41.61 13.6582
41.62 13.59
41.63 13.5213
41.64 13.452
41.65 13.3822
41.66 13.3118
41.67 13.2409
41.68 13.1696
41.69 13.0978
41.7 13.0258
41.71 12.9534
41.72 12.8806
41.73 12.8074
41.74 12.7337
41.75 12.6594
41.76 12.5846
41.77 12.5094
41.78 12.4336
41.79 12.3575
41.8 12.2811
41.81 12.2045
41.82 12.1274
41.83 12.05
41.84 11.972
41.85 11.8935
41.86 11.8146
41.87 11.7352
41.88 11.6553
41.89 11.5751
41.9 11.4947
41.91 11.414
41.92 11.3329
41.93 11.2514
41.94 11.1695
41.95 11.0871
41.96 11.0043
41.97 10.921
41.98 10.8373
41.99 10.7533
42 10.6691
42.01 10.5846
42.02 10.4998
42.03 10.4146
42.04 10.329
42.05 10.2429
42.06 10.1564
42.07 10.0696
42.08 9.98237
42.09 9.89485
42.1 9.80709
42.11 9.7191
42.12 9.63083
42.13 9.54222
42.14 9.45322
42.15 9.36382
42.16 9.27403
42.17 9.18389
42.18 9.09342
42.19 9.00267
42.2 8.9117
42.21 8.82053
42.22 8.7291
42.23 8.63735
42.24 8.54526
42.25 8.45281
42.26 8.36001
42.27 8.26688
42.28 8.17347
42.29 8.0798
42.3 7.98594
42.31 7.89189
42.32 7.79761
42.33 7.70305
42.34 7.60818
42.35 7.513
42.36 7.4175
42.37 7.32171
42.38 7.22567
42.39 7.1294
42.4 7.03296
42.41 6.93636
42.42 6.83955
42.43 6.74251
42.44 6.64519
42.45 6.54759
42.46 6.44972
42.47 6.3516
42.48 6.25325
42.49 6.15472
42.5 6.05603
42.51 5.9572
42.52 5.8582
42.53 5.75898
42.54 5.65954
42.55 5.55987
42.56 5.45996
42.57 5.35984
42.58 5.25953
42.59 5.15906
42.6 5.05846
42.61 4.95774
42.62 4.85688
42.63 4.75585
42.64 4.65463
42.65 4.55321
42.66 4.4516
42.67 4.34983
42.68 4.24789
42.69 4.14583
42.7 4.04365
42.71 3.94139
42.72 3.83901
42.73 3.73649
42.74 3.63383
42.75 3.53102
42.76 3.42806
42.77 3.32497
42.78 3.22176
42.79 3.11845
42.8 3.01506
42.81 2.9116
42.82 2.80806
42.83 2.70442
42.84 2.60067
42.85 2.49682
42.86 2.39286
42.87 2.28881
42.88 2.18468
42.89 2.08047
42.9 1.97622
42.91 1.87191
42.92 1.76755
42.93 1.66313
42.94 1.55865
42.95 1.4541
42.96 1.3495
42.97 1.24484
42.98 1.14013
42.99 1.03539
43 0.930614
43.01 0.825816
43.02 0.720997
43.03 0.616155
43.04 0.511294
43.05 0.406414
43.06 0.301519
43.07 0.196612
43.08 0.0916943
43.09 -0.0132298
43.1 -0.118158
43.11 -0.223086
43.12 -0.328006
43.13 -0.432909
43.14 -0.537789
43.15 -0.642644
43.16 -0.74747
43.17 -0.852268
43.18 -0.95704
43.19 -1.06179
43.2 -1.16651
43.21 -1.27122
43.22 -1.37588
43.23 -1.48049
43.24 -1.58503
43.25 -1.68951
43.26 -1.79391
43.27 -1.89824
43.28 -2.00251
43.29 -2.10673
43.3 -2.2109
43.31 -2.31502
43.32 -2.41907
43.33 -2.52303
43.34 -2.62688
43.35 -2.73061
43.36 -2.83424
43.37 -2.93775
43.38 -3.04116
43.39 -3.14449
43.4 -3.24775
43.41 -3.35093
43.42 -3.45402
43.43 -3.55698
43.44 -3.65978
43.45 -3.76243
43.46 -3.86492
43.47 -3.96726
43.48 -4.06947
43.49 -4.17155
43.5 -4.27354
43.51 -4.37544
43.52 -4.4772
43.53 -4.5788
43.54 -4.68021
43.55 -4.78142
43.56 -4.88242
43.57 -4.98324
43.58 -5.08389
43.59 -5.18439
43.6 -5.28476
43.61 -5.38502
43.62 -5.48513
43.63 -5.58502
43.64 -5.68469
43.65 -5.78411
43.66 -5.88329
43.67 -5.98224
43.68 -6.08099
43.69 -6.17956
43.7 -6.27798
43.71 -6.37627
43.72 -6.47436
43.73 -6.57222
43.74 -6.6698
43.75 -6.7671
43.76 -6.86411
43.77 -6.96086
43.78 -7.05737
43.79 -7.15368
43.8 -7.24981
43.81 -7.34578
43.82 -7.44153
43.83 -7.53701
43.84 -7.63218
43.85 -7.72702
43.86 -7.82154
43.87 -7.91576
43.88 -8.0097
43.89 -8.10341
43.9 -8.19693
43.91 -8.29026
43.92 -8.38335
43.93 -8.47613
43.94 -8.56856
43.95 -8.66062
43.96 -8.75232
43.97 -8.84369
43.98 -8.93475
43.99 -9.02554
44 -9.11612
44.01 -9.20649
44.02 -9.2966
44.03 -9.38636
44.04 -9.47574
44.05 -9.56471
44.06 -9.65328
44.07 -9.74148
44.08 -9.82934
44.09 -9.91692
44.1 -10.0043
44.11 -10.0914
44.12 -10.1782
44.13 -10.2646
44.14 -10.3506
44.15 -10.4362
44.16 -10.5214
44.17 -10.6061
44.18 -10.6905
44.19 -10.7745
44.2 -10.8583
44.21 -10.9418
44.22 -11.0251
44.23 -11.1079
44.24 -11.1903
44.25 -11.2721
44.26 -11.3536
44.27 -11.4345
44.28 -11.5151
44.29 -11.5954
44.3 -11.6753
44.31 -11.755
44.32 -11.8344
44.33 -11.9133
44.34 -11.9917
44.35 -12.0697
44.36 -12.1471
44.37 -12.224
44.38 -12.3006
44.39 -12.3767
44.4 -12.4526
44.41 -12.5282
44.42 -12.6034
44.43 -12.6781
44.44 -12.7524
44.45 -12.8261
44.46 -12.8992
44.47 -12.9719
44.48 -13.0441
44.49 -13.1159
44.5 -13.1874
44.51 -13.2586
44.52 -13.3295
44.53 -13.3998
44.54 -13.4696
44.55 -13.5388
44.56 -13.6074
44.57 -13.6755
44.58 -13.7432
44.59 -13.8104
44.6 -13.8773
44.61 -13.9439
44.62 -14.0101
44.63 -14.0758
44.64 -14.1408
44.65 -14.2053
44.66 -14.2692
44.67 -14.3326
44.68 -14.3954
44.69 -14.4578
44.7 -14.5199
44.71 -14.5817
44.72 -14.643
44.73 -14.7038
44.74 -14.7639
44.75 -14.8235
44.76 -14.8824
44.77 -14.9408
44.78 -14.9986
44.79 -15.056
44.8 -15.1131
44.81 -15.1697
44.82 -15.226
44.83 -15.2817
44.84 -15.3367
44.85 -15.3912
44.86 -15.4449
44.87 -15.4981
44.88 -15.5507
44.89 -15.6029
44.9 -15.6547
44.91 -15.7061
44.92 -15.7571
44.93 -15.8075
44.94 -15.8573
44.95 -15.9064
44.96 -15.9548
44.97 -16.0026
44.98 -16.0498
44.99 -16.0966
45 -16.143
45.01 -16.189
45.02 -16.2345
45.03 -16.2795
45.04 -16.3238
45.05 -16.3674
45.06 -16.4103
45.07 -16.4525
45.08 -16.4942
45.09 -16.5355
45.1 -16.5763
45.11 -16.6167
45.12 -16.6567
45.13 -16.696
45.14 -16.7346
45.15 -16.7726
45.16 -16.8098
45.17 -16.8464
45.18 -16.8825
45.19 -16.918
45.2 -16.9531
45.21 -16.9878
45.22 -17.022
45.23 -17.0556
45.24 -17.0885
45.25 -17.1207
45.26 -17.1521
45.27 -17.1829
45.28 -17.2131
45.29 -17.2428
45.3 -17.2721
45.31 -17.301
45.32 -17.3294
45.33 -17.3571
45.34 -17.3841
45.35 -17.4104
45.36 -17.436
45.37 -17.4609
45.38 -17.4852
45.39 -17.5089
45.4 -17.5323
45.41 -17.5552
45.42 -17.5777
45.43 -17.5995
45.44 -17.6205
45.45 -17.6409
45.46 -17.6604
45.47 -17.6794
45.48 -17.6976
45.49 -17.7154
45.5 -17.7327
45.51 -17.7497
45.52 -17.7661
45.53 -17.7818
45.54 -17.7969
45.55 -17.8112
45.56 -17.8247
45.57 -17.8376
45.58 -17.8498
45.59 -17.8615
45.6 -17.8728
45.61 -17.8836
45.62 -17.894
45.63 -17.9036
45.64 -17.9126
45.65 -17.9208
45.66 -17.9282
45.67 -17.935
45.68 -17.9411
45.69 -17.9467
45.7 -17.9519
45.71 -17.9566
45.72 -17.9609
45.73 -17.9644
45.74 -17.9673
45.75 -17.9694
45.76 -17.9707
45.77 -17.9713
45.78 -17.9713
45.79 -17.9708
45.8 -17.9698
45.81 -17.9685
45.82 -17.9666
45.83 -17.964
45.84 -17.9607
45.85 -17.9567
45.86 -17.9519
45.87 -17.9464
45.88 -17.9403
45.89 -17.9336
45.9 -17.9266
45.91 -17.9191
45.92 -17.911
45.93 -17.9024
45.94 -17.893
45.95 -17.8828
45.96 -17.8719
45.97 -17.8603
45.98 -17.8481
45.99 -17.8354
46 -17.8222
46.01 -17.8086
46.02 -17.7945
46.03 -17.7797
46.04 -17.7643
46.05 -17.748
46.06 -17.7311
46.07 -17.7134
46.08 -17.6951
46.09 -17.6763
46.1 -17.6571
46.11 -17.6375
46.12 -17.6173
46.13 -17.5965
46.14 -17.575
46.15 -17.5528
46.16 -17.5298
46.17 -17.5061
46.18 -17.4818
46.19 -17.4571
46.2 -17.4318
46.21 -17.4062
46.22 -17.3801
46.23 -17.3533
46.24 -17.3259
46.25 -17.2977
46.26 -17.2688
46.27 -17.2392
46.28 -17.209
46.29 -17.1783
46.3 -17.1472
46.31 -17.1157
46.32 -17.0837
46.33 -17.051
46.34 -17.0177
46.35 -16.9837
46.36 -16.9489
46.37 -16.9135
46.38 -16.8775
46.39 -16.841
46.4 -16.8041
46.41 -16.7668
46.42 -16.729
46.43 -16.6906
46.44 -16.6516
46.45 -16.6118
46.46 -16.5713
46.47 -16.5302
46.48 -16.4885
46.49 -16.4464
46.5 -16.4038
46.51 -16.3608
46.52 -16.3174
46.53 -16.2734
46.54 -16.2287
46.55 -16.1833
46.56 -16.1373
46.57 -16.0906
46.58 -16.0434
46.59 -15.9956
46.6 -15.9475
46.61 -15.8991
46.62 -15.8501
46.63 -15.8006
46.64 -15.7505
46.65 -15.6997
46.66 -15.6482
46.67 -15.5961
46.68 -15.5435
46.69 -15.4904
46.7 -15.437
46.71 -15.3831
46.72 -15.3289
46.73 -15.2741
46.74 -15.2186
46.75 -15.1625
46.76 -15.1058
46.77 -15.0485
46.78 -14.9907
46.79 -14.9324
46.8 -14.8738
46.81 -14.8148
46.82 -14.7554
46.83 -14.6954
46.84 -14.6349
46.85 -14.5737
46.86 -14.512
46.87 -14.4497
46.88 -14.3868
46.89 -14.3236
46.9 -14.2599
46.91 -14.196
46.92 -14.1316
46.93 -14.0668
46.94 -14.0013
46.95 -13.9353
46.96 -13.8687
46.97 -13.8015
46.98 -13.7339
46.99 -13.6659
47 -13.5975
47.01 -13.5288
47.02 -13.4597
47.03 -13.3901
47.04 -13.32
47.05 -13.2494
47.06 -13.1781
47.07 -13.1064
47.08 -13.0342
47.09 -12.9616
47.1 -12.8887
47.11 -12.8155
47.12 -12.7419
47.13 -12.6679
47.14 -12.5934
47.15 -12.5183
47.16 -12.4427
47.17 -12.3666
47.18 -12.2901
47.19 -12.2132
47.2 -12.136
47.21 -12.0585
47.22 -11.9807
47.23 -11.9025
47.24 -11.8238
47.25 -11.7445
47.26 -11.6648
47.27 -11.5847
47.28 -11.5041
47.29 -11.4232
47.3 -11.342
47.31 -11.2605
47.32 -11.1787
47.33 -11.0965
47.34 -11.0139
47.35 -10.9308
47.36 -10.8472
47.37 -10.7633
47.38 -10.6789
47.39 -10.5942
47.4 -10.5093
47.41 -10.4241
47.42 -10.3386
47.43 -10.2527
47.44 -10.1665
47.45 -10.0798
47.46 -9.99266
47.47 -9.90515
47.48 -9.8173
47.49 -9.72915
47.5 -9.64076
47.51 -9.55215
47.52 -9.46327
47.53 -9.37404
47.54 -9.28443
47.55 -9.19444
47.56 -9.10406
47.57 -9.01332
47.58 -8.92228
47.59 -8.83096
47.6 -8.73942
47.61 -8.64768
47.62 -8.55569
47.63 -8.46339
47.64 -8.37075
47.65 -8.27776
47.66 -8.18442
47.67 -8.09077
47.68 -7.99683
47.69 -7.90265
47.7 -7.80828
47.71 -7.71372
47.72 -7.61894
47.73 -7.52389
47.74 -7.42853
47.75 -7.33286
47.76 -7.23689
47.77 -7.14064
47.78 -7.04414
47.79 -6.94742
47.8 -6.85053
47.81 -6.75348
47.82 -6.65624
47.83 -6.55875
47.84 -6.46101
47.85 -6.36299
47.86 -6.26471
47.87 -6.16619
47.88 -6.06745
47.89 -5.96853
47.9 -5.86945
47.91 -5.77024
47.92 -5.67086
47.93 -5.57128
47.94 -5.47148
47.95 -5.37145
47.96 -5.2712
47.97 -5.17074
47.98 -5.0701
47.99 -4.9693
48 -4.86838
48.01 -4.76734
48.02 -4.66617
48.03 -4.56483
48.04 -4.46331
48.05 -4.3616
48.06 -4.25971
48.07 -4.15766
48.08 -4.05546
48.09 -3.95313
48.1 -3.8507
48.11 -3.74819
48.12 -3.64556
48.13 -3.54281
48.14 -3.43992
48.15 -3.33688
48.16 -3.23371
48.17 -3.13041
48.18 -3.027
48.19 -2.92349
48.2 -2.81991
48.21 -2.71626
48.22 -2.61254
48.23 -2.50872
48.24 -2.40481
48.25 -2.3008
48.26 -2.19669
48.27 -2.0925
48.28 -1.98823
48.29 -1.8839
48.3 -1.77951
48.31 -1.67509
48.32 -1.57061
48.33 -1.46609
48.34 -1.36151
48.35 -1.25687
48.36 -1.15218
48.37 -1.04745
48.38 -0.942681
48.39 -0.837877
48.4 -0.733047
48.41 -0.628199
48.42 -0.523334
48.43 -0.418455
48.44 -0.313563
48.45 -0.208662
48.46 -0.103753
48.47 0.00116039
48.48 0.106077
48.49 0.210995
48.5 0.315912
48.51 0.420825
48.52 0.525723
48.53 0.630598
48.54 0.735443
48.55 0.840253
48.56 0.945027
48.57 1.04977
48.58 1.15447
48.59 1.25915
48.6 1.36379
48.61 1.46842
48.62 1.57299
48.63 1.67751
48.64 1.78195
48.65 1.88631
48.66 1.99059
48.67 2.0948
48.68 2.19894
48.69 2.30301
48.7 2.40704
48.71 2.51101
48.72 2.61491
48.73 2.7187
48.74 2.82239
48.75 2.92594
48.76 3.02938
48.77 3.1327
48.78 3.23591
48.79 3.33903
48.8 3.44208
48.81 3.54505
48.82 3.64791
48.83 3.75064
48.84 3.85321
48.85 3.95561
48.86 4.05785
48.87 4.15993
48.88 4.26186
48.89 4.36368
48.9 4.46539
48.91 4.56701
48.92 4.66848
48.93 4.76979
48.94 4.87089
48.95 4.97179
48.96 5.07248
48.97 5.17297
48.98 5.27328
48.99 5.37345
49 5.47348
49.01 5.57339
49.02 5.67314
49.03 5.77268
49.04 5.87198
49.05 5.97102
49.06 6.06982
49.07 6.16838
49.08 6.26673
49.09 6.3649
49.1 6.46292
49.11 6.56079
49.12 6.65847
49.13 6.75591
49.14 6.85306
49.15 6.94992
49.16 7.04649
49.17 7.14279
49.18 7.23884
49.19 7.33467
49.2 7.43034
49.21 7.52584
49.22 7.62111
49.23 7.71611
49.24 7.81078
49.25 7.90513
49.26 7.99914
49.27 8.09284
49.28 8.18626
49.29 8.27945
49.3 8.37243
49.31 8.46523
49.32 8.55778
49.33 8.65001
49.34 8.74189
49.35 8.8334
49.36 8.92453
49.37 9.01532
49.38 9.1058
49.39 9.19601
49.4 9.28601
49.41 9.37579
49.42 9.4653
49.43 9.55446
49.44 9.64322
49.45 9.73158
49.46 9.81953
49.47 9.9071
49.48 9.99432
49.49 10.0813
49.5 10.1679
49.51 10.2544
49.52 10.3406
49.53 10.4263
49.54 10.5117
49.55 10.5966
49.56 10.6811
49.57 10.7651
49.58 10.8488
49.59 10.9321
49.6 11.0152
49.61 11.0981
49.62 11.1806
49.63 11.2627
49.64 11.3443
49.65 11.4255
49.66 11.5062
49.67 11.5864
49.68 11.6663
49.69 11.7458
49.7 11.825
49.71 11.9039
49.72 11.9825
49.73 12.0607
49.74 12.1383
49.75 12.2155
49.76 12.2921
49.77 12.3683
49.78 12.444
49.79 12.5194
49.8 12.5944
49.81 12.6692
49.82 12.7436
49.83 12.8176
49.84 12.891
49.85 12.9638
49.86 13.0362
49.87 13.108
49.88 13.1794
49.89 13.2503
49.9 13.321
49.91 13.3913
49.92 13.4613
49.93 13.5308
49.94 13.5997
49.95 13.668
49.96 13.7358
49.97 13.803
49.98 13.8698
49.99 13.9361
50 14.0021
50.01 14.0678
