0.01 -2.54516e-006
0.02 -1.46579e-005
0.03 -4.40908e-005
0.04 -9.62636e-005
0.05 -0.000174449
0.06 -0.000280024
0.07 -0.000412772
0.08 -0.000571194
0.09 -0.00075283
0.1 -0.000954568
0.11 -0.00117288
0.12 -0.00140403
0.13 -0.00164437
0.14 -0.00189047
0.15 -0.00213931
0.16 -0.00238829
0.17 -0.00263533
0.18 -0.00287883
0.19 -0.00311766
0.2 -0.00335116
0.21 -0.00357896
0.22 -0.00380093
0.23 -0.00401714
0.24 -0.00422797
0.25 -0.00443395
0.26 -0.00463578
0.27 -0.0048342
0.28 -0.00502998
0.29 -0.00522388
0.3 -0.00541659
0.31 -0.00560864
0.32 -0.00580028
0.33 -0.00599162
0.34 -0.00618277
0.35 -0.00637384
0.36 -0.0065649
0.37 -0.00675603
0.38 -0.00694727
0.39 -0.00713866
0.4 -0.00733022
0.41 -0.00752183
0.42 -0.00771312
0.43 -0.00790367
0.44 -0.00809318
0.45 -0.00828145
0.46 -0.00846839
0.47 -0.00865399
0.48 -0.00883829
0.49 -0.00902142
0.5 -0.00920351
0.51 -0.00938456
0.52 -0.00956431
0.53 -0.00974242
0.54 -0.00991871
0.55 -0.0100931
0.56 -0.0102657
0.57 -0.0104366
0.58 -0.010606
0.59 -0.0107741
0.6 -0.0109411
0.61 -0.0111071
0.62 -0.0112718
0.63 -0.0114349
0.64 -0.0115961
0.65 -0.0117554
0.66 -0.0119127
0.67 -0.0120682
0.68 -0.0122222
0.69 -0.0123747
0.7 -0.0125261
0.71 -0.0126763
0.72 -0.0128251
0.73 -0.0129721
0.74 -0.0131169
0.75 -0.0132595
0.76 -0.0133999
0.77 -0.0135381
0.78 -0.0136746
0.79 -0.0138094
0.8 -0.0139429
0.81 -0.0140751
0.82 -0.0142056
0.83 -0.0143341
0.84 -0.0144602
0.85 -0.0145838
0.86 -0.014705
0.87 -0.0148239
0.88 -0.0149407
0.89 -0.0150558
0.9 -0.0151694
0.91 -0.0152817
0.92 -0.0153921
0.93 -0.0155004
0.94 -0.015606
0.95 -0.015709
0.96 -0.0158094
0.97 -0.0159074
0.98 -0.0160031
0.99 -0.0160969
1 -0.0161892
1.01 -0.0162801
1.02 -0.016369
1.03 -0.0164555
1.04 -0.0165394
1.05 -0.0166204
1.06 -0.0166986
1.07 -0.0167743
1.08 -0.0168476
1.09 -0.016919
1.1 -0.0169887
1.11 -0.0170568
1.12 -0.017123
1.13 -0.0171867
1.14 -0.0172475
1.15 -0.0173055
1.16 -0.0173605
1.17 -0.0174128
1.18 -0.0174628
1.19 -0.0175106
1.2 -0.0175568
1.21 -0.0176013
1.22 -0.0176438
1.23 -0.0176838
1.24 -0.0177208
1.25 -0.0177548
1.26 -0.0177859
1.27 -0.0178142
1.28 -0.0178401
1.29 -0.0178638
1.3 -0.0178857
1.31 -0.0179061
1.32 -0.0179244
1.33 -0.01794
1.34 -0.0179527
1.35 -0.0179624
1.36 -0.0179691
1.37 -0.017973
1.38 -0.0179744
1.39 -0.0179737
1.4 -0.0179712
1.41 -0.017967
1.42 -0.0179608
1.43 -0.017952
1.44 -0.0179402
1.45 -0.0179254
1.46 -0.0179076
1.47 -0.0178871
1.48 -0.017864
1.49 -0.0178388
1.5 -0.0178119
1.51 -0.0177833
1.52 -0.0177527
1.53 -0.0177195
1.54 -0.0176834
1.55 -0.0176443
1.56 -0.0176023
1.57 -0.0175575
1.58 -0.0175103
1.59 -0.017461
1.6 -0.01741
1.61 -0.0173574
1.62 -0.0173028
1.63 -0.0172456
1.64 -0.0171857
1.65 -0.0171229
1.66 -0.0170572
1.67 -0.0169889
1.68 -0.0169182
1.69 -0.0168454
1.7 -0.016771
1.71 -0.0166951
1.72 -0.0166172
1.73 -0.016537
1.74 -0.016454
1.75 -0.0163683
1.76 -0.0162798
1.77 -0.0161888
1.78 -0.0160956
1.79 -0.0160004
1.8 -0.0159037
1.81 -0.0158054
1.82 -0.0157054
1.83 -0.0156031
1.84 -0.0154982
1.85 -0.0153908
1.86 -0.0152808
1.87 -0.0151684
1.88 -0.0150539
1.89 -0.0149375
1.9 -0.0148197
1.91 -0.0147005
1.92 -0.0145797
1.93 -0.0144567
1.94 -0.0143314
1.95 -0.0142037
1.96 -0.0140736
1.97 -0.0139413
1.98 -0.0138071
1.99 -0.0136712
2 -0.013534
2.01 -0.0133955
2.02 -0.0132554
2.03 -0.0131135
2.04 -0.0129694
2.05 -0.0128232
2.06 -0.0126748
2.07 -0.0125245
2.08 -0.0123723
2.09 -0.0122187
2.1 -0.0120639
2.11 -0.011908
2.12 -0.0117507
2.13 -0.0115917
2.14 -0.0114308
2.15 -0.011268
2.16 -0.0111034
2.17 -0.010937
2.18 -0.0107691
2.19 -0.0105999
2.2 -0.0104296
2.21 -0.0102583
2.22 -0.0100859
2.23 -0.00991199
2.24 -0.00973652
2.25 -0.00955943
2.26 -0.00938076
2.27 -0.00920062
2.28 -0.00901918
2.29 -0.00883664
2.3 -0.0086532
2.31 -0.00846895
2.32 -0.00828373
2.33 -0.00809734
2.34 -0.00790966
2.35 -0.00772066
2.36 -0.00753039
2.37 -0.00733894
2.38 -0.00714645
2.39 -0.00695307
2.4 -0.00675898
2.41 -0.00656425
2.42 -0.00636878
2.43 -0.00617241
2.44 -0.00597507
2.45 -0.00577674
2.46 -0.00557746
2.47 -0.00537731
2.48 -0.00517639
2.49 -0.00497481
2.5 -0.00477272
2.51 -0.00457017
2.52 -0.0043671
2.53 -0.00416343
2.54 -0.00395912
2.55 -0.00375417
2.56 -0.0035486
2.57 -0.00334247
2.58 -0.00313585
2.59 -0.00292882
2.6 -0.00272147
2.61 -0.00251384
2.62 -0.00230595
2.63 -0.00209775
2.64 -0.00188924
2.65 -0.00168045
2.66 -0.00147139
2.67 -0.00126208
2.68 -0.00105258
2.69 -0.000842922
2.7 -0.000633141
2.71 -0.000423282
2.72 -0.000213389
2.73 -3.50071e-006
2.74 0.000206349
2.75 0.000416137
2.76 0.000625846
2.77 0.000835467
2.78 0.001045
2.79 0.00125444
2.8 0.00146379
2.81 0.00167303
2.82 0.00188207
2.83 0.00209079
2.84 0.00229913
2.85 0.00250706
2.86 0.00271456
2.87 0.00292165
2.88 0.00312836
2.89 0.00333472
2.9 0.0035408
2.91 0.00374658
2.92 0.0039519
2.93 0.00415662
2.94 0.00436062
2.95 0.00456385
2.96 0.00476632
2.97 0.00496805
2.98 0.00516912
2.99 0.0053696
3 0.00556959
3.01 0.00576909
3.02 0.00596791
3.03 0.00616583
3.04 0.00636271
3.05 0.00655848
3.06 0.00675315
3.07 0.00694678
3.08 0.00713947
3.09 0.00733134
3.1 0.00752252
3.11 0.00771304
3.12 0.00790265
3.13 0.00809108
3.14 0.00827815
3.15 0.0084638
3.16 0.00864803
3.17 0.00883092
3.18 0.00901261
3.19 0.00919325
3.2 0.00937302
3.21 0.00955196
3.22 0.00972978
3.23 0.00990615
3.24 0.0100809
3.25 0.0102539
3.26 0.0104251
3.27 0.0105948
3.28 0.010763
3.29 0.01093
3.3 0.0110959
3.31 0.0112608
3.32 0.0114244
3.33 0.0115863
3.34 0.0117463
3.35 0.0119043
3.36 0.0120603
3.37 0.0122144
3.38 0.0123668
3.39 0.0125178
3.4 0.0126676
3.41 0.0128163
3.42 0.0129634
3.43 0.0131087
3.44 0.0132518
3.45 0.0133926
3.46 0.0135312
3.47 0.0136677
3.48 0.0138023
3.49 0.0139352
3.5 0.0140669
3.51 0.0141972
3.52 0.014326
3.53 0.0144526
3.54 0.0145768
3.55 0.0146985
3.56 0.0148178
3.57 0.0149348
3.58 0.0150497
3.59 0.0151629
3.6 0.0152745
3.61 0.0153848
3.62 0.0154934
3.63 0.0155996
3.64 0.0157033
3.65 0.0158043
3.66 0.0159026
3.67 0.0159985
3.68 0.0160922
3.69 0.016184
3.7 0.0162742
3.71 0.0163629
3.72 0.0164498
3.73 0.0165342
3.74 0.0166159
3.75 0.0166948
3.76 0.0167709
3.77 0.0168444
3.78 0.0169156
3.79 0.0169847
3.8 0.0170523
3.81 0.0171182
3.82 0.0171822
3.83 0.0172437
3.84 0.0173023
3.85 0.017358
3.86 0.0174108
3.87 0.0174609
3.88 0.0175086
3.89 0.0175542
3.9 0.0175981
3.91 0.0176404
3.92 0.0176806
3.93 0.0177183
3.94 0.017753
3.95 0.0177848
3.96 0.0178136
3.97 0.0178396
3.98 0.0178632
3.99 0.0178846
4 0.0179042
4.01 0.0179223
4.02 0.0179382
4.03 0.0179516
4.04 0.017962
4.05 0.0179694
4.06 0.0179738
4.07 0.0179754
4.08 0.0179745
4.09 0.0179714
4.1 0.0179666
4.11 0.0179601
4.12 0.0179516
4.13 0.0179405
4.14 0.0179264
4.15 0.0179093
4.16 0.0178892
4.17 0.0178663
4.18 0.017841
4.19 0.0178135
4.2 0.0177843
4.21 0.0177534
4.22 0.0177205
4.23 0.017685
4.24 0.0176467
4.25 0.0176053
4.26 0.017561
4.27 0.017514
4.28 0.0174646
4.29 0.017413
4.3 0.0173598
4.31 0.0173049
4.32 0.0172481
4.33 0.0171887
4.34 0.0171266
4.35 0.0170616
4.36 0.0169937
4.37 0.0169232
4.38 0.0168503
4.39 0.0167754
4.4 0.0166989
4.41 0.0166208
4.42 0.0165408
4.43 0.0164584
4.44 0.0163733
4.45 0.0162855
4.46 0.0161949
4.47 0.0161019
4.48 0.0160066
4.49 0.0159093
4.5 0.0158105
4.51 0.0157103
4.52 0.0156082
4.53 0.0155039
4.54 0.015397
4.55 0.0152876
4.56 0.0151756
4.57 0.0150613
4.58 0.0149449
4.59 0.0148266
4.6 0.0147069
4.61 0.0145858
4.62 0.0144631
4.63 0.0143382
4.64 0.0142111
4.65 0.0140815
4.66 0.0139497
4.67 0.0138156
4.68 0.0136796
4.69 0.013542
4.7 0.013403
4.71 0.0132628
4.72 0.013121
4.73 0.0129774
4.74 0.0128316
4.75 0.0126837
4.76 0.0125337
4.77 0.0123818
4.78 0.0122281
4.79 0.0120729
4.8 0.0119166
4.81 0.0117591
4.82 0.0116002
4.83 0.0114397
4.84 0.0112774
4.85 0.0111132
4.86 0.0109471
4.87 0.0107794
4.88 0.0106101
4.89 0.0104395
4.9 0.0102678
4.91 0.0100952
4.92 0.0099215
4.93 0.00974633
4.94 0.00956961
4.95 0.00939129
4.96 0.00921142
4.97 0.00903011
4.98 0.00884752
4.99 0.00866384
5 0.00847929
5.01 0.00829395
5.02 0.00810765
5.03 0.00792021
5.04 0.00773151
5.05 0.00754152
5.06 0.00735029
5.07 0.00715791
5.08 0.00696451
5.09 0.00677024
5.1 0.00657528
5.11 0.0063797
5.12 0.0061834
5.13 0.00598622
5.14 0.00578811
5.15 0.00558904
5.16 0.00538905
5.17 0.00518822
5.18 0.00498664
5.19 0.00478443
5.2 0.00458172
5.21 0.00437857
5.22 0.00417492
5.23 0.00397071
5.24 0.00376588
5.25 0.00356044
5.26 0.00335442
5.27 0.00314787
5.28 0.00294086
5.29 0.00273347
5.3 0.00252577
5.31 0.00231781
5.32 0.00210961
5.33 0.00190113
5.34 0.00169238
5.35 0.00148337
5.36 0.00127412
5.37 0.00106467
5.38 0.000855045
5.39 0.000645283
5.4 0.000435421
5.41 0.000225498
5.42 1.55628e-005
5.43 -0.000194338
5.44 -0.000404168
5.45 -0.000613903
5.46 -0.000823526
5.47 -0.00103303
5.48 -0.00124242
5.49 -0.00145169
5.5 -0.00166085
5.51 -0.00186989
5.52 -0.0020787
5.53 -0.00228716
5.54 -0.00249522
5.55 -0.00270282
5.56 -0.00290997
5.57 -0.00311667
5.58 -0.00332297
5.59 -0.0035289
5.6 -0.00373452
5.61 -0.00393982
5.62 -0.00414465
5.63 -0.00434885
5.64 -0.00455229
5.65 -0.00475494
5.66 -0.00495678
5.67 -0.00515787
5.68 -0.00535826
5.69 -0.00555804
5.7 -0.00575732
5.71 -0.00595609
5.72 -0.00615416
5.73 -0.00635129
5.74 -0.00654735
5.75 -0.00674228
5.76 -0.00693608
5.77 -0.00712881
5.78 -0.00732057
5.79 -0.00751149
5.8 -0.00770171
5.81 -0.00789124
5.82 -0.00807985
5.83 -0.00826725
5.84 -0.00845326
5.85 -0.00863782
5.86 -0.00882093
5.87 -0.00900269
5.88 -0.00918321
5.89 -0.00936266
5.9 -0.00954123
5.91 -0.00971895
5.92 -0.00989553
5.93 -0.0100706
5.94 -0.0102441
5.95 -0.0104157
5.96 -0.0105857
5.97 -0.010754
5.98 -0.0109208
5.99 -0.0110863
6 -0.0112508
6.01 -0.0114143
6.02 -0.0115764
6.03 -0.0117369
6.04 -0.0118954
6.05 -0.0120518
6.06 -0.0122062
6.07 -0.0123588
6.08 -0.0125096
6.09 -0.012659
6.1 -0.0128072
6.11 -0.0129542
6.12 -0.0130997
6.13 -0.0132433
6.14 -0.0133847
6.15 -0.0135237
6.16 -0.0136606
6.17 -0.0137953
6.18 -0.0139281
6.19 -0.0140593
6.2 -0.0141892
6.21 -0.0143177
6.22 -0.0144446
6.23 -0.0145693
6.24 -0.0146917
6.25 -0.0148115
6.26 -0.0149289
6.27 -0.015044
6.28 -0.015157
6.29 -0.0152682
6.3 -0.0153779
6.31 -0.0154862
6.32 -0.0155927
6.33 -0.015697
6.34 -0.0157986
6.35 -0.0158976
6.36 -0.0159939
6.37 -0.0160878
6.38 -0.0161794
6.39 -0.0162691
6.4 -0.0163572
6.41 -0.0164438
6.42 -0.0165286
6.43 -0.0166109
6.44 -0.0166904
6.45 -0.0167672
6.46 -0.0168411
6.47 -0.0169125
6.48 -0.0169814
6.49 -0.0170484
6.5 -0.0171137
6.51 -0.0171775
6.52 -0.0172393
6.53 -0.0172985
6.54 -0.0173549
6.55 -0.0174084
6.56 -0.017459
6.57 -0.0175068
6.58 -0.0175523
6.59 -0.0175956
6.6 -0.0176372
6.61 -0.0176773
6.62 -0.0177152
6.63 -0.0177506
6.64 -0.0177831
6.65 -0.0178126
6.66 -0.0178391
6.67 -0.0178628
6.68 -0.0178841
6.69 -0.0179032
6.7 -0.0179206
6.71 -0.0179363
6.72 -0.01795
6.73 -0.017961
6.74 -0.0179691
6.75 -0.0179742
6.76 -0.0179763
6.77 -0.0179755
6.78 -0.0179723
6.79 -0.017967
6.8 -0.0179598
6.81 -0.0179511
6.82 -0.0179402
6.83 -0.0179268
6.84 -0.0179104
6.85 -0.017891
6.86 -0.0178686
6.87 -0.0178435
6.88 -0.0178158
6.89 -0.017786
6.9 -0.0177545
6.91 -0.0177214
6.92 -0.0176862
6.93 -0.0176484
6.94 -0.0176078
6.95 -0.0175642
6.96 -0.0175177
6.97 -0.0174684
6.98 -0.0174167
6.99 -0.0173629
7 -0.0173074
7.01 -0.0172504
7.02 -0.0171913
7.03 -0.0171297
7.04 -0.0170654
7.05 -0.0169982
7.06 -0.0169281
7.07 -0.0168554
7.08 -0.0167804
7.09 -0.0167034
7.1 -0.0166247
7.11 -0.0165444
7.12 -0.0164623
7.13 -0.0163778
7.14 -0.0162906
7.15 -0.0162007
7.16 -0.0161081
7.17 -0.016013
7.18 -0.0159156
7.19 -0.0158163
7.2 -0.0157155
7.21 -0.0156132
7.22 -0.0155091
7.23 -0.0154028
7.24 -0.015294
7.25 -0.0151826
7.26 -0.0150687
7.27 -0.0149524
7.28 -0.014834
7.29 -0.0147139
7.3 -0.0145923
7.31 -0.0144693
7.32 -0.0143447
7.33 -0.014218
7.34 -0.0140891
7.35 -0.0139577
7.36 -0.013824
7.37 -0.0136882
7.38 -0.0135505
7.39 -0.0134111
7.4 -0.0132704
7.41 -0.0131284
7.42 -0.012985
7.43 -0.0128397
7.44 -0.0126923
7.45 -0.0125428
7.46 -0.0123912
7.47 -0.0122376
7.48 -0.0120824
7.49 -0.0119257
7.5 -0.0117677
7.51 -0.0116087
7.52 -0.0114484
7.53 -0.0112864
7.54 -0.0111226
7.55 -0.010957
7.56 -0.0107895
7.57 -0.0106204
7.58 -0.0104497
7.59 -0.0102778
7.6 -0.0101049
7.61 -0.00993096
7.62 -0.00975592
7.63 -0.0095795
7.64 -0.00940154
7.65 -0.00922201
7.66 -0.00904097
7.67 -0.0088585
7.68 -0.00867479
7.69 -0.00849
7.7 -0.00830436
7.71 -0.00811794
7.72 -0.00793059
7.73 -0.00774212
7.74 -0.00755242
7.75 -0.00736146
7.76 -0.00716929
7.77 -0.006976
7.78 -0.00678171
7.79 -0.00658659
7.8 -0.00639078
7.81 -0.00619437
7.82 -0.00599726
7.83 -0.00579931
7.84 -0.00560044
7.85 -0.00540066
7.86 -0.00519999
7.87 -0.0049985
7.88 -0.00479629
7.89 -0.00459347
7.9 -0.00439017
7.91 -0.00418645
7.92 -0.00398226
7.93 -0.00377752
7.94 -0.00357221
7.95 -0.00336632
7.96 -0.00315987
7.97 -0.00295293
7.98 -0.00274555
7.99 -0.00253781
8 -0.00232978
8.01 -0.00212152
8.02 -0.00191303
8.03 -0.00170429
8.04 -0.00149532
8.05 -0.00128612
8.06 -0.00107672
8.07 -0.000867136
8.08 -0.00065741
8.09 -0.000447572
8.1 -0.000237652
8.11 -2.76899e-005
8.12 0.000182261
8.13 0.00039215
8.14 0.000601935
8.15 0.000811591
8.16 0.0010211
8.17 0.00123047
8.18 0.00143968
8.19 0.00164876
8.2 0.00185771
8.21 0.00206652
8.22 0.00227507
8.23 0.00248326
8.24 0.002691
8.25 0.00289826
8.26 0.00310502
8.27 0.00331131
8.28 0.00351717
8.29 0.00372264
8.3 0.00392778
8.31 0.00413258
8.32 0.0043369
8.33 0.00454054
8.34 0.0047434
8.35 0.00494544
8.36 0.00514664
8.37 0.00534706
8.38 0.00554675
8.39 0.00574581
8.4 0.00594435
8.41 0.00614237
8.42 0.00633966
8.43 0.00653599
8.44 0.00673122
8.45 0.00692529
8.46 0.00711819
8.47 0.00731
8.48 0.00750081
8.49 0.00769075
8.5 0.00787998
8.51 0.00806851
8.52 0.00825609
8.53 0.00844244
8.54 0.00862737
8.55 0.00881082
8.56 0.00899279
8.57 0.00917338
8.58 0.0093527
8.59 0.00953095
8.6 0.00970829
8.61 0.00988477
8.62 0.0100601
8.63 0.0102339
8.64 0.010406
8.65 0.0105764
8.66 0.0107449
8.67 0.0109118
8.68 0.0110772
8.69 0.0112414
8.7 0.0114044
8.71 0.0115664
8.72 0.0117271
8.73 0.011886
8.74 0.012043
8.75 0.0121979
8.76 0.0123507
8.77 0.0125017
8.78 0.0126509
8.79 0.0127987
8.8 0.0129452
8.81 0.0130906
8.82 0.0132344
8.83 0.0133763
8.84 0.0135159
8.85 0.0136533
8.86 0.0137884
8.87 0.0139213
8.88 0.0140523
8.89 0.0141817
8.9 0.0143097
8.91 0.0144364
8.92 0.0145615
8.93 0.0146843
8.94 0.0148048
8.95 0.0149228
8.96 0.0150382
8.97 0.0151513
8.98 0.0152624
8.99 0.0153716
9 0.0154794
9.01 0.0155857
9.02 0.0156902
9.03 0.0157925
9.04 0.0158921
9.05 0.015989
9.06 0.0160833
9.07 0.016175
9.08 0.0162646
9.09 0.0163522
9.1 0.0164382
9.11 0.0165227
9.12 0.0166053
9.13 0.0166855
9.14 0.0167629
9.15 0.0168375
9.16 0.0169093
9.17 0.0169785
9.18 0.0170453
9.19 0.0171101
9.2 0.0171732
9.21 0.0172347
9.22 0.0172943
9.23 0.0173513
9.24 0.0174055
9.25 0.0174567
9.26 0.0175051
9.27 0.0175507
9.28 0.0175939
9.29 0.0176349
9.3 0.0176743
9.31 0.017712
9.32 0.0177477
9.33 0.0177809
9.34 0.017811
9.35 0.0178382
9.36 0.0178624
9.37 0.0178839
9.38 0.0179028
9.39 0.0179196
9.4 0.0179347
9.41 0.0179481
9.42 0.0179595
9.43 0.0179682
9.44 0.017974
9.45 0.0179768
9.46 0.0179766
9.47 0.0179735
9.48 0.017968
9.49 0.0179603
9.5 0.0179509
9.51 0.0179398
9.52 0.0179267
9.53 0.0179109
9.54 0.0178923
9.55 0.0178706
9.56 0.0178459
9.57 0.0178184
9.58 0.0177885
9.59 0.0177564
9.6 0.0177227
9.61 0.0176872
9.62 0.0176498
9.63 0.0176097
9.64 0.0175668
9.65 0.017521
9.66 0.0174722
9.67 0.0174207
9.68 0.0173668
9.69 0.0173107
9.7 0.017253
9.71 0.0171937
9.72 0.0171325
9.73 0.0170687
9.74 0.0170022
9.75 0.0169327
9.76 0.0168605
9.77 0.0167857
9.78 0.0167085
9.79 0.0166293
9.8 0.0165485
9.81 0.0164661
9.82 0.0163818
9.83 0.0162952
9.84 0.0162059
9.85 0.0161139
9.86 0.0160193
9.87 0.0159221
9.88 0.0158227
9.89 0.0157214
9.9 0.0156185
9.91 0.0155142
9.92 0.0154082
9.93 0.0152998
9.94 0.0151891
9.95 0.0150757
9.96 0.0149599
9.97 0.0148417
9.98 0.0147214
9.99 0.0145994
10 0.0144759
10.01 0.0143511
10.02 0.0142246
10.03 0.0140961
10.04 0.0139653
10.05 0.0138322
10.06 0.0136967
10.07 0.0135592
10.08 0.0134197
10.09 0.0132786
10.1 0.0131362
10.11 0.0129925
10.12 0.0128474
10.13 0.0127004
10.14 0.0125514
10.15 0.0124003
10.16 0.0122471
10.17 0.012092
10.18 0.0119352
10.19 0.0117769
10.2 0.0116175
10.21 0.011457
10.22 0.0112952
10.23 0.0111318
10.24 0.0109665
10.25 0.0107995
10.26 0.0106306
10.27 0.0104601
10.28 0.0102881
10.29 0.0101149
10.3 0.00994066
10.31 0.00976548
10.32 0.00958918
10.33 0.00941151
10.34 0.00923234
10.35 0.00905163
10.36 0.00886943
10.37 0.00868584
10.38 0.00850101
10.39 0.00831515
10.4 0.00812843
10.41 0.00794096
10.42 0.00775258
10.43 0.0075631
10.44 0.00737243
10.45 0.00718052
10.46 0.00698744
10.47 0.00679326
10.48 0.00659811
10.49 0.00640214
10.5 0.00620551
10.51 0.0060083
10.52 0.0058104
10.53 0.00561169
10.54 0.0054121
10.55 0.00521162
10.56 0.00501029
10.57 0.00480817
10.58 0.00460535
10.59 0.00440195
10.6 0.00419809
10.61 0.00399382
10.62 0.0037891
10.63 0.00358387
10.64 0.00337809
10.65 0.00317176
10.66 0.00296492
10.67 0.0027576
10.68 0.00254988
10.69 0.00234182
10.7 0.0021335
10.71 0.00192495
10.72 0.0017162
10.73 0.00150724
10.74 0.00129806
10.75 0.0010887
10.76 0.000879162
10.77 0.00066948
10.78 0.00045968
10.79 0.00024979
10.8 3.98383e-005
10.81 -0.000170138
10.82 -0.00038008
10.83 -0.00058993
10.84 -0.000799645
10.85 -0.0010092
10.86 -0.00121857
10.87 -0.00142777
10.88 -0.00163679
10.89 -0.00184564
10.9 -0.00205436
10.91 -0.00226291
10.92 -0.00247118
10.93 -0.00267906
10.94 -0.00288646
10.95 -0.00309334
10.96 -0.0032997
10.97 -0.00350556
10.98 -0.00371095
10.99 -0.00391593
11 -0.00412057
11.01 -0.00432485
11.02 -0.00452862
11.03 -0.00473169
11.04 -0.00493396
11.05 -0.00513536
11.06 -0.00533589
11.07 -0.00553561
11.08 -0.00573458
11.09 -0.0059329
11.1 -0.00613068
11.11 -0.00632791
11.12 -0.0065244
11.13 -0.0067199
11.14 -0.00691427
11.15 -0.00710745
11.16 -0.00729943
11.17 -0.00749029
11.18 -0.00768012
11.19 -0.00786908
11.2 -0.00805729
11.21 -0.00824479
11.22 -0.00843132
11.23 -0.0086166
11.24 -0.00880043
11.25 -0.00898274
11.26 -0.00916356
11.27 -0.00934295
11.28 -0.00952107
11.29 -0.00969808
11.3 -0.00987418
11.31 -0.0100494
11.32 -0.0102234
11.33 -0.0103959
11.34 -0.0105667
11.35 -0.0107357
11.36 -0.0109029
11.37 -0.0110684
11.38 -0.0112324
11.39 -0.011395
11.4 -0.0115566
11.41 -0.0117171
11.42 -0.0118763
11.43 -0.0120337
11.44 -0.0121891
11.45 -0.0123425
11.46 -0.0124937
11.47 -0.0126431
11.48 -0.0127907
11.49 -0.0129368
11.5 -0.0130816
11.51 -0.0132253
11.52 -0.0133675
11.53 -0.0135076
11.54 -0.0136455
11.55 -0.0137812
11.56 -0.0139145
11.57 -0.0140456
11.58 -0.0141748
11.59 -0.0143024
11.6 -0.0144285
11.61 -0.0145534
11.62 -0.0146766
11.63 -0.0147976
11.64 -0.0149161
11.65 -0.0150322
11.66 -0.0151457
11.67 -0.0152569
11.68 -0.0153659
11.69 -0.0154732
11.7 -0.0155789
11.71 -0.0156833
11.72 -0.0157858
11.73 -0.015886
11.74 -0.0159836
11.75 -0.0160785
11.76 -0.0161707
11.77 -0.0162604
11.78 -0.0163478
11.79 -0.0164333
11.8 -0.0165172
11.81 -0.0165996
11.82 -0.0166801
11.83 -0.0167581
11.84 -0.0168334
11.85 -0.0169058
11.86 -0.0169754
11.87 -0.0170424
11.88 -0.017107
11.89 -0.0171696
11.9 -0.0172305
11.91 -0.0172899
11.92 -0.0173472
11.93 -0.017402
11.94 -0.017454
11.95 -0.0175029
11.96 -0.017549
11.97 -0.0175924
11.98 -0.0176333
11.99 -0.0176721
12 -0.0177092
12.01 -0.0177447
12.02 -0.0177781
12.03 -0.0178089
12.04 -0.0178368
12.05 -0.0178617
12.06 -0.0178836
12.07 -0.0179028
12.08 -0.0179194
12.09 -0.0179339
12.1 -0.0179467
12.11 -0.0179578
12.12 -0.0179669
12.13 -0.0179733
12.14 -0.0179768
12.15 -0.0179772
12.16 -0.0179747
12.17 -0.0179694
12.18 -0.0179615
12.19 -0.0179515
12.2 -0.0179398
12.21 -0.0179264
12.22 -0.017911
12.23 -0.0178929
12.24 -0.0178719
12.25 -0.0178479
12.26 -0.017821
12.27 -0.0177912
12.28 -0.017759
12.29 -0.0177247
12.3 -0.0176886
12.31 -0.0176509
12.32 -0.0176112
12.33 -0.0175689
12.34 -0.0175237
12.35 -0.0174756
12.36 -0.0174246
12.37 -0.0173708
12.38 -0.0173147
12.39 -0.0172564
12.4 -0.0171965
12.41 -0.017135
12.42 -0.0170715
12.43 -0.0170056
12.44 -0.0169368
12.45 -0.0168653
12.46 -0.0167909
12.47 -0.0167139
12.48 -0.0166345
12.49 -0.0165532
12.5 -0.0164703
12.51 -0.0163858
12.52 -0.0162994
12.53 -0.0162107
12.54 -0.0161193
12.55 -0.0160253
12.56 -0.0159285
12.57 -0.0158293
12.58 -0.0157279
12.59 -0.0156246
12.6 -0.0155197
12.61 -0.0154134
12.62 -0.0153053
12.63 -0.015195
12.64 -0.0150823
12.65 -0.014967
12.66 -0.0148492
12.67 -0.0147292
12.68 -0.014607
12.69 -0.0144831
12.7 -0.0143578
12.71 -0.0142311
12.72 -0.0141028
12.73 -0.0139725
12.74 -0.0138399
12.75 -0.013705
12.76 -0.0135678
12.77 -0.0134285
12.78 -0.0132873
12.79 -0.0131445
12.8 -0.0130004
12.81 -0.012855
12.82 -0.0127082
12.83 -0.0125596
12.84 -0.012409
12.85 -0.0122563
12.86 -0.0121015
12.87 -0.0119449
12.88 -0.0117865
12.89 -0.0116268
12.9 -0.0114659
12.91 -0.0113039
12.92 -0.0111406
12.93 -0.0109757
12.94 -0.0108091
12.95 -0.0106407
12.96 -0.0104705
12.97 -0.0102986
12.98 -0.0101253
12.99 -0.00995079
13 -0.00977526
13.01 -0.00959882
13.02 -0.00942128
13.03 -0.00924239
13.04 -0.00906203
13.05 -0.00888016
13.06 -0.00869682
13.07 -0.00851212
13.08 -0.00832621
13.09 -0.00813928
13.1 -0.00795152
13.11 -0.00776302
13.12 -0.00757363
13.13 -0.00738317
13.14 -0.00719154
13.15 -0.00699871
13.16 -0.00680473
13.17 -0.00660969
13.18 -0.0064137
13.19 -0.00621692
13.2 -0.00601949
13.21 -0.0058215
13.22 -0.00562284
13.23 -0.0054234
13.24 -0.00522311
13.25 -0.00502196
13.26 -0.00481999
13.27 -0.00461726
13.28 -0.00441386
13.29 -0.0042099
13.3 -0.0040055
13.31 -0.00380071
13.32 -0.00359549
13.33 -0.00338978
13.34 -0.00318356
13.35 -0.00297682
13.36 -0.0027696
13.37 -0.00256195
13.38 -0.00235391
13.39 -0.00214555
13.4 -0.00193695
13.41 -0.00172815
13.42 -0.00151916
13.43 -0.00130999
13.44 -0.00110065
13.45 -0.000891144
13.46 -0.000681501
13.47 -0.000471745
13.48 -0.000261898
13.49 -5.19858e-005
13.5 0.000157969
13.51 0.00036793
13.52 0.000577835
13.53 0.000787618
13.54 0.000997234
13.55 0.00120665
13.56 0.00141587
13.57 0.00162486
13.58 0.00183366
13.59 0.00204228
13.6 0.00225073
13.61 0.002459
13.62 0.00266696
13.63 0.00287451
13.64 0.00308154
13.65 0.00328803
13.66 0.00349396
13.67 0.00369936
13.68 0.00390427
13.69 0.00410874
13.7 0.00431285
13.71 0.00451659
13.72 0.00471979
13.73 0.00492226
13.74 0.0051239
13.75 0.00532464
13.76 0.00552449
13.77 0.00572348
13.78 0.00592171
13.79 0.00611925
13.8 0.00631624
13.81 0.00651267
13.82 0.00670833
13.83 0.00690298
13.84 0.00709647
13.85 0.00728873
13.86 0.00747977
13.87 0.00766966
13.88 0.0078585
13.89 0.00804643
13.9 0.00823362
13.91 0.00842006
13.92 0.00860553
13.93 0.0087897
13.94 0.00897241
13.95 0.00915357
13.96 0.0093332
13.97 0.00951139
13.98 0.00968828
13.99 0.00986403
14 0.0100389
14.01 0.0102128
14.02 0.0103855
14.03 0.0105567
14.04 0.0107262
14.05 0.0108937
14.06 0.0110595
14.07 0.0112236
14.08 0.0113861
14.09 0.0115473
14.1 0.0117074
14.11 0.0118664
14.12 0.0120241
14.13 0.01218
14.14 0.0123338
14.15 0.0124856
14.16 0.0126352
14.17 0.012783
14.18 0.0129289
14.19 0.0130733
14.2 0.0132165
14.21 0.0133585
14.22 0.0134989
14.23 0.0136373
14.24 0.0137735
14.25 0.0139074
14.26 0.0140389
14.27 0.0141682
14.28 0.0142956
14.29 0.0144213
14.3 0.0145456
14.31 0.0146686
14.32 0.0147899
14.33 0.014909
14.34 0.0150257
14.35 0.0151398
14.36 0.0152514
14.37 0.0153606
14.38 0.0154677
14.39 0.0155729
14.4 0.0156767
14.41 0.015779
14.42 0.0158795
14.43 0.0159777
14.44 0.0160732
14.45 0.016166
14.46 0.0162561
14.47 0.0163437
14.48 0.016429
14.49 0.0165124
14.5 0.0165942
14.51 0.0166745
14.52 0.0167528
14.53 0.0168287
14.54 0.0169018
14.55 0.0169721
14.56 0.0170395
14.57 0.0171043
14.58 0.0171667
14.59 0.0172271
14.6 0.0172858
14.61 0.0173429
14.62 0.017398
14.63 0.0174506
14.64 0.0175003
14.65 0.017547
14.66 0.0175909
14.67 0.0176319
14.68 0.0176706
14.69 0.0177071
14.7 0.0177419
14.71 0.0177751
14.72 0.0178063
14.73 0.0178348
14.74 0.0178604
14.75 0.017883
14.76 0.0179027
14.77 0.0179195
14.78 0.0179338
14.79 0.017946
14.8 0.0179565
14.81 0.0179653
14.82 0.0179721
14.83 0.0179762
14.84 0.0179774
14.85 0.0179755
14.86 0.0179707
14.87 0.017963
14.88 0.0179529
14.89 0.0179406
14.9 0.0179265
14.91 0.0179108
14.92 0.0178931
14.93 0.0178727
14.94 0.0178495
14.95 0.0178232
14.96 0.0177939
14.97 0.0177619
14.98 0.0177274
14.99 0.0176908
15 0.0176524
15.01 0.0176125
15.02 0.0175704
15.03 0.0175259
15.04 0.0174785
15.05 0.0174281
15.06 0.0173749
15.07 0.0173189
15.08 0.0172605
15.09 0.0172001
15.1 0.0171379
15.11 0.0170742
15.12 0.0170085
15.13 0.0169404
15.14 0.0168695
15.15 0.0167957
15.16 0.0167192
15.17 0.0166401
15.18 0.0165586
15.19 0.0164751
15.2 0.0163901
15.21 0.0163035
15.22 0.016215
15.23 0.0161242
15.24 0.0160308
15.25 0.0159346
15.26 0.0158358
15.27 0.0157346
15.28 0.0156312
15.29 0.0155258
15.3 0.015419
15.31 0.0153107
15.32 0.0152006
15.33 0.0150884
15.34 0.0149737
15.35 0.0148565
15.36 0.0147368
15.37 0.0146149
15.38 0.0144909
15.39 0.0143651
15.4 0.0142379
15.41 0.0141094
15.42 0.0139793
15.43 0.0138471
15.44 0.0137128
15.45 0.0135761
15.46 0.0134372
15.47 0.0132961
15.48 0.0131532
15.49 0.0130087
15.5 0.012863
15.51 0.012716
15.52 0.0125676
15.53 0.0124173
15.54 0.0122651
15.55 0.0121108
15.56 0.0119545
15.57 0.0117963
15.58 0.0116365
15.59 0.0114752
15.6 0.0113129
15.61 0.0111494
15.62 0.0109847
15.63 0.0108184
15.64 0.0106504
15.65 0.0104806
15.66 0.010309
15.67 0.0101359
15.68 0.00996127
15.69 0.00978546
15.7 0.00960867
15.71 0.00943099
15.72 0.00925222
15.73 0.00907214
15.74 0.00889061
15.75 0.00870759
15.76 0.00852314
15.77 0.00833736
15.78 0.00815039
15.79 0.00796242
15.8 0.00777364
15.81 0.00758413
15.82 0.00739376
15.83 0.00720234
15.84 0.00700978
15.85 0.00681606
15.86 0.00662121
15.87 0.00642533
15.88 0.00622853
15.89 0.00603095
15.9 0.00583275
15.91 0.00563399
15.92 0.0054346
15.93 0.00523445
15.94 0.00503348
15.95 0.00483169
15.96 0.0046291
15.97 0.00442578
15.98 0.00422183
15.99 0.00401734
16 0.00381242
16.01 0.00360713
16.02 0.00340143
16.03 0.00319528
16.04 0.00298865
16.05 0.00278153
16.06 0.00257396
16.07 0.00236598
16.08 0.00215765
16.09 0.00194903
16.1 0.00174018
16.11 0.00153115
16.12 0.00132195
16.13 0.0011126
16.14 0.000903108
16.15 0.000693489
16.16 0.000483764
16.17 0.000273955
16.18 6.40844e-005
16.19 -0.000145829
16.2 -0.000355766
16.21 -0.00056569
16.22 -0.000775536
16.23 -0.000985231
16.24 -0.00119473
16.25 -0.00140399
16.26 -0.00161302
16.27 -0.0018218
16.28 -0.00203035
16.29 -0.00223869
16.3 -0.00244685
16.31 -0.00265481
16.32 -0.00286245
16.33 -0.00306964
16.34 -0.00327628
16.35 -0.00348234
16.36 -0.00368782
16.37 -0.00389273
16.38 -0.00409712
16.39 -0.00430106
16.4 -0.00450462
16.41 -0.00470778
16.42 -0.00491039
16.43 -0.00511224
16.44 -0.00531323
16.45 -0.00551328
16.46 -0.00571241
16.47 -0.00591067
16.48 -0.00610812
16.49 -0.00630488
16.5 -0.00650105
16.51 -0.00669665
16.52 -0.00689147
16.53 -0.00708524
16.54 -0.00727783
16.55 -0.00746915
16.56 -0.00765923
16.57 -0.00784812
16.58 -0.00803594
16.59 -0.00822283
16.6 -0.00840896
16.61 -0.00859433
16.62 -0.0087787
16.63 -0.00896175
16.64 -0.00914331
16.65 -0.00932329
16.66 -0.00950172
16.67 -0.00967868
16.68 -0.00985431
16.69 -0.0100288
16.7 -0.0102023
16.71 -0.010375
16.72 -0.0105464
16.73 -0.0107162
16.74 -0.0108843
16.75 -0.0110505
16.76 -0.0112148
16.77 -0.0113774
16.78 -0.0115385
16.79 -0.0116982
16.8 -0.0118568
16.81 -0.0120143
16.82 -0.0121704
16.83 -0.0123247
16.84 -0.012477
16.85 -0.0126272
16.86 -0.0127752
16.87 -0.0129213
16.88 -0.0130655
16.89 -0.0132083
16.9 -0.0133498
16.91 -0.01349
16.92 -0.0136287
16.93 -0.0137654
16.94 -0.0138999
16.95 -0.0140319
16.96 -0.0141616
16.97 -0.0142891
16.98 -0.0144147
16.99 -0.0145385
17 -0.0146609
17.01 -0.0147821
17.02 -0.0149015
17.03 -0.0150187
17.04 -0.0151334
17.05 -0.0152455
17.06 -0.0153551
17.07 -0.0154624
17.08 -0.0155675
17.09 -0.0156707
17.1 -0.0157725
17.11 -0.0158728
17.12 -0.0159712
17.13 -0.0160674
17.14 -0.0161608
17.15 -0.0162516
17.16 -0.0163396
17.17 -0.0164251
17.18 -0.0165083
17.19 -0.0165896
17.2 -0.0166692
17.21 -0.0167473
17.22 -0.0168235
17.23 -0.0168973
17.24 -0.0169682
17.25 -0.0170363
17.26 -0.0171015
17.27 -0.0171641
17.28 -0.0172243
17.29 -0.0172825
17.3 -0.0173389
17.31 -0.0173938
17.32 -0.0174467
17.33 -0.017497
17.34 -0.0175445
17.35 -0.017589
17.36 -0.0176306
17.37 -0.0176694
17.38 -0.0177058
17.39 -0.01774
17.4 -0.0177725
17.41 -0.0178035
17.42 -0.0178323
17.43 -0.0178586
17.44 -0.0178819
17.45 -0.0179022
17.46 -0.0179195
17.47 -0.017934
17.48 -0.0179461
17.49 -0.017956
17.5 -0.0179641
17.51 -0.0179706
17.52 -0.0179751
17.53 -0.0179769
17.54 -0.0179757
17.55 -0.0179716
17.56 -0.0179644
17.57 -0.0179545
17.58 -0.017942
17.59 -0.0179274
17.6 -0.0179111
17.61 -0.0178931
17.62 -0.017873
17.63 -0.0178504
17.64 -0.0178248
17.65 -0.0177962
17.66 -0.0177647
17.67 -0.0177304
17.68 -0.0176936
17.69 -0.0176547
17.7 -0.0176141
17.71 -0.0175719
17.72 -0.0175276
17.73 -0.0174808
17.74 -0.0174311
17.75 -0.0173785
17.76 -0.0173231
17.77 -0.0172649
17.78 -0.0172043
17.79 -0.0171416
17.8 -0.0170773
17.81 -0.0170114
17.82 -0.0169435
17.83 -0.0168732
17.84 -0.0168001
17.85 -0.0167242
17.86 -0.0166455
17.87 -0.0165642
17.88 -0.0164806
17.89 -0.0163951
17.9 -0.0163079
17.91 -0.0162192
17.92 -0.0161286
17.93 -0.0160357
17.94 -0.0159402
17.95 -0.0158421
17.96 -0.0157413
17.97 -0.015638
17.98 -0.0155326
17.99 -0.0154252
18 -0.0153164
18.01 -0.0152061
18.02 -0.0150941
18.03 -0.0149799
18.04 -0.0148633
18.05 -0.0147442
18.06 -0.0146227
18.07 -0.0144988
18.08 -0.014373
18.09 -0.0142453
18.1 -0.0141163
18.11 -0.013986
18.12 -0.0138541
18.13 -0.0137201
18.14 -0.013584
18.15 -0.0134456
18.16 -0.0133049
18.17 -0.0131622
18.18 -0.0130176
18.19 -0.0128715
18.2 -0.012724
18.21 -0.0125754
18.22 -0.0124253
18.23 -0.0122735
18.24 -0.0121197
18.25 -0.0119638
18.26 -0.011806
18.27 -0.0116463
18.28 -0.011485
18.29 -0.0113223
18.3 -0.0111585
18.31 -0.0109936
18.32 -0.0108274
18.33 -0.0106597
18.34 -0.0104903
18.35 -0.0103192
18.36 -0.0101463
18.37 -0.00997186
18.38 -0.009796
18.39 -0.00961894
18.4 -0.00944092
18.41 -0.00926201
18.42 -0.00908204
18.43 -0.00890078
18.44 -0.0087181
18.45 -0.00853397
18.46 -0.00834843
18.47 -0.00816159
18.48 -0.00797358
18.49 -0.0077846
18.5 -0.00759482
18.51 -0.00740432
18.52 -0.00721299
18.53 -0.00702063
18.54 -0.00682717
18.55 -0.00663257
18.56 -0.00643688
18.57 -0.00624018
18.58 -0.00604259
18.59 -0.00584425
18.6 -0.0056453
18.61 -0.00544581
18.62 -0.00524571
18.63 -0.00504487
18.64 -0.00484325
18.65 -0.00464084
18.66 -0.00443766
18.67 -0.00423379
18.68 -0.0040293
18.69 -0.0038243
18.7 -0.00361889
18.71 -0.00341313
18.72 -0.00320698
18.73 -0.00300041
18.74 -0.00279338
18.75 -0.00258591
18.76 -0.00237801
18.77 -0.00216974
18.78 -0.00196114
18.79 -0.00175227
18.8 -0.0015432
18.81 -0.00133396
18.82 -0.00112458
18.83 -0.000915076
18.84 -0.00070546
18.85 -0.000495751
18.86 -0.000285971
18.87 -7.61367e-005
18.88 0.000133732
18.89 0.000343619
18.9 0.000553511
18.91 0.000763372
18.92 0.00097313
18.93 0.00118271
18.94 0.00139206
18.95 0.00160114
18.96 0.00180995
18.97 0.00201849
18.98 0.00222677
18.99 0.00243482
19 0.00264267
19.01 0.0028503
19.02 0.00305758
19.03 0.00326438
19.04 0.00347062
19.05 0.00367623
19.06 0.00388123
19.07 0.00408563
19.08 0.00428949
19.09 0.00449287
19.1 0.00469585
19.11 0.00489842
19.12 0.00510041
19.13 0.00530162
19.14 0.00550192
19.15 0.00570127
19.16 0.00589966
19.17 0.00609714
19.18 0.0062938
19.19 0.00648974
19.2 0.00668508
19.21 0.00687983
19.22 0.00707376
19.23 0.00726664
19.24 0.00745829
19.25 0.00764865
19.26 0.00783773
19.27 0.00802561
19.28 0.00821238
19.29 0.00839821
19.3 0.00858326
19.31 0.00876753
19.32 0.00895078
19.33 0.0091327
19.34 0.00931309
19.35 0.00949188
19.36 0.00966908
19.37 0.00984479
19.38 0.0100191
19.39 0.0101923
19.4 0.0103646
19.41 0.0105359
19.42 0.0107059
19.43 0.0108744
19.44 0.0110411
19.45 0.0112059
19.46 0.0113688
19.47 0.0115299
19.48 0.0116895
19.49 0.0118477
19.5 0.0120047
19.51 0.0121607
19.52 0.0123153
19.53 0.012468
19.54 0.0126187
19.55 0.0127672
19.56 0.0129136
19.57 0.013058
19.58 0.0132006
19.59 0.0133416
19.6 0.0134814
19.61 0.0136199
19.62 0.0137569
19.63 0.0138918
19.64 0.0140245
19.65 0.0141547
19.66 0.0142826
19.67 0.0144083
19.68 0.014532
19.69 0.0146539
19.7 0.0147745
19.71 0.0148937
19.72 0.0150112
19.73 0.0151265
19.74 0.0152393
19.75 0.0153495
19.76 0.0154571
19.77 0.0155623
19.78 0.0156654
19.79 0.0157667
19.8 0.0158664
19.81 0.0159646
19.82 0.0160611
19.83 0.0161551
19.84 0.0162465
19.85 0.0163352
19.86 0.0164211
19.87 0.0165045
19.88 0.0165856
19.89 0.0166647
19.9 0.0167422
19.91 0.0168182
19.92 0.0168922
19.93 0.0169638
19.94 0.0170326
19.95 0.0170984
19.96 0.0171615
19.97 0.0172219
19.98 0.0172798
19.99 0.0173358
20 0.01739
20.01 0.0174427
20.02 0.0174933
20.03 0.0175414
20.04 0.0175866
20.05 0.0176288
20.06 0.0176681
20.07 0.0177047
20.08 0.0177388
20.09 0.0177708
20.1 0.017801
20.11 0.0178296
20.12 0.0178562
20.13 0.0178801
20.14 0.0179012
20.15 0.0179192
20.16 0.0179342
20.17 0.0179464
20.18 0.0179561
20.19 0.0179637
20.2 0.0179696
20.21 0.0179738
20.22 0.0179759
20.23 0.0179754
20.24 0.017972
20.25 0.0179655
20.26 0.017956
20.27 0.0179438
20.28 0.017929
20.29 0.0179121
20.3 0.0178935
20.31 0.0178732
20.32 0.0178508
20.33 0.0178259
20.34 0.017798
20.35 0.0177671
20.36 0.0177333
20.37 0.0176967
20.38 0.0176577
20.39 0.0176165
20.4 0.0175737
20.41 0.0175292
20.42 0.0174826
20.43 0.0174336
20.44 0.0173817
20.45 0.0173268
20.46 0.0172691
20.47 0.0172087
20.48 0.0171459
20.49 0.0170811
20.5 0.0170145
20.51 0.0169464
20.52 0.0168764
20.53 0.0168039
20.54 0.0167286
20.55 0.0166506
20.56 0.0165698
20.57 0.0164864
20.58 0.0164007
20.59 0.016313
20.6 0.0162237
20.61 0.0161329
20.62 0.0160403
20.63 0.0159453
20.64 0.0158478
20.65 0.0157476
20.66 0.0156448
20.67 0.0155395
20.68 0.0154321
20.69 0.0153228
20.7 0.0152119
20.71 0.0150997
20.72 0.0149858
20.73 0.0148697
20.74 0.0147511
20.75 0.0146301
20.76 0.0145067
20.77 0.014381
20.78 0.0142533
20.79 0.0141239
20.8 0.013993
20.81 0.0138609
20.82 0.0137272
20.83 0.0135915
20.84 0.0134536
20.85 0.0133134
20.86 0.0131711
20.87 0.0130267
20.88 0.0128804
20.89 0.0127326
20.9 0.0125835
20.91 0.0124333
20.92 0.0122816
20.93 0.0121282
20.94 0.0119728
20.95 0.0118154
20.96 0.0116561
20.97 0.0114949
20.98 0.0113321
20.99 0.011168
21 0.0110027
21.01 0.0108364
21.02 0.0106688
21.03 0.0104998
21.04 0.010329
21.05 0.0101565
21.06 0.00998237
21.07 0.00980665
21.08 0.00962954
21.09 0.00945126
21.1 0.00927202
21.11 0.00909192
21.12 0.00891077
21.13 0.00872836
21.14 0.00854456
21.15 0.00835933
21.16 0.00817272
21.17 0.00798484
21.18 0.00779582
21.19 0.00760584
21.2 0.00741508
21.21 0.00722362
21.22 0.00703135
21.23 0.00683808
21.24 0.00664373
21.25 0.00644828
21.26 0.00625177
21.27 0.00605428
21.28 0.00585592
21.29 0.00565683
21.3 0.00545715
21.31 0.00525696
21.32 0.00505617
21.33 0.00485468
21.34 0.00465243
21.35 0.00444942
21.36 0.00424568
21.37 0.00404128
21.38 0.00383628
21.39 0.0036308
21.4 0.00342492
21.41 0.00321871
21.42 0.00301214
21.43 0.00280517
21.44 0.00259777
21.45 0.00238997
21.46 0.00218177
21.47 0.00197323
21.48 0.00176439
21.49 0.0015553
21.5 0.00134603
21.51 0.00113661
21.52 0.000927072
21.53 0.000717437
21.54 0.000507723
21.55 0.000297951
21.56 8.81392e-005
21.57 -0.000121695
21.58 -0.000331536
21.59 -0.000541372
21.6 -0.000751193
21.61 -0.000960965
21.62 -0.00117061
21.63 -0.00138005
21.64 -0.00158923
21.65 -0.00179811
21.66 -0.00200668
21.67 -0.00221495
21.68 -0.00242293
21.69 -0.00263066
21.7 -0.00283817
21.71 -0.00304544
21.72 -0.00325235
21.73 -0.00345874
21.74 -0.00366454
21.75 -0.00386968
21.76 -0.00407417
21.77 -0.00427804
21.78 -0.00448134
21.79 -0.00468413
21.8 -0.00488651
21.81 -0.00508845
21.82 -0.0052898
21.83 -0.00549034
21.84 -0.00568994
21.85 -0.00588856
21.86 -0.00608618
21.87 -0.00628287
21.88 -0.00647871
21.89 -0.00667381
21.9 -0.00686829
21.91 -0.00706216
21.92 -0.00725521
21.93 -0.00744716
21.94 -0.00763786
21.95 -0.00782724
21.96 -0.00801531
21.97 -0.00820214
21.98 -0.00838786
21.99 -0.0085726
22 -0.00875654
22.01 -0.0089397
22.02 -0.00912181
22.03 -0.00930256
22.04 -0.00948176
22.05 -0.00965933
22.06 -0.00983528
22.07 -0.0100097
22.08 -0.0101828
22.09 -0.0103547
22.1 -0.0105255
22.11 -0.0106955
22.12 -0.0108642
22.13 -0.0110313
22.14 -0.0111965
22.15 -0.0113599
22.16 -0.0115213
22.17 -0.011681
22.18 -0.011839
22.19 -0.0119957
22.2 -0.0121512
22.21 -0.0123056
22.22 -0.0124586
22.23 -0.0126098
22.24 -0.0127589
22.25 -0.0129057
22.26 -0.0130505
22.27 -0.0131932
22.28 -0.0133341
22.29 -0.0134734
22.3 -0.0136114
22.31 -0.0137482
22.32 -0.0138834
22.33 -0.0140166
22.34 -0.0141474
22.35 -0.0142758
22.36 -0.0144019
22.37 -0.0145257
22.38 -0.0146475
22.39 -0.0147676
22.4 -0.0148862
22.41 -0.0150036
22.42 -0.0151191
22.43 -0.0152325
22.44 -0.0153433
22.45 -0.0154515
22.46 -0.0155572
22.47 -0.0156604
22.48 -0.0157615
22.49 -0.0158607
22.5 -0.0159584
22.51 -0.0160546
22.52 -0.0161489
22.53 -0.0162409
22.54 -0.0163303
22.55 -0.0164168
22.56 -0.0165006
22.57 -0.0165819
22.58 -0.0166608
22.59 -0.0167378
22.6 -0.0168131
22.61 -0.016887
22.62 -0.0169588
22.63 -0.0170282
22.64 -0.0170948
22.65 -0.0171585
22.66 -0.0172193
22.67 -0.0172775
22.68 -0.0173332
22.69 -0.017387
22.7 -0.017439
22.71 -0.0174894
22.72 -0.0175378
22.73 -0.0175836
22.74 -0.0176266
22.75 -0.0176665
22.76 -0.0177036
22.77 -0.0177378
22.78 -0.0177696
22.79 -0.0177993
22.8 -0.0178273
22.81 -0.0178536
22.82 -0.0178779
22.83 -0.0178996
22.84 -0.0179183
22.85 -0.017934
22.86 -0.0179467
22.87 -0.0179566
22.88 -0.0179641
22.89 -0.0179693
22.9 -0.0179729
22.91 -0.0179748
22.92 -0.0179746
22.93 -0.0179718
22.94 -0.017966
22.95 -0.0179572
22.96 -0.0179454
22.97 -0.0179309
22.98 -0.0179138
22.99 -0.0178946
23 -0.0178737
23.01 -0.0178511
23.02 -0.0178264
23.03 -0.0177992
23.04 -0.0177691
23.05 -0.0177359
23.06 -0.0176998
23.07 -0.017661
23.08 -0.0176196
23.09 -0.0175762
23.1 -0.0175311
23.11 -0.0174843
23.12 -0.0174356
23.13 -0.0173842
23.14 -0.0173301
23.15 -0.0172731
23.16 -0.0172131
23.17 -0.0171505
23.18 -0.0170855
23.19 -0.0170185
23.2 -0.0169497
23.21 -0.0168795
23.22 -0.0168072
23.23 -0.0167326
23.24 -0.0166552
23.25 -0.016575
23.26 -0.016492
23.27 -0.0164065
23.28 -0.0163187
23.29 -0.016229
23.3 -0.0161376
23.31 -0.0160447
23.32 -0.01595
23.33 -0.015853
23.34 -0.0157534
23.35 -0.0156512
23.36 -0.0155464
23.37 -0.0154391
23.38 -0.0153297
23.39 -0.0152184
23.4 -0.0151057
23.41 -0.0149915
23.42 -0.0148756
23.43 -0.0147576
23.44 -0.0146372
23.45 -0.0145143
23.46 -0.014389
23.47 -0.0142614
23.48 -0.0141319
23.49 -0.0140007
23.5 -0.013868
23.51 -0.0137341
23.52 -0.0135986
23.53 -0.0134612
23.54 -0.0133215
23.55 -0.0131797
23.56 -0.0130356
23.57 -0.0128896
23.58 -0.0127417
23.59 -0.0125922
23.6 -0.0124415
23.61 -0.0122897
23.62 -0.0121364
23.63 -0.0119814
23.64 -0.0118245
23.65 -0.0116656
23.66 -0.0115048
23.67 -0.0113421
23.68 -0.0111779
23.69 -0.0110123
23.7 -0.0108456
23.71 -0.0106779
23.72 -0.010509
23.73 -0.0103386
23.74 -0.0101665
23.75 -0.00999268
23.76 -0.00981724
23.77 -0.00964026
23.78 -0.00946193
23.79 -0.00928244
23.8 -0.009102
23.81 -0.00892072
23.82 -0.00873842
23.83 -0.00855488
23.84 -0.00836997
23.85 -0.00818367
23.86 -0.00799602
23.87 -0.00780711
23.88 -0.0076171
23.89 -0.00742615
23.9 -0.00723444
23.91 -0.00704204
23.92 -0.00684885
23.93 -0.00665469
23.94 -0.00645948
23.95 -0.0062632
23.96 -0.00606589
23.97 -0.00586763
23.98 -0.00566853
23.99 -0.00546872
24 -0.00526835
24.01 -0.00506747
24.02 -0.00486601
24.03 -0.00466389
24.04 -0.00446104
24.05 -0.00425746
24.06 -0.00405318
24.07 -0.00384826
24.08 -0.00364279
24.09 -0.00343684
24.1 -0.00323052
24.11 -0.00302389
24.12 -0.00281692
24.13 -0.00260957
24.14 -0.00240184
24.15 -0.00219373
24.16 -0.00198526
24.17 -0.00177648
24.18 -0.00156742
24.19 -0.00135814
24.2 -0.0011487
24.21 -0.000939122
24.22 -0.000729454
24.23 -0.000519716
24.24 -0.000309932
24.25 -0.000100122
24.26 0.000109694
24.27 0.000319502
24.28 0.00052929
24.29 0.000739049
24.3 0.000948774
24.31 0.00115843
24.32 0.00136794
24.33 0.00157722
24.34 0.0017862
24.35 0.00199485
24.36 0.00220315
24.37 0.00241113
24.38 0.00261879
24.39 0.00282618
24.4 0.00303332
24.41 0.00324021
24.42 0.00344672
24.43 0.00365268
24.44 0.00385801
24.45 0.00406266
24.46 0.00426662
24.47 0.00446993
24.48 0.00467264
24.49 0.00487482
24.5 0.00507657
24.51 0.00527787
24.52 0.00547855
24.53 0.00567839
24.54 0.00587727
24.55 0.00607513
24.56 0.00627197
24.57 0.00646784
24.58 0.00666284
24.59 0.00685707
24.6 0.00705067
24.61 0.00724364
24.62 0.00743576
24.63 0.00762677
24.64 0.00781649
24.65 0.00800487
24.66 0.00819191
24.67 0.00837768
24.68 0.00856231
24.69 0.00874594
24.7 0.00892876
24.71 0.00911077
24.72 0.00929173
24.73 0.00947129
24.74 0.00964928
24.75 0.0098256
24.76 0.0100003
24.77 0.0101734
24.78 0.0103452
24.79 0.0105157
24.8 0.0106853
24.81 0.0108538
24.82 0.0110212
24.83 0.0111868
24.84 0.0113507
24.85 0.0115125
24.86 0.0116725
24.87 0.0118306
24.88 0.0119872
24.89 0.0121423
24.9 0.0122962
24.91 0.0124491
24.92 0.0126005
24.93 0.01275
24.94 0.0128975
24.95 0.0130427
24.96 0.0131857
24.97 0.0133267
24.98 0.0134659
24.99 0.0136035
25 0.0137398
25.01 0.0138748
25.02 0.0140082
25.03 0.0141396
25.04 0.0142686
25.05 0.0143952
25.06 0.0145194
25.07 0.0146414
25.08 0.0147613
25.09 0.0148795
25.1 0.0149962
25.11 0.0151116
25.12 0.0152252
25.13 0.0153366
25.14 0.0154455
25.15 0.0155517
25.16 0.0156554
25.17 0.0157566
25.18 0.0158556
25.19 0.0159528
25.2 0.0160484
25.21 0.0161426
25.22 0.0162349
25.23 0.0163248
25.24 0.016412
25.25 0.0164964
25.26 0.0165781
25.27 0.0166572
25.28 0.016734
25.29 0.0168089
25.3 0.0168821
25.31 0.0169537
25.32 0.0170234
25.33 0.0170906
25.34 0.017155
25.35 0.0172165
25.36 0.0172751
25.37 0.017331
25.38 0.0173846
25.39 0.017436
25.4 0.0174858
25.41 0.017534
25.42 0.0175801
25.43 0.0176237
25.44 0.0176644
25.45 0.0177021
25.46 0.0177368
25.47 0.0177688
25.48 0.0177984
25.49 0.0178258
25.5 0.0178514
25.51 0.0178755
25.52 0.0178975
25.53 0.0179168
25.54 0.0179332
25.55 0.0179466
25.56 0.017957
25.57 0.0179647
25.58 0.0179698
25.59 0.0179727
25.6 0.017974
25.61 0.0179735
25.62 0.017971
25.63 0.0179659
25.64 0.0179579
25.65 0.0179468
25.66 0.0179327
25.67 0.0179158
25.68 0.0178965
25.69 0.017875
25.7 0.0178517
25.71 0.0178268
25.72 0.0177999
25.73 0.0177704
25.74 0.0177379
25.75 0.0177025
25.76 0.0176641
25.77 0.017623
25.78 0.0175795
25.79 0.0175338
25.8 0.0174864
25.81 0.0174374
25.82 0.0173864
25.83 0.0173328
25.84 0.0172765
25.85 0.0172172
25.86 0.017155
25.87 0.0170902
25.88 0.017023
25.89 0.0169538
25.9 0.0168829
25.91 0.0168104
25.92 0.016736
25.93 0.0166592
25.94 0.0165797
25.95 0.0164974
25.96 0.0164123
25.97 0.0163247
25.98 0.0162348
25.99 0.0161429
26 0.0160495
26.01 0.0159546
26.02 0.0158578
26.03 0.0157588
26.04 0.0156572
26.05 0.0155529
26.06 0.0154461
26.07 0.0153369
26.08 0.0152255
26.09 0.0151123
26.1 0.0149975
26.11 0.0148814
26.12 0.0147636
26.13 0.0146437
26.14 0.0145214
26.15 0.0143966
26.16 0.0142695
26.17 0.0141401
26.18 0.0140088
26.19 0.0138758
26.2 0.0137413
26.21 0.0136057
26.22 0.0134684
26.23 0.0133292
26.24 0.0131879
26.25 0.0130443
26.26 0.0128986
26.27 0.0127509
26.28 0.0126014
26.29 0.0124503
26.3 0.012298
26.31 0.0121446
26.32 0.0119898
26.33 0.0118332
26.34 0.0116748
26.35 0.0115144
26.36 0.0113521
26.37 0.011188
26.38 0.0110223
26.39 0.0108553
26.4 0.0106872
26.41 0.0105181
26.42 0.0103478
26.43 0.0101761
26.44 0.0100027
26.45 0.0098276
26.46 0.00965091
26.47 0.0094727
26.48 0.00929316
26.49 0.00911248
26.5 0.00893088
26.51 0.00874844
26.52 0.008565
26.53 0.00838035
26.54 0.00819436
26.55 0.00800701
26.56 0.00781833
26.57 0.00762844
26.58 0.00743746
26.59 0.00724556
26.6 0.00705292
26.61 0.00685961
26.62 0.00666553
26.63 0.0064705
26.64 0.00627446
26.65 0.00607738
26.66 0.00587929
26.67 0.00568029
26.68 0.00548047
26.69 0.00527997
26.7 0.00507891
26.71 0.00487737
26.72 0.00467528
26.73 0.00447254
26.74 0.00426911
26.75 0.00406498
26.76 0.00386019
26.77 0.00365479
26.78 0.00344885
26.79 0.00324247
26.8 0.00303574
26.81 0.00282871
26.82 0.00262136
26.83 0.00241367
26.84 0.00220562
26.85 0.00199723
26.86 0.00178851
26.87 0.00157951
26.88 0.00137026
26.89 0.00116082
26.9 0.00095122
26.91 0.000741515
26.92 0.000531739
26.93 0.000321922
26.94 0.000112091
26.95 -9.77309e-005
26.96 -0.000307527
26.97 -0.000517283
26.98 -0.000726992
26.99 -0.000936648
27 -0.00114625
27.01 -0.00135577
27.02 -0.00156512
27.03 -0.0017742
27.04 -0.00198295
27.05 -0.00219134
27.06 -0.00239936
27.07 -0.00260702
27.08 -0.00281433
27.09 -0.00302135
27.1 -0.00322811
27.11 -0.00343459
27.12 -0.00364066
27.13 -0.00384617
27.14 -0.00405101
27.15 -0.00425513
27.16 -0.00445854
27.17 -0.00466127
27.18 -0.00486337
27.19 -0.00506492
27.2 -0.00526601
27.21 -0.00546664
27.22 -0.00566663
27.23 -0.00586575
27.24 -0.00606389
27.25 -0.00626096
27.26 -0.00645699
27.27 -0.00665203
27.28 -0.00684616
27.29 -0.0070395
27.3 -0.0072322
27.31 -0.00742425
27.32 -0.00761543
27.33 -0.00780546
27.34 -0.00799419
27.35 -0.00818154
27.36 -0.00836752
27.37 -0.00855221
27.38 -0.00873573
27.39 -0.00891823
27.4 -0.0090999
27.41 -0.00928075
27.42 -0.00946052
27.43 -0.00963888
27.44 -0.00981563
27.45 -0.00999069
27.46 -0.0101641
27.47 -0.0103359
27.48 -0.0105063
27.49 -0.0106755
27.5 -0.0108437
27.51 -0.0110109
27.52 -0.0111768
27.53 -0.011341
27.54 -0.0115034
27.55 -0.0116638
27.56 -0.0118222
27.57 -0.0119789
27.58 -0.0121338
27.59 -0.0122874
27.6 -0.0124398
27.61 -0.012591
27.62 -0.0127408
27.63 -0.0128887
27.64 -0.0130345
27.65 -0.0131781
27.66 -0.0133194
27.67 -0.0134587
27.68 -0.0135961
27.69 -0.013732
27.7 -0.0138665
27.71 -0.0139997
27.72 -0.0141314
27.73 -0.0142609
27.74 -0.0143881
27.75 -0.0145129
27.76 -0.0146352
27.77 -0.0147552
27.78 -0.0148733
27.79 -0.0149895
27.8 -0.0151043
27.81 -0.0152178
27.82 -0.0153295
27.83 -0.0154389
27.84 -0.0155458
27.85 -0.01565
27.86 -0.0157516
27.87 -0.0158508
27.88 -0.0159478
27.89 -0.0160429
27.9 -0.0161365
27.91 -0.0162286
27.92 -0.0163188
27.93 -0.0164066
27.94 -0.0164917
27.95 -0.0165741
27.96 -0.0166536
27.97 -0.0167306
27.98 -0.0168052
27.99 -0.0168779
28 -0.0169489
28.01 -0.0170184
28.02 -0.0170859
28.03 -0.0171509
28.04 -0.0172131
28.05 -0.0172724
28.06 -0.0173288
28.07 -0.0173825
28.08 -0.0174338
28.09 -0.017483
28.1 -0.0175305
28.11 -0.0175765
28.12 -0.0176204
28.13 -0.0176617
28.14 -0.0177001
28.15 -0.0177355
28.16 -0.017768
28.17 -0.0177977
28.18 -0.0178249
28.19 -0.01785
28.2 -0.0178734
28.21 -0.0178952
28.22 -0.0179148
28.23 -0.0179319
28.24 -0.017946
28.25 -0.0179571
28.26 -0.0179652
28.27 -0.0179705
28.28 -0.0179733
28.29 -0.017974
28.3 -0.0179729
28.31 -0.0179702
28.32 -0.0179653
28.33 -0.0179579
28.34 -0.0179476
28.35 -0.0179342
28.36 -0.0179178
28.37 -0.0178986
28.38 -0.017877
28.39 -0.0178532
28.4 -0.0178276
28.41 -0.0178004
28.42 -0.0177712
28.43 -0.0177394
28.44 -0.0177047
28.45 -0.017667
28.46 -0.0176263
28.47 -0.017583
28.48 -0.0175371
28.49 -0.0174892
28.5 -0.0174396
28.51 -0.0173883
28.52 -0.0173351
28.53 -0.0172793
28.54 -0.0172207
28.55 -0.0171592
28.56 -0.0170949
28.57 -0.0170279
28.58 -0.0169585
28.59 -0.0168871
28.6 -0.016814
28.61 -0.0167394
28.62 -0.0166628
28.63 -0.0165839
28.64 -0.0165022
28.65 -0.0164178
28.66 -0.0163306
28.67 -0.0162409
28.68 -0.0161489
28.69 -0.016055
28.7 -0.0159595
28.71 -0.0158625
28.72 -0.0157637
28.73 -0.0156626
28.74 -0.015559
28.75 -0.0154527
28.76 -0.0153439
28.77 -0.0152327
28.78 -0.0151194
28.79 -0.0150043
28.8 -0.0148876
28.81 -0.0147696
28.82 -0.0146499
28.83 -0.0145281
28.84 -0.0144039
28.85 -0.0142773
28.86 -0.0141483
28.87 -0.0140171
28.88 -0.013884
28.89 -0.0137492
28.9 -0.013613
28.91 -0.0134756
28.92 -0.0133366
28.93 -0.0131957
28.94 -0.0130526
28.95 -0.0129074
28.96 -0.01276
28.97 -0.0126107
28.98 -0.0124595
28.99 -0.0123069
29 -0.012153
29.01 -0.011998
29.02 -0.0118416
29.03 -0.0116836
29.04 -0.0115236
29.05 -0.0113617
29.06 -0.011198
29.07 -0.0110325
29.08 -0.0108654
29.09 -0.010697
29.1 -0.0105275
29.11 -0.0103571
29.12 -0.0101855
29.13 -0.0100124
29.14 -0.00983768
29.15 -0.00966135
29.16 -0.00948342
29.17 -0.00930401
29.18 -0.00912328
29.19 -0.00894143
29.2 -0.00875868
29.21 -0.00857511
29.22 -0.00839056
29.23 -0.00820482
29.24 -0.00801778
29.25 -0.0078294
29.26 -0.00763973
29.27 -0.00744886
29.28 -0.00725693
29.29 -0.00706411
29.3 -0.00687056
29.31 -0.00667636
29.32 -0.00648141
29.33 -0.00628554
29.34 -0.00608868
29.35 -0.00589082
29.36 -0.00569199
29.37 -0.00549226
29.38 -0.00529175
29.39 -0.00509057
29.4 -0.00488886
29.41 -0.00468669
29.42 -0.00448398
29.43 -0.00428066
29.44 -0.00407667
29.45 -0.00387202
29.46 -0.00366674
29.47 -0.00346088
29.48 -0.00325451
29.49 -0.00304772
29.5 -0.00284059
29.51 -0.00263319
29.52 -0.00242549
29.53 -0.00221748
29.54 -0.00200914
29.55 -0.00180049
29.56 -0.00159155
29.57 -0.00138235
29.58 -0.00117294
29.59 -0.000963352
29.6 -0.000753632
29.61 -0.000543824
29.62 -0.000333966
29.63 -0.000124097
29.64 8.57535e-005
29.65 0.000295562
29.66 0.000505312
29.67 0.000714992
29.68 0.000924597
29.69 0.00113413
29.7 0.00134358
29.71 0.00155294
29.72 0.0017621
29.73 0.00197096
29.74 0.00217947
29.75 0.00238758
29.76 0.00259528
29.77 0.00280259
29.78 0.00300954
29.79 0.00321615
29.8 0.0034225
29.81 0.00362855
29.82 0.00383416
29.83 0.00403919
29.84 0.00424351
29.85 0.00444709
29.86 0.00464992
29.87 0.00485204
29.88 0.0050535
29.89 0.0052544
29.9 0.00545482
29.91 0.00565476
29.92 0.00585403
29.93 0.00605241
29.94 0.00624977
29.95 0.00644604
29.96 0.00664124
29.97 0.00683541
29.98 0.00702865
29.99 0.00722108
30 0.00741285
30.01 0.00760395
30.02 0.00779416
30.03 0.00798321
30.04 0.00817091
30.05 0.00835721
30.06 0.0085421
30.07 0.00872568
30.08 0.00890807
30.09 0.00908942
30.1 0.00926992
30.11 0.00944959
30.12 0.00962816
30.13 0.00980529
30.14 0.00998078
30.15 0.0101546
30.16 0.0103267
30.17 0.0104971
30.18 0.0106662
30.19 0.010834
30.2 0.0110008
30.21 0.0111666
30.22 0.011331
30.23 0.0114938
30.24 0.0116547
30.25 0.0118136
30.26 0.0119706
30.27 0.0121256
30.28 0.012279
30.29 0.012431
30.3 0.0125818
30.31 0.0127314
30.32 0.0128796
30.33 0.0130259
30.34 0.01317
30.35 0.0133118
30.36 0.0134515
30.37 0.013589
30.38 0.0137247
30.39 0.0138588
30.4 0.0139915
30.41 0.014123
30.42 0.0142528
30.43 0.0143805
30.44 0.0145058
30.45 0.0146287
30.46 0.0147492
30.47 0.0148673
30.48 0.0149834
30.49 0.0150978
30.5 0.0152106
30.51 0.0153221
30.52 0.0154319
30.53 0.0155393
30.54 0.0156442
30.55 0.0157464
30.56 0.015846
30.57 0.0159432
30.58 0.0160381
30.59 0.0161312
30.6 0.0162227
30.61 0.0163127
30.62 0.0164008
30.63 0.0164865
30.64 0.0165695
30.65 0.0166497
30.66 0.0167271
30.67 0.0168019
30.68 0.0168744
30.69 0.0169449
30.7 0.0170137
30.71 0.017081
30.72 0.0171464
30.73 0.0172092
30.74 0.0172692
30.75 0.0173262
30.76 0.0173804
30.77 0.0174319
30.78 0.0174809
30.79 0.0175279
30.8 0.0175732
30.81 0.0176168
30.82 0.0176584
30.83 0.0176975
30.84 0.0177336
30.85 0.0177668
30.86 0.017797
30.87 0.0178244
30.88 0.0178493
30.89 0.0178722
30.9 0.0178932
30.91 0.0179127
30.92 0.01793
30.93 0.0179448
30.94 0.0179566
30.95 0.0179654
30.96 0.0179712
30.97 0.0179742
30.98 0.0179747
30.99 0.017973
31 0.0179696
31.01 0.0179646
31.02 0.0179575
31.03 0.0179477
31.04 0.0179351
31.05 0.0179194
31.06 0.0179007
31.07 0.0178792
31.08 0.0178553
31.09 0.0178292
31.1 0.0178014
31.11 0.0177719
31.12 0.0177404
31.13 0.0177063
31.14 0.0176693
31.15 0.0176293
31.16 0.0175864
31.17 0.0175408
31.18 0.0174927
31.19 0.0174425
31.2 0.0173906
31.21 0.0173371
31.22 0.0172817
31.23 0.0172237
31.24 0.0171629
31.25 0.0170992
31.26 0.0170326
31.27 0.0169635
31.28 0.0168919
31.29 0.0168183
31.3 0.0167431
31.31 0.0166663
31.32 0.0165876
31.33 0.0165065
31.34 0.0164227
31.35 0.0163362
31.36 0.0162469
31.37 0.0161551
31.38 0.0160611
31.39 0.0159651
31.4 0.0158675
31.41 0.0157685
31.42 0.0156677
31.43 0.0155646
31.44 0.0154589
31.45 0.0153507
31.46 0.0152399
31.47 0.0151268
31.48 0.0150115
31.49 0.0148944
31.5 0.0147759
31.51 0.014656
31.52 0.0145344
31.53 0.0144107
31.54 0.0142846
31.55 0.0141562
31.56 0.0140254
31.57 0.0138924
31.58 0.0137575
31.59 0.0136209
31.6 0.013483
31.61 0.0133438
31.62 0.0132031
31.63 0.0130605
31.64 0.0129158
31.65 0.0127689
31.66 0.0126199
31.67 0.0124689
31.68 0.0123162
31.69 0.012162
31.7 0.0120066
31.71 0.01185
31.72 0.0116921
31.73 0.0115325
31.74 0.0113711
31.75 0.0112077
31.76 0.0110425
31.77 0.0108756
31.78 0.0107072
31.79 0.0105374
31.8 0.0103666
31.81 0.0101948
31.82 0.0100218
31.83 0.00984746
31.84 0.0096715
31.85 0.00949393
31.86 0.00931478
31.87 0.00913418
31.88 0.00895229
31.89 0.0087693
31.9 0.00858542
31.91 0.00840074
31.92 0.0082151
31.93 0.00802829
31.94 0.00784021
31.95 0.00765083
31.96 0.00746018
31.97 0.00726836
31.98 0.00707551
31.99 0.00688178
32 0.00668735
32.01 0.00649229
32.02 0.00629648
32.03 0.0060998
32.04 0.00590215
32.05 0.00570353
32.06 0.00550398
32.07 0.00530355
32.08 0.00510237
32.09 0.00490055
32.1 0.00469821
32.11 0.00449542
32.12 0.00429212
32.13 0.00408823
32.14 0.00388372
32.15 0.00367857
32.16 0.00347282
32.17 0.00326653
32.18 0.00305975
32.19 0.00285258
32.2 0.00264509
32.21 0.00243733
32.22 0.00222931
32.23 0.002021
32.24 0.0018124
32.25 0.00160352
32.26 0.00139438
32.27 0.00118502
32.28 0.000975467
32.29 0.000765764
32.3 0.000555948
32.31 0.000346061
32.32 0.000136148
32.33 -7.37486e-005
32.34 -0.000283594
32.35 -0.000493365
32.36 -0.000703044
32.37 -0.000912622
32.38 -0.0011221
32.39 -0.00133147
32.4 -0.00154076
32.41 -0.00174992
32.42 -0.00195887
32.43 -0.0021675
32.44 -0.00237573
32.45 -0.00258353
32.46 -0.0027909
32.47 -0.00299784
32.48 -0.00320439
32.49 -0.00341058
32.5 -0.00361649
32.51 -0.00382208
32.52 -0.00402721
32.53 -0.00423172
32.54 -0.00443551
32.55 -0.00463851
32.56 -0.00484074
32.57 -0.00504222
32.58 -0.00524303
32.59 -0.00544324
32.6 -0.00564296
32.61 -0.00584218
32.62 -0.00604071
32.63 -0.00623832
32.64 -0.00643489
32.65 -0.00663033
32.66 -0.00682467
32.67 -0.00701795
32.68 -0.00721028
32.69 -0.00740178
32.7 -0.0075926
32.71 -0.00778273
32.72 -0.00797196
32.73 -0.00815998
32.74 -0.00834665
32.75 -0.00853187
32.76 -0.00871567
32.77 -0.00889812
32.78 -0.00907935
32.79 -0.00925953
32.8 -0.00943883
32.81 -0.00961729
32.82 -0.00979463
32.83 -0.00997051
32.84 -0.0101447
32.85 -0.0103172
32.86 -0.010488
32.87 -0.0106571
32.88 -0.0108248
32.89 -0.0109912
32.9 -0.0111565
32.91 -0.0113209
32.92 -0.0114839
32.93 -0.0116453
32.94 -0.0118047
32.95 -0.011962
32.96 -0.0121174
32.97 -0.0122709
32.98 -0.0124228
32.99 -0.0125731
33 -0.0127223
33.01 -0.0128703
33.02 -0.0130168
33.03 -0.0131614
33.04 -0.0133038
33.05 -0.013444
33.06 -0.0135819
33.07 -0.0137177
33.08 -0.0138516
33.09 -0.0139839
33.1 -0.0141148
33.11 -0.0142445
33.12 -0.0143725
33.13 -0.0144984
33.14 -0.0146218
33.15 -0.0147428
33.16 -0.0148614
33.17 -0.0149776
33.18 -0.0150918
33.19 -0.0152042
33.2 -0.0153151
33.21 -0.0154246
33.22 -0.0155324
33.23 -0.0156378
33.24 -0.0157407
33.25 -0.0158409
33.26 -0.0159385
33.27 -0.0160336
33.28 -0.0161265
33.29 -0.0162174
33.3 -0.0163068
33.31 -0.0163948
33.32 -0.0164808
33.33 -0.0165644
33.34 -0.0166453
33.35 -0.0167233
33.36 -0.0167986
33.37 -0.0168712
33.38 -0.0169415
33.39 -0.0170098
33.4 -0.0170765
33.41 -0.0171416
33.42 -0.0172047
33.43 -0.0172653
33.44 -0.0173231
33.45 -0.0173779
33.46 -0.0174299
33.47 -0.0174791
33.48 -0.0175259
33.49 -0.0175706
33.5 -0.0176136
33.51 -0.017655
33.52 -0.0176944
33.53 -0.0177312
33.54 -0.017765
33.55 -0.0177959
33.56 -0.0178238
33.57 -0.0178489
33.58 -0.0178716
33.59 -0.0178921
33.6 -0.0179109
33.61 -0.017928
33.62 -0.0179431
33.63 -0.0179555
33.64 -0.017965
33.65 -0.0179715
33.66 -0.017975
33.67 -0.0179757
33.68 -0.0179739
33.69 -0.0179699
33.7 -0.0179642
33.71 -0.0179569
33.72 -0.0179474
33.73 -0.0179354
33.74 -0.0179204
33.75 -0.0179024
33.76 -0.0178814
33.77 -0.0178577
33.78 -0.0178314
33.79 -0.017803
33.8 -0.0177729
33.81 -0.0177412
33.82 -0.0177074
33.83 -0.017671
33.84 -0.0176317
33.85 -0.0175895
33.86 -0.0175443
33.87 -0.0174965
33.88 -0.0174461
33.89 -0.0173937
33.9 -0.0173396
33.91 -0.0172839
33.92 -0.0172262
33.93 -0.017166
33.94 -0.017103
33.95 -0.0170371
33.96 -0.0169683
33.97 -0.016897
33.98 -0.0168233
33.99 -0.0167475
34 -0.0166701
34.01 -0.0165912
34.02 -0.0165104
34.03 -0.0164271
34.04 -0.0163412
34.05 -0.0162526
34.06 -0.0161612
34.07 -0.0160674
34.08 -0.0159713
34.09 -0.0158732
34.1 -0.0157736
34.11 -0.0156726
34.12 -0.0155697
34.13 -0.0154646
34.14 -0.015357
34.15 -0.0152468
34.16 -0.0151341
34.17 -0.015019
34.18 -0.0149018
34.19 -0.0147828
34.2 -0.0146624
34.21 -0.0145406
34.22 -0.0144171
34.23 -0.0142915
34.24 -0.0141637
34.25 -0.0140334
34.26 -0.0139008
34.27 -0.0137661
34.28 -0.0136294
34.29 -0.0134911
34.3 -0.0133514
34.31 -0.0132105
34.32 -0.0130681
34.33 -0.0129238
34.34 -0.0127774
34.35 -0.0126289
34.36 -0.0124783
34.37 -0.0123257
34.38 -0.0121714
34.39 -0.0120156
34.4 -0.0118586
34.41 -0.0117005
34.42 -0.0115411
34.43 -0.0113801
34.44 -0.0112171
34.45 -0.0110524
34.46 -0.0108857
34.47 -0.0107174
34.48 -0.0105476
34.49 -0.0103765
34.5 -0.0102044
34.51 -0.0100312
34.52 -0.009857
34.53 -0.00968134
34.54 -0.00950413
34.55 -0.00932534
34.56 -0.009145
34.57 -0.00896324
34.58 -0.00878021
34.59 -0.0085961
34.6 -0.00841112
34.61 -0.00822534
34.62 -0.00803864
34.63 -0.00785079
34.64 -0.00766169
34.65 -0.00747132
34.66 -0.00727972
34.67 -0.00708698
34.68 -0.00689323
34.69 -0.00669863
34.7 -0.00650334
34.71 -0.00630743
34.72 -0.00611081
34.73 -0.00591333
34.74 -0.00571492
34.75 -0.00551557
34.76 -0.00531531
34.77 -0.00511422
34.78 -0.00491239
34.79 -0.00470994
34.8 -0.004507
34.81 -0.00430362
34.82 -0.00409976
34.83 -0.00389534
34.84 -0.00369032
34.85 -0.0034847
34.86 -0.00327851
34.87 -0.0030718
34.88 -0.00286465
34.89 -0.00265711
34.9 -0.00244928
34.91 -0.00224121
34.92 -0.00203288
34.93 -0.0018243
34.94 -0.00161546
34.95 -0.00140638
34.96 -0.00119707
34.97 -0.000987562
34.98 -0.000777894
34.99 -0.000568099
35 -0.00035821
35.01 -0.000148267
35.02 6.16782e-005
35.03 0.000271578
35.04 0.000481395
35.05 0.000691103
35.06 0.000900686
35.07 0.00111014
35.08 0.00131946
35.09 0.00152866
35.1 0.00173774
35.11 0.00194669
35.12 0.0021554
35.13 0.00236376
35.14 0.00257169
35.15 0.00277917
35.16 0.00298617
35.17 0.00319271
35.18 0.00339884
35.19 0.00360459
35.2 0.00381003
35.21 0.00401514
35.22 0.00421977
35.23 0.00442375
35.24 0.00462698
35.25 0.00482939
35.26 0.00503099
35.27 0.00523181
35.28 0.00543194
35.29 0.00563144
35.3 0.00583044
35.31 0.00602891
35.32 0.00622668
35.33 0.00642351
35.34 0.00661925
35.35 0.00681384
35.36 0.00700729
35.37 0.00719967
35.38 0.00739106
35.39 0.0075816
35.4 0.00777143
35.41 0.00796057
35.42 0.00814878
35.43 0.00833577
35.44 0.00852136
35.45 0.00870549
35.46 0.00888816
35.47 0.00906946
35.48 0.00924952
35.49 0.0094285
35.5 0.0096066
35.51 0.00978383
35.52 0.00995992
35.53 0.0101345
35.54 0.0103075
35.55 0.0104786
35.56 0.010648
35.57 0.0108158
35.58 0.010982
35.59 0.011147
35.6 0.0113109
35.61 0.0114739
35.62 0.0116354
35.63 0.0117953
35.64 0.0119532
35.65 0.012109
35.66 0.0122628
35.67 0.0124148
35.68 0.012565
35.69 0.0127137
35.7 0.0128613
35.71 0.0130076
35.72 0.0131525
35.73 0.0132954
35.74 0.0134361
35.75 0.0135745
35.76 0.0137107
35.77 0.0138447
35.78 0.0139768
35.79 0.0141073
35.8 0.0142364
35.81 0.0143643
35.82 0.0144904
35.83 0.0146144
35.84 0.0147361
35.85 0.0148552
35.86 0.0149718
35.87 0.0150861
35.88 0.0151983
35.89 0.0153088
35.9 0.0154177
35.91 0.0155253
35.92 0.015631
35.93 0.0157345
35.94 0.0158353
35.95 0.0159335
35.96 0.016029
35.97 0.0161221
35.98 0.0162129
35.99 0.0163017
36 0.016389
36.01 0.0164749
36.02 0.0165588
36.03 0.0166402
36.04 0.016719
36.05 0.0167949
36.06 0.016868
36.07 0.0169385
36.08 0.0170066
36.09 0.0170727
36.1 0.0171372
36.11 0.0172001
36.12 0.017261
36.13 0.0173194
36.14 0.0173749
36.15 0.0174275
36.16 0.0174772
36.17 0.0175242
36.18 0.0175688
36.19 0.0176112
36.2 0.017652
36.21 0.0176911
36.22 0.0177282
36.23 0.0177627
36.24 0.0177943
36.25 0.0178228
36.26 0.0178485
36.27 0.0178713
36.28 0.0178916
36.29 0.0179099
36.3 0.0179263
36.31 0.0179412
36.32 0.0179539
36.33 0.0179641
36.34 0.0179713
36.35 0.0179755
36.36 0.0179766
36.37 0.017975
36.38 0.0179709
36.39 0.0179646
36.4 0.0179566
36.41 0.0179469
36.42 0.0179352
36.43 0.0179209
36.44 0.0179036
36.45 0.0178833
36.46 0.01786
36.47 0.0178339
36.48 0.0178054
36.49 0.0177747
36.5 0.0177423
36.51 0.0177083
36.52 0.0176722
36.53 0.0176336
36.54 0.017592
36.55 0.0175476
36.56 0.0175001
36.57 0.01745
36.58 0.0173974
36.59 0.0173428
36.6 0.0172864
36.61 0.0172285
36.62 0.0171686
36.63 0.0171062
36.64 0.017041
36.65 0.0169729
36.66 0.016902
36.67 0.0168284
36.68 0.0167526
36.69 0.0166747
36.7 0.0165951
36.71 0.0165141
36.72 0.0164311
36.73 0.0163458
36.74 0.0162578
36.75 0.0161671
36.76 0.0160736
36.77 0.0159777
36.78 0.0158796
36.79 0.0157795
36.8 0.0156779
36.81 0.0155748
36.82 0.0154699
36.83 0.0153628
36.84 0.0152532
36.85 0.0151411
36.86 0.0150264
36.87 0.0149094
36.88 0.0147903
36.89 0.0146694
36.9 0.0145471
36.91 0.0144234
36.92 0.014298
36.93 0.0141706
36.94 0.0140409
36.95 0.0139089
36.96 0.0137745
36.97 0.013638
36.98 0.0134996
36.99 0.0133595
37 0.0132182
37.01 0.0130756
37.02 0.0129314
37.03 0.0127855
37.04 0.0126375
37.05 0.0124873
37.06 0.0123351
37.07 0.0121809
37.08 0.0120251
37.09 0.0118678
37.1 0.0117093
37.11 0.0115497
37.12 0.0113888
37.13 0.0112262
37.14 0.0110619
37.15 0.0108957
37.16 0.0107276
37.17 0.010558
37.18 0.0103868
37.19 0.0102144
37.2 0.0100409
37.21 0.00986649
37.22 0.00969096
37.23 0.00951405
37.24 0.00933562
37.25 0.00915563
37.26 0.00897412
37.27 0.00879122
37.28 0.00860707
37.29 0.00842186
37.3 0.0082358
37.31 0.00804896
37.32 0.00786121
37.33 0.00767234
37.34 0.00748225
37.35 0.00729093
37.36 0.0070984
37.37 0.00690476
37.38 0.00671013
37.39 0.00651467
37.4 0.00631854
37.41 0.00612182
37.42 0.0059244
37.43 0.00572614
37.44 0.005527
37.45 0.00532694
37.46 0.005126
37.47 0.00492426
37.48 0.00472181
37.49 0.00451876
37.5 0.00431524
37.51 0.0041113
37.52 0.0039069
37.53 0.00370197
37.54 0.00349646
37.55 0.0032904
37.56 0.00308379
37.57 0.0028767
37.58 0.00266919
37.59 0.00246132
37.6 0.00225317
37.61 0.0020448
37.62 0.0018362
37.63 0.00162737
37.64 0.00141832
37.65 0.00120905
37.66 0.000999592
37.67 0.000789969
37.68 0.000580211
37.69 0.00037035
37.7 0.000160414
37.71 -4.95567e-005
37.72 -0.000259508
37.73 -0.000469384
37.74 -0.000679145
37.75 -0.000888763
37.76 -0.00109822
37.77 -0.00130752
37.78 -0.00151666
37.79 -0.00172566
37.8 -0.00193452
37.81 -0.00214323
37.82 -0.00235167
37.83 -0.00255974
37.84 -0.00276735
37.85 -0.00297446
37.86 -0.00318107
37.87 -0.0033872
37.88 -0.00359287
37.89 -0.00379816
37.9 -0.00400311
37.91 -0.00420771
37.92 -0.00441181
37.93 -0.00461524
37.94 -0.00481787
37.95 -0.00501966
37.96 -0.00522061
37.97 -0.00542075
37.98 -0.00562017
37.99 -0.00581894
38 -0.00601718
38.01 -0.0062149
38.02 -0.00641188
38.03 -0.00660789
38.04 -0.00680278
38.05 -0.0069965
38.06 -0.00718905
38.07 -0.00738049
38.08 -0.00757092
38.09 -0.00776048
38.1 -0.00794932
38.11 -0.00813745
38.12 -0.00832463
38.13 -0.00851056
38.14 -0.00869507
38.15 -0.00887808
38.16 -0.0090596
38.17 -0.00923973
38.18 -0.00941859
38.19 -0.00959635
38.2 -0.00977321
38.21 -0.0099492
38.22 -0.010124
38.23 -0.0102973
38.24 -0.0104689
38.25 -0.0106387
38.26 -0.0108068
38.27 -0.0109731
38.28 -0.011138
38.29 -0.0113015
38.3 -0.011464
38.31 -0.0116254
38.32 -0.0117855
38.33 -0.0119439
38.34 -0.0121002
38.35 -0.0122545
38.36 -0.0124068
38.37 -0.0125571
38.38 -0.0127057
38.39 -0.0128528
38.4 -0.0129987
38.41 -0.0131434
38.42 -0.0132865
38.43 -0.0134277
38.44 -0.0135667
38.45 -0.0137034
38.46 -0.0138378
38.47 -0.0139701
38.48 -0.0141004
38.49 -0.014229
38.5 -0.0143563
38.51 -0.0144823
38.52 -0.0146066
38.53 -0.0147288
38.54 -0.0148485
38.55 -0.0149657
38.56 -0.0150804
38.57 -0.0151928
38.58 -0.015303
38.59 -0.0154115
38.6 -0.0155185
38.61 -0.015624
38.62 -0.0157278
38.63 -0.0158292
38.64 -0.015928
38.65 -0.0160242
38.66 -0.0161176
38.67 -0.0162086
38.68 -0.0162973
38.69 -0.0163841
38.7 -0.0164693
38.71 -0.016553
38.72 -0.0166348
38.73 -0.0167141
38.74 -0.0167907
38.75 -0.0168644
38.76 -0.0169354
38.77 -0.0170037
38.78 -0.0170696
38.79 -0.0171336
38.8 -0.0171958
38.81 -0.0172565
38.82 -0.0173152
38.83 -0.0173714
38.84 -0.0174247
38.85 -0.017475
38.86 -0.0175225
38.87 -0.0175672
38.88 -0.0176095
38.89 -0.0176497
38.9 -0.0176882
38.91 -0.017725
38.92 -0.0177598
38.93 -0.0177921
38.94 -0.0178214
38.95 -0.0178476
38.96 -0.017871
38.97 -0.0178915
38.98 -0.0179096
38.99 -0.0179255
39 -0.0179397
39.01 -0.0179522
39.02 -0.0179626
39.03 -0.0179705
39.04 -0.0179754
39.05 -0.0179772
39.06 -0.0179761
39.07 -0.0179722
39.08 -0.0179657
39.09 -0.0179572
39.1 -0.0179468
39.11 -0.0179349
39.12 -0.0179208
39.13 -0.0179042
39.14 -0.0178846
39.15 -0.017862
39.16 -0.0178364
39.17 -0.0178081
39.18 -0.0177773
39.19 -0.0177443
39.2 -0.0177096
39.21 -0.0176733
39.22 -0.017635
39.23 -0.017594
39.24 -0.0175503
39.25 -0.0175035
39.26 -0.0174538
39.27 -0.0174015
39.28 -0.0173467
39.29 -0.0172898
39.3 -0.0172312
39.31 -0.0171711
39.32 -0.0171089
39.33 -0.0170443
39.34 -0.0169769
39.35 -0.0169066
39.36 -0.0168336
39.37 -0.0167579
39.38 -0.0166799
39.39 -0.0165998
39.4 -0.0165182
39.41 -0.016435
39.42 -0.0163499
39.43 -0.0162625
39.44 -0.0161724
39.45 -0.0160796
39.46 -0.0159841
39.47 -0.0158861
39.48 -0.0157859
39.49 -0.0156838
39.5 -0.0155802
39.51 -0.0154751
39.52 -0.0153682
39.53 -0.0152592
39.54 -0.0151476
39.55 -0.0150335
39.56 -0.0149169
39.57 -0.014798
39.58 -0.014677
39.59 -0.0145542
39.6 -0.01443
39.61 -0.0143045
39.62 -0.0141773
39.63 -0.014048
39.64 -0.0139165
39.65 -0.0137827
39.66 -0.0136466
39.67 -0.0135083
39.68 -0.0133682
39.69 -0.0132264
39.7 -0.0130833
39.71 -0.012939
39.72 -0.0127932
39.73 -0.0126456
39.74 -0.012496
39.75 -0.0123442
39.76 -0.0121904
39.77 -0.0120347
39.78 -0.0118773
39.79 -0.0117185
39.8 -0.0115585
39.81 -0.0113974
39.82 -0.011235
39.83 -0.011071
39.84 -0.0109052
39.85 -0.0107376
39.86 -0.0105682
39.87 -0.0103972
39.88 -0.0102247
39.89 -0.010051
39.9 -0.00987622
39.91 -0.00970055
39.92 -0.00952376
39.93 -0.00934561
39.94 -0.00916597
39.95 -0.00898481
39.96 -0.00880215
39.97 -0.00861813
39.98 -0.00843288
39.99 -0.00824659
40 -0.00805947
40.01 -0.00787159
40.02 -0.00768282
40.03 -0.00749295
40.04 -0.0073019
40.05 -0.00710964
40.06 -0.0069162
40.07 -0.00672168
40.08 -0.00652621
40.09 -0.00632992
40.1 -0.00613298
40.11 -0.00593546
40.12 -0.00573726
40.13 -0.00553827
40.14 -0.0053384
40.15 -0.00513766
40.16 -0.00493607
40.17 -0.00473371
40.18 -0.00453066
40.19 -0.00432704
40.2 -0.00412296
40.21 -0.00391848
40.22 -0.00371357
40.23 -0.00350814
40.24 -0.00330219
40.25 -0.0030957
40.26 -0.0028887
40.27 -0.00268125
40.28 -0.0024734
40.29 -0.00226522
40.3 -0.00205679
40.31 -0.00184814
40.32 -0.0016393
40.33 -0.00143025
40.34 -0.00122101
40.35 -0.00101158
40.36 -0.000802004
40.37 -0.00059229
40.38 -0.000382469
40.39 -0.000172568
40.4 3.73887e-005
40.41 0.000247363
40.42 0.000457294
40.43 0.000667121
40.44 0.000876802
40.45 0.00108631
40.46 0.00129562
40.47 0.00150474
40.48 0.00171368
40.49 0.00192245
40.5 0.00213106
40.51 0.0023395
40.52 0.00254766
40.53 0.00275541
40.54 0.00296267
40.55 0.0031694
40.56 0.0033756
40.57 0.00358128
40.58 0.00378649
40.59 0.00399127
40.6 0.00419571
40.61 0.00439978
40.62 0.00460333
40.63 0.00480617
40.64 0.00500819
40.65 0.00520934
40.66 0.00540961
40.67 0.00560905
40.68 0.00580773
40.69 0.00600575
40.7 0.00620322
40.71 0.00640014
40.72 0.0065963
40.73 0.00679148
40.74 0.0069855
40.75 0.00717832
40.76 0.00736994
40.77 0.00756042
40.78 0.00774987
40.79 0.00793843
40.8 0.00812625
40.81 0.00831334
40.82 0.00849945
40.83 0.0086843
40.84 0.00886769
40.85 0.00904956
40.86 0.00922992
40.87 0.00940885
40.88 0.00958649
40.89 0.00976301
40.9 0.00993862
40.91 0.0101133
40.92 0.0102869
40.93 0.0104589
40.94 0.0106291
40.95 0.0107976
40.96 0.0109642
40.97 0.0111291
40.98 0.0112926
40.99 0.0114546
41 0.0116156
41.01 0.0117756
41.02 0.0119342
41.03 0.012091
41.04 0.0122458
41.05 0.0123985
41.06 0.0125492
41.07 0.0126979
41.08 0.0128448
41.09 0.0129903
41.1 0.0131345
41.11 0.0132775
41.12 0.013419
41.13 0.0135585
41.14 0.0136957
41.15 0.0138306
41.16 0.0139633
41.17 0.0140937
41.18 0.0142222
41.19 0.014349
41.2 0.0144745
41.21 0.0145986
41.22 0.014721
41.23 0.0148413
41.24 0.0149591
41.25 0.0150744
41.26 0.0151872
41.27 0.0152976
41.28 0.0154059
41.29 0.0155123
41.3 0.0156173
41.31 0.0157209
41.32 0.0158226
41.33 0.015922
41.34 0.0160188
41.35 0.0161129
41.36 0.0162043
41.37 0.0162931
41.38 0.0163797
41.39 0.0164644
41.4 0.0165475
41.41 0.0166291
41.42 0.0167087
41.43 0.0167859
41.44 0.0168604
41.45 0.0169319
41.46 0.0170007
41.47 0.0170668
41.48 0.0171306
41.49 0.0171923
41.5 0.0172523
41.51 0.0173108
41.52 0.0173673
41.53 0.0174212
41.54 0.0174723
41.55 0.0175204
41.56 0.0175656
41.57 0.0176081
41.58 0.0176481
41.59 0.017686
41.6 0.0177222
41.61 0.0177568
41.62 0.0177893
41.63 0.0178193
41.64 0.0178463
41.65 0.0178703
41.66 0.0178913
41.67 0.0179096
41.68 0.0179253
41.69 0.0179389
41.7 0.0179508
41.71 0.017961
41.72 0.0179692
41.73 0.0179747
41.74 0.0179773
41.75 0.0179768
41.76 0.0179734
41.77 0.0179671
41.78 0.0179584
41.79 0.0179475
41.8 0.0179349
41.81 0.0179206
41.82 0.0179043
41.83 0.0178853
41.84 0.0178634
41.85 0.0178385
41.86 0.0178107
41.87 0.01778
41.88 0.0177469
41.89 0.0177117
41.9 0.0176747
41.91 0.0176362
41.92 0.0175955
41.93 0.0175524
41.94 0.0175063
41.95 0.0174573
41.96 0.0174054
41.97 0.0173508
41.98 0.0172938
41.99 0.0172347
42 0.0171739
42.01 0.0171115
42.02 0.0170472
42.03 0.0169804
42.04 0.0169108
42.05 0.0168384
42.06 0.0167631
42.07 0.0166853
42.08 0.0166051
42.09 0.016523
42.1 0.0164392
42.11 0.0163539
42.12 0.0162667
42.13 0.0161772
42.14 0.016085
42.15 0.0159901
42.16 0.0158926
42.17 0.0157926
42.18 0.0156904
42.19 0.0155862
42.2 0.0154806
42.21 0.0153735
42.22 0.0152647
42.23 0.0151536
42.24 0.0150401
42.25 0.0149241
42.26 0.0148056
42.27 0.0146848
42.28 0.0145619
42.29 0.0144373
42.3 0.0143112
42.31 0.0141838
42.32 0.0140548
42.33 0.0139237
42.34 0.0137905
42.35 0.0136548
42.36 0.013517
42.37 0.013377
42.38 0.0132351
42.39 0.0130917
42.4 0.0129469
42.41 0.0128009
42.42 0.0126535
42.43 0.0125042
42.44 0.012353
42.45 0.0121996
42.46 0.0120443
42.47 0.011887
42.48 0.0117281
42.49 0.0115678
42.5 0.0114063
42.51 0.0112437
42.52 0.0110799
42.53 0.0109145
42.54 0.0107473
42.55 0.0105783
42.56 0.0104076
42.57 0.0102352
42.58 0.0100614
42.59 0.00988638
42.6 0.00971036
42.61 0.00953342
42.62 0.0093554
42.63 0.00917605
42.64 0.00899523
42.65 0.00881291
42.66 0.00862913
42.67 0.008444
42.68 0.00825768
42.69 0.00807034
42.7 0.00788218
42.71 0.00769328
42.72 0.00750351
42.73 0.00731267
42.74 0.00712067
42.75 0.00692749
42.76 0.00673317
42.77 0.0065378
42.78 0.00634149
42.79 0.0061444
42.8 0.00594666
42.81 0.00574837
42.82 0.00554942
42.83 0.0053497
42.84 0.00514914
42.85 0.00494774
42.86 0.00474552
42.87 0.00454256
42.88 0.00433895
42.89 0.00413478
42.9 0.00393017
42.91 0.00372518
42.92 0.00351977
42.93 0.00331389
42.94 0.0031075
42.95 0.00290062
42.96 0.00269326
42.97 0.00248548
42.98 0.00227732
42.99 0.00206886
43 0.00186015
43.01 0.00165126
43.02 0.00144219
43.03 0.00123295
43.04 0.00102354
43.05 0.00081399
43.06 0.000604312
43.07 0.000394532
43.08 0.000184672
43.09 -2.52436e-005
43.1 -0.000235195
43.11 -0.000445145
43.12 -0.00065503
43.13 -0.000864782
43.14 -0.00107436
43.15 -0.00128372
43.16 -0.00149286
43.17 -0.00170178
43.18 -0.00191049
43.19 -0.002119
43.2 -0.00232734
43.21 -0.00253549
43.22 -0.00274334
43.23 -0.00295075
43.24 -0.00315764
43.25 -0.00336396
43.26 -0.00356972
43.27 -0.00377493
43.28 -0.00397964
43.29 -0.00418391
43.3 -0.0043878
43.31 -0.00459132
43.32 -0.00479429
43.33 -0.00499652
43.34 -0.0051979
43.35 -0.00539838
43.36 -0.00559795
43.37 -0.00579665
43.38 -0.00599458
43.39 -0.00619182
43.4 -0.00638849
43.41 -0.0065846
43.42 -0.00677993
43.43 -0.00697424
43.44 -0.00716738
43.45 -0.00735928
43.46 -0.00754994
43.47 -0.00773944
43.48 -0.00792789
43.49 -0.00811542
43.5 -0.00830219
43.51 -0.00848822
43.52 -0.00867326
43.53 -0.008857
43.54 -0.00903926
43.55 -0.00921997
43.56 -0.00939913
43.57 -0.00957684
43.58 -0.00975324
43.59 -0.00992851
43.6 -0.0101028
43.61 -0.0102763
43.62 -0.0104485
43.63 -0.0106191
43.64 -0.010788
43.65 -0.0109551
43.66 -0.0111203
43.67 -0.0112838
43.68 -0.0114458
43.69 -0.0116064
43.7 -0.0117659
43.71 -0.0119243
43.72 -0.0120814
43.73 -0.0122367
43.74 -0.0123899
43.75 -0.012541
43.76 -0.0126901
43.77 -0.0128371
43.78 -0.0129824
43.79 -0.0131262
43.8 -0.0132687
43.81 -0.01341
43.82 -0.0135498
43.83 -0.0136876
43.84 -0.013823
43.85 -0.0139562
43.86 -0.014087
43.87 -0.0142156
43.88 -0.0143423
43.89 -0.0144673
43.9 -0.0145909
43.91 -0.0147131
43.92 -0.0148337
43.93 -0.014952
43.94 -0.015068
43.95 -0.0151813
43.96 -0.0152921
43.97 -0.0154005
43.98 -0.0155069
43.99 -0.0156113
44 -0.0157143
44.01 -0.0158158
44.02 -0.0159155
44.03 -0.0160129
44.04 -0.0161077
44.05 -0.0161996
44.06 -0.0162889
44.07 -0.0163757
44.08 -0.0164602
44.09 -0.0165428
44.1 -0.0166237
44.11 -0.0167032
44.12 -0.0167807
44.13 -0.0168557
44.14 -0.016928
44.15 -0.0169974
44.16 -0.017064
44.17 -0.0171279
44.18 -0.0171894
44.19 -0.017249
44.2 -0.0173068
44.21 -0.017363
44.22 -0.0174173
44.23 -0.017469
44.24 -0.0175178
44.25 -0.0175637
44.26 -0.0176066
44.27 -0.0176468
44.28 -0.0176846
44.29 -0.0177202
44.3 -0.0177542
44.31 -0.0177865
44.32 -0.0178167
44.33 -0.0178443
44.34 -0.0178691
44.35 -0.0178908
44.36 -0.0179095
44.37 -0.0179254
44.38 -0.0179389
44.39 -0.0179502
44.4 -0.0179597
44.41 -0.0179677
44.42 -0.0179735
44.43 -0.0179767
44.44 -0.017977
44.45 -0.0179742
44.46 -0.0179685
44.47 -0.0179599
44.48 -0.0179489
44.49 -0.0179357
44.5 -0.0179208
44.51 -0.0179042
44.52 -0.0178855
44.53 -0.0178643
44.54 -0.0178401
44.55 -0.0178129
44.56 -0.0177828
44.57 -0.0177498
44.58 -0.0177145
44.59 -0.017677
44.6 -0.0176377
44.61 -0.0175969
44.62 -0.017554
44.63 -0.0175085
44.64 -0.0174603
44.65 -0.017409
44.66 -0.0173549
44.67 -0.0172981
44.68 -0.0172388
44.69 -0.0171775
44.7 -0.0171145
44.71 -0.0170499
44.72 -0.0169834
44.73 -0.0169144
44.74 -0.0168426
44.75 -0.016768
44.76 -0.0166907
44.77 -0.0166107
44.78 -0.0165284
44.79 -0.0164441
44.8 -0.0163582
44.81 -0.0162708
44.82 -0.0161815
44.83 -0.0160899
44.84 -0.0159956
44.85 -0.0158987
44.86 -0.0157991
44.87 -0.0156971
44.88 -0.0155929
44.89 -0.0154868
44.9 -0.0153791
44.91 -0.0152701
44.92 -0.0151593
44.93 -0.0150463
44.94 -0.0149308
44.95 -0.0148129
44.96 -0.0146925
44.97 -0.0145698
44.98 -0.014445
44.99 -0.0143186
45 -0.0141906
45.01 -0.0140614
45.02 -0.0139306
45.03 -0.0137978
45.04 -0.0136627
45.05 -0.0135253
45.06 -0.0133857
45.07 -0.013244
45.08 -0.0131005
45.09 -0.0129553
45.1 -0.0128089
45.11 -0.0126613
45.12 -0.0125122
45.13 -0.0123613
45.14 -0.0122085
45.15 -0.0120536
45.16 -0.0118967
45.17 -0.0117379
45.18 -0.0115775
45.19 -0.0114157
45.2 -0.0112527
45.21 -0.0110887
45.22 -0.0109234
45.23 -0.0107566
45.24 -0.010588
45.25 -0.0104177
45.26 -0.0102456
45.27 -0.010072
45.28 -0.00989688
45.29 -0.00972059
45.3 -0.00954332
45.31 -0.00936515
45.32 -0.00918591
45.33 -0.00900537
45.34 -0.00882339
45.35 -0.00863994
45.36 -0.00845506
45.37 -0.00826886
45.38 -0.00808148
45.39 -0.00789311
45.4 -0.00770394
45.41 -0.00751404
45.42 -0.00732328
45.43 -0.0071315
45.44 -0.00693858
45.45 -0.00674451
45.46 -0.00654933
45.47 -0.00635313
45.48 -0.00615601
45.49 -0.00595813
45.5 -0.00575964
45.51 -0.00556059
45.52 -0.00536092
45.53 -0.0051605
45.54 -0.00495928
45.55 -0.00475724
45.56 -0.00455442
45.57 -0.00435088
45.58 -0.00414672
45.59 -0.00394203
45.6 -0.00373691
45.61 -0.00353143
45.62 -0.00332556
45.63 -0.00311924
45.64 -0.00291245
45.65 -0.00270519
45.66 -0.0024975
45.67 -0.0022894
45.68 -0.00208096
45.69 -0.00187224
45.7 -0.0016633
45.71 -0.00145419
45.72 -0.00124492
45.73 -0.00103551
45.74 -0.000825963
45.75 -0.000616306
45.76 -0.000406557
45.77 -0.000196735
45.78 1.31397e-005
45.79 0.000223047
45.8 0.000432971
45.81 0.000642876
45.82 0.000852692
45.83 0.00106235
45.84 0.00127179
45.85 0.00148099
45.86 0.00168993
45.87 0.00189862
45.88 0.00210707
45.89 0.00231531
45.9 0.00252335
45.91 0.00273118
45.92 0.00293869
45.93 0.00314573
45.94 0.00335221
45.95 0.0035581
45.96 0.0037634
45.97 0.00396811
45.98 0.0041723
45.99 0.00437602
46 0.00457935
46.01 0.00478228
46.02 0.00498465
46.03 0.00518626
46.04 0.00538698
46.05 0.00558676
46.06 0.0057856
46.07 0.00598356
46.08 0.0061807
46.09 0.00637714
46.1 0.006573
46.11 0.00676827
46.12 0.00696274
46.13 0.00715617
46.14 0.00734839
46.15 0.00753934
46.16 0.00772903
46.17 0.00791753
46.18 0.00810495
46.19 0.00829143
46.2 0.00847714
46.21 0.00866208
46.22 0.00884602
46.23 0.00902863
46.24 0.00920973
46.25 0.00938925
46.26 0.0095672
46.27 0.00974368
46.28 0.00991881
46.29 0.0100928
46.3 0.0102658
46.31 0.0104379
46.32 0.0106088
46.33 0.0107781
46.34 0.0109456
46.35 0.0111113
46.36 0.0112751
46.37 0.0114371
46.38 0.0115976
46.39 0.0117567
46.4 0.0119147
46.41 0.0120716
46.42 0.0122272
46.43 0.0123809
46.44 0.0125325
46.45 0.012682
46.46 0.0128294
46.47 0.0129748
46.48 0.0131185
46.49 0.0132605
46.5 0.0134014
46.51 0.013541
46.52 0.013679
46.53 0.013815
46.54 0.0139487
46.55 0.0140801
46.56 0.0142091
46.57 0.0143359
46.58 0.0144607
46.59 0.0145838
46.6 0.0147055
46.61 0.0148259
46.62 0.0149445
46.63 0.015061
46.64 0.015175
46.65 0.0152863
46.66 0.0153952
46.67 0.0155016
46.68 0.015606
46.69 0.0157084
46.7 0.0158094
46.71 0.0159089
46.72 0.0160066
46.73 0.0161019
46.74 0.0161945
46.75 0.0162845
46.76 0.0163717
46.77 0.0164563
46.78 0.0165387
46.79 0.0166191
46.8 0.0166979
46.81 0.0167752
46.82 0.0168506
46.83 0.0169235
46.84 0.0169936
46.85 0.0170608
46.86 0.0171252
46.87 0.0171869
46.88 0.0172462
46.89 0.0173035
46.9 0.0173591
46.91 0.0174132
46.92 0.0174652
46.93 0.0175146
46.94 0.0175612
46.95 0.0176048
46.96 0.0176455
46.97 0.0176834
46.98 0.0177189
46.99 0.0177523
47 0.0177839
47.01 0.0178139
47.02 0.0178419
47.03 0.0178673
47.04 0.0178897
47.05 0.0179091
47.06 0.0179255
47.07 0.0179391
47.08 0.0179503
47.09 0.0179593
47.1 0.0179665
47.11 0.0179721
47.12 0.0179757
47.13 0.0179766
47.14 0.0179745
47.15 0.0179695
47.16 0.0179614
47.17 0.0179506
47.18 0.0179372
47.19 0.0179217
47.2 0.0179045
47.21 0.0178856
47.22 0.0178646
47.23 0.0178411
47.24 0.0178146
47.25 0.0177851
47.26 0.0177527
47.27 0.0177175
47.28 0.0176799
47.29 0.0176401
47.3 0.0175986
47.31 0.0175555
47.32 0.0175103
47.33 0.0174626
47.34 0.0174121
47.35 0.0173586
47.36 0.0173022
47.37 0.0172432
47.38 0.0171817
47.39 0.0171182
47.4 0.017053
47.41 0.0169863
47.42 0.0169175
47.43 0.0168463
47.44 0.0167724
47.45 0.0166957
47.46 0.0166162
47.47 0.0165341
47.48 0.0164496
47.49 0.0163632
47.5 0.0162752
47.51 0.0161857
47.52 0.0160944
47.53 0.0160007
47.54 0.0159044
47.55 0.0158054
47.56 0.0157038
47.57 0.0155998
47.58 0.0154935
47.59 0.0153854
47.6 0.0152758
47.61 0.0151648
47.62 0.015052
47.63 0.0149371
47.64 0.0148197
47.65 0.0146999
47.66 0.0145776
47.67 0.014453
47.68 0.0143264
47.69 0.0141981
47.7 0.0140684
47.71 0.0139373
47.72 0.0138047
47.73 0.0136701
47.74 0.0135333
47.75 0.0133942
47.76 0.0132528
47.77 0.0131095
47.78 0.0129642
47.79 0.0128174
47.8 0.0126694
47.81 0.0125201
47.82 0.0123694
47.83 0.0122169
47.84 0.0120625
47.85 0.0119061
47.86 0.0117476
47.87 0.0115874
47.88 0.0114255
47.89 0.0112622
47.9 0.0110978
47.91 0.0109324
47.92 0.0107657
47.93 0.0105974
47.94 0.0104275
47.95 0.0102558
47.96 0.0100824
47.97 0.00990749
47.98 0.00973115
47.99 0.00955361
48 0.00937511
48.01 0.00919573
48.02 0.0090153
48.03 0.00883359
48.04 0.00865047
48.05 0.00846591
48.06 0.00827995
48.07 0.0080927
48.08 0.00790429
48.09 0.00771491
48.1 0.00752475
48.11 0.00733388
48.12 0.00714217
48.13 0.00694945
48.14 0.00675564
48.15 0.00656071
48.16 0.00636469
48.17 0.00616768
48.18 0.00596979
48.19 0.00577115
48.2 0.00557191
48.21 0.00537215
48.22 0.00517177
48.23 0.00497068
48.24 0.00476881
48.25 0.00456617
48.26 0.00436277
48.27 0.00415868
48.28 0.00395399
48.29 0.0037488
48.3 0.0035432
48.31 0.00333726
48.32 0.00313095
48.33 0.00292422
48.34 0.00271704
48.35 0.00250944
48.36 0.00230142
48.37 0.00209304
48.38 0.00188435
48.39 0.00167539
48.4 0.00146623
48.41 0.00125692
48.42 0.00104748
48.43 0.00083792
48.44 0.000628263
48.45 0.000418528
48.46 0.000208732
48.47 -1.10368e-006
48.48 -0.000210964
48.49 -0.000420833
48.5 -0.000630699
48.51 -0.000840527
48.52 -0.00105024
48.53 -0.00125977
48.54 -0.00146906
48.55 -0.00167806
48.56 -0.00188678
48.57 -0.00209522
48.58 -0.00230339
48.59 -0.00251131
48.6 -0.00271904
48.61 -0.00292653
48.62 -0.00313367
48.63 -0.00334032
48.64 -0.00354638
48.65 -0.00375182
48.66 -0.00395662
48.67 -0.00416082
48.68 -0.00436446
48.69 -0.00456761
48.7 -0.00477036
48.71 -0.00497268
48.72 -0.00517442
48.73 -0.00537537
48.74 -0.00557541
48.75 -0.00577447
48.76 -0.00597257
48.77 -0.00616974
48.78 -0.00636608
48.79 -0.0065617
48.8 -0.0067567
48.81 -0.00695111
48.82 -0.00714471
48.83 -0.00733722
48.84 -0.0075285
48.85 -0.00771849
48.86 -0.00790718
48.87 -0.00809465
48.88 -0.00828102
48.89 -0.00846643
48.9 -0.00865104
48.91 -0.00883489
48.92 -0.00901769
48.93 -0.00919916
48.94 -0.00937908
48.95 -0.0095574
48.96 -0.00973412
48.97 -0.00990933
48.98 -0.0100832
48.99 -0.0102559
49 -0.0104276
49.01 -0.0105983
49.02 -0.0107679
49.03 -0.0109358
49.04 -0.0111019
49.05 -0.0112662
49.06 -0.0114285
49.07 -0.0115891
49.08 -0.011748
49.09 -0.0119056
49.1 -0.0120621
49.11 -0.0122175
49.12 -0.0123714
49.13 -0.0125236
49.14 -0.0126736
49.15 -0.0128215
49.16 -0.0129672
49.17 -0.013111
49.18 -0.0132529
49.19 -0.0133933
49.2 -0.0135324
49.21 -0.0136702
49.22 -0.0138065
49.23 -0.0139407
49.24 -0.0140727
49.25 -0.0142022
49.26 -0.0143294
49.27 -0.0144543
49.28 -0.0145773
49.29 -0.0146985
49.3 -0.0148183
49.31 -0.0149368
49.32 -0.0150536
49.33 -0.0151681
49.34 -0.0152801
49.35 -0.0153895
49.36 -0.0154964
49.37 -0.0156009
49.38 -0.0157032
49.39 -0.0158036
49.4 -0.0159025
49.41 -0.016
49.42 -0.0160956
49.43 -0.0161889
49.44 -0.0162795
49.45 -0.0163673
49.46 -0.0164524
49.47 -0.0165349
49.48 -0.0166152
49.49 -0.0166935
49.5 -0.0167701
49.51 -0.0168453
49.52 -0.0169185
49.53 -0.0169892
49.54 -0.0170571
49.55 -0.0171221
49.56 -0.0171843
49.57 -0.0172438
49.58 -0.0173009
49.59 -0.017356
49.6 -0.0174094
49.61 -0.0174612
49.62 -0.0175109
49.63 -0.0175581
49.64 -0.0176025
49.65 -0.0176438
49.66 -0.0176822
49.67 -0.0177179
49.68 -0.0177511
49.69 -0.0177822
49.7 -0.0178115
49.71 -0.0178393
49.72 -0.0178649
49.73 -0.017888
49.74 -0.0179081
49.75 -0.0179252
49.76 -0.0179393
49.77 -0.0179507
49.78 -0.0179595
49.79 -0.0179662
49.8 -0.0179711
49.81 -0.0179744
49.82 -0.0179756
49.83 -0.0179742
49.84 -0.0179699
49.85 -0.0179625
49.86 -0.0179521
49.87 -0.017939
49.88 -0.0179233
49.89 -0.0179055
49.9 -0.017886
49.91 -0.0178648
49.92 -0.0178416
49.93 -0.0178157
49.94 -0.017787
49.95 -0.0177552
49.96 -0.0177205
49.97 -0.017683
49.98 -0.0176431
49.99 -0.0176011
50 -0.0175573
50.01 -0.0175119
