0.01 -4.37002e-006
0.02 -2.51676e-005
0.03 -7.57035e-005
0.04 -0.000165284
0.05 -0.000299527
0.06 -0.000480799
0.07 -0.000708726
0.08 -0.000980734
0.09 -0.0012926
0.1 -0.00163898
0.11 -0.0020137
0.12 -0.00241004
0.13 -0.00282134
0.14 -0.00324149
0.15 -0.00366514
0.16 -0.00408779
0.17 -0.00450585
0.18 -0.00491664
0.19 -0.00531836
0.2 -0.00570999
0.21 -0.00609085
0.22 -0.00646023
0.23 -0.00681776
0.24 -0.00716372
0.25 -0.00749889
0.26 -0.00782445
0.27 -0.00814179
0.28 -0.00845246
0.29 -0.00875801
0.3 -0.00905997
0.31 -0.00935922
0.32 -0.00965561
0.33 -0.00994868
0.34 -0.0102382
0.35 -0.0105241
0.36 -0.0108066
0.37 -0.011086
0.38 -0.0113627
0.39 -0.0116371
0.4 -0.0119097
0.41 -0.0121804
0.42 -0.0124478
0.43 -0.0127104
0.44 -0.0129671
0.45 -0.0132175
0.46 -0.0134614
0.47 -0.0136991
0.48 -0.013931
0.49 -0.0141578
0.5 -0.0143803
0.51 -0.0145985
0.52 -0.0148113
0.53 -0.0150173
0.54 -0.0152155
0.55 -0.0154057
0.56 -0.015588
0.57 -0.0157629
0.58 -0.0159312
0.59 -0.0160938
0.6 -0.0162518
0.61 -0.0164053
0.62 -0.0165532
0.63 -0.0166939
0.64 -0.0168265
0.65 -0.0169505
0.66 -0.0170663
0.67 -0.0171743
0.68 -0.0172752
0.69 -0.0173702
0.7 -0.0174602
0.71 -0.0175455
0.72 -0.0176248
0.73 -0.0176965
0.74 -0.0177595
0.75 -0.0178137
0.76 -0.017859
0.77 -0.017896
0.78 -0.0179257
0.79 -0.017949
0.8 -0.017967
0.81 -0.0179802
0.82 -0.0179872
0.83 -0.0179863
0.84 -0.0179767
0.85 -0.0179581
0.86 -0.0179306
0.87 -0.0178948
0.88 -0.0178515
0.89 -0.0178019
0.9 -0.0177471
0.91 -0.0176874
0.92 -0.0176216
0.93 -0.0175483
0.94 -0.0174664
0.95 -0.0173759
0.96 -0.0172767
0.97 -0.0171696
0.98 -0.0170553
0.99 -0.0169349
1 -0.0168095
1.01 -0.0166794
1.02 -0.0165437
1.03 -0.0164009
1.04 -0.0162502
1.05 -0.0160914
1.06 -0.0159247
1.07 -0.0157506
1.08 -0.0155699
1.09 -0.0153835
1.1 -0.0151926
1.11 -0.0149975
1.12 -0.0147973
1.13 -0.0145908
1.14 -0.0143773
1.15 -0.0141567
1.16 -0.0139291
1.17 -0.013695
1.18 -0.0134551
1.19 -0.0132104
1.2 -0.0129617
1.21 -0.0127094
1.22 -0.0124528
1.23 -0.0121909
1.24 -0.0119232
1.25 -0.0116497
1.26 -0.0113704
1.27 -0.0110858
1.28 -0.0107966
1.29 -0.0105033
1.3 -0.0102069
1.31 -0.00990756
1.32 -0.0096049
1.33 -0.00929823
1.34 -0.00898722
1.35 -0.00867181
1.36 -0.00835216
1.37 -0.0080286
1.38 -0.00770161
1.39 -0.00737172
1.4 -0.00703951
1.41 -0.00670528
1.42 -0.00636881
1.43 -0.00602976
1.44 -0.00568797
1.45 -0.00534345
1.46 -0.00499634
1.47 -0.00464688
1.48 -0.00429536
1.49 -0.00394215
1.5 -0.00358761
1.51 -0.00323198
1.52 -0.00287531
1.53 -0.00251758
1.54 -0.00215883
1.55 -0.00179913
1.56 -0.00143858
1.57 -0.00107733
1.58 -0.000715508
1.59 -0.000353253
1.6 9.29992e-006
1.61 0.000371957
1.62 0.000734414
1.63 0.00109637
1.64 0.00145759
1.65 0.00181793
1.66 0.00217733
1.67 0.00253577
1.68 0.00289328
1.69 0.00324993
1.7 0.00360583
1.71 0.00396086
1.72 0.00431445
1.73 0.00466599
1.74 0.00501507
1.75 0.0053615
1.76 0.00570522
1.77 0.00604635
1.78 0.0063851
1.79 0.00672174
1.8 0.00705661
1.81 0.00738966
1.82 0.00772009
1.83 0.00804702
1.84 0.00836986
1.85 0.00868836
1.86 0.00900253
1.87 0.00931257
1.88 0.00961886
1.89 0.00992188
1.9 0.0102222
1.91 0.0105198
1.92 0.0108137
1.93 0.0111028
1.94 0.0113864
1.95 0.0116641
1.96 0.011936
1.97 0.0122024
1.98 0.0124638
1.99 0.012721
2 0.0129746
2.01 0.0132247
2.02 0.0134703
2.03 0.0137098
2.04 0.0139426
2.05 0.0141683
2.06 0.014387
2.07 0.014599
2.08 0.014805
2.09 0.0150059
2.1 0.0152026
2.11 0.0153951
2.12 0.0155823
2.13 0.0157627
2.14 0.0159354
2.15 0.0160999
2.16 0.0162565
2.17 0.0164055
2.18 0.0165478
2.19 0.0166844
2.2 0.0168161
2.21 0.0169433
2.22 0.0170646
2.23 0.0171785
2.24 0.017284
2.25 0.0173807
2.26 0.0174689
2.27 0.017549
2.28 0.0176218
2.29 0.0176884
2.3 0.0177499
2.31 0.0178066
2.32 0.0178572
2.33 0.0178999
2.34 0.017934
2.35 0.0179591
2.36 0.0179752
2.37 0.0179831
2.38 0.0179835
2.39 0.0179775
2.4 0.0179663
2.41 0.0179502
2.42 0.0179279
2.43 0.0178979
2.44 0.0178592
2.45 0.0178115
2.46 0.0177551
2.47 0.0176904
2.48 0.0176184
2.49 0.01754
2.5 0.0174566
2.51 0.0173683
2.52 0.0172741
2.53 0.0171724
2.54 0.0170625
2.55 0.0169441
2.56 0.0168173
2.57 0.0166826
2.58 0.0165411
2.59 0.0163936
2.6 0.0162412
2.61 0.0160844
2.62 0.015922
2.63 0.0157529
2.64 0.0155762
2.65 0.0153918
2.66 0.0151997
2.67 0.0150006
2.68 0.0147952
2.69 0.0145845
2.7 0.0143694
2.71 0.0141503
2.72 0.0139265
2.73 0.0136967
2.74 0.0134603
2.75 0.0132173
2.76 0.0129678
2.77 0.0127123
2.78 0.0124514
2.79 0.012186
2.8 0.0119168
2.81 0.0116444
2.82 0.011368
2.83 0.0110868
2.84 0.0108004
2.85 0.0105087
2.86 0.0102118
2.87 0.00991014
2.88 0.00960428
2.89 0.00929487
2.9 0.00898259
2.91 0.00866776
2.92 0.00835003
2.93 0.00802883
2.94 0.00770392
2.95 0.00737526
2.96 0.007043
2.97 0.00670744
2.98 0.00636899
2.99 0.0060281
3 0.00568528
3.01 0.00534081
3.02 0.00499458
3.03 0.00464635
3.04 0.00429607
3.05 0.00394376
3.06 0.00358955
3.07 0.00323363
3.08 0.00287625
3.09 0.00251768
3.1 0.00215818
3.11 0.00179798
3.12 0.00143724
3.13 0.00107606
3.14 0.000714564
3.15 0.000352844
3.16 -8.99982e-006
3.17 -0.000370884
3.18 -0.00073274
3.19 -0.00109451
3.2 -0.00145616
3.21 -0.00181752
3.22 -0.00217818
3.23 -0.00253771
3.24 -0.00289582
3.25 -0.00325232
3.26 -0.00360717
3.27 -0.0039604
3.28 -0.00431211
3.29 -0.00466246
3.3 -0.00501164
3.31 -0.00535956
3.32 -0.00570556
3.33 -0.00604892
3.34 -0.00638915
3.35 -0.00672604
3.36 -0.00705956
3.37 -0.00738985
3.38 -0.00771719
3.39 -0.00804196
3.4 -0.00836456
3.41 -0.00868497
3.42 -0.00900234
3.43 -0.00931564
3.44 -0.00962425
3.45 -0.0099279
3.46 -0.0102266
3.47 -0.0105206
3.48 -0.0108104
3.49 -0.0110964
3.5 -0.0113794
3.51 -0.0116593
3.52 -0.0119352
3.53 -0.0122058
3.54 -0.0124703
3.55 -0.0127285
3.56 -0.0129803
3.57 -0.0132261
3.58 -0.0134666
3.59 -0.0137023
3.6 -0.0139343
3.61 -0.0141625
3.62 -0.0143857
3.63 -0.0146027
3.64 -0.0148124
3.65 -0.0150146
3.66 -0.0152093
3.67 -0.0153971
3.68 -0.0155785
3.69 -0.0157545
3.7 -0.015926
3.71 -0.0160932
3.72 -0.0162548
3.73 -0.0164093
3.74 -0.0165558
3.75 -0.0166938
3.76 -0.0168236
3.77 -0.0169457
3.78 -0.0170607
3.79 -0.0171698
3.8 -0.0172739
3.81 -0.0173734
3.82 -0.0174668
3.83 -0.0175527
3.84 -0.01763
3.85 -0.0176983
3.86 -0.017758
3.87 -0.0178094
3.88 -0.0178534
3.89 -0.0178912
3.9 -0.0179237
3.91 -0.0179514
3.92 -0.0179729
3.93 -0.0179866
3.94 -0.0179916
3.95 -0.0179875
3.96 -0.0179745
3.97 -0.0179532
3.98 -0.0179245
3.99 -0.0178894
4 -0.0178491
4.01 -0.0178038
4.02 -0.0177525
4.03 -0.0176935
4.04 -0.017626
4.05 -0.0175496
4.06 -0.0174646
4.07 -0.0173715
4.08 -0.0172711
4.09 -0.0171645
4.1 -0.017053
4.11 -0.0169367
4.12 -0.0168146
4.13 -0.0166853
4.14 -0.016548
4.15 -0.0164024
4.16 -0.0162487
4.17 -0.0160875
4.18 -0.0159196
4.19 -0.0157459
4.2 -0.0155676
4.21 -0.015385
4.22 -0.0151971
4.23 -0.0150027
4.24 -0.0148012
4.25 -0.0145922
4.26 -0.0143762
4.27 -0.0141534
4.28 -0.0139247
4.29 -0.0136909
4.3 -0.013453
4.31 -0.0132114
4.32 -0.0129653
4.33 -0.0127137
4.34 -0.0124561
4.35 -0.0121923
4.36 -0.0119225
4.37 -0.0116472
4.38 -0.0113669
4.39 -0.0110825
4.4 -0.0107947
4.41 -0.0105039
4.42 -0.0102095
4.43 -0.00991082
4.44 -0.00960753
4.45 -0.00929951
4.46 -0.00898695
4.47 -0.00867019
4.48 -0.00834972
4.49 -0.00802614
4.5 -0.00770004
4.51 -0.00737175
4.52 -0.007041
4.53 -0.00670736
4.54 -0.00637066
4.55 -0.00603087
4.56 -0.00568816
4.57 -0.00534277
4.58 -0.00499504
4.59 -0.00464538
4.6 -0.00429417
4.61 -0.00394169
4.62 -0.00358793
4.63 -0.00323279
4.64 -0.00287628
4.65 -0.00251846
4.66 -0.00215945
4.67 -0.0017994
4.68 -0.00143847
4.69 -0.00107686
4.7 -0.000714736
4.71 -0.000352314
4.72 1.01575e-005
4.73 0.000372436
4.74 0.000734337
4.75 0.00109573
4.76 0.00145653
4.77 0.0018167
4.78 0.00217624
4.79 0.00253518
4.8 0.00289358
4.81 0.0032513
4.82 0.00360783
4.83 0.00396261
4.84 0.00431528
4.85 0.00466564
4.86 0.00501364
4.87 0.00535937
4.88 0.00570299
4.89 0.00604476
4.9 0.00638496
4.91 0.00672351
4.92 0.00705968
4.93 0.00739263
4.94 0.0077218
4.95 0.00804696
4.96 0.0083681
4.97 0.00868541
4.98 0.00899923
4.99 0.00931001
5 0.00961825
5.01 0.00992395
5.02 0.0102262
5.03 0.0105238
5.04 0.0108162
5.05 0.011103
5.06 0.0113843
5.07 0.0116604
5.08 0.0119317
5.09 0.012199
5.1 0.0124628
5.11 0.0127233
5.12 0.0129794
5.13 0.0132297
5.14 0.0134735
5.15 0.0137103
5.16 0.0139404
5.17 0.0141641
5.18 0.014382
5.19 0.0145948
5.2 0.0148036
5.21 0.0150084
5.22 0.0152079
5.23 0.0154008
5.24 0.0155861
5.25 0.0157635
5.26 0.0159331
5.27 0.0160953
5.28 0.0162509
5.29 0.0164008
5.3 0.016546
5.31 0.0166868
5.32 0.0168218
5.33 0.0169494
5.34 0.0170688
5.35 0.0171795
5.36 0.0172817
5.37 0.0173759
5.38 0.017463
5.39 0.0175439
5.4 0.0176198
5.41 0.0176908
5.42 0.0177558
5.43 0.017813
5.44 0.0178616
5.45 0.0179012
5.46 0.0179319
5.47 0.0179543
5.48 0.0179693
5.49 0.0179779
5.5 0.0179813
5.51 0.0179798
5.52 0.0179721
5.53 0.0179566
5.54 0.0179324
5.55 0.0178993
5.56 0.0178572
5.57 0.0178069
5.58 0.0177492
5.59 0.0176852
5.6 0.017616
5.61 0.017542
5.62 0.017462
5.63 0.0173744
5.64 0.0172785
5.65 0.0171739
5.66 0.0170608
5.67 0.0169399
5.68 0.0168118
5.69 0.0166778
5.7 0.0165388
5.71 0.0163952
5.72 0.0162461
5.73 0.01609
5.74 0.0159262
5.75 0.0157544
5.76 0.0155748
5.77 0.0153881
5.78 0.0151949
5.79 0.0149962
5.8 0.014793
5.81 0.0145858
5.82 0.0143735
5.83 0.0141552
5.84 0.0139301
5.85 0.0136981
5.86 0.0134593
5.87 0.0132143
5.88 0.0129638
5.89 0.0127085
5.9 0.0124494
5.91 0.0121868
5.92 0.01192
5.93 0.0116483
5.94 0.011371
5.95 0.0110882
5.96 0.0107998
5.97 0.0105065
5.98 0.0102087
5.99 0.00990713
6 0.00960252
6.01 0.00929519
6.02 0.00898474
6.03 0.00867056
6.04 0.00835234
6.05 0.00803004
6.06 0.00770382
6.07 0.00737399
6.08 0.007041
6.09 0.00670534
6.1 0.00636755
6.11 0.00602793
6.12 0.0056863
6.13 0.00534238
6.14 0.00499606
6.15 0.00464736
6.16 0.00429642
6.17 0.00394344
6.18 0.00358871
6.19 0.00323253
6.2 0.00287522
6.21 0.00251702
6.22 0.00215803
6.23 0.00179828
6.24 0.00143786
6.25 0.00107686
6.26 0.000715375
6.27 0.000353514
6.28 -8.61924e-006
6.29 -0.000370927
6.3 -0.000733322
6.31 -0.00109562
6.32 -0.00145748
6.33 -0.00181851
6.34 -0.00217847
6.35 -0.00253719
6.36 -0.0028946
6.37 -0.00325072
6.38 -0.00360562
6.39 -0.00395941
6.4 -0.00431224
6.41 -0.00466399
6.42 -0.00501408
6.43 -0.00536181
6.44 -0.00570675
6.45 -0.00604868
6.46 -0.00638757
6.47 -0.00672356
6.48 -0.00705687
6.49 -0.00738784
6.5 -0.00771685
6.51 -0.00804384
6.52 -0.008368
6.53 -0.00868838
6.54 -0.00900436
6.55 -0.00931569
6.56 -0.00962237
6.57 -0.00992464
6.58 -0.0102229
6.59 -0.0105177
6.6 -0.0108096
6.61 -0.0110986
6.62 -0.0113837
6.63 -0.0116638
6.64 -0.011938
6.65 -0.0122062
6.66 -0.0124682
6.67 -0.0127246
6.68 -0.0129757
6.69 -0.0132224
6.7 -0.0134654
6.71 -0.0137047
6.72 -0.0139393
6.73 -0.0141677
6.74 -0.0143892
6.75 -0.0146033
6.76 -0.0148102
6.77 -0.0150102
6.78 -0.0152041
6.79 -0.0153927
6.8 -0.0155769
6.81 -0.0157569
6.82 -0.0159315
6.83 -0.0160991
6.84 -0.0162587
6.85 -0.0164102
6.86 -0.0165535
6.87 -0.0166891
6.88 -0.0168179
6.89 -0.0169408
6.9 -0.0170588
6.91 -0.0171723
6.92 -0.0172797
6.93 -0.0173797
6.94 -0.0174711
6.95 -0.0175538
6.96 -0.0176277
6.97 -0.0176935
6.98 -0.017752
6.99 -0.0178042
7 -0.0178513
7.01 -0.0178935
7.02 -0.0179296
7.03 -0.0179578
7.04 -0.0179774
7.05 -0.0179879
7.06 -0.0179895
7.07 -0.0179828
7.08 -0.0179686
7.09 -0.017948
7.1 -0.0179222
7.11 -0.0178915
7.12 -0.0178547
7.13 -0.0178102
7.14 -0.017757
7.15 -0.0176949
7.16 -0.0176241
7.17 -0.0175451
7.18 -0.0174589
7.19 -0.0173664
7.2 -0.0172688
7.21 -0.0171664
7.22 -0.0170582
7.23 -0.0169426
7.24 -0.0168189
7.25 -0.0166868
7.26 -0.0165464
7.27 -0.0163984
7.28 -0.0162435
7.29 -0.0160828
7.3 -0.0159173
7.31 -0.0157474
7.32 -0.0155722
7.33 -0.0153903
7.34 -0.015201
7.35 -0.0150042
7.36 -0.0147999
7.37 -0.0145888
7.38 -0.0143716
7.39 -0.0141492
7.4 -0.0139225
7.41 -0.013692
7.42 -0.0134568
7.43 -0.0132159
7.44 -0.0129687
7.45 -0.0127151
7.46 -0.0124553
7.47 -0.0121896
7.48 -0.0119188
7.49 -0.0116437
7.5 -0.011365
7.51 -0.0110831
7.52 -0.0107975
7.53 -0.0105073
7.54 -0.0102122
7.55 -0.00991213
7.56 -0.00960716
7.57 -0.00929771
7.58 -0.0089843
7.59 -0.00866754
7.6 -0.00834809
7.61 -0.00802627
7.62 -0.00770176
7.63 -0.00737408
7.64 -0.00704301
7.65 -0.00670851
7.66 -0.00637075
7.67 -0.00603
7.68 -0.00568663
7.69 -0.00534107
7.7 -0.00499378
7.71 -0.00464502
7.72 -0.00429474
7.73 -0.00394277
7.74 -0.00358909
7.75 -0.00323374
7.76 -0.00287684
7.77 -0.00251856
7.78 -0.00215912
7.79 -0.00179873
7.8 -0.00143762
7.81 -0.00107602
7.82 -0.000714123
7.83 -0.000352101
7.84 9.89347e-006
7.85 0.000371743
7.86 0.000733358
7.87 0.00109468
7.88 0.00145567
7.89 0.00181632
7.9 0.00217664
7.91 0.00253647
7.92 0.00289536
7.93 0.0032528
7.94 0.00360848
7.95 0.0039622
7.96 0.00431391
7.97 0.00466367
7.98 0.00501162
7.99 0.00535796
8 0.00570293
8.01 0.00604644
8.02 0.00638781
8.03 0.00672623
8.04 0.00706121
8.05 0.0073925
8.06 0.00772009
8.07 0.00804416
8.08 0.008365
8.09 0.00868303
8.1 0.0089987
8.11 0.00931202
8.12 0.00962207
8.13 0.00992779
8.14 0.0102285
8.15 0.010524
8.16 0.0108142
8.17 0.0110995
8.18 0.0113803
8.19 0.0116571
8.2 0.0119308
8.21 0.0122012
8.22 0.0124674
8.23 0.0127281
8.24 0.0129824
8.25 0.0132301
8.26 0.0134713
8.27 0.0137062
8.28 0.0139356
8.29 0.0141601
8.3 0.0143806
8.31 0.0145972
8.32 0.0148088
8.33 0.0150139
8.34 0.0152116
8.35 0.0154015
8.36 0.0155838
8.37 0.015759
8.38 0.0159276
8.39 0.0160907
8.4 0.0162492
8.41 0.0164033
8.42 0.0165517
8.43 0.0166929
8.44 0.0168259
8.45 0.0169504
8.46 0.0170665
8.47 0.0171747
8.48 0.0172759
8.49 0.0173709
8.5 0.017461
8.51 0.0175463
8.52 0.0176256
8.53 0.0176972
8.54 0.0177602
8.55 0.0178142
8.56 0.0178594
8.57 0.0178963
8.58 0.0179259
8.59 0.0179491
8.6 0.0179671
8.61 0.0179802
8.62 0.0179871
8.63 0.0179862
8.64 0.0179766
8.65 0.0179579
8.66 0.0179304
8.67 0.0178946
8.68 0.0178514
8.69 0.0178017
8.7 0.0177469
8.71 0.0176873
8.72 0.0176215
8.73 0.0175482
8.74 0.0174664
8.75 0.0173759
8.76 0.0172767
8.77 0.0171696
8.78 0.0170553
8.79 0.0169349
8.8 0.0168095
8.81 0.0166795
8.82 0.0165438
8.83 0.0164009
8.84 0.0162503
8.85 0.0160914
8.86 0.0159247
8.87 0.0157506
8.88 0.0155699
8.89 0.0153835
8.9 0.0151926
8.91 0.0149975
8.92 0.0147973
8.93 0.0145908
8.94 0.0143773
8.95 0.0141567
8.96 0.013929
8.97 0.013695
8.98 0.0134551
8.99 0.0132104
9 0.0129617
9.01 0.0127094
9.02 0.0124528
9.03 0.0121909
9.04 0.0119232
9.05 0.0116497
9.06 0.0113704
9.07 0.0110858
9.08 0.0107966
9.09 0.0105033
9.1 0.0102069
9.11 0.00990756
9.12 0.0096049
9.13 0.00929823
9.14 0.00898722
9.15 0.00867181
9.16 0.00835216
9.17 0.0080286
9.18 0.00770161
9.19 0.00737172
9.2 0.00703951
9.21 0.00670528
9.22 0.00636881
9.23 0.00602976
9.24 0.00568797
9.25 0.00534345
9.26 0.00499634
9.27 0.00464688
9.28 0.00429536
9.29 0.00394215
9.3 0.00358761
9.31 0.00323198
9.32 0.00287531
9.33 0.00251758
9.34 0.00215883
9.35 0.00179913
9.36 0.00143858
9.37 0.00107733
9.38 0.000715508
9.39 0.000353253
9.4 -9.29987e-006
9.41 -0.000371957
9.42 -0.000734414
9.43 -0.00109637
9.44 -0.00145759
9.45 -0.00181793
9.46 -0.00217733
9.47 -0.00253577
9.48 -0.00289328
9.49 -0.00324993
9.5 -0.00360583
9.51 -0.00396086
9.52 -0.00431445
9.53 -0.00466599
9.54 -0.00501507
9.55 -0.0053615
9.56 -0.00570522
9.57 -0.00604635
9.58 -0.0063851
9.59 -0.00672174
9.6 -0.00705661
9.61 -0.00738966
9.62 -0.00772009
9.63 -0.00804702
9.64 -0.00836986
9.65 -0.00868836
9.66 -0.00900253
9.67 -0.00931257
9.68 -0.00961886
9.69 -0.00992188
9.7 -0.0102222
9.71 -0.0105198
9.72 -0.0108137
9.73 -0.0111028
9.74 -0.0113864
9.75 -0.0116641
9.76 -0.011936
9.77 -0.0122024
9.78 -0.0124638
9.79 -0.012721
9.8 -0.0129746
9.81 -0.0132247
9.82 -0.0134703
9.83 -0.0137098
9.84 -0.0139426
9.85 -0.0141683
9.86 -0.014387
9.87 -0.014599
9.88 -0.014805
9.89 -0.0150059
9.9 -0.0152026
9.91 -0.0153951
9.92 -0.0155823
9.93 -0.0157627
9.94 -0.0159354
9.95 -0.0160999
9.96 -0.0162565
9.97 -0.0164055
9.98 -0.0165478
9.99 -0.0166844
10 -0.0168161
