0.01 -9.83687e-006
0.02 -5.66519e-005
0.03 -0.000170408
0.04 -0.000372052
0.05 -0.000674231
0.06 -0.00108227
0.07 -0.00159533
0.08 -0.00220762
0.09 -0.00290963
0.1 -0.00368933
0.11 -0.00453111
0.12 -0.00541512
0.13 -0.00632118
0.14 -0.0072319
0.15 -0.00813302
0.16 -0.00901349
0.17 -0.00986537
0.18 -0.0106836
0.19 -0.0114659
0.2 -0.012212
0.21 -0.0129197
0.22 -0.0135816
0.23 -0.0141901
0.24 -0.014742
0.25 -0.0152369
0.26 -0.0156778
0.27 -0.0160694
0.28 -0.016418
0.29 -0.0167308
0.3 -0.0170153
0.31 -0.0172744
0.32 -0.0175024
0.33 -0.0176916
0.34 -0.0178377
0.35 -0.0179393
0.36 -0.0179974
0.37 -0.018015
0.38 -0.0179964
0.39 -0.0179469
0.4 -0.0178723
0.41 -0.0177739
0.42 -0.0176452
0.43 -0.0174776
0.44 -0.0172665
0.45 -0.0170098
0.46 -0.0167085
0.47 -0.0163652
0.48 -0.0159842
0.49 -0.0155708
0.5 -0.0151309
0.51 -0.0146671
0.52 -0.0141759
0.53 -0.0136526
0.54 -0.0130947
0.55 -0.012502
0.56 -0.011876
0.57 -0.0112197
0.58 -0.0105367
0.59 -0.0098314
0.6 -0.00910842
0.61 -0.00837076
0.62 -0.00761844
0.63 -0.00685066
0.64 -0.0060675
0.65 -0.00526978
0.66 -0.00445888
0.67 -0.00363655
0.68 -0.00280475
0.69 -0.00196553
0.7 -0.00112092
0.71 -0.000273395
0.72 0.000573694
0.73 0.00141707
0.74 0.00225427
0.75 0.00308361
0.76 0.00390409
0.77 0.00471535
0.78 0.00551756
0.79 0.00631126
0.8 0.00709734
0.81 0.00787424
0.82 0.00863591
0.83 0.00937559
0.84 0.0100889
0.85 0.0107735
0.86 0.011429
0.87 0.0120565
0.88 0.0126582
0.89 0.0132371
0.9 0.0137968
0.91 0.014337
0.92 0.0148503
0.93 0.0153279
0.94 0.0157645
0.95 0.0161576
0.96 0.0165075
0.97 0.0168166
0.98 0.0170886
0.99 0.0173284
1 0.0175415
1.01 0.0177291
1.02 0.0178839
1.03 0.017997
1.04 0.0180631
1.05 0.0180804
1.06 0.0180498
1.07 0.0179742
1.08 0.0178582
1.09 0.0177076
1.1 0.0175285
1.11 0.0173234
1.12 0.0170865
1.13 0.0168108
1.14 0.0164925
1.15 0.0161303
1.16 0.0157257
1.17 0.0152816
1.18 0.0148026
1.19 0.0142938
1.2 0.013761
1.21 0.013207
1.22 0.0126292
1.23 0.0120239
1.24 0.0113892
1.25 0.0107252
1.26 0.0100332
1.27 0.0093158
1.28 0.00857628
1.29 0.00781832
1.3 0.00704582
1.31 0.00626167
1.32 0.00546677
1.33 0.00466142
1.34 0.00384635
1.35 0.00302264
1.36 0.00219156
1.37 0.00135451
1.38 0.000512913
1.39 -0.000331869
1.4 -0.00117858
1.41 -0.00202492
1.42 -0.00286669
1.43 -0.00369954
1.44 -0.00452039
1.45 -0.00532733
1.46 -0.0061195
1.47 -0.00689691
1.48 -0.0076603
1.49 -0.00841095
1.5 -0.00915051
1.51 -0.00987775
1.52 -0.0105861
1.53 -0.011268
1.54 -0.0119189
1.55 -0.0125362
1.56 -0.0131197
1.57 -0.013671
1.58 -0.0141927
1.59 -0.0146884
1.6 -0.0151624
1.61 -0.0156148
1.62 -0.0160379
1.63 -0.0164229
1.64 -0.0167643
1.65 -0.0170598
1.66 -0.0173097
1.67 -0.0175168
1.68 -0.017685
1.69 -0.0178196
1.7 -0.0179265
1.71 -0.0180071
1.72 -0.0180545
1.73 -0.01806
1.74 -0.0180188
1.75 -0.0179291
1.76 -0.017792
1.77 -0.0176104
1.78 -0.0173891
1.79 -0.0171338
1.8 -0.0168507
1.81 -0.0165423
1.82 -0.0162037
1.83 -0.0158286
1.84 -0.0154137
1.85 -0.0149581
1.86 -0.0144632
1.87 -0.0139319
1.88 -0.0133685
1.89 -0.012778
1.9 -0.0121655
1.91 -0.0115341
1.92 -0.0108821
1.93 -0.0102068
1.94 -0.00950695
1.95 -0.008783
1.96 -0.00803633
1.97 -0.00726919
1.98 -0.00648439
1.99 -0.00568507
2 -0.00487446
2.01 -0.00405533
2.02 -0.00322956
2.03 -0.00239858
2.04 -0.00156382
2.05 -0.000726599
2.06 0.00011188
2.07 0.000950597
2.08 0.00178871
2.09 0.00262557
2.1 0.00346072
2.11 0.00429211
2.12 0.00511477
2.13 0.00592338
2.14 0.0067143
2.15 0.00748545
2.16 0.00823614
2.17 0.00896678
2.18 0.00967868
2.19 0.0103738
2.2 0.0110546
2.21 0.0117202
2.22 0.0123635
2.23 0.0129766
2.24 0.0135542
2.25 0.0140941
2.26 0.0145962
2.27 0.0150623
2.28 0.0154955
2.29 0.0159
2.3 0.0162806
2.31 0.0166378
2.32 0.016964
2.33 0.0172501
2.34 0.0174908
2.35 0.0176838
2.36 0.0178298
2.37 0.0179314
2.38 0.0179931
2.39 0.0180204
2.4 0.0180193
2.41 0.0179916
2.42 0.0179308
2.43 0.0178287
2.44 0.0176808
2.45 0.0174856
2.46 0.0172442
2.47 0.0169596
2.48 0.0166366
2.49 0.0162808
2.5 0.0158982
2.51 0.0154915
2.52 0.0150568
2.53 0.0145884
2.54 0.0140836
2.55 0.013542
2.56 0.0129649
2.57 0.0123551
2.58 0.0117166
2.59 0.0110538
2.6 0.0103717
2.61 0.00967321
2.62 0.00895759
2.63 0.00822323
2.64 0.00746972
2.65 0.00669768
2.66 0.00590848
2.67 0.00510408
2.68 0.00428681
2.69 0.00345915
2.7 0.00262363
2.71 0.00178288
2.72 0.000939691
2.73 9.66311e-005
2.74 -0.00074422
2.75 -0.0015813
2.76 -0.00241351
2.77 -0.00324022
2.78 -0.00406119
2.79 -0.00487649
2.8 -0.00568646
2.81 -0.00648934
2.82 -0.00727948
2.83 -0.00805066
2.84 -0.00879875
2.85 -0.00952155
2.86 -0.0102185
2.87 -0.0108905
2.88 -0.0115393
2.89 -0.0121676
2.9 -0.0127785
2.91 -0.0133715
2.92 -0.0139394
2.93 -0.0144735
2.94 -0.0149686
2.95 -0.0154223
2.96 -0.0158347
2.97 -0.016208
2.98 -0.0165456
2.99 -0.0168524
3 -0.0171334
3.01 -0.0173895
3.02 -0.0176135
3.03 -0.0177961
3.04 -0.0179321
3.05 -0.0180195
3.06 -0.0180591
3.07 -0.0180537
3.08 -0.0180079
3.09 -0.0179274
3.1 -0.0178183
3.11 -0.0176827
3.12 -0.0175147
3.13 -0.0173068
3.14 -0.0170546
3.15 -0.016757
3.16 -0.0164152
3.17 -0.0160323
3.18 -0.0156129
3.19 -0.0151623
3.2 -0.0146865
3.21 -0.0141882
3.22 -0.0136643
3.23 -0.0131103
3.24 -0.012524
3.25 -0.0119051
3.26 -0.0112552
3.27 -0.0105768
3.28 -0.00987358
3.29 -0.00914949
3.3 -0.00840886
3.31 -0.00765461
3.32 -0.00688703
3.33 -0.00610563
3.34 -0.00531072
3.35 -0.00450316
3.36 -0.00368431
3.37 -0.00285577
3.38 -0.00201934
3.39 -0.00117684
3.4 -0.000330044
3.41 0.000518616
3.42 0.00136548
3.43 0.00220687
3.44 0.0030401
3.45 0.00386339
3.46 0.00467577
3.47 0.005477
3.48 0.00626744
3.49 0.00704789
3.5 0.00781947
3.51 0.00858076
3.52 0.00932551
3.53 0.0100467
3.54 0.0107397
3.55 0.0114024
3.56 0.0120343
3.57 0.0126366
3.58 0.0132117
3.59 0.013763
3.6 0.0142941
3.61 0.0148049
3.62 0.015288
3.63 0.0157345
3.64 0.0161389
3.65 0.016499
3.66 0.0168151
3.67 0.0170894
3.68 0.0173261
3.69 0.01753
3.7 0.0177068
3.71 0.0178578
3.72 0.0179758
3.73 0.0180519
3.74 0.0180811
3.75 0.0180615
3.76 0.0179941
3.77 0.0178817
3.78 0.0177292
3.79 0.0175421
3.8 0.0173268
3.81 0.0170856
3.82 0.0168132
3.83 0.0165027
3.84 0.0161503
3.85 0.0157553
3.86 0.0153187
3.87 0.0148437
3.88 0.0143346
3.89 0.0137967
3.9 0.0132354
3.91 0.0126536
3.92 0.0120491
3.93 0.0114185
3.94 0.0107602
3.95 0.0100742
3.96 0.00936205
3.97 0.00862616
3.98 0.00786963
3.99 0.00709599
4 0.0063089
4.01 0.00551122
4.02 0.00470419
4.03 0.00388851
4.04 0.00306513
4.05 0.00223523
4.06 0.00140006
4.07 0.000560896
4.08 -0.000281051
4.09 -0.00112466
4.1 -0.00196893
4.11 -0.00281167
4.12 -0.0036484
4.13 -0.00447442
4.14 -0.00528644
4.15 -0.00608251
4.16 -0.00686182
4.17 -0.00762451
4.18 -0.00837153
4.19 -0.0091044
4.2 -0.00982503
4.21 -0.0105323
4.22 -0.0112195
4.23 -0.0118789
4.24 -0.0125057
4.25 -0.0130974
4.26 -0.0136539
4.27 -0.0141768
4.28 -0.0146688
4.29 -0.015134
4.3 -0.0155766
4.31 -0.0159969
4.32 -0.0163874
4.33 -0.0167389
4.34 -0.0170462
4.35 -0.0173068
4.36 -0.0175213
4.37 -0.0176923
4.38 -0.017824
4.39 -0.0179218
4.4 -0.0179916
4.41 -0.018035
4.42 -0.0180451
4.43 -0.0180135
4.44 -0.0179354
4.45 -0.0178091
4.46 -0.0176356
4.47 -0.0174182
4.48 -0.0171614
4.49 -0.0168709
4.5 -0.0165529
4.51 -0.0162099
4.52 -0.0158375
4.53 -0.0154295
4.54 -0.0149828
4.55 -0.0144966
4.56 -0.0139724
4.57 -0.0134131
4.58 -0.0128227
4.59 -0.0122061
4.6 -0.0115685
4.61 -0.0109127
4.62 -0.0102375
4.63 -0.00954055
4.64 -0.0088209
4.65 -0.00807901
4.66 -0.00731627
4.67 -0.00653484
4.68 -0.00573738
4.69 -0.00492679
4.7 -0.00410608
4.71 -0.00327797
4.72 -0.00244466
4.73 -0.00160798
4.74 -0.000769569
4.75 6.91447e-005
4.76 0.000907008
4.77 0.00174313
4.78 0.00257687
4.79 0.00340782
4.8 0.00423581
4.81 0.00505889
4.82 0.00587184
4.83 0.00666901
4.84 0.00744659
4.85 0.00820247
4.86 0.00893599
4.87 0.00964771
4.88 0.0103391
4.89 0.0110125
4.9 0.0116704
4.91 0.0123121
4.92 0.0129306
4.93 0.0135175
4.94 0.0140677
4.95 0.0145788
4.96 0.0150509
4.97 0.0154858
4.98 0.0158868
4.99 0.0162583
5 0.0166052
5.01 0.0169281
5.02 0.0172196
5.03 0.0174705
5.04 0.0176755
5.05 0.0178324
5.06 0.0179419
5.07 0.0180068
5.08 0.0180315
5.09 0.0180215
5.1 0.0179831
5.11 0.0179181
5.12 0.0178202
5.13 0.0176814
5.14 0.0174972
5.15 0.0172663
5.16 0.0169897
5.17 0.0166707
5.18 0.0163138
5.19 0.0159245
5.2 0.0155091
5.21 0.01507
5.22 0.0146037
5.23 0.0141048
5.24 0.013571
5.25 0.0130017
5.26 0.0123983
5.27 0.0117637
5.28 0.0111017
5.29 0.0104165
5.3 0.00971297
5.31 0.00899391
5.32 0.00825902
5.33 0.00750706
5.34 0.00673786
5.35 0.00595212
5.36 0.00515123
5.37 0.00433701
5.38 0.00351161
5.39 0.00267729
5.4 0.00183634
5.41 0.000991303
5.42 0.000145286
5.43 -0.000698755
5.44 -0.00153853
5.45 -0.00237238
5.46 -0.00319928
5.47 -0.00401873
5.48 -0.00483066
5.49 -0.00563543
5.5 -0.00643364
5.51 -0.00722364
5.52 -0.00799956
5.53 -0.00875489
5.54 -0.00948535
5.55 -0.0101887
5.56 -0.0108645
5.57 -0.0115136
5.58 -0.0121382
5.59 -0.012741
5.6 -0.0133255
5.61 -0.0138913
5.62 -0.0144309
5.63 -0.0149357
5.64 -0.0154004
5.65 -0.0158226
5.66 -0.0162025
5.67 -0.0165423
5.68 -0.0168457
5.69 -0.0171175
5.7 -0.0173631
5.71 -0.0175834
5.72 -0.0177711
5.73 -0.0179173
5.74 -0.0180167
5.75 -0.0180673
5.76 -0.01807
5.77 -0.0180276
5.78 -0.0179449
5.79 -0.0178274
5.8 -0.0176814
5.81 -0.0175091
5.82 -0.0173048
5.83 -0.017061
5.84 -0.0167738
5.85 -0.016442
5.86 -0.0160668
5.87 -0.0156514
5.88 -0.0152002
5.89 -0.0147187
5.9 -0.0142124
5.91 -0.0136844
5.92 -0.0131317
5.93 -0.0125502
5.94 -0.0119379
5.95 -0.0112948
5.96 -0.0106221
5.97 -0.00992266
5.98 -0.00919971
5.99 -0.00845716
6 -0.00769912
6.01 -0.00692848
6.02 -0.00614586
6.03 -0.00535118
6.04 -0.00454496
6.05 -0.0037282
6.06 -0.0029022
6.07 -0.00206846
6.08 -0.00122858
6.09 -0.00038414
6.1 0.000463353
6.11 0.00131154
6.12 0.00215646
6.13 0.0029941
6.14 0.00382155
6.15 0.00463696
6.16 0.00543941
6.17 0.00622882
6.18 0.00700572
6.19 0.00777117
6.2 0.00852658
6.21 0.00927062
6.22 0.00999687
6.23 0.010698
6.24 0.0113695
6.25 0.0120089
6.26 0.0126159
6.27 0.0131919
6.28 0.0137394
6.29 0.0142619
6.3 0.0147634
6.31 0.0152439
6.32 0.0156959
6.33 0.0161104
6.34 0.016482
6.35 0.0168085
6.36 0.01709
6.37 0.0173292
6.38 0.01753
6.39 0.0176977
6.4 0.0178379
6.41 0.017952
6.42 0.0180329
6.43 0.018072
6.44 0.0180642
6.45 0.0180077
6.46 0.0179035
6.47 0.0177546
6.48 0.0175658
6.49 0.0173426
6.5 0.0170915
6.51 0.0168147
6.52 0.0165072
6.53 0.0161625
6.54 0.0157769
6.55 0.0153497
6.56 0.014882
6.57 0.014377
6.58 0.0138389
6.59 0.0132728
6.6 0.0126841
6.61 0.0120757
6.62 0.0114457
6.63 0.010791
6.64 0.0101103
6.65 0.00940371
6.66 0.00867278
6.67 0.0079198
6.68 0.00714774
6.69 0.00635991
6.7 0.00555976
6.71 0.0047501
6.72 0.0039325
6.73 0.00310806
6.74 0.00227797
6.75 0.0014435
6.76 0.000605856
6.77 -0.000233808
6.78 -0.00107447
6.79 -0.00191527
6.8 -0.00275548
6.81 -0.00359299
6.82 -0.00442305
6.83 -0.00524063
6.84 -0.00604226
6.85 -0.00682592
6.86 -0.00759085
6.87 -0.00833735
6.88 -0.00906655
6.89 -0.00978021
6.9 -0.0104805
6.91 -0.0111665
6.92 -0.0118312
6.93 -0.0124668
6.94 -0.0130682
6.95 -0.0136332
6.96 -0.0141616
6.97 -0.014655
6.98 -0.0151166
6.99 -0.0155502
7 -0.0159606
7.01 -0.0163481
7.02 -0.0167051
7.03 -0.0170225
7.04 -0.017295
7.05 -0.0175203
7.06 -0.0176989
7.07 -0.0178336
7.08 -0.0179286
7.09 -0.0179894
7.1 -0.0180219
7.11 -0.0180279
7.12 -0.0180007
7.13 -0.017932
7.14 -0.0178172
7.15 -0.0176545
7.16 -0.0174451
7.17 -0.0171922
7.18 -0.0169003
7.19 -0.0165752
7.2 -0.0162229
7.21 -0.0158462
7.22 -0.0154406
7.23 -0.0150005
7.24 -0.0145229
7.25 -0.0140071
7.26 -0.0134546
7.27 -0.0128682
7.28 -0.012252
7.29 -0.0116106
7.3 -0.010949
7.31 -0.0102702
7.32 -0.00957311
7.33 -0.00885586
7.34 -0.00811777
7.35 -0.00735937
7.36 -0.00658204
7.37 -0.00578785
7.38 -0.00497926
7.39 -0.00415899
7.4 -0.00332977
7.41 -0.00249429
7.42 -0.00165504
7.43 -0.000814274
7.44 2.61531e-005
7.45 0.000864739
7.46 0.00170036
7.47 0.00253227
7.48 0.00336002
7.49 0.00418346
7.5 0.0050027
7.51 0.00581587
7.52 0.00661754
7.53 0.00740173
7.54 0.00816447
7.55 0.00890361
7.56 0.00961855
7.57 0.01031
7.58 0.0109796
7.59 0.0116298
7.6 0.0122636
7.61 0.0128803
7.62 0.0134726
7.63 0.0140323
7.64 0.014554
7.65 0.0150353
7.66 0.0154764
7.67 0.0158793
7.68 0.0162473
7.69 0.016585
7.7 0.0168976
7.71 0.0171857
7.72 0.0174419
7.73 0.0176571
7.74 0.017826
7.75 0.0179465
7.76 0.0180193
7.77 0.0180472
7.78 0.0180349
7.79 0.0179878
7.8 0.0179121
7.81 0.0178099
7.82 0.0176751
7.83 0.0174998
7.84 0.0172797
7.85 0.0170135
7.86 0.0167024
7.87 0.0163494
7.88 0.0159593
7.89 0.0155375
7.9 0.0150899
7.91 0.0146193
7.92 0.0141223
7.93 0.013594
7.94 0.013032
7.95 0.0124362
7.96 0.0118078
7.97 0.0111496
7.98 0.0104653
7.99 0.00975905
8 0.00903537
8.01 0.00829717
8.02 0.00754443
8.03 0.00677633
8.04 0.00599293
8.05 0.00519503
8.06 0.00438398
8.07 0.00356152
8.08 0.00272959
8.09 0.00189024
8.1 0.00104548
8.11 0.000197798
8.12 -0.000649404
8.13 -0.00149279
8.14 -0.00232986
8.15 -0.00315888
8.16 -0.00397887
8.17 -0.00478945
8.18 -0.00559078
8.19 -0.00638346
8.2 -0.00716835
8.21 -0.00794394
8.22 -0.00870414
8.23 -0.00944215
8.24 -0.0101536
8.25 -0.0108362
8.26 -0.0114894
8.27 -0.0121145
8.28 -0.0127136
8.29 -0.0132898
8.3 -0.0138467
8.31 -0.0143841
8.32 -0.0148944
8.33 -0.015369
8.34 -0.0158024
8.35 -0.0161923
8.36 -0.016539
8.37 -0.0168446
8.38 -0.0171132
8.39 -0.0173495
8.4 -0.0175591
8.41 -0.0177431
8.42 -0.0178944
8.43 -0.0180038
8.44 -0.0180664
8.45 -0.0180801
8.46 -0.0180458
8.47 -0.0179666
8.48 -0.0178471
8.49 -0.0176929
8.5 -0.0175103
8.51 -0.0173016
8.52 -0.0170613
8.53 -0.0167822
8.54 -0.0164605
8.55 -0.0160951
8.56 -0.0156873
8.57 -0.0152402
8.58 -0.0147581
8.59 -0.0142465
8.6 -0.0137108
8.61 -0.0131541
8.62 -0.0125737
8.63 -0.0119658
8.64 -0.0113288
8.65 -0.0106625
8.66 -0.00996851
8.67 -0.00924926
8.68 -0.00850801
8.69 -0.00774845
8.7 -0.00697447
8.71 -0.00618892
8.72 -0.00539278
8.73 -0.00458635
8.74 -0.0037704
8.75 -0.00294601
8.76 -0.00211446
8.77 -0.00127714
8.78 -0.000435435
8.79 0.000409304
8.8 0.00125585
8.81 0.00210191
8.82 0.00294326
8.83 0.00377552
8.84 0.00459558
8.85 0.00540152
8.86 0.0061925
8.87 0.00696854
8.88 0.0077304
8.89 0.00847938
8.9 0.00921715
8.91 0.0099425
8.92 0.0106488
8.93 0.0113287
8.94 0.0119772
8.95 0.012592
8.96 0.013173
8.97 0.0137215
8.98 0.0142404
8.99 0.0147332
9 0.0152041
9.01 0.0156534
9.02 0.0160734
9.03 0.0164552
9.04 0.0167933
9.05 0.0170853
9.06 0.0173319
9.07 0.0175354
9.08 0.0177001
9.09 0.0178311
9.1 0.0179344
9.11 0.0180113
9.12 0.0180551
9.13 0.018057
9.14 0.0180122
9.15 0.0179189
9.16 0.0177782
9.17 0.0175932
9.18 0.0173684
9.19 0.0171096
9.2 0.0168231
9.21 0.0165112
9.22 0.0161693
9.23 0.015791
9.24 0.0153729
9.25 0.0149143
9.26 0.0144165
9.27 0.0138824
9.28 0.0133164
9.29 0.0127232
9.3 0.0121083
9.31 0.0114744
9.32 0.0108201
9.33 0.0101426
9.34 0.00944078
9.35 0.00871502
9.36 0.00796671
9.37 0.00719811
9.38 0.00641201
9.39 0.00561152
9.4 0.00479985
9.41 0.00397977
9.42 0.00315319
9.43 0.00232159
9.44 0.0014864
9.45 0.000648962
9.46 -0.000189529
9.47 -0.00102806
9.48 -0.00186582
9.49 -0.00270218
9.5 -0.00353669
9.51 -0.00436734
9.52 -0.00518913
9.53 -0.00599668
9.54 -0.00678636
9.55 -0.0075561
9.56 -0.00830517
9.57 -0.00903403
9.58 -0.00974399
9.59 -0.0104371
9.6 -0.0111157
9.61 -0.011779
9.62 -0.0124199
9.63 -0.0130305
9.64 -0.0136055
9.65 -0.0141427
9.66 -0.0146419
9.67 -0.0151049
9.68 -0.015535
9.69 -0.0159363
9.7 -0.0163137
9.71 -0.0166676
9.72 -0.0169904
9.73 -0.0172731
9.74 -0.0175103
9.75 -0.0176998
9.76 -0.0178422
9.77 -0.0179403
9.78 -0.0179984
9.79 -0.018022
9.8 -0.0180173
9.81 -0.0179859
9.82 -0.0179215
9.83 -0.0178159
9.84 -0.0176644
9.85 -0.0174657
9.86 -0.0172208
9.87 -0.0169329
9.88 -0.0166065
9.89 -0.0162474
9.9 -0.0158616
9.91 -0.0154517
9.92 -0.0150138
9.93 -0.0145424
9.94 -0.0140348
9.95 -0.0134904
9.96 -0.0129107
9.97 -0.0122984
9.98 -0.0116575
9.99 -0.0109925
10 -0.0103083
10.01 -0.0096077
10.02 -0.00889014
10.03 -0.00815399
10.04 -0.0073989
10.05 -0.00662545
10.06 -0.00583504
10.07 -0.00502962
10.08 -0.00421148
10.09 -0.00338311
10.1 -0.00254699
10.11 -0.00170575
10.12 -0.00086221
10.13 -1.8983e-005
10.14 0.000821834
10.15 0.00165867
10.16 0.00249043
10.17 0.00331651
10.18 0.00413666
10.19 0.004951
10.2 0.00575989
10.21 0.00656158
10.22 0.00735041
10.23 0.0081201
10.24 0.00886653
10.25 0.0095875
10.26 0.0102825
10.27 0.0109522
10.28 0.0115987
10.29 0.0122246
10.3 0.012833
10.31 0.0134234
10.32 0.0139886
10.33 0.0145199
10.34 0.015012
10.35 0.0154627
10.36 0.015872
10.37 0.016242
10.38 0.0165764
10.39 0.0168797
10.4 0.0171573
10.41 0.01741
10.42 0.0176304
10.43 0.0178094
10.44 0.0179419
10.45 0.0180258
10.46 0.0180617
10.47 0.0180527
10.48 0.0180033
10.49 0.0179191
10.5 0.0178064
10.51 0.0176673
10.52 0.0174957
10.53 0.0172842
10.54 0.0170286
10.55 0.0167277
10.56 0.0163826
10.57 0.0159965
10.58 0.0155739
10.59 0.0151203
10.6 0.0146415
10.61 0.0141402
10.62 0.0136135
10.63 0.0130568
10.64 0.0124678
10.65 0.0118466
10.66 0.0111944
10.67 0.0105139
10.68 0.00980862
10.69 0.00908267
10.7 0.00834028
10.71 0.00758436
10.72 0.00681524
10.73 0.00603248
10.74 0.00523639
10.75 0.00442787
10.76 0.00360825
10.77 0.00277913
10.78 0.00194229
10.79 0.00109953
10.8 0.000252593
10.81 -0.000596094
10.82 -0.00144284
10.83 -0.00228394
10.84 -0.00311668
10.85 -0.00393926
10.86 -0.00475074
10.87 -0.00555089
10.88 -0.00634007
10.89 -0.00711912
10.9 -0.00788919
10.91 -0.00864886
10.92 -0.00939186
10.93 -0.0101111
10.94 -0.0108022
10.95 -0.0114626
10.96 -0.0120921
10.97 -0.0126919
10.98 -0.0132644
10.99 -0.0138128
11 -0.0143411
11.01 -0.014849
11.02 -0.0153291
11.03 -0.0157725
11.04 -0.0161738
11.05 -0.0165306
11.06 -0.0168434
11.07 -0.0171143
11.08 -0.0173475
11.09 -0.0175479
11.1 -0.0177211
11.11 -0.0178685
11.12 -0.0179829
11.13 -0.0180554
11.14 -0.018081
11.15 -0.0180578
11.16 -0.0179867
11.17 -0.0178708
11.18 -0.0177147
11.19 -0.0175241
11.2 -0.0173053
11.21 -0.0170606
11.22 -0.0167847
11.23 -0.0164709
11.24 -0.0161153
11.25 -0.015717
11.26 -0.0152774
11.27 -0.0147994
11.28 -0.0142875
11.29 -0.0137467
11.3 -0.0131827
11.31 -0.0125983
11.32 -0.0119913
11.33 -0.0113582
11.34 -0.0106976
11.35 -0.0100096
11.36 -0.00929555
11.37 -0.00855793
11.38 -0.00779982
11.39 -0.00702472
11.4 -0.0062363
11.41 -0.00543738
11.42 -0.00462925
11.43 -0.00381264
11.44 -0.00298854
11.45 -0.00215812
11.46 -0.00132264
11.47 -0.000483352
11.48 0.000358542
11.49 0.00120195
11.5 0.0020459
11.51 0.0028882
11.52 0.00372435
11.53 0.00454961
11.54 0.00536069
11.55 0.00615562
11.56 0.00693359
11.57 0.00769476
11.58 0.00844011
11.59 0.00917116
11.6 0.00988986
11.61 0.0105951
11.62 0.0112802
11.63 0.0119373
11.64 0.0125617
11.65 0.0131508
11.66 0.0137046
11.67 0.0142247
11.68 0.0147138
11.69 0.0151759
11.7 0.0156154
11.71 0.0160326
11.72 0.0164198
11.73 0.0167681
11.74 0.0170719
11.75 0.0173291
11.76 0.0175401
11.77 0.0177076
11.78 0.0178358
11.79 0.01793
11.8 0.0179961
11.81 0.0180358
11.82 0.0180423
11.83 0.0180071
11.84 0.0179254
11.85 0.0177955
11.86 0.0176185
11.87 0.0173976
11.88 0.0171373
11.89 0.0168434
11.9 0.0165221
11.91 0.0161758
11.92 0.0158001
11.93 0.0153889
11.94 0.0149392
11.95 0.0144501
11.96 0.013923
11.97 0.013361
11.98 0.012768
11.99 0.012149
12 0.011509
12.01 0.0108509
12.02 0.0101735
12.03 0.00947451
12.04 0.008753
12.05 0.00800943
12.06 0.00724521
12.07 0.00646247
12.08 0.00566385
12.09 0.00485225
12.1 0.00403064
12.11 0.00320174
12.12 0.00236777
12.13 0.00153062
12.14 0.000691942
12.15 -0.000146832
12.16 -0.00098455
12.17 -0.00182033
12.18 -0.00265355
12.19 -0.00348385
12.2 -0.00431106
12.21 -0.00513324
12.22 -0.00594516
12.23 -0.00674113
12.24 -0.00751733
12.25 -0.00827164
12.26 -0.00900341
12.27 -0.0097132
12.28 -0.0104026
12.29 -0.0110737
12.3 -0.0117293
12.31 -0.0123687
12.32 -0.0129846
12.33 -0.0135689
12.34 -0.0141164
12.35 -0.0146247
12.36 -0.0150937
12.37 -0.0155255
12.38 -0.0159233
12.39 -0.0162916
12.4 -0.0166352
12.41 -0.0169547
12.42 -0.0172428
12.43 -0.0174902
12.44 -0.0176917
12.45 -0.0178451
12.46 -0.017951
12.47 -0.0180122
12.48 -0.0180333
12.49 -0.0180198
12.5 -0.0179777
12.51 -0.0179091
12.52 -0.0178075
12.53 -0.0176651
12.54 -0.0174774
12.55 -0.0172431
12.56 -0.0169631
12.57 -0.0166407
12.58 -0.0162806
12.59 -0.0158881
12.6 -0.0154695
12.61 -0.0150273
12.62 -0.0145579
12.63 -0.0140562
12.64 -0.0135195
12.65 -0.0129476
12.66 -0.0123417
12.67 -0.0117048
12.68 -0.0110405
12.69 -0.0103532
12.7 -0.00964763
12.71 -0.00892664
12.72 -0.00818995
12.73 -0.00743635
12.74 -0.0066657
12.75 -0.00587871
12.76 -0.00507676
12.77 -0.00426167
12.78 -0.00343556
12.79 -0.00260068
12.8 -0.00175928
12.81 -0.00091392
12.82 -6.77148e-005
12.83 0.000776335
12.84 0.00161591
12.85 0.00244937
12.86 0.00327567
12.87 0.00409431
12.88 0.00490529
12.89 0.00570894
12.9 0.00650592
12.91 0.00729458
12.92 0.00806904
12.93 0.00882274
12.94 0.00955141
12.95 0.0102528
12.96 0.0109264
12.97 0.0115733
12.98 0.0121954
12.99 0.0127957
13 0.0133776
13.01 0.0139406
13.02 0.0144774
13.03 0.0149793
13.04 0.015441
13.05 0.0158601
13.06 0.0162368
13.07 0.0165733
13.08 0.0168733
13.09 0.0171416
13.1 0.0173837
13.11 0.0176005
13.12 0.0177847
13.13 0.0179273
13.14 0.0180231
13.15 0.0180701
13.16 0.0180692
13.17 0.0180232
13.18 0.0179369
13.19 0.0178158
13.2 0.0176663
13.21 0.0174904
13.22 0.0172825
13.23 0.0170352
13.24 0.0167446
13.25 0.0164095
13.26 0.0160311
13.27 0.0156126
13.28 0.0151584
13.29 0.0146738
13.3 0.0141647
13.31 0.0136338
13.32 0.0130784
13.33 0.0124942
13.34 0.0118795
13.35 0.011234
13.36 0.0105592
13.37 0.00985776
13.38 0.00913296
13.39 0.00838869
13.4 0.00762903
13.41 0.00685687
13.42 0.00607286
13.43 0.00527696
13.44 0.00446973
13.45 0.00365215
13.46 0.00282554
13.47 0.00199138
13.48 0.00115125
13.49 0.000306706
13.5 -0.000540767
13.51 -0.00138882
13.52 -0.00223347
13.53 -0.00307065
13.54 -0.00389745
13.55 -0.004712
13.56 -0.00551341
13.57 -0.00630157
13.58 -0.00707707
13.59 -0.00784098
13.6 -0.00859474
13.61 -0.00933702
13.62 -0.0100614
13.63 -0.0107605
13.64 -0.0114298
13.65 -0.0120668
13.66 -0.0126714
13.67 -0.0132447
13.68 -0.0137895
13.69 -0.0143091
13.7 -0.0148077
13.71 -0.0152852
13.72 -0.0157341
13.73 -0.0161455
13.74 -0.0165138
13.75 -0.0168369
13.76 -0.0171151
13.77 -0.0173508
13.78 -0.0175481
13.79 -0.0177122
13.8 -0.0178488
13.81 -0.0179593
13.82 -0.0180366
13.83 -0.0180721
13.84 -0.0180606
13.85 -0.0180006
13.86 -0.0178928
13.87 -0.0177404
13.88 -0.017548
13.89 -0.0173214
13.9 -0.0170668
13.91 -0.0167865
13.92 -0.0164757
13.93 -0.0161276
13.94 -0.0157388
13.95 -0.0153085
13.96 -0.0148378
13.97 -0.0143299
13.98 -0.0137891
13.99 -0.0132203
14 -0.012629
14.01 -0.012018
14.02 -0.0113856
14.03 -0.0107286
14.04 -0.0100458
14.05 -0.00933727
14.06 -0.00860458
14.07 -0.00785002
14.08 -0.00707651
14.09 -0.00628738
14.1 -0.00548603
14.11 -0.00467529
14.12 -0.00385674
14.13 -0.00303153
14.14 -0.00220087
14.15 -0.00136603
14.16 -0.000528237
14.17 0.00031139
14.18 0.00115184
14.19 0.00199228
14.2 0.00283201
14.21 0.00366891
14.22 0.00449824
14.23 0.0053149
14.24 0.00611544
14.25 0.0068978
14.26 0.00766125
14.27 0.00840609
14.28 0.00913347
14.29 0.00984518
14.3 0.0105434
14.31 0.0112272
14.32 0.0118897
14.33 0.0125229
14.34 0.0131218
14.35 0.0136841
14.36 0.0142097
14.37 0.0147002
14.38 0.0151587
14.39 0.0155892
14.4 0.0159964
14.41 0.0163807
14.42 0.0167344
14.43 0.0170485
14.44 0.0173175
14.45 0.0175393
14.46 0.0177144
14.47 0.0178455
14.48 0.0179369
14.49 0.0179941
14.5 0.018023
14.51 0.0180254
14.52 0.0179945
14.53 0.0179222
14.54 0.0178038
14.55 0.0176376
14.56 0.0174247
14.57 0.0171683
14.58 0.0168731
14.59 0.0165446
14.6 0.016189
14.61 0.015809
14.62 0.0154003
14.63 0.0149571
14.64 0.0144764
14.65 0.0139578
14.66 0.0134026
14.67 0.0128137
14.68 0.012195
14.69 0.0115512
14.7 0.0108874
14.71 0.0102063
14.72 0.00950723
14.73 0.00878807
14.74 0.00804826
14.75 0.00728832
14.76 0.00650965
14.77 0.0057143
14.78 0.00490471
14.79 0.00408357
14.8 0.00325361
14.81 0.0024175
14.82 0.00157776
14.83 0.000736683
14.84 -0.000103852
14.85 -0.000942337
14.86 -0.00177766
14.87 -0.00260906
14.88 -0.00343614
14.89 -0.00425876
14.9 -0.00507706
14.91 -0.00588918
14.92 -0.00668966
14.93 -0.0074725
14.94 -0.00823372
14.95 -0.00897114
14.96 -0.00968419
14.97 -0.0103736
14.98 -0.011041
14.99 -0.0116889
15 -0.0123202
15.01 -0.0129344
15.02 -0.0135242
15.03 -0.0140811
15.04 -0.0145999
15.05 -0.0150783
15.06 -0.0155164
15.07 -0.015916
15.08 -0.0162808
15.09 -0.0166152
15.1 -0.0169244
15.11 -0.0172091
15.12 -0.0174618
15.13 -0.0176735
15.14 -0.0178388
15.15 -0.0179557
15.16 -0.0180249
15.17 -0.0180493
15.18 -0.0180333
15.19 -0.0179826
15.2 -0.0179034
15.21 -0.0177975
15.22 -0.0176591
15.23 -0.0174802
15.24 -0.0172566
15.25 -0.016987
15.26 -0.0166726
15.27 -0.0163164
15.28 -0.0159231
15.29 -0.0154981
15.3 -0.0150474
15.31 -0.0145738
15.32 -0.0140738
15.33 -0.0135427
15.34 -0.0129781
15.35 -0.0123797
15.36 -0.0117489
15.37 -0.0110885
15.38 -0.0104021
15.39 -0.00969385
15.4 -0.00896827
15.41 -0.00822828
15.42 -0.00747388
15.43 -0.00670428
15.44 -0.00591958
15.45 -0.00512057
15.46 -0.00430862
15.47 -0.00348543
15.48 -0.00265296
15.49 -0.0018132
15.5 -0.000968155
15.51 -0.000120303
15.52 0.000726927
15.53 0.00157016
15.54 0.00240688
15.55 0.00323534
15.56 0.00405457
15.57 0.0048642
15.58 0.00566442
15.59 0.00645583
15.6 0.00723935
15.61 0.00801345
15.62 0.00877203
15.63 0.00950829
15.64 0.0102178
15.65 0.0108983
15.66 0.0115493
15.67 0.0121719
15.68 0.0127685
15.69 0.013342
15.7 0.0138962
15.71 0.0144307
15.72 0.0149382
15.73 0.0154097
15.74 0.01584
15.75 0.0162267
15.76 0.0165701
15.77 0.0168724
15.78 0.0171375
15.79 0.0173703
15.8 0.0175764
15.81 0.0177569
15.82 0.0179045
15.83 0.0180104
15.84 0.0180693
15.85 0.0180795
15.86 0.0180416
15.87 0.0179588
15.88 0.0178357
15.89 0.0176779
15.9 0.0174918
15.91 0.0172796
15.92 0.0170357
15.93 0.0167532
15.94 0.0164282
15.95 0.0160595
15.96 0.0156486
15.97 0.0151984
15.98 0.0147135
15.99 0.0141989
16 0.0136604
16.01 0.0131009
16.02 0.0125179
16.03 0.0119075
16.04 0.0112681
16.05 0.0105997
16.06 0.00990364
16.07 0.00918254
16.08 0.00843957
16.09 0.00767844
16.1 0.00690298
16.11 0.00611606
16.12 0.00531868
16.13 0.00451119
16.14 0.00369437
16.15 0.00286933
16.16 0.00203733
16.17 0.00119974
16.18 0.000357946
16.19 -0.000486733
16.2 -0.00133309
16.21 -0.00217886
16.22 -0.00301977
16.23 -0.00385142
16.24 -0.00467067
16.25 -0.00547561
16.26 -0.00626538
16.27 -0.00704004
16.28 -0.00780035
16.29 -0.00854765
16.3 -0.00928362
16.31 -0.0100071
16.32 -0.0107114
16.33 -0.0113891
16.34 -0.0120353
16.35 -0.0126477
16.36 -0.0132261
16.37 -0.0137718
16.38 -0.0142878
16.39 -0.0147777
16.4 -0.0152456
16.41 -0.0156918
16.42 -0.0161086
16.43 -0.0164872
16.44 -0.0168219
16.45 -0.0171106
16.46 -0.0173537
16.47 -0.0175537
16.48 -0.0177148
16.49 -0.0178423
16.5 -0.017942
16.51 -0.0180153
16.52 -0.0180554
16.53 -0.0180537
16.54 -0.0180053
16.55 -0.0179084
16.56 -0.0177642
16.57 -0.0175756
16.58 -0.0173473
16.59 -0.0170851
16.6 -0.0167951
16.61 -0.0164799
16.62 -0.0161347
16.63 -0.0157531
16.64 -0.0153319
16.65 -0.0148703
16.66 -0.0143695
16.67 -0.0138327
16.68 -0.013264
16.69 -0.0126682
16.7 -0.0120508
16.71 -0.0114145
16.72 -0.0107579
16.73 -0.0100782
16.74 -0.00937443
16.75 -0.00864687
16.76 -0.00789694
16.77 -0.0071269
16.78 -0.0063395
16.79 -0.00553786
16.8 -0.00472515
16.81 -0.00390415
16.82 -0.00307677
16.83 -0.00224455
16.84 -0.00140895
16.85 -0.000571316
16.86 0.000267171
16.87 0.00110551
16.88 0.00194289
16.89 0.00277873
16.9 0.0036126
16.91 0.0044425
16.92 0.00526339
16.93 0.00606989
16.94 0.00685832
16.95 0.00762661
16.96 0.00837406
16.97 0.00910111
16.98 0.00980913
16.99 0.0105001
17 0.0111765
17.01 0.0118376
17.02 0.0124761
17.03 0.0130842
17.04 0.0136565
17.05 0.0141909
17.06 0.0146872
17.07 0.0151473
17.08 0.0155742
17.09 0.0159724
17.1 0.0163465
17.11 0.016697
17.12 0.0170165
17.13 0.0172958
17.14 0.0175295
17.15 0.0177155
17.16 0.0178544
17.17 0.0179488
17.18 0.0180033
17.19 0.0180233
17.2 0.018015
17.21 0.0179799
17.22 0.0179119
17.23 0.0178027
17.24 0.0176477
17.25 0.0174454
17.26 0.0171971
17.27 0.0169058
17.28 0.0165761
17.29 0.0162137
17.3 0.0158246
17.31 0.0154116
17.32 0.0149706
17.33 0.0144962
17.34 0.0139857
17.35 0.0134386
17.36 0.0128562
17.37 0.0122415
17.38 0.0115983
17.39 0.0109311
17.4 0.0102447
17.41 0.00954204
17.42 0.00882254
17.43 0.00808463
17.44 0.00732795
17.45 0.00655311
17.46 0.00576151
17.47 0.00495507
17.48 0.00413608
17.49 0.003307
17.5 0.00247029
17.51 0.00162858
17.52 0.000784703
17.53 -5.86778e-005
17.54 -0.000899447
17.55 -0.00173602
17.56 -0.00256733
17.57 -0.00339275
17.58 -0.00421207
17.59 -0.00502544
17.6 -0.00583323
17.61 -0.00663372
17.62 -0.00742121
17.63 -0.0081894
17.64 -0.00893416
17.65 -0.00965328
17.66 -0.0103462
17.67 -0.0110138
17.68 -0.011658
17.69 -0.0122814
17.7 -0.0128873
17.71 -0.0134751
17.72 -0.0140375
17.73 -0.0145659
17.74 -0.0150552
17.75 -0.0155028
17.76 -0.0159089
17.77 -0.0162757
17.78 -0.0166068
17.79 -0.0169067
17.8 -0.0171808
17.81 -0.01743
17.82 -0.0176469
17.83 -0.0178225
17.84 -0.0179514
17.85 -0.0180316
17.86 -0.018064
17.87 -0.0180514
17.88 -0.0179984
17.89 -0.0179106
17.9 -0.0177943
17.91 -0.0176515
17.92 -0.0174764
17.93 -0.0172614
17.94 -0.0170024
17.95 -0.0166981
17.96 -0.0163497
17.97 -0.0159604
17.98 -0.0155347
17.99 -0.015078
18 -0.0145962
18.01 -0.014092
18.02 -0.0135624
18.03 -0.0130029
18.04 -0.0124114
18.05 -0.0117878
18.06 -0.0111333
18.07 -0.0104507
18.08 -0.00974349
18.09 -0.00901568
18.1 -0.00827154
18.11 -0.00751397
18.12 -0.00674333
18.13 -0.00595923
18.14 -0.00516198
18.15 -0.00435251
18.16 -0.00353213
18.17 -0.00270245
18.18 -0.00186522
18.19 -0.00102222
18.2 -0.000175157
18.21 0.000673539
18.22 0.00152015
18.23 0.00236094
18.24 0.00319317
18.25 0.00401504
18.26 0.0048256
18.27 0.00562465
18.28 0.00641256
18.29 0.0071902
18.3 0.00795874
18.31 0.00871678
18.32 0.00945803
18.33 0.0101754
18.34 0.0108644
18.35 0.0115226
18.36 0.0121497
18.37 0.012747
18.38 0.0133168
18.39 0.0138625
18.4 0.0143879
18.41 0.0148929
18.42 0.01537
18.43 0.0158103
18.44 0.0162084
18.45 0.016562
18.46 0.0168713
18.47 0.0171389
18.48 0.0173685
18.49 0.0175654
18.5 0.0177351
18.51 0.0178789
18.52 0.0179897
18.53 0.0180586
18.54 0.0180806
18.55 0.0180538
18.56 0.0179791
18.57 0.0178596
18.58 0.0176999
18.59 0.0175058
18.6 0.0172835
18.61 0.0170353
18.62 0.016756
18.63 0.0164387
18.64 0.0160799
18.65 0.0156784
18.66 0.0152357
18.67 0.0147548
18.68 0.01424
18.69 0.0136965
18.7 0.0131297
18.71 0.0125427
18.72 0.0119331
18.73 0.0112977
18.74 0.0106349
18.75 0.00994479
18.76 0.00922888
18.77 0.00848954
18.78 0.00772986
18.79 0.00695332
18.8 0.00616357
18.81 0.00536342
18.82 0.00455421
18.83 0.00373669
18.84 0.00291188
18.85 0.00208096
18.86 0.00124518
18.87 0.000405783
18.88 -0.000436043
18.89 -0.00127923
18.9 -0.00212284
18.91 -0.00296469
18.92 -0.00380024
18.93 -0.00462474
18.94 -0.00543486
18.95 -0.00622862
18.96 -0.00700524
18.97 -0.00776489
18.98 -0.00850854
18.99 -0.00923777
19 -0.00995453
19.01 -0.0106578
19.02 -0.0113407
19.03 -0.0119955
19.04 -0.0126174
19.05 -0.013204
19.06 -0.0137551
19.07 -0.0142723
19.08 -0.0147585
19.09 -0.0152176
19.1 -0.015654
19.11 -0.0160679
19.12 -0.0164519
19.13 -0.0167969
19.14 -0.0170973
19.15 -0.0173511
19.16 -0.0175587
19.17 -0.0177226
19.18 -0.0178472
19.19 -0.0179378
19.2 -0.0180003
19.21 -0.0180363
19.22 -0.0180392
19.23 -0.0180003
19.24 -0.017915
19.25 -0.0177816
19.26 -0.0176011
19.27 -0.0173767
19.28 -0.017113
19.29 -0.0168157
19.3 -0.016491
19.31 -0.0161414
19.32 -0.0157624
19.33 -0.0153481
19.34 -0.0148953
19.35 -0.0144032
19.36 -0.0138734
19.37 -0.0133087
19.38 -0.0127132
19.39 -0.0120917
19.4 -0.0114493
19.41 -0.0107889
19.42 -0.0101093
19.43 -0.0094083
19.44 -0.00868494
19.45 -0.00793971
19.46 -0.00717401
19.47 -0.00638998
19.48 -0.00559022
19.49 -0.00477762
19.5 -0.00395512
19.51 -0.00312545
19.52 -0.00229085
19.53 -0.00145324
19.54 -0.000614307
19.55 0.00022451
19.56 0.00106206
19.57 0.00189749
19.58 0.00273019
19.59 0.0035598
19.6 0.00438621
19.61 0.00520748
19.62 0.00601835
19.63 0.00681311
19.64 0.00758792
19.65 0.00834064
19.66 0.00907065
19.67 0.00977851
19.68 0.0104658
19.69 0.0111347
19.7 0.011788
19.71 0.012425
19.72 0.0130384
19.73 0.0136201
19.74 0.0141648
19.75 0.0146702
19.76 0.0151363
19.77 0.015565
19.78 0.0159596
19.79 0.0163246
19.8 0.0166648
19.81 0.016981
19.82 0.0172656
19.83 0.0175096
19.84 0.0177076
19.85 0.0178574
19.86 0.0179597
19.87 0.0180174
19.88 0.0180349
19.89 0.0180177
19.9 0.017972
19.91 0.0178997
19.92 0.0177946
19.93 0.0176486
19.94 0.0174574
19.95 0.0172195
19.96 0.0169362
19.97 0.0166105
19.98 0.016247
19.99 0.0158514
20 0.0154296
20.01 0.0149843
20.02 0.0145119
20.03 0.0140072
20.04 0.0134678
20.05 0.0128932
20.06 0.0122849
20.07 0.0116456
20.08 0.0109791
20.09 0.0102897
20.1 0.00958212
20.11 0.00885921
20.12 0.00812072
20.13 0.00736549
20.14 0.00659341
20.15 0.00580518
20.16 0.00500217
20.17 0.00418622
20.18 0.00335942
20.19 0.002524
20.2 0.00168217
20.21 0.000836497
20.22 -9.87905e-006
20.23 -0.00085392
20.24 -0.00169329
20.25 -0.00252633
20.26 -0.003352
20.27 -0.00416984
20.28 -0.00497983
20.29 -0.00578236
20.3 -0.00657809
20.31 -0.00736539
20.32 -0.00813836
20.33 -0.00889043
20.34 -0.00961729
20.35 -0.0103167
20.36 -0.0109882
20.37 -0.0116327
20.38 -0.0122524
20.39 -0.0128501
20.4 -0.0134293
20.41 -0.0139896
20.42 -0.0145236
20.43 -0.0150226
20.44 -0.0154813
20.45 -0.0158972
20.46 -0.0162707
20.47 -0.0166039
20.48 -0.0169005
20.49 -0.0171654
20.5 -0.017404
20.51 -0.0176173
20.52 -0.0177979
20.53 -0.0179369
20.54 -0.0180291
20.55 -0.0180726
20.56 -0.018068
20.57 -0.0180185
20.58 -0.0179285
20.59 -0.0178038
20.6 -0.0176507
20.61 -0.0174713
20.62 -0.0172599
20.63 -0.0170092
20.64 -0.0167152
20.65 -0.0163767
20.66 -0.0159952
20.67 -0.0155735
20.68 -0.0151162
20.69 -0.0146287
20.7 -0.0141167
20.71 -0.0135829
20.72 -0.0130247
20.73 -0.012438
20.74 -0.0118208
20.75 -0.011173
20.76 -0.0104961
20.77 -0.00979267
20.78 -0.00906603
20.79 -0.00832005
20.8 -0.00755878
20.81 -0.00678511
20.82 -0.00599973
20.83 -0.00520264
20.84 -0.0043944
20.85 -0.00357602
20.86 -0.00274881
20.87 -0.00191425
20.88 -0.00107388
20.89 -0.000229261
20.9 0.000618175
20.91 0.00146607
20.92 0.00231043
20.93 0.00314715
20.94 0.00397328
20.95 0.00478696
20.96 0.0055873
20.97 0.00637421
20.98 0.0071483
20.99 0.00791065
21 0.00866273
21.01 0.00940324
21.02 0.0101257
21.03 0.0108228
21.04 0.0114899
21.05 0.0121246
21.06 0.0127266
21.07 0.0132973
21.08 0.0138393
21.09 0.0143561
21.1 0.0148517
21.11 0.0153262
21.12 0.015772
21.13 0.0161802
21.14 0.0165453
21.15 0.0168651
21.16 0.0171399
21.17 0.0173721
21.18 0.0175659
21.19 0.0177264
21.2 0.0178595
21.21 0.0179663
21.22 0.01804
21.23 0.0180718
21.24 0.0180568
21.25 0.0179931
21.26 0.0178818
21.27 0.0177258
21.28 0.0175299
21.29 0.0172998
21.3 0.0170417
21.31 0.016758
21.32 0.0164438
21.33 0.0160924
21.34 0.0157004
21.35 0.015267
21.36 0.0147934
21.37 0.0142826
21.38 0.013739
21.39 0.0131675
21.4 0.0125736
21.41 0.0119601
21.42 0.0113253
21.43 0.010666
21.44 0.00998106
21.45 0.00927065
21.46 0.00853622
21.47 0.00778008
21.48 0.00700515
21.49 0.00621473
21.5 0.00541221
21.51 0.00460039
21.52 0.00378092
21.53 0.00295495
21.54 0.00212374
21.55 0.00128856
21.56 0.000450626
21.57 -0.000388945
21.58 -0.00122917
21.59 -0.00206923
21.6 -0.00290846
21.61 -0.00374475
21.62 -0.00457332
21.63 -0.00538907
21.64 -0.00618849
21.65 -0.00696954
21.66 -0.0077315
21.67 -0.00847466
21.68 -0.00920021
21.69 -0.00990996
21.7 -0.0106061
21.71 -0.0112878
21.72 -0.011948
21.73 -0.0125787
21.74 -0.0131751
21.75 -0.0137348
21.76 -0.0142575
21.77 -0.0147451
21.78 -0.0152006
21.79 -0.015628
21.8 -0.016032
21.81 -0.0164129
21.82 -0.0167633
21.83 -0.0170741
21.84 -0.0173397
21.85 -0.017558
21.86 -0.0177296
21.87 -0.0178571
21.88 -0.017945
21.89 -0.0179985
21.9 -0.0180238
21.91 -0.0180225
21.92 -0.017988
21.93 -0.0179121
21.94 -0.01779
21.95 -0.0176203
21.96 -0.017404
21.97 -0.0171442
21.98 -0.0168455
21.99 -0.0165137
22 -0.0161548
22.01 -0.0157715
22.02 -0.0153596
22.03 -0.0149133
22.04 -0.0144298
22.05 -0.0139083
22.06 -0.0133504
22.07 -0.0127589
22.08 -0.0121378
22.09 -0.0114916
22.1 -0.0108255
22.11 -0.0101424
22.12 -0.00944119
22.13 -0.00872014
22.14 -0.00797862
22.15 -0.00721716
22.16 -0.00643716
22.17 -0.00564066
22.18 -0.00483008
22.19 -0.0040081
22.2 -0.00317741
22.21 -0.00234067
22.22 -0.00150046
22.23 -0.000659085
22.24 0.000181546
22.25 0.00101992
22.26 0.00185491
22.27 0.00268581
22.28 0.0035122
22.29 0.00433399
22.3 0.00515133
22.31 0.00596238
22.32 0.00676166
22.33 0.00754314
22.34 0.00830282
22.35 0.00903852
22.36 0.00974966
22.37 0.010437
22.38 0.0111022
22.39 0.0117477
22.4 0.0123766
22.41 0.0129883
22.42 0.0135754
22.43 0.0141296
22.44 0.0146456
22.45 0.0151211
22.46 0.015556
22.47 0.0159525
22.48 0.016314
22.49 0.0166451
22.5 0.0169509
22.51 0.0172321
22.52 0.0174814
22.53 0.0176895
22.54 0.0178513
22.55 0.0179647
22.56 0.0180303
22.57 0.018051
22.58 0.0180314
22.59 0.0179771
22.6 0.0178942
22.61 0.0177848
22.62 0.0176428
22.63 0.0174603
22.64 0.0172333
22.65 0.0169603
22.66 0.0166425
22.67 0.016283
22.68 0.0158865
22.69 0.0154584
22.7 0.0150046
22.71 0.014528
22.72 0.0140251
22.73 0.0134911
22.74 0.0129238
22.75 0.0123229
22.76 0.0116898
22.77 0.0110272
22.78 0.0103387
22.79 0.00962846
22.8 0.00890101
22.81 0.00815924
22.82 0.00740319
22.83 0.00663211
22.84 0.00584611
22.85 0.00504602
22.86 0.00423317
22.87 0.00340928
22.88 0.00257627
22.89 0.00173613
22.9 0.000890808
22.91 4.28003e-005
22.92 -0.000804442
22.93 -0.00164751
22.94 -0.00248386
22.95 -0.00331175
22.96 -0.0041302
22.97 -0.00493887
22.98 -0.00573796
22.99 -0.00652809
23 -0.00731022
23.01 -0.00808281
23.02 -0.00883977
23.03 -0.00957424
23.04 -0.0102818
23.05 -0.0109601
23.06 -0.0116089
23.07 -0.0122291
23.08 -0.0128231
23.09 -0.013394
23.1 -0.0139454
23.11 -0.0144771
23.12 -0.0149816
23.13 -0.0154502
23.14 -0.0158773
23.15 -0.0162609
23.16 -0.0166009
23.17 -0.0168999
23.18 -0.0171615
23.19 -0.0173909
23.2 -0.0175934
23.21 -0.0177703
23.22 -0.0179144
23.23 -0.0180166
23.24 -0.018072
23.25 -0.0180785
23.26 -0.018037
23.27 -0.0179507
23.28 -0.017824
23.29 -0.0176626
23.3 -0.017473
23.31 -0.0172572
23.32 -0.0170099
23.33 -0.0167239
23.34 -0.0163956
23.35 -0.0160237
23.36 -0.0156096
23.37 -0.0151564
23.38 -0.0146685
23.39 -0.014151
23.4 -0.0136098
23.41 -0.0130475
23.42 -0.0124619
23.43 -0.011849
23.44 -0.0112072
23.45 -0.0105366
23.46 -0.00983861
23.47 -0.00911566
23.48 -0.00837101
23.49 -0.0076083
23.5 -0.00683138
23.51 -0.0060431
23.52 -0.00524449
23.53 -0.00443595
23.54 -0.00361829
23.55 -0.00279259
23.56 -0.00196015
23.57 -0.00112231
23.58 -0.000280444
23.59 0.000564163
23.6 0.00141033
23.61 0.00225578
23.62 0.00309625
23.63 0.00392727
23.64 0.0047457
23.65 0.00554961
23.66 0.00633817
23.67 0.00711143
23.68 0.00787018
23.69 0.00861577
23.7 0.00934993
23.71 0.0100715
23.72 0.0107738
23.73 0.0114493
23.74 0.0120931
23.75 0.0127031
23.76 0.0132788
23.77 0.0138219
23.78 0.014335
23.79 0.0148219
23.8 0.0152868
23.81 0.0157298
23.82 0.0161435
23.83 0.0165188
23.84 0.0168502
23.85 0.0171355
23.86 0.0173752
23.87 0.0175717
23.88 0.0177293
23.89 0.0178531
23.9 0.0179492
23.91 0.0180189
23.92 0.0180553
23.93 0.01805
23.94 0.017998
23.95 0.0178976
23.96 0.0177498
23.97 0.0175577
23.98 0.0173259
23.99 0.0170602
24 0.0167669
24.01 0.0164483
24.02 0.0160997
24.03 0.0157149
24.04 0.0152906
24.05 0.0148259
24.06 0.0143223
24.07 0.0137827
24.08 0.0132113
24.09 0.012613
24.1 0.0119931
24.11 0.0113544
24.12 0.0106955
24.13 0.0100137
24.14 0.00930791
24.15 0.00857856
24.16 0.00782703
24.17 0.00705555
24.18 0.00626689
24.19 0.0054641
24.2 0.00465037
24.21 0.00382844
24.22 0.00300029
24.23 0.00216748
24.24 0.00133148
24.25 0.000493653
24.26 -0.000344816
24.27 -0.00118294
24.28 -0.00201994
24.29 -0.00285524
24.3 -0.00368846
24.31 -0.00451758
24.32 -0.00533756
24.33 -0.00614298
24.34 -0.00693015
24.35 -0.00769699
24.36 -0.0084428
24.37 -0.00916804
24.38 -0.00987408
24.39 -0.010563
24.4 -0.0112372
24.41 -0.0118959
24.42 -0.0125321
24.43 -0.0131376
24.44 -0.0137073
24.45 -0.0142389
24.46 -0.0147323
24.47 -0.0151893
24.48 -0.0156132
24.49 -0.0160081
24.5 -0.0163789
24.51 -0.0167262
24.52 -0.0170423
24.53 -0.0173182
24.54 -0.0175484
24.55 -0.0177309
24.56 -0.0178662
24.57 -0.0179571
24.58 -0.018008
24.59 -0.0180243
24.6 -0.0180123
24.61 -0.0179737
24.62 -0.017902
24.63 -0.0177891
24.64 -0.0176306
24.65 -0.0174249
24.66 -0.0171731
24.67 -0.0168784
24.68 -0.0165454
24.69 -0.0161797
24.7 -0.0157874
24.71 -0.0153712
24.72 -0.0149271
24.73 -0.0144497
24.74 -0.0139363
24.75 -0.0133865
24.76 -0.0128015
24.77 -0.0121844
24.78 -0.0115388
24.79 -0.0108694
24.8 -0.0101809
24.81 -0.00947618
24.82 -0.00875477
24.83 -0.0080151
24.84 -0.00725685
24.85 -0.00648064
24.86 -0.00568786
24.87 -0.00488043
24.88 -0.00406061
24.89 -0.00323083
24.9 -0.00239355
24.91 -0.00155138
24.92 -0.000707191
24.93 0.000136326
24.94 0.00097703
24.95 0.00181333
24.96 0.00264416
24.97 0.00346891
24.98 0.0042874
24.99 0.00509977
25 0.00590646
25.01 0.00670573
25.02 0.00749187
25.03 0.00825856
25.04 0.00900164
25.05 0.00971889
25.06 0.0104098
25.07 0.0110752
25.08 0.011717
25.09 0.012338
25.1 0.0129413
25.11 0.0135265
25.12 0.0140862
25.13 0.0146118
25.14 0.0150981
25.15 0.0155426
25.16 0.0159456
25.17 0.0163092
25.18 0.0166369
25.19 0.0169334
25.2 0.0172041
25.21 0.0174498
25.22 0.0176632
25.23 0.0178352
25.24 0.0179605
25.25 0.0180372
25.26 0.0180659
25.27 0.0180497
25.28 0.0179931
25.29 0.0179017
25.3 0.0177818
25.31 0.0176354
25.32 0.0174568
25.33 0.0172383
25.34 0.0169758
25.35 0.0166681
25.36 0.0163165
25.37 0.015924
25.38 0.0154952
25.39 0.0150354
25.4 0.0145506
25.41 0.0140435
25.42 0.0135111
25.43 0.0129489
25.44 0.0123548
25.45 0.0117287
25.46 0.011072
25.47 0.0103873
25.48 0.00967818
25.49 0.00894853
25.5 0.00820266
25.51 0.00744345
25.52 0.00667131
25.53 0.00588587
25.54 0.00508748
25.55 0.00427707
25.56 0.00345595
25.57 0.00262572
25.58 0.00178812
25.59 0.00094488
25.6 9.77074e-005
25.61 -0.000750984
25.62 -0.00159745
25.63 -0.00243791
25.64 -0.00326962
25.65 -0.00409076
25.66 -0.00490039
25.67 -0.00569832
25.68 -0.00648496
25.69 -0.00726117
25.7 -0.00802817
25.71 -0.00878456
25.72 -0.00952403
25.73 -0.0102395
25.74 -0.0109264
25.75 -0.0115823
25.76 -0.0122071
25.77 -0.0128018
25.78 -0.0133689
25.79 -0.0139119
25.8 -0.0144344
25.81 -0.0149365
25.82 -0.0154106
25.83 -0.0158478
25.84 -0.0162427
25.85 -0.016593
25.86 -0.016899
25.87 -0.0171631
25.88 -0.0173893
25.89 -0.0175826
25.9 -0.0177488
25.91 -0.017889
25.92 -0.0179961
25.93 -0.0180614
25.94 -0.0180798
25.95 -0.0180494
25.96 -0.0179711
25.97 -0.0178481
25.98 -0.0176849
25.99 -0.0174872
26 -0.0172614
26.01 -0.0170097
26.02 -0.0167269
26.03 -0.0164063
26.04 -0.0160442
26.05 -0.0156396
26.06 -0.0151938
26.07 -0.01471
26.08 -0.0141923
26.09 -0.013646
26.1 -0.0130765
26.11 -0.0124869
26.12 -0.0118748
26.13 -0.011237
26.14 -0.0105719
26.15 -0.00987981
26.16 -0.00916203
26.17 -0.00842098
26.18 -0.00765975
26.19 -0.0068818
26.2 -0.00609073
26.21 -0.00528938
26.22 -0.00447909
26.23 -0.00366068
26.24 -0.00283517
26.25 -0.00200377
26.26 -0.00116771
26.27 -0.000328226
26.28 0.000513515
26.29 0.00135647
26.3 0.00219972
26.31 0.0030411
26.32 0.00387604
26.33 0.00469975
26.34 0.00550889
26.35 0.00630149
26.36 0.00707674
26.37 0.00783484
26.38 0.00857679
26.39 0.00930418
26.4 0.010019
26.41 0.0107202
26.42 0.0114009
26.43 0.0120535
26.44 0.012673
26.45 0.013257
26.46 0.0138054
26.47 0.0143197
26.48 0.0148029
26.49 0.0152589
26.5 0.0156922
26.51 0.016103
26.52 0.0164837
26.53 0.0168254
26.54 0.0171225
26.55 0.0173728
26.56 0.0175768
26.57 0.0177372
26.58 0.0178583
26.59 0.0179452
26.6 0.0180041
26.61 0.0180365
26.62 0.0180357
26.63 0.0179932
26.64 0.0179043
26.65 0.0177674
26.66 0.0175834
26.67 0.0173555
26.68 0.0170883
26.69 0.0167876
26.7 0.0164595
26.71 0.0161066
26.72 0.0157244
26.73 0.015307
26.74 0.0148511
26.75 0.0143562
26.76 0.0138235
26.77 0.0132562
26.78 0.0126581
26.79 0.0120341
26.8 0.0113893
26.81 0.0107267
26.82 0.010045
26.83 0.0093419
26.84 0.00861671
26.85 0.00786983
26.86 0.00710267
26.87 0.00631734
26.88 0.00551646
26.89 0.00470288
26.9 0.00387951
26.91 0.00304908
26.92 0.00221386
26.93 0.00137581
26.94 0.000536648
26.95 -0.000302196
26.96 -0.00113957
26.97 -0.00197462
26.98 -0.00280678
26.99 -0.0036357
27 -0.0044613
27.01 -0.00528164
27.02 -0.00609145
27.03 -0.00688498
27.04 -0.00765838
27.05 -0.00840951
27.06 -0.00913773
27.07 -0.00984365
27.08 -0.0105288
27.09 -0.0111955
27.1 -0.0118465
27.11 -0.012481
27.12 -0.013092
27.13 -0.013671
27.14 -0.014213
27.15 -0.0147155
27.16 -0.0151786
27.17 -0.0156041
27.18 -0.0159956
27.19 -0.0163573
27.2 -0.0166942
27.21 -0.017007
27.22 -0.0172882
27.23 -0.0175287
27.24 -0.0177231
27.25 -0.0178694
27.26 -0.0179682
27.27 -0.0180222
27.28 -0.0180361
27.29 -0.0180153
27.3 -0.0179659
27.31 -0.01789
27.32 -0.0177813
27.33 -0.0176317
27.34 -0.017437
27.35 -0.0171957
27.36 -0.016909
27.37 -0.0165799
27.38 -0.0162132
27.39 -0.0158144
27.4 -0.0153894
27.41 -0.014941
27.42 -0.0144656
27.43 -0.013958
27.44 -0.0134158
27.45 -0.0128386
27.46 -0.0122278
27.47 -0.0115862
27.48 -0.0109175
27.49 -0.010226
27.5 -0.00951643
27.51 -0.00879162
27.52 -0.00805135
27.53 -0.00729451
27.54 -0.006521
27.55 -0.00573154
27.56 -0.00492751
27.57 -0.00411072
27.58 -0.00328324
27.59 -0.00244729
27.6 -0.00160505
27.61 -0.000759069
27.62 8.74632e-005
27.63 0.000931481
27.64 0.00177063
27.65 0.00260323
27.66 0.00342827
27.67 0.00424528
27.68 0.00505428
27.69 0.00585566
27.7 0.00665013
27.71 0.00743607
27.72 0.00820754
27.73 0.00895795
27.74 0.00968299
27.75 0.0103804
27.76 0.0110497
27.77 0.011692
27.78 0.0123092
27.79 0.0129043
27.8 0.0134809
27.81 0.0140384
27.82 0.0145696
27.83 0.0150656
27.84 0.0155213
27.85 0.0159341
27.86 0.0163043
27.87 0.0166342
27.88 0.0169275
27.89 0.0171889
27.9 0.017424
27.91 0.0176337
27.92 0.0178108
27.93 0.0179463
27.94 0.0180349
27.95 0.0180747
27.96 0.0180665
27.97 0.0180134
27.98 0.0179199
27.99 0.0177916
28 0.0176349
28.01 0.0174519
28.02 0.0172369
28.03 0.0169828
28.04 0.0166854
28.05 0.0163437
28.06 0.0159589
28.07 0.0155341
28.08 0.0150738
28.09 0.0145833
28.1 0.0140684
28.11 0.0135318
28.12 0.0129709
28.13 0.0123816
28.14 0.0117619
28.15 0.0111118
28.16 0.0104328
28.17 0.0097274
28.18 0.00899894
28.19 0.00825127
28.2 0.00748841
28.21 0.00671324
28.22 0.0059265
28.23 0.00512822
28.24 0.00431899
28.25 0.00349983
28.26 0.00267203
28.27 0.00183708
28.28 0.000996497
28.29 0.000151802
28.3 -0.000695581
28.31 -0.00154331
28.32 -0.00238736
28.33 -0.00322359
28.34 -0.00404904
28.35 -0.00486183
28.36 -0.00566109
28.37 -0.00644674
28.38 -0.00721939
28.39 -0.00798017
28.4 -0.00873057
28.41 -0.00946928
28.42 -0.0101898
28.43 -0.0108849
28.44 -0.0115498
28.45 -0.0121821
28.46 -0.0127816
28.47 -0.0133497
28.48 -0.0138889
28.49 -0.0144028
28.5 -0.0148955
28.51 -0.0153669
28.52 -0.0158097
28.53 -0.0162147
28.54 -0.0165765
28.55 -0.0168929
28.56 -0.0171643
28.57 -0.0173931
28.58 -0.0175834
28.59 -0.0177403
28.6 -0.0178697
28.61 -0.017973
28.62 -0.018043
28.63 -0.0180712
28.64 -0.0180526
28.65 -0.0179853
28.66 -0.0178704
28.67 -0.0177109
28.68 -0.0175115
28.69 -0.0172779
28.7 -0.0170163
28.71 -0.0167292
28.72 -0.0164116
28.73 -0.0160569
28.74 -0.0156618
28.75 -0.0152252
28.76 -0.0147486
28.77 -0.014235
28.78 -0.0136886
28.79 -0.0131145
28.8 -0.012518
28.81 -0.011902
28.82 -0.0112648
28.83 -0.0106032
28.84 -0.0099162
28.85 -0.00920388
28.86 -0.00846771
28.87 -0.00771001
28.88 -0.00693368
28.89 -0.00614198
28.9 -0.00533829
28.91 -0.00452541
28.92 -0.00370502
28.93 -0.00287831
28.94 -0.00204656
28.95 -0.00121105
28.96 -0.000372989
28.97 0.000466514
28.98 0.0013065
28.99 0.00214616
29 0.00298488
29.01 0.00382054
29.02 0.00464835
29.03 0.00546316
29.04 0.00626145
29.05 0.00704119
29.06 0.00780163
29.07 0.0085431
29.08 0.00926681
29.09 0.00997459
29.1 0.0106687
29.11 0.0113481
29.12 0.012006
29.13 0.0126344
29.14 0.0132282
29.15 0.0137852
29.16 0.0143051
29.17 0.0147897
29.18 0.0152422
29.19 0.0156664
29.2 0.0160672
29.21 0.0164449
29.22 0.016792
29.23 0.0170993
29.24 0.0173615
29.25 0.0175764
29.26 0.0177444
29.27 0.0178684
29.28 0.0179526
29.29 0.0180025
29.3 0.0180242
29.31 0.0180192
29.32 0.0179811
29.33 0.0179016
29.34 0.017776
29.35 0.0176027
29.36 0.0173829
29.37 0.0171197
29.38 0.0168176
29.39 0.0164825
29.4 0.0161203
29.41 0.0157338
29.42 0.0153187
29.43 0.0148693
29.44 0.0143828
29.45 0.0138586
29.46 0.0132979
29.47 0.0127039
29.48 0.0120803
29.49 0.0114319
29.5 0.0107635
29.51 0.0100782
29.52 0.00937498
29.53 0.00865205
29.54 0.00790883
29.55 0.00714587
29.56 0.00636456
29.57 0.00556691
29.58 0.00475537
29.59 0.00393255
29.6 0.00310115
29.61 0.00226381
29.62 0.00142314
29.63 0.000581484
29.64 -0.000259227
29.65 -0.00109747
29.66 -0.00193213
29.67 -0.0027625
29.68 -0.00358819
29.69 -0.00440913
29.7 -0.0052255
29.71 -0.00603548
29.72 -0.00683354
29.73 -0.00761365
29.74 -0.00837177
29.75 -0.00910573
29.76 -0.00981496
29.77 -0.0105002
29.78 -0.0111632
29.79 -0.0118064
29.8 -0.0124328
29.81 -0.013042
29.82 -0.0136265
29.83 -0.0141779
29.84 -0.0146911
29.85 -0.0151635
29.86 -0.0155954
29.87 -0.0159887
29.88 -0.0163469
29.89 -0.0166747
29.9 -0.016977
29.91 -0.0172548
29.92 -0.0175006
29.93 -0.0177053
29.94 -0.0178635
29.95 -0.0179733
29.96 -0.0180353
29.97 -0.0180524
29.98 -0.0180292
29.99 -0.0179713
30 -0.0178848
30.01 -0.0177717
30.02 -0.0176261
30.03 -0.0174401
30.04 -0.0172096
30.05 -0.0169332
30.06 -0.016612
30.07 -0.0162493
30.08 -0.0158496
30.09 -0.0154184
30.1 -0.0149616
30.11 -0.0144819
30.12 -0.0139761
30.13 -0.0134393
30.14 -0.0128694
30.15 -0.0122659
30.16 -0.0116305
30.17 -0.0109656
30.18 -0.010275
30.19 -0.00956289
30.2 -0.00883358
30.21 -0.00809004
30.22 -0.00733236
30.23 -0.00655981
30.24 -0.00577254
30.25 -0.00497136
30.26 -0.00415764
30.27 -0.00333307
30.28 -0.00249954
30.29 -0.00165902
30.3 -0.000813448
30.31 3.46979e-005
30.32 0.000881937
30.33 0.00172482
30.34 0.00256079
30.35 0.00338809
30.36 0.00420575
30.37 0.00501344
30.38 0.00581138
30.39 0.00660022
30.4 0.00738094
30.41 0.00815202
30.42 0.00890733
30.43 0.00964001
30.44 0.0103456
30.45 0.0110218
30.46 0.0116683
30.47 0.0122861
30.48 0.0128775
30.49 0.0134457
30.5 0.0139943
30.51 0.0145232
30.52 0.0150248
30.53 0.0154903
30.54 0.0159144
30.55 0.0162947
30.56 0.0166314
30.57 0.016927
30.58 0.0171852
30.59 0.0174111
30.6 0.0176101
30.61 0.0177834
30.62 0.0179239
30.63 0.0180225
30.64 0.0180743
30.65 0.0180772
30.66 0.0180321
30.67 0.0179422
30.68 0.0178119
30.69 0.017647
30.7 0.0174538
30.71 0.0172345
30.72 0.0169837
30.73 0.0166944
30.74 0.0163627
30.75 0.0159876
30.76 0.0155704
30.77 0.0151141
30.78 0.0146232
30.79 0.0141029
30.8 0.0135589
30.81 0.0129939
30.82 0.0124056
30.83 0.0117902
30.84 0.0111461
30.85 0.0104734
30.86 0.00977338
30.87 0.0090486
30.88 0.00830227
30.89 0.00753801
30.9 0.00675964
30.91 0.00597002
30.92 0.0051702
30.93 0.00436063
30.94 0.00354213
30.95 0.00271581
30.96 0.00188295
30.97 0.00104488
30.98 0.000202951
30.99 -0.000641565
31 -0.00148752
31.01 -0.00233265
31.02 -0.00317264
31.03 -0.00400302
31.04 -0.00482061
31.05 -0.00562349
31.06 -0.00641081
31.07 -0.00718266
31.08 -0.00793984
31.09 -0.00868371
31.1 -0.00941605
31.11 -0.0101357
31.12 -0.0108359
31.13 -0.0115092
31.14 -0.0121508
31.15 -0.0127583
31.16 -0.0133314
31.17 -0.0138717
31.18 -0.0143819
31.19 -0.0148658
31.2 -0.0153277
31.21 -0.0157676
31.22 -0.0161781
31.23 -0.0165501
31.24 -0.0168782
31.25 -0.0171602
31.26 -0.0173964
31.27 -0.0175894
31.28 -0.0177434
31.29 -0.0178636
31.3 -0.0179561
31.31 -0.0180221
31.32 -0.018055
31.33 -0.018046
31.34 -0.0179904
31.35 -0.0178864
31.36 -0.017735
31.37 -0.0175394
31.38 -0.0173042
31.39 -0.0170351
31.4 -0.0167383
31.41 -0.0164163
31.42 -0.0160644
31.43 -0.0156764
31.44 -0.015249
31.45 -0.0147813
31.46 -0.0142748
31.47 -0.0137325
31.48 -0.0131584
31.49 -0.0125576
31.5 -0.0119351
31.51 -0.0112941
31.52 -0.0106329
31.53 -0.00994892
31.54 -0.00924121
31.55 -0.00851009
31.56 -0.00775697
31.57 -0.00698407
31.58 -0.00619415
31.59 -0.00539024
31.6 -0.0045755
31.61 -0.00375267
31.62 -0.00292376
31.63 -0.00209036
31.64 -0.00125398
31.65 -0.000415986
31.66 0.000422448
31.67 0.00126034
31.68 0.00209694
31.69 0.00293169
31.7 0.00376423
31.71 0.00459257
31.72 0.00541163
31.73 0.00621595
31.74 0.00700184
31.75 0.00776721
31.76 0.00851136
31.77 0.00923478
31.78 0.00993885
31.79 0.0106256
31.8 0.0112976
31.81 0.0119541
31.82 0.0125878
31.83 0.0131908
31.84 0.0137579
31.85 0.0142867
31.86 0.0147771
31.87 0.0152311
31.88 0.0156519
31.89 0.0160436
31.9 0.0164111
31.91 0.016755
31.92 0.0170677
31.93 0.0173402
31.94 0.017567
31.95 0.0177459
31.96 0.0178777
31.97 0.017965
31.98 0.0180122
31.99 0.018025
32 0.0180093
32.01 0.017967
32.02 0.0178917
32.03 0.0177753
32.04 0.0176132
32.05 0.017404
32.06 0.0171488
32.07 0.0168507
32.08 0.0165144
32.09 0.0161454
32.1 0.0157499
32.11 0.0153305
32.12 0.0148833
32.13 0.0144029
32.14 0.0138867
32.15 0.0133341
32.16 0.0127466
32.17 0.012127
32.18 0.0114791
32.19 0.0108075
32.2 0.0101168
32.21 0.00941013
32.22 0.00868682
32.23 0.00794541
32.24 0.00718561
32.25 0.00640804
32.26 0.00561409
32.27 0.00480567
32.28 0.00398504
32.29 0.00315459
32.3 0.00231676
32.31 0.00147414
32.32 0.00062965
32.33 -0.000213987
32.34 -0.00105461
32.35 -0.00189062
32.36 -0.00272095
32.37 -0.00354501
32.38 -0.00436264
32.39 -0.00517402
32.4 -0.00597958
32.41 -0.00677761
32.42 -0.00756238
32.43 -0.00832754
32.44 -0.00906892
32.45 -0.0097843
32.46 -0.0104732
32.47 -0.0111363
32.48 -0.0117758
32.49 -0.0123943
32.5 -0.0129951
32.51 -0.0135776
32.52 -0.0141346
32.53 -0.0146573
32.54 -0.0151407
32.55 -0.0155822
32.56 -0.015982
32.57 -0.0163423
32.58 -0.0166667
32.59 -0.0169598
32.6 -0.017227
32.61 -0.0174693
32.62 -0.0176791
32.63 -0.0178475
32.64 -0.0179693
32.65 -0.0180424
32.66 -0.0180675
32.67 -0.0180477
32.68 -0.0179875
32.69 -0.0178925
32.7 -0.017769
32.71 -0.017619
32.72 -0.0174368
32.73 -0.0172148
32.74 -0.0169489
32.75 -0.0166379
32.76 -0.0162829
32.77 -0.0158873
32.78 -0.0154553
32.79 -0.0149925
32.8 -0.0145047
32.81 -0.0139947
32.82 -0.0134595
32.83 -0.0128946
32.84 -0.012298
32.85 -0.0116695
32.86 -0.0110106
32.87 -0.0103238
32.88 -0.00961268
32.89 -0.00888122
32.9 -0.00813362
32.91 -0.00737279
32.92 -0.00659916
32.93 -0.0058124
32.94 -0.00501288
32.95 -0.00420155
32.96 -0.00337971
32.97 -0.00254895
32.98 -0.00171098
32.99 -0.00086753
33 -2.02644e-005
33.01 0.000828406
33.02 0.00167471
33.03 0.00251483
33.04 0.003346
33.05 0.00416639
33.06 0.00497509
33.07 0.00577189
33.08 0.00655722
33.09 0.00733199
33.1 0.00809744
33.11 0.00885217
33.12 0.00958986
33.13 0.0103034
33.14 0.0109882
33.15 0.0116419
33.16 0.0122642
33.17 0.0128564
33.18 0.0134209
33.19 0.013961
33.2 0.0144807
33.21 0.0149798
33.22 0.0154509
33.23 0.0158849
33.24 0.0162767
33.25 0.0166237
33.26 0.0169263
33.27 0.017187
33.28 0.0174097
33.29 0.0175995
33.3 0.0177621
33.31 0.0178987
33.32 0.0180023
33.33 0.0180639
33.34 0.0180787
33.35 0.0180447
33.36 0.0179628
33.37 0.0178362
33.38 0.0176694
33.39 0.0174682
33.4 0.0172389
33.41 0.0169837
33.42 0.0166976
33.43 0.0163736
33.44 0.0160082
33.45 0.0156005
33.46 0.0151517
33.47 0.0146649
33.48 0.0141443
33.49 0.0135953
33.5 0.0130231
33.51 0.0124308
33.52 0.0118163
33.53 0.0111761
33.54 0.0105088
33.55 0.00981467
33.56 0.00909502
33.57 0.00835229
33.58 0.00758952
33.59 0.00681015
33.6 0.00601779
33.61 0.00521524
33.62 0.0044039
33.63 0.0035846
33.64 0.00275842
33.65 0.00192654
33.66 0.00109021
33.67 0.000250653
33.68 -0.00059099
33.69 -0.00143369
33.7 -0.00227658
33.71 -0.00311747
33.72 -0.00395179
33.73 -0.0047747
33.74 -0.00558286
33.75 -0.00637426
33.76 -0.00714813
33.77 -0.00790468
33.78 -0.00864491
33.79 -0.00937044
33.8 -0.0100833
33.81 -0.0107824
33.82 -0.011461
33.83 -0.0121112
33.84 -0.0127283
33.85 -0.0133097
33.86 -0.0138553
33.87 -0.0143668
33.88 -0.0148471
33.89 -0.0153
33.9 -0.0157302
33.91 -0.0161377
33.92 -0.0165152
33.93 -0.0168536
33.94 -0.0171473
33.95 -0.0173942
33.96 -0.0175947
33.97 -0.0177516
33.98 -0.017869
33.99 -0.0179523
34 -0.0180076
34.01 -0.0180364
34.02 -0.0180319
34.03 -0.0179858
34.04 -0.0178933
34.05 -0.0177528
34.06 -0.0175653
34.07 -0.0173339
34.08 -0.0170634
34.09 -0.0167593
34.1 -0.0164278
34.11 -0.0160716
34.12 -0.0156862
34.13 -0.0152655
34.14 -0.0148066
34.15 -0.0143088
34.16 -0.0137734
34.17 -0.0132034
34.18 -0.0126028
34.19 -0.0119763
34.2 -0.0113292
34.21 -0.0106643
34.22 -0.00998041
34.23 -0.00927535
34.24 -0.00854834
34.25 -0.00779982
34.26 -0.00703121
34.27 -0.00624462
34.28 -0.00544263
34.29 -0.00462807
34.3 -0.00380385
34.31 -0.00297267
34.32 -0.00213685
34.33 -0.00129837
34.34 -0.000458984
34.35 0.000379874
34.36 0.00121706
34.37 0.00205172
34.38 0.00288332
34.39 0.00371153
34.4 0.0045363
34.41 0.0053557
34.42 0.00616443
34.43 0.00695672
34.44 0.00772869
34.45 0.0084782
34.46 0.00920463
34.47 0.00990859
34.48 0.0105917
34.49 0.0112561
34.5 0.0119048
34.51 0.0125369
34.52 0.0131453
34.53 0.0137217
34.54 0.0142609
34.55 0.0147605
34.56 0.0152206
34.57 0.015643
34.58 0.0160312
34.59 0.0163896
34.6 0.0167232
34.61 0.0170326
34.62 0.0173104
34.63 0.0175474
34.64 0.0177384
34.65 0.0178811
34.66 0.0179763
34.67 0.0180267
34.68 0.0180369
34.69 0.0180125
34.7 0.0179596
34.71 0.01788
34.72 0.0177676
34.73 0.0176145
34.74 0.0174163
34.75 0.0171715
34.76 0.0168814
34.77 0.0165491
34.78 0.0161791
34.79 0.0157771
34.8 0.0153489
34.81 0.0148975
34.82 0.014419
34.83 0.0139086
34.84 0.0133636
34.85 0.0127838
34.86 0.0121706
34.87 0.0115266
34.88 0.0108557
34.89 0.0101622
34.9 0.00945057
34.91 0.00872387
34.92 0.00798184
34.93 0.0072234
34.94 0.00644848
34.95 0.00565781
34.96 0.00485277
34.97 0.00403514
34.98 0.00320701
34.99 0.00237053
35 0.0015279
35.01 0.000681636
35.02 -0.000165038
35.03 -0.00100902
35.04 -0.00184793
35.05 -0.00268009
35.06 -0.00350448
35.07 -0.00432065
35.08 -0.00512863
35.09 -0.00592886
35.1 -0.00672206
35.11 -0.00750661
35.12 -0.00827658
35.13 -0.00902532
35.14 -0.00974852
35.15 -0.0104439
35.16 -0.0111111
35.17 -0.011751
35.18 -0.0123657
35.19 -0.0129583
35.2 -0.0135322
35.21 -0.0140869
35.22 -0.0146153
35.23 -0.0151084
35.24 -0.015561
35.25 -0.0159707
35.26 -0.0163377
35.27 -0.0166642
35.28 -0.0169541
35.29 -0.0172121
35.3 -0.0174436
35.31 -0.0176498
35.32 -0.0178233
35.33 -0.0179552
35.34 -0.0180402
35.35 -0.0180765
35.36 -0.0180647
35.37 -0.018008
35.38 -0.0179108
35.39 -0.017779
35.4 -0.0176187
35.41 -0.0174321
35.42 -0.0172137
35.43 -0.016956
35.44 -0.0166553
35.45 -0.0163103
35.46 -0.0159223
35.47 -0.0154944
35.48 -0.0150311
35.49 -0.0145376
35.5 -0.0140198
35.51 -0.0134804
35.52 -0.0129168
35.53 -0.0123249
35.54 -0.0117028
35.55 -0.0110504
35.56 -0.0103693
35.57 -0.00966195
35.58 -0.00893168
35.59 -0.00818233
35.6 -0.00741789
35.61 -0.00664125
35.62 -0.00585316
35.63 -0.00505371
35.64 -0.00424351
35.65 -0.00342358
35.66 -0.00259522
35.67 -0.00175989
35.68 -0.000919108
35.69 -7.43588e-005
35.7 0.000772958
35.71 0.00162051
35.72 0.00246423
35.73 0.00329996
35.74 0.00412471
35.75 0.00493661
35.76 0.00573477
35.77 0.00651914
35.78 0.00729035
35.79 0.00804954
35.8 0.00879824
35.81 0.00953516
35.82 0.0102538
35.83 0.0109468
35.84 0.0116094
35.85 0.0122394
35.86 0.0128364
35.87 0.0134018
35.88 0.0139382
35.89 0.0144492
35.9 0.0149389
35.91 0.0154074
35.92 0.015847
35.93 0.0162488
35.94 0.0166074
35.95 0.0169205
35.96 0.0171884
35.97 0.0174137
35.98 0.0176005
35.99 0.0177539
36 0.0178797
36.01 0.0179793
36.02 0.0180457
36.03 0.0180703
36.04 0.018048
36.05 0.0179772
36.06 0.0178587
36.07 0.0176957
36.08 0.0174928
36.09 0.0172556
36.1 0.0169906
36.11 0.0167001
36.12 0.0163791
36.13 0.0160212
36.14 0.0156228
36.15 0.0151832
36.16 0.0147036
36.17 0.0141872
36.18 0.013638
36.19 0.0130612
36.2 0.0124621
36.21 0.0118437
36.22 0.011204
36.23 0.0105403
36.24 0.00985113
36.25 0.00913692
36.26 0.00839903
36.27 0.00763978
36.28 0.00686205
36.29 0.0060691
36.3 0.00526426
36.31 0.00445034
36.32 0.00362905
36.33 0.00280162
36.34 0.00196934
36.35 0.00113352
36.36 0.000295352
36.37 -0.000544066
36.38 -0.00138379
36.39 -0.00222305
36.4 -0.00306123
36.41 -0.00389625
36.42 -0.00472327
36.43 -0.00553712
36.44 -0.00633427
36.45 -0.00711267
36.46 -0.00787158
36.47 -0.00861136
36.48 -0.00933321
36.49 -0.010039
36.5 -0.010731
36.51 -0.0114082
36.52 -0.0120639
36.53 -0.0126898
36.54 -0.0132811
36.55 -0.0138353
36.56 -0.0143524
36.57 -0.0148341
36.58 -0.0152835
36.59 -0.0157046
36.6 -0.0161022
36.61 -0.0164766
36.62 -0.0168204
36.63 -0.0171243
36.64 -0.0173831
36.65 -0.0175944
36.66 -0.017759
36.67 -0.0178794
36.68 -0.01796
36.69 -0.0180063
36.7 -0.0180243
36.71 -0.0180157
36.72 -0.0179739
36.73 -0.0178908
36.74 -0.0177616
36.75 -0.0175848
36.76 -0.0173615
36.77 -0.0170949
36.78 -0.0167895
36.79 -0.016451
36.8 -0.0160855
36.81 -0.0156958
36.82 -0.0152775
36.83 -0.0148251
36.84 -0.0143356
36.85 -0.0138085
36.86 -0.0132452
36.87 -0.0126486
36.88 -0.0120226
36.89 -0.0113719
36.9 -0.0107013
36.91 -0.0100138
36.92 -0.00930858
36.93 -0.00858379
36.94 -0.00783888
36.95 -0.00707443
36.96 -0.00629182
36.97 -0.00549305
36.98 -0.00468055
36.99 -0.00385692
37 -0.00302482
37.01 -0.0021869
37.02 -0.00134578
37.03 -0.000503862
37.04 0.00033691
37.05 0.001175
37.06 0.00200931
37.07 0.00283913
37.08 0.00366411
37.09 0.00448419
37.1 0.00529957
37.11 0.00610845
37.12 0.00690528
37.13 0.00768399
37.14 0.00844054
37.15 0.00917276
37.16 0.00988005
37.17 0.0105632
37.18 0.0112239
37.19 0.0118648
37.2 0.0124888
37.21 0.0130954
37.22 0.0136772
37.23 0.0142259
37.24 0.0147362
37.25 0.0152057
37.26 0.0156345
37.27 0.0160246
37.28 0.0163796
37.29 0.0167039
37.3 0.0170029
37.31 0.0172772
37.32 0.0175195
37.33 0.0177207
37.34 0.0178754
37.35 0.0179816
37.36 0.01804
37.37 0.0180535
37.38 0.0180267
37.39 0.0179651
37.4 0.017875
37.41 0.0177583
37.42 0.0176091
37.43 0.0174196
37.44 0.0171856
37.45 0.0169058
37.46 0.0165813
37.47 0.0162154
37.48 0.0158125
37.49 0.0153781
37.5 0.0149182
37.51 0.0144356
37.52 0.0139268
37.53 0.0133873
37.54 0.0128147
37.55 0.0122088
37.56 0.0115709
37.57 0.0109039
37.58 0.0102112
37.59 0.00949715
37.6 0.00876599
37.61 0.0080207
37.62 0.0072614
37.63 0.00648739
37.64 0.00569886
37.65 0.00489662
37.66 0.00408204
37.67 0.00325679
37.68 0.00242275
37.69 0.00158187
37.7 0.000736064
37.71 -0.000112206
37.72 -0.000959427
37.73 -0.00180212
37.74 -0.00263769
37.75 -0.00346439
37.76 -0.00428124
37.77 -0.00508793
37.78 -0.00588471
37.79 -0.00667224
37.8 -0.00745153
37.81 -0.00822108
37.82 -0.00897474
37.83 -0.00970561
37.84 -0.0104092
37.85 -0.0110833
37.86 -0.0117275
37.87 -0.0123428
37.88 -0.0129317
37.89 -0.0134972
37.9 -0.014043
37.91 -0.014569
37.92 -0.0150677
37.93 -0.0155302
37.94 -0.0159511
37.95 -0.0163282
37.96 -0.0166617
37.97 -0.0169538
37.98 -0.0172086
37.99 -0.017431
38 -0.0176265
38.01 -0.0177962
38.02 -0.0179331
38.03 -0.0180281
38.04 -0.0180762
38.05 -0.0180756
38.06 -0.0180269
38.07 -0.0179334
38.08 -0.0177995
38.09 -0.0176311
38.1 -0.0174343
38.11 -0.0172115
38.12 -0.0169572
38.13 -0.0166645
38.14 -0.0163294
38.15 -0.0159511
38.16 -0.0155308
38.17 -0.0150715
38.18 -0.0145777
38.19 -0.0140546
38.2 -0.0135077
38.21 -0.01294
38.22 -0.0123491
38.23 -0.0117313
38.24 -0.0110849
38.25 -0.01041
38.26 -0.00970799
38.27 -0.0089814
38.28 -0.00823339
38.29 -0.00746759
38.3 -0.00668778
38.31 -0.00589684
38.32 -0.00509582
38.33 -0.00428523
38.34 -0.00346591
38.35 -0.00263898
38.36 -0.0018057
38.37 -0.000967415
38.38 -0.000125443
38.39 0.000718969
38.4 0.00156469
38.41 0.00240948
38.42 0.003249
38.43 0.00407871
38.44 0.00489545
38.45 0.00569728
38.46 0.00648336
38.47 0.00725377
38.48 0.00800936
38.49 0.00875151
38.5 0.009482
38.51 0.0101997
38.52 0.0108979
38.53 0.011569
38.54 0.0122082
38.55 0.0128132
38.56 0.0133837
38.57 0.0139212
38.58 0.0144286
38.59 0.0149095
38.6 0.0153683
38.61 0.0158051
38.62 0.0162124
38.63 0.0165812
38.64 0.016906
38.65 0.0171845
38.66 0.0174172
38.67 0.0176067
38.68 0.0177572
38.69 0.0178738
38.7 0.0179626
38.71 0.0180251
38.72 0.0180543
38.73 0.0180417
38.74 0.0179824
38.75 0.0178749
38.76 0.01772
38.77 0.0175208
38.78 0.0172821
38.79 0.0170096
38.8 0.0167094
38.81 0.016384
38.82 0.0160289
38.83 0.0156376
38.84 0.0152071
38.85 0.0147364
38.86 0.0142271
38.87 0.013682
38.88 0.0131053
38.89 0.0125019
38.9 0.011877
38.91 0.0112336
38.92 0.0105701
38.93 0.00988401
38.94 0.00917435
38.95 0.00844147
38.96 0.00768677
38.97 0.00691247
38.98 0.0061213
38.99 0.00531628
39 0.00450055
39.01 0.00367683
39.02 0.00284718
39.03 0.00201321
39.04 0.00117647
39.05 0.000338312
39.06 -0.000500072
39.07 -0.00133773
39.08 -0.00217391
39.09 -0.00300809
39.1 -0.00383995
39.11 -0.00466748
39.12 -0.0054856
39.13 -0.00628882
39.14 -0.00707342
39.15 -0.0078373
39.16 -0.00857979
39.17 -0.00930137
39.18 -0.0100034
39.19 -0.0106881
39.2 -0.0113579
39.21 -0.012012
39.22 -0.0126433
39.23 -0.0132438
39.24 -0.0138082
39.25 -0.0143342
39.26 -0.0148217
39.27 -0.0152727
39.28 -0.0156902
39.29 -0.0160787
39.3 -0.016443
39.31 -0.0167835
39.32 -0.0170929
39.33 -0.0173619
39.34 -0.0175852
39.35 -0.0177606
39.36 -0.0178888
39.37 -0.0179725
39.38 -0.0180162
39.39 -0.0180253
39.4 -0.018006
39.41 -0.0179601
39.42 -0.0178811
39.43 -0.0177611
39.44 -0.0175955
39.45 -0.0173828
39.46 -0.0171241
39.47 -0.0168227
39.48 -0.0164831
39.49 -0.0161108
39.5 -0.0157121
39.51 -0.0152895
39.52 -0.0148392
39.53 -0.0143559
39.54 -0.0138368
39.55 -0.0132815
39.56 -0.0126914
39.57 -0.0120694
39.58 -0.0114192
39.59 -0.0107454
39.6 -0.0100527
39.61 -0.00934394
39.62 -0.00861873
39.63 -0.0078756
39.64 -0.00711426
39.65 -0.00633534
39.66 -0.00554024
39.67 -0.00473086
39.68 -0.00390942
39.69 -0.00307831
39.7 -0.00223994
39.71 -0.00139689
39.72 -0.000552117
39.73 0.000291627
39.74 0.00113215
39.75 0.00196786
39.76 0.00279768
39.77 0.00362105
39.78 0.00443781
39.79 0.00524816
39.8 0.00605258
39.81 0.00684937
39.82 0.00763277
39.83 0.00839639
39.84 0.00913606
39.85 0.00984955
39.86 0.0105363
39.87 0.0111973
39.88 0.0118344
39.89 0.0124505
39.9 0.0130486
39.91 0.0136285
39.92 0.0141827
39.93 0.0147026
39.94 0.015183
39.95 0.0156215
39.96 0.0160181
39.97 0.0163751
39.98 0.0166961
39.99 0.0169859
40 0.0172497
40.01 0.0174884
40.02 0.0176947
40.03 0.0178596
40.04 0.0179778
40.05 0.0180472
40.06 0.0180688
40.07 0.0180454
40.08 0.0179815
40.09 0.0178829
40.1 0.0177558
40.11 0.0176023
40.12 0.0174165
40.13 0.017191
40.14 0.0169216
40.15 0.0166073
40.16 0.0162491
40.17 0.0158503
40.18 0.0154152
40.19 0.0149494
40.2 0.0144586
40.21 0.0139457
40.22 0.0134076
40.23 0.0128401
40.24 0.0122409
40.25 0.01161
40.26 0.0109489
40.27 0.01026
40.28 0.009547
40.29 0.00881373
40.3 0.00806442
40.31 0.00730198
40.32 0.00652687
40.33 0.0057388
40.34 0.00493818
40.35 0.00412593
40.36 0.00330339
40.37 0.00247211
40.38 0.0016338
40.39 0.000790149
40.4 -5.71933e-005
40.41 -0.000905826
40.42 -0.00175195
40.43 -0.00259171
40.44 -0.00342232
40.45 -0.00424196
40.46 -0.00504969
40.47 -0.00584534
40.48 -0.00662937
40.49 -0.00740268
40.5 -0.00816656
40.51 -0.00891961
40.52 -0.0096555
40.53 -0.0103671
40.54 -0.0110498
40.55 -0.0117012
40.56 -0.0123211
40.57 -0.0129107
40.58 -0.0134725
40.59 -0.0140099
40.6 -0.0145266
40.61 -0.0150228
40.62 -0.0154909
40.63 -0.0159218
40.64 -0.0163103
40.65 -0.0166541
40.66 -0.0169534
40.67 -0.0172106
40.68 -0.0174299
40.69 -0.0176161
40.7 -0.0177751
40.71 -0.0179081
40.72 -0.018008
40.73 -0.0180661
40.74 -0.0180772
40.75 -0.0180396
40.76 -0.0179542
40.77 -0.017824
40.78 -0.0176537
40.79 -0.017449
40.8 -0.0172161
40.81 -0.0169575
40.82 -0.0166679
40.83 -0.0163406
40.84 -0.015972
40.85 -0.0155611
40.86 -0.0151092
40.87 -0.0146195
40.88 -0.0140961
40.89 -0.0135443
40.9 -0.0129695
40.91 -0.0123746
40.92 -0.0117575
40.93 -0.0111149
40.94 -0.0104455
40.95 -0.00974933
40.96 -0.00902784
40.97 -0.00828343
40.98 -0.00751914
40.99 -0.00673838
41 -0.00594473
41.01 -0.005141
41.02 -0.00432862
41.03 -0.00350846
41.04 -0.00268161
41.05 -0.00184927
41.06 -0.00101269
41.07 -0.000173078
41.08 0.000668449
41.09 0.00151089
41.1 0.00235339
41.11 0.00319377
41.12 0.00402745
41.13 0.00484955
41.14 0.0056567
41.15 0.0064469
41.16 0.00721938
41.17 0.00797435
41.18 0.00871285
41.19 0.00943652
41.2 0.0101474
41.21 0.0108444
41.22 0.0115208
41.23 0.0121688
41.24 0.0127833
41.25 0.0133621
41.26 0.013905
41.27 0.0144137
41.28 0.0148909
41.29 0.0153408
41.3 0.0157678
41.31 0.0161722
41.32 0.0165464
41.33 0.0168814
41.34 0.0171718
41.35 0.0174152
41.36 0.0176123
41.37 0.0177656
41.38 0.0178794
41.39 0.0179591
41.4 0.0180108
41.41 0.0180359
41.42 0.0180278
41.43 0.0179781
41.44 0.017882
41.45 0.0177379
41.46 0.0175469
41.47 0.0173121
41.48 0.0170381
41.49 0.0167306
41.5 0.0163958
41.51 0.0160363
41.52 0.0156476
41.53 0.0152238
41.54 0.0147619
41.55 0.0142612
41.56 0.013723
41.57 0.0131503
41.58 0.0125472
41.59 0.0119183
41.6 0.0112689
41.61 0.0106017
41.62 0.00991565
41.63 0.00920861
41.64 0.00847979
41.65 0.00772965
41.66 0.00695961
41.67 0.00617176
41.68 0.00536868
41.69 0.00455316
41.7 0.0037281
41.71 0.0028962
41.72 0.00205979
41.73 0.00122091
41.74 0.000381311
41.75 -0.000457543
41.76 -0.00129452
41.77 -0.00212878
41.78 -0.0029598
41.79 -0.00378729
41.8 -0.00461121
41.81 -0.00542965
41.82 -0.00623729
41.83 -0.00702832
41.84 -0.00779885
41.85 -0.00854674
41.86 -0.00927136
41.87 -0.00997334
41.88 -0.0106543
41.89 -0.0113165
41.9 -0.0119628
41.91 -0.0125925
41.92 -0.0131983
41.93 -0.0137721
41.94 -0.0143085
41.95 -0.0148052
41.96 -0.0152623
41.97 -0.0156816
41.98 -0.0160666
41.99 -0.0164217
42 -0.016752
42.01 -0.017058
42.02 -0.0173323
42.03 -0.0175658
42.04 -0.0177532
42.05 -0.0178924
42.06 -0.017984
42.07 -0.0180309
42.08 -0.0180375
42.09 -0.0180094
42.1 -0.0179528
42.11 -0.0178696
42.12 -0.0177537
42.13 -0.017597
42.14 -0.0173952
42.15 -0.017147
42.16 -0.0168535
42.17 -0.0165179
42.18 -0.0161447
42.19 -0.0157394
42.2 -0.0153082
42.21 -0.0148536
42.22 -0.0143722
42.23 -0.0138589
42.24 -0.0133112
42.25 -0.0127288
42.26 -0.012113
42.27 -0.0114668
42.28 -0.0107937
42.29 -0.0100981
42.3 -0.00938454
42.31 -0.00865596
42.32 -0.00791218
42.33 -0.00715216
42.34 -0.00637584
42.35 -0.00558397
42.36 -0.00477793
42.37 -0.00395949
42.38 -0.0031307
42.39 -0.00229373
42.4 -0.00145071
42.41 -0.000604175
42.42 0.000242627
42.43 0.00108655
42.44 0.00192521
42.45 0.00275691
42.46 0.00358063
42.47 0.00439595
42.48 0.00520291
42.49 0.00600196
42.5 0.00679387
42.51 0.00757702
42.52 0.00834546
42.53 0.00909252
42.54 0.00981386
42.55 0.0105072
42.56 0.0111722
42.57 0.0118098
42.58 0.012422
42.59 0.013012
42.6 0.0135832
42.61 0.0141352
42.62 0.0146607
42.63 0.0151509
42.64 0.0156004
42.65 0.0160069
42.66 0.0163707
42.67 0.0166939
42.68 0.0169804
42.69 0.0172349
42.7 0.017463
42.71 0.0176656
42.72 0.0178356
42.73 0.0179639
42.74 0.0180453
42.75 0.0180779
42.76 0.0180626
42.77 0.0180022
42.78 0.0179015
42.79 0.0177661
42.8 0.0176022
42.81 0.0174121
42.82 0.0171901
42.83 0.016929
42.84 0.0166249
42.85 0.0162766
42.86 0.0158854
42.87 0.0154545
42.88 0.0149881
42.89 0.0144917
42.9 0.013971
42.91 0.0134288
42.92 0.0128625
42.93 0.012268
42.94 0.0116434
42.95 0.0109889
42.96 0.0103056
42.97 0.00959633
42.98 0.00886427
42.99 0.00811324
43 0.00734723
43.01 0.00656913
43.02 0.00577972
43.03 0.00497911
43.04 0.00416795
43.05 0.00334726
43.06 0.00251835
43.07 0.00168266
43.08 0.00084169
43.09 -3.09862e-006
43.1 -0.000850333
43.11 -0.00169769
43.12 -0.00254107
43.13 -0.00337629
43.14 -0.00420033
43.15 -0.00501131
43.16 -0.00580836
43.17 -0.00659144
43.18 -0.00736118
43.19 -0.00811878
43.2 -0.00886576
43.21 -0.00960086
43.22 -0.0103176
43.23 -0.0110085
43.24 -0.0116689
43.25 -0.0122965
43.26 -0.0128909
43.27 -0.0134536
43.28 -0.0139873
43.29 -0.0144954
43.3 -0.0149821
43.31 -0.0154475
43.32 -0.015884
43.33 -0.0162826
43.34 -0.016638
43.35 -0.0169477
43.36 -0.0172122
43.37 -0.0174341
43.38 -0.0176173
43.39 -0.0177671
43.4 -0.0178893
43.41 -0.0179853
43.42 -0.0180481
43.43 -0.0180691
43.44 -0.0180432
43.45 -0.0179687
43.46 -0.0178467
43.47 -0.0176801
43.48 -0.0174737
43.49 -0.0172331
43.5 -0.0169646
43.51 -0.0166706
43.52 -0.0163463
43.53 -0.0159851
43.54 -0.0155835
43.55 -0.0151408
43.56 -0.0146584
43.57 -0.0141391
43.58 -0.0135872
43.59 -0.0130077
43.6 -0.0124061
43.61 -0.0117851
43.62 -0.0111431
43.63 -0.0104771
43.64 -0.00978589
43.65 -0.00906979
43.66 -0.00833021
43.67 -0.00756942
43.68 -0.00679031
43.69 -0.00599611
43.7 -0.00519015
43.71 -0.0043752
43.72 -0.00355302
43.73 -0.00272488
43.74 -0.0018921
43.75 -0.00105598
43.76 -0.000217722
43.77 0.000621595
43.78 0.00146105
43.79 0.00229988
43.8 0.00313751
43.81 0.00397187
43.82 0.0047981
43.83 0.00561098
43.84 0.00640697
43.85 0.00718403
43.86 0.0079414
43.87 0.00867947
43.88 0.00939945
43.89 0.0101032
43.9 0.0107931
43.91 0.0114682
43.92 0.0121215
43.93 0.012745
43.94 0.0133337
43.95 0.0138852
43.96 0.0143995
43.97 0.0148782
43.98 0.0153245
43.99 0.0157425
44 0.0161368
44.01 0.016508
44.02 0.0168484
44.03 0.017149
44.04 0.0174043
44.05 0.0176122
44.06 0.0177732
44.07 0.01789
44.08 0.017967
44.09 0.0180097
44.1 0.018024
44.11 0.0180118
44.12 0.0179664
44.13 0.0178797
44.14 0.0177469
44.15 0.0175666
44.16 0.0173398
44.17 0.0170697
44.18 0.016761
44.19 0.0164192
44.2 0.0160504
44.21 0.0156574
44.22 0.015236
44.23 0.0147805
44.24 0.0142881
44.25 0.0137582
44.26 0.0131923
44.27 0.0125932
44.28 0.0119647
44.29 0.0113117
44.3 0.0106389
44.31 0.00994926
44.32 0.00924202
44.33 0.00851537
44.34 0.00776881
44.35 0.00700287
44.36 0.00621898
44.37 0.00541911
44.38 0.00460566
44.39 0.00378123
44.4 0.00294844
44.41 0.00210995
44.42 0.00126841
44.43 0.000426233
44.44 -0.000414588
44.45 -0.00125252
44.46 -0.00208646
44.47 -0.00291572
44.48 -0.00373997
44.49 -0.00455917
44.5 -0.00537355
44.51 -0.00618132
44.52 -0.00697691
44.53 -0.00775421
44.54 -0.00850918
44.55 -0.00923963
44.56 -0.00994498
44.57 -0.010626
44.58 -0.0112845
44.59 -0.011923
44.6 -0.0125445
44.61 -0.0131485
44.62 -0.0137278
44.63 -0.0142737
44.64 -0.0147811
44.65 -0.0152476
44.66 -0.0156733
44.67 -0.0160602
44.68 -0.0164119
44.69 -0.0167329
44.7 -0.0170285
44.71 -0.0172993
44.72 -0.0175381
44.73 -0.0177357
44.74 -0.0178869
44.75 -0.0179895
44.76 -0.0180443
44.77 -0.0180543
44.78 -0.0180238
44.79 -0.0179586
44.8 -0.0178649
44.81 -0.0177446
44.82 -0.0175918
44.83 -0.0173988
44.84 -0.0171613
44.85 -0.0168781
44.86 -0.0165503
44.87 -0.0161811
44.88 -0.015775
44.89 -0.0153376
44.9 -0.0148746
44.91 -0.014389
44.92 -0.0138773
44.93 -0.013335
44.94 -0.0127598
44.95 -0.0121513
44.96 -0.0115112
44.97 -0.010842
44.98 -0.0101473
44.99 -0.00943122
45 -0.00869823
45.01 -0.0079512
45.02 -0.00719029
45.03 -0.00641485
45.04 -0.00562506
45.05 -0.00482178
45.06 -0.00400635
45.07 -0.00318044
45.08 -0.00234592
45.09 -0.0015047
45.1 -0.000658668
45.11 0.00018971
45.12 0.0010369
45.13 0.00187937
45.14 0.00271453
45.15 0.00354061
45.16 0.00435664
45.17 0.00516233
45.18 0.00595792
45.19 0.00674414
45.2 0.00752199
45.21 0.00828999
45.22 0.00904198
45.23 0.00977103
45.24 0.0104727
45.25 0.0111446
45.26 0.0117864
45.27 0.0123993
45.28 0.0129856
45.29 0.0135484
45.3 0.0140914
45.31 0.0146145
45.32 0.0151103
45.33 0.0155697
45.34 0.0159875
45.35 0.0163614
45.36 0.0166916
45.37 0.0169804
45.38 0.0172317
45.39 0.0174505
45.4 0.0176425
45.41 0.0178087
45.42 0.0179419
45.43 0.0180334
45.44 0.0180779
45.45 0.0180736
45.46 0.0180214
45.47 0.0179242
45.48 0.0177868
45.49 0.0176148
45.5 0.0174145
45.51 0.0171882
45.52 0.0169304
45.53 0.0166343
45.54 0.0162959
45.55 0.0159144
45.56 0.015491
45.57 0.0150287
45.58 0.0145319
45.59 0.0140059
45.6 0.0134563
45.61 0.0128859
45.62 0.0122924
45.63 0.0116721
45.64 0.0110234
45.65 0.0103464
45.66 0.0096424
45.67 0.00891401
45.68 0.00816435
45.69 0.00739702
45.7 0.0066158
45.71 0.00582354
45.72 0.00502135
45.73 0.00420975
45.74 0.00338963
45.75 0.0025621
45.76 0.00172843
45.77 0.000889941
45.78 4.79401e-005
45.79 -0.000796352
45.8 -0.00164184
45.81 -0.00248627
45.82 -0.00332528
45.83 -0.00415433
45.84 -0.0049702
45.85 -0.00577097
45.86 -0.00655578
45.87 -0.00732476
45.88 -0.00807874
45.89 -0.00881915
45.9 -0.00954779
45.91 -0.0102635
45.92 -0.0109596
45.93 -0.0116285
45.94 -0.0122654
45.95 -0.0128679
45.96 -0.0134357
45.97 -0.0139705
45.98 -0.0144749
45.99 -0.0149529
46 -0.0154086
46.01 -0.0158423
46.02 -0.0162464
46.03 -0.0166119
46.04 -0.0169333
46.05 -0.0172085
46.06 -0.0174377
46.07 -0.0176237
46.08 -0.0177706
46.09 -0.0178837
46.1 -0.0179689
46.11 -0.0180277
46.12 -0.0180532
46.13 -0.018037
46.14 -0.0179742
46.15 -0.017863
46.16 -0.0177046
46.17 -0.017502
46.18 -0.0172598
46.19 -0.0169838
46.2 -0.0166802
46.21 -0.0163515
46.22 -0.015993
46.23 -0.0155986
46.24 -0.0151649
46.25 -0.0146913
46.26 -0.0141791
46.27 -0.0136313
46.28 -0.0130519
46.29 -0.012446
46.3 -0.0118186
46.31 -0.0111728
46.32 -0.0105071
46.33 -0.0098189
46.34 -0.00910731
46.35 -0.00837268
46.36 -0.00761642
46.37 -0.00684073
46.38 -0.00604833
46.39 -0.00524222
46.4 -0.0044255
46.41 -0.00360092
46.42 -0.00277054
46.43 -0.00193602
46.44 -0.00109892
46.45 -0.000260633
46.46 0.000577684
46.47 0.00141508
46.48 0.00225083
46.49 0.00308443
46.5 0.00391558
46.51 0.00474229
46.52 0.00555946
46.53 0.00636156
46.54 0.00714485
46.55 0.00790724
46.56 0.00864805
46.57 0.00936778
46.58 0.0100679
46.59 0.0107504
46.6 0.0114179
46.61 0.0120697
46.62 0.0126986
46.63 0.0132965
46.64 0.0138582
46.65 0.0143814
46.66 0.014866
46.67 0.0153139
46.68 0.0157283
46.69 0.0161136
46.7 0.0164746
46.71 0.0168118
46.72 0.0171177
46.73 0.0173833
46.74 0.0176031
46.75 0.017775
46.76 0.0178996
46.77 0.0179798
46.78 0.0180198
46.79 0.0180253
46.8 0.0180023
46.81 0.0179528
46.82 0.0178702
46.83 0.0177466
46.84 0.0175774
46.85 0.0173612
46.86 0.0170992
46.87 0.0167944
46.88 0.0164514
46.89 0.0160759
46.9 0.015674
46.91 0.0152483
46.92 0.0147949
46.93 0.0143086
46.94 0.0137867
46.95 0.0132287
46.96 0.0126361
46.97 0.0120116
46.98 0.0113591
46.99 0.0106831
47 0.00998828
47.01 0.00927756
47.02 0.00855048
47.03 0.00780564
47.04 0.00704276
47.05 0.00626252
47.06 0.00546628
47.07 0.00465594
47.08 0.00383371
47.09 0.00300196
47.1 0.00216306
47.11 0.00131961
47.12 0.000474562
47.13 -0.00036927
47.14 -0.00120969
47.15 -0.00204507
47.16 -0.00287437
47.17 -0.00369702
47.18 -0.00451289
47.19 -0.00532221
47.2 -0.00612548
47.21 -0.006921
47.22 -0.007703
47.23 -0.00846507
47.24 -0.00920302
47.25 -0.0099146
47.26 -0.0105993
47.27 -0.0112581
47.28 -0.0118928
47.29 -0.0125064
47.3 -0.0131019
47.31 -0.0136791
47.32 -0.0142306
47.33 -0.0147477
47.34 -0.0152251
47.35 -0.0156604
47.36 -0.0160539
47.37 -0.0164076
47.38 -0.0167253
47.39 -0.0170116
47.4 -0.017272
47.41 -0.0175072
47.42 -0.01771
47.43 -0.0178713
47.44 -0.0179859
47.45 -0.0180518
47.46 -0.0180697
47.47 -0.0180427
47.48 -0.0179752
47.49 -0.017873
47.5 -0.0177423
47.51 -0.0175852
47.52 -0.0173959
47.53 -0.0171669
47.54 -0.0168941
47.55 -0.0165764
47.56 -0.016215
47.57 -0.015813
47.58 -0.0153748
47.59 -0.014906
47.6 -0.0144123
47.61 -0.0138964
47.62 -0.0133555
47.63 -0.0127853
47.64 -0.0121836
47.65 -0.0115504
47.66 -0.010887
47.67 -0.0101961
47.68 -0.00948115
47.69 -0.00874609
47.7 -0.00799508
47.71 -0.00723105
47.72 -0.00645448
47.73 -0.00566512
47.74 -0.0048634
47.75 -0.00405026
47.76 -0.00322703
47.77 -0.00239525
47.78 -0.0015566
47.79 -0.000712769
47.8 0.000134635
47.81 0.000983216
47.82 0.00182914
47.83 0.00266854
47.84 0.00349858
47.85 0.00431744
47.86 0.0051242
47.87 0.00591869
47.88 0.00670138
47.89 0.00747323
47.9 0.00823552
47.91 0.00898689
47.92 0.00972097
47.93 0.0104306
47.94 0.0111112
47.95 0.0117603
47.96 0.0123778
47.97 0.0129648
47.98 0.0135239
47.99 0.0140585
48 0.0145724
48.01 0.0150656
48.02 0.0155306
48.03 0.0159584
48.04 0.0163437
48.05 0.0166842
48.06 0.0169801
48.07 0.0172339
48.08 0.0174496
48.09 0.0176324
48.1 0.0177878
48.11 0.0179172
48.12 0.0180135
48.13 0.0180679
48.14 0.0180754
48.15 0.0180342
48.16 0.0179452
48.17 0.0178115
48.18 0.0176376
48.19 0.0174294
48.2 0.017193
48.21 0.0169309
48.22 0.0166379
48.23 0.0163073
48.24 0.0159354
48.25 0.0155214
48.26 0.0150665
48.27 0.0145738
48.28 0.0140476
48.29 0.013493
48.3 0.0129156
48.31 0.0123181
48.32 0.0116985
48.33 0.0110536
48.34 0.010382
48.35 0.00968381
48.36 0.00896049
48.37 0.00821442
48.38 0.00744861
48.39 0.00666647
48.4 0.00587155
48.41 0.00506666
48.42 0.00425325
48.43 0.00343224
48.44 0.00260474
48.45 0.00177196
48.46 0.000935151
48.47 9.54943e-005
48.48 -0.000745901
48.49 -0.00158806
48.5 -0.00243015
48.51 -0.00327002
48.52 -0.00410304
48.53 -0.00492431
48.54 -0.00573043
48.55 -0.00651942
48.56 -0.00729049
48.57 -0.00804387
48.58 -0.00878063
48.59 -0.00950242
48.6 -0.0102113
48.61 -0.0109063
48.62 -0.0115805
48.63 -0.0122261
48.64 -0.0128382
48.65 -0.0134144
48.66 -0.0139545
48.67 -0.0144603
48.68 -0.0149346
48.69 -0.0153814
48.7 -0.0158052
48.71 -0.0162064
48.72 -0.0165773
48.73 -0.016909
48.74 -0.0171959
48.75 -0.0174359
48.76 -0.0176295
48.77 -0.0177792
48.78 -0.0178895
48.79 -0.0179656
48.8 -0.0180136
48.81 -0.0180351
48.82 -0.0180233
48.83 -0.01797
48.84 -0.0178703
48.85 -0.0177227
48.86 -0.0175282
48.87 -0.0172899
48.88 -0.0170125
48.89 -0.0167016
48.9 -0.0163635
48.91 -0.0160006
48.92 -0.0156087
48.93 -0.0151818
48.94 -0.0147169
48.95 -0.0142133
48.96 -0.0136723
48.97 -0.013097
48.98 -0.0124914
48.99 -0.0118601
49 -0.0112083
49.01 -0.0105389
49.02 -0.00985073
49.03 -0.00914171
49.04 -0.00841109
49.05 -0.00765935
49.06 -0.00688789
49.07 -0.0060988
49.08 -0.00529463
49.09 -0.00447818
49.1 -0.00365229
49.11 -0.00281967
49.12 -0.00198269
49.13 -0.00114341
49.14 -0.000303623
49.15 0.000535214
49.16 0.00137196
49.17 0.00220581
49.18 0.00303624
49.19 0.00386299
49.2 0.00468605
49.21 0.00550352
49.22 0.00631005
49.23 0.0070998
49.24 0.00786888
49.25 0.00861513
49.26 0.00933794
49.27 0.0100379
49.28 0.0107167
49.29 0.0113767
49.3 0.0120206
49.31 0.0126478
49.32 0.0132512
49.33 0.0138222
49.34 0.0143559
49.35 0.0148497
49.36 0.0153037
49.37 0.0157199
49.38 0.0161017
49.39 0.0164535
49.4 0.0167804
49.41 0.017083
49.42 0.0173539
49.43 0.0175839
49.44 0.0177678
49.45 0.0179034
49.46 0.0179914
49.47 0.0180347
49.48 0.0180377
49.49 0.018006
49.5 0.0179458
49.51 0.017859
49.52 0.0177394
49.53 0.0175791
49.54 0.0173739
49.55 0.0171222
49.56 0.0168254
49.57 0.0164864
49.58 0.01611
49.59 0.0157015
49.6 0.0152672
49.61 0.0148095
49.62 0.0143251
49.63 0.0138089
49.64 0.0132585
49.65 0.0126735
49.66 0.0120553
49.67 0.0114068
49.68 0.0107315
49.69 0.0100338
49.7 0.00931832
49.71 0.00858788
49.72 0.00784236
49.73 0.00708077
49.74 0.00630307
49.75 0.00551002
49.76 0.00470299
49.77 0.00388375
49.78 0.00305433
49.79 0.00221688
49.8 0.00137349
49.81 0.000526707
49.82 -0.000320202
49.83 -0.00116406
49.84 -0.00200244
49.85 -0.00283366
49.86 -0.00365671
49.87 -0.00447115
49.88 -0.00527707
49.89 -0.00607494
49.9 -0.00686554
49.91 -0.00764728
49.92 -0.00841417
49.93 -0.00915954
49.94 -0.00987902
49.95 -0.0105704
49.96 -0.0112331
49.97 -0.0118683
49.98 -0.0124781
49.99 -0.0130655
50 -0.013634
50.01 -0.0141832
