0.01 -5.05566e-006
0.02 -2.91162e-005
0.03 -8.75809e-005
0.04 -0.000191216
0.05 -0.000346521
0.06 -0.000556234
0.07 -0.000819921
0.08 -0.00113461
0.09 -0.00149541
0.1 -0.00189613
0.11 -0.00232957
0.12 -0.00278776
0.13 -0.00326277
0.14 -0.00374741
0.15 -0.00423538
0.16 -0.00472143
0.17 -0.00520142
0.18 -0.0056723
0.19 -0.00613205
0.2 -0.00657957
0.21 -0.00701404
0.22 -0.00743436
0.23 -0.00783981
0.24 -0.00823051
0.25 -0.00860729
0.26 -0.00897148
0.27 -0.00932479
0.28 -0.00966912
0.29 -0.0100064
0.3 -0.0103387
0.31 -0.0106669
0.32 -0.0109905
0.33 -0.0113087
0.34 -0.011621
0.35 -0.0119272
0.36 -0.0122275
0.37 -0.0125224
0.38 -0.0128125
0.39 -0.0130986
0.4 -0.0133815
0.41 -0.0136609
0.42 -0.0139351
0.43 -0.0142018
0.44 -0.0144596
0.45 -0.0147079
0.46 -0.0149464
0.47 -0.0151755
0.48 -0.0153962
0.49 -0.0156092
0.5 -0.015816
0.51 -0.0160166
0.52 -0.0162094
0.53 -0.0163921
0.54 -0.0165637
0.55 -0.0167236
0.56 -0.0168721
0.57 -0.0170099
0.58 -0.0171381
0.59 -0.0172581
0.6 -0.0173713
0.61 -0.0174782
0.62 -0.017577
0.63 -0.0176656
0.64 -0.0177426
0.65 -0.0178076
0.66 -0.0178609
0.67 -0.0179032
0.68 -0.0179355
0.69 -0.0179595
0.7 -0.0179764
0.71 -0.0179869
0.72 -0.0179891
0.73 -0.0179808
0.74 -0.0179609
0.75 -0.0179288
0.76 -0.0178848
0.77 -0.0178297
0.78 -0.0177647
0.79 -0.0176911
0.8 -0.0176105
0.81 -0.0175234
0.82 -0.0174282
0.83 -0.0173229
0.84 -0.0172064
0.85 -0.0170783
0.86 -0.0169388
0.87 -0.0167888
0.88 -0.0166293
0.89 -0.0164618
0.9 -0.0162878
0.91 -0.0161076
0.92 -0.0159201
0.93 -0.0157235
0.94 -0.0155167
0.95 -0.0152996
0.96 -0.0150723
0.97 -0.0148357
0.98 -0.0145906
0.99 -0.0143385
1 -0.0140805
1.01 -0.0138173
1.02 -0.0135477
1.03 -0.0132705
1.04 -0.0129848
1.05 -0.0126905
1.06 -0.0123878
1.07 -0.0120774
1.08 -0.01176
1.09 -0.0114369
1.1 -0.011109
1.11 -0.010777
1.12 -0.01044
1.13 -0.0100972
1.14 -0.00974809
1.15 -0.00939255
1.16 -0.00903083
1.17 -0.00866344
1.18 -0.00829105
1.19 -0.00791445
1.2 -0.00753448
1.21 -0.0071516
1.22 -0.00676551
1.23 -0.00637576
1.24 -0.00598213
1.25 -0.00558467
1.26 -0.00518356
1.27 -0.00477917
1.28 -0.00437193
1.29 -0.00396233
1.3 -0.00355088
1.31 -0.00313797
1.32 -0.00272372
1.33 -0.00230817
1.34 -0.00189142
1.35 -0.00147361
1.36 -0.0010549
1.37 -0.000635466
1.38 -0.000215482
1.39 0.000204881
1.4 0.000625468
1.41 0.00104599
1.42 0.00146592
1.43 0.00188471
1.44 0.00230195
1.45 0.00271743
1.46 0.00313102
1.47 0.00354273
1.48 0.00395265
1.49 0.00436096
1.5 0.00476786
1.51 0.00517317
1.52 0.00557598
1.53 0.00597527
1.54 0.00637037
1.55 0.00676095
1.56 0.00714697
1.57 0.0075286
1.58 0.00790622
1.59 0.00828031
1.6 0.00865143
1.61 0.00901952
1.62 0.00938335
1.63 0.00974146
1.64 0.010093
1.65 0.0104375
1.66 0.0107749
1.67 0.0111058
1.68 0.0114306
1.69 0.0117501
1.7 0.0120653
1.71 0.0123762
1.72 0.0126813
1.73 0.0129788
1.74 0.0132676
1.75 0.0135473
1.76 0.013818
1.77 0.0140801
1.78 0.0143344
1.79 0.0145821
1.8 0.0148243
1.81 0.0150611
1.82 0.0152909
1.83 0.0155116
1.84 0.015722
1.85 0.0159218
1.86 0.0161109
1.87 0.01629
1.88 0.0164601
1.89 0.0166224
1.9 0.0167784
1.91 0.0169283
1.92 0.0170703
1.93 0.0172023
1.94 0.017323
1.95 0.0174319
1.96 0.0175291
1.97 0.0176155
1.98 0.0176922
1.99 0.0177604
2 0.0178217
2.01 0.0178765
2.02 0.0179231
2.03 0.0179591
2.04 0.0179835
2.05 0.0179956
2.06 0.0179958
2.07 0.0179848
2.08 0.0179638
2.09 0.0179342
2.1 0.0178975
2.11 0.0178543
2.12 0.0178028
2.13 0.017741
2.14 0.0176677
2.15 0.0175825
2.16 0.0174856
2.17 0.0173778
2.18 0.0172603
2.19 0.0171344
2.2 0.0170018
2.21 0.0168628
2.22 0.0167161
2.23 0.0165598
2.24 0.0163928
2.25 0.0162148
2.26 0.0160261
2.27 0.0158273
2.28 0.0156197
2.29 0.0154044
2.3 0.015183
2.31 0.0149559
2.32 0.014722
2.33 0.0144796
2.34 0.014228
2.35 0.0139669
2.36 0.0136966
2.37 0.0134177
2.38 0.0131312
2.39 0.0128382
2.4 0.01254
2.41 0.0122371
2.42 0.0119286
2.43 0.0116134
2.44 0.0112908
2.45 0.0109608
2.46 0.0106235
2.47 0.0102796
2.48 0.00992982
2.49 0.00957504
2.5 0.00921626
2.51 0.00885396
2.52 0.00848766
2.53 0.00811668
2.54 0.00774068
2.55 0.00735964
2.56 0.00697377
2.57 0.00658351
2.58 0.0061894
2.59 0.00579207
2.6 0.00539219
2.61 0.00499017
2.62 0.00458595
2.63 0.00417934
2.64 0.00377031
2.65 0.00335894
2.66 0.00294542
2.67 0.00252999
2.68 0.00211297
2.69 0.00169466
2.7 0.00127538
2.71 0.000855475
2.72 0.000435283
2.73 1.51297e-005
2.74 -0.000404725
2.75 -0.000824087
2.76 -0.00124282
2.77 -0.00166085
2.78 -0.00207816
2.79 -0.00249474
2.8 -0.00291065
2.81 -0.00332565
2.82 -0.00373901
2.83 -0.0041499
2.84 -0.00455779
2.85 -0.00496238
2.86 -0.0053636
2.87 -0.00576155
2.88 -0.00615647
2.89 -0.00654871
2.9 -0.00693867
2.91 -0.00732624
2.92 -0.00771032
2.93 -0.00808965
2.94 -0.00846342
2.95 -0.00883128
2.96 -0.00919319
2.97 -0.00954945
2.98 -0.00990056
2.99 -0.0102472
3 -0.01059
3.01 -0.0109291
3.02 -0.0112631
3.03 -0.0115902
3.04 -0.0119096
3.05 -0.0122208
3.06 -0.0125237
3.07 -0.012819
3.08 -0.0131072
3.09 -0.0133893
3.1 -0.0136665
3.11 -0.0139387
3.12 -0.0142044
3.13 -0.0144616
3.14 -0.0147093
3.15 -0.0149468
3.16 -0.0151744
3.17 -0.0153926
3.18 -0.0156023
3.19 -0.0158047
3.2 -0.016001
3.21 -0.0161916
3.22 -0.0163746
3.23 -0.0165479
3.24 -0.0167104
3.25 -0.0168614
3.26 -0.0170013
3.27 -0.0171306
3.28 -0.0172503
3.29 -0.017362
3.3 -0.0174669
3.31 -0.0175654
3.32 -0.0176558
3.33 -0.0177359
3.34 -0.0178044
3.35 -0.0178607
3.36 -0.0179052
3.37 -0.0179386
3.38 -0.0179619
3.39 -0.0179768
3.4 -0.0179845
3.41 -0.0179857
3.42 -0.0179786
3.43 -0.0179611
3.44 -0.0179318
3.45 -0.0178904
3.46 -0.0178371
3.47 -0.0177728
3.48 -0.0176985
3.49 -0.0176156
3.5 -0.0175259
3.51 -0.0174297
3.52 -0.0173254
3.53 -0.0172111
3.54 -0.0170858
3.55 -0.0169489
3.56 -0.0168007
3.57 -0.0166421
3.58 -0.0164742
3.59 -0.0162982
3.6 -0.0161158
3.61 -0.0159274
3.62 -0.0157317
3.63 -0.0155269
3.64 -0.0153122
3.65 -0.0150872
3.66 -0.0148523
3.67 -0.0146081
3.68 -0.0143556
3.69 -0.0140961
3.7 -0.0138309
3.71 -0.0135605
3.72 -0.0132839
3.73 -0.0129998
3.74 -0.0127074
3.75 -0.0124065
3.76 -0.0120975
3.77 -0.0117809
3.78 -0.0114576
3.79 -0.0111286
3.8 -0.0107951
3.81 -0.0104574
3.82 -0.010115
3.83 -0.00976688
3.84 -0.00941271
3.85 -0.00905234
3.86 -0.00868603
3.87 -0.00831426
3.88 -0.00793769
3.89 -0.00755707
3.9 -0.00717322
3.91 -0.00678658
3.92 -0.00639692
3.93 -0.0060038
3.94 -0.00560706
3.95 -0.00520673
3.96 -0.00480302
3.97 -0.00439625
3.98 -0.00398685
3.99 -0.00357526
4 -0.00316199
4.01 -0.00274739
4.02 -0.00233163
4.03 -0.0019148
4.04 -0.00149703
4.05 -0.00107847
4.06 -0.000659263
4.07 -0.000239581
4.08 0.00018043
4.09 0.000600632
4.1 0.0010209
4.11 0.00144097
4.12 0.00186025
4.13 0.00227816
4.14 0.00269428
4.15 0.00310836
4.16 0.0035203
4.17 0.00393011
4.18 0.00433793
4.19 0.00474393
4.2 0.00514838
4.21 0.0055511
4.22 0.00595115
4.23 0.00634745
4.24 0.00673933
4.25 0.00712644
4.26 0.00750875
4.27 0.00788644
4.28 0.00825992
4.29 0.0086297
4.3 0.00899636
4.31 0.00935988
4.32 0.00971897
4.33 0.0100722
4.34 0.0104185
4.35 0.0107576
4.36 0.0110896
4.37 0.0114146
4.38 0.0117335
4.39 0.012047
4.4 0.012356
4.41 0.0126605
4.42 0.0129592
4.43 0.0132501
4.44 0.0135321
4.45 0.0138048
4.46 0.0140684
4.47 0.0143232
4.48 0.0145701
4.49 0.0148103
4.5 0.0150448
4.51 0.0152739
4.52 0.0154959
4.53 0.0157087
4.54 0.0159111
4.55 0.0161026
4.56 0.0162834
4.57 0.0164541
4.58 0.0166158
4.59 0.0167695
4.6 0.0169169
4.61 0.0170581
4.62 0.0171913
4.63 0.0173145
4.64 0.0174263
4.65 0.0175263
4.66 0.0176145
4.67 0.0176919
4.68 0.0177594
4.69 0.0178185
4.7 0.0178706
4.71 0.0179162
4.72 0.0179536
4.73 0.0179804
4.74 0.0179955
4.75 0.0179984
4.76 0.0179894
4.77 0.0179692
4.78 0.0179389
4.79 0.0179001
4.8 0.0178542
4.81 0.0178018
4.82 0.0177411
4.83 0.0176702
4.84 0.0175878
4.85 0.0174935
4.86 0.0173877
4.87 0.017271
4.88 0.0171446
4.89 0.0170099
4.9 0.0168685
4.91 0.0167209
4.92 0.0165656
4.93 0.0164007
4.94 0.0162253
4.95 0.0160389
4.96 0.015842
4.97 0.0156352
4.98 0.0154195
4.99 0.0151964
5 0.0149671
5.01 0.0147323
5.02 0.0144907
5.03 0.0142409
5.04 0.0139819
5.05 0.0137137
5.06 0.0134363
5.07 0.0131506
5.08 0.0128574
5.09 0.0125579
5.1 0.0122532
5.11 0.0119439
5.12 0.0116292
5.13 0.011308
5.14 0.0109796
5.15 0.0106439
5.16 0.0103013
5.17 0.00995213
5.18 0.00959729
5.19 0.00923764
5.2 0.00887411
5.21 0.00850718
5.22 0.00813642
5.23 0.00776118
5.24 0.00738116
5.25 0.00699634
5.26 0.00660695
5.27 0.00621338
5.28 0.00581617
5.29 0.00541592
5.3 0.00501326
5.31 0.00460859
5.32 0.00420191
5.33 0.00379307
5.34 0.00338205
5.35 0.00296896
5.36 0.00255397
5.37 0.00213733
5.38 0.0017193
5.39 0.00130018
5.4 0.000880241
5.41 0.000459814
5.42 3.92867e-005
5.43 -0.00038097
5.44 -0.000800671
5.45 -0.00121961
5.46 -0.00163766
5.47 -0.00205476
5.48 -0.00247091
5.49 -0.00288615
5.5 -0.00330056
5.51 -0.00371393
5.52 -0.00412547
5.53 -0.00453432
5.54 -0.00493992
5.55 -0.00534196
5.56 -0.00574038
5.57 -0.00613529
5.58 -0.00652697
5.59 -0.00691579
5.6 -0.00730218
5.61 -0.00768605
5.62 -0.00806626
5.63 -0.00844152
5.64 -0.00881099
5.65 -0.00917431
5.66 -0.00953147
5.67 -0.00988276
5.68 -0.0102287
5.69 -0.01057
5.7 -0.0109074
5.71 -0.0112409
5.72 -0.0115692
5.73 -0.0118904
5.74 -0.0122037
5.75 -0.0125086
5.76 -0.0128051
5.77 -0.0130937
5.78 -0.0133752
5.79 -0.0136504
5.8 -0.0139205
5.81 -0.0141855
5.82 -0.014444
5.83 -0.0146939
5.84 -0.014934
5.85 -0.0151639
5.86 -0.0153836
5.87 -0.0155939
5.88 -0.0157955
5.89 -0.0159897
5.9 -0.0161778
5.91 -0.0163601
5.92 -0.0165347
5.93 -0.0166996
5.94 -0.0168535
5.95 -0.0169959
5.96 -0.017127
5.97 -0.0172475
5.98 -0.0173584
5.99 -0.0174611
6 -0.017557
6.01 -0.0176465
6.02 -0.0177278
6.03 -0.0177988
6.04 -0.0178581
6.05 -0.0179053
6.06 -0.0179406
6.07 -0.0179648
6.08 -0.0179789
6.09 -0.0179845
6.1 -0.017983
6.11 -0.0179749
6.12 -0.0179586
6.13 -0.0179318
6.14 -0.0178933
6.15 -0.0178427
6.16 -0.0177803
6.17 -0.0177068
6.18 -0.0176234
6.19 -0.0175316
6.2 -0.0174328
6.21 -0.0173276
6.22 -0.0172144
6.23 -0.0170912
6.24 -0.016957
6.25 -0.0168114
6.26 -0.0166547
6.27 -0.0164876
6.28 -0.0163112
6.29 -0.0161269
6.3 -0.0159362
6.31 -0.0157395
6.32 -0.0155356
6.33 -0.0153229
6.34 -0.0151003
6.35 -0.0148676
6.36 -0.014625
6.37 -0.0143733
6.38 -0.0141135
6.39 -0.0138468
6.4 -0.0135745
6.41 -0.013297
6.42 -0.0130136
6.43 -0.0127227
6.44 -0.0124237
6.45 -0.0121165
6.46 -0.0118014
6.47 -0.0114788
6.48 -0.0111497
6.49 -0.010815
6.5 -0.0104758
6.51 -0.0101327
6.52 -0.00978501
6.53 -0.00943184
6.54 -0.00907279
6.55 -0.00870778
6.56 -0.00833706
6.57 -0.00796109
6.58 -0.00758051
6.59 -0.00719605
6.6 -0.00680851
6.61 -0.00641831
6.62 -0.00602525
6.63 -0.00562895
6.64 -0.00522928
6.65 -0.00482628
6.66 -0.00442015
6.67 -0.0040112
6.68 -0.00359982
6.69 -0.00318646
6.7 -0.00277155
6.71 -0.00235546
6.72 -0.00193839
6.73 -0.00152048
6.74 -0.00110189
6.75 -0.000682771
6.76 -0.000263279
6.77 0.000156446
6.78 0.000576278
6.79 0.00099611
6.8 0.00141586
6.81 0.00183525
6.82 0.00225369
6.83 0.00267052
6.84 0.0030853
6.85 0.00349778
6.86 0.00390786
6.87 0.00431558
6.88 0.00472108
6.89 0.00512459
6.9 0.00552639
6.91 0.00592632
6.92 0.00632341
6.93 0.00671654
6.94 0.00710501
6.95 0.00748846
6.96 0.00786687
6.97 0.00824045
6.98 0.00860961
6.99 0.00897489
7 0.00933693
7.01 0.00969569
7.02 0.0100499
7.03 0.010398
7.04 0.010739
7.05 0.0110726
7.06 0.0113988
7.07 0.011718
7.08 0.0120307
7.09 0.012338
7.1 0.0126406
7.11 0.0129387
7.12 0.0132307
7.13 0.0135149
7.14 0.01379
7.15 0.0140557
7.16 0.0143119
7.17 0.0145593
7.18 0.0147988
7.19 0.0150312
7.2 0.015258
7.21 0.0154793
7.22 0.0156934
7.23 0.0158982
7.24 0.0160924
7.25 0.0162757
7.26 0.0164481
7.27 0.0166104
7.28 0.0167634
7.29 0.0169085
7.3 0.0170472
7.31 0.0171796
7.32 0.017304
7.33 0.0174183
7.34 0.0175212
7.35 0.0176122
7.36 0.0176914
7.37 0.0177596
7.38 0.017818
7.39 0.0178679
7.4 0.0179109
7.41 0.0179472
7.42 0.0179753
7.43 0.017993
7.44 0.0179988
7.45 0.0179925
7.46 0.0179742
7.47 0.0179448
7.48 0.0179053
7.49 0.0178573
7.5 0.0178022
7.51 0.0177406
7.52 0.0176708
7.53 0.0175908
7.54 0.0174993
7.55 0.0173961
7.56 0.0172813
7.57 0.0171558
7.58 0.0170206
7.59 0.0168772
7.6 0.0167272
7.61 0.0165709
7.62 0.016407
7.63 0.0162336
7.64 0.0160499
7.65 0.0158553
7.66 0.0156503
7.67 0.0154354
7.68 0.0152119
7.69 0.014981
7.7 0.014744
7.71 0.0145016
7.72 0.0142525
7.73 0.0139952
7.74 0.0137291
7.75 0.0134538
7.76 0.0131696
7.77 0.0128772
7.78 0.0125774
7.79 0.0122715
7.8 0.0119605
7.81 0.011645
7.82 0.0113242
7.83 0.0109971
7.84 0.010663
7.85 0.0103219
7.86 0.009974
7.87 0.00961983
7.88 0.00926013
7.89 0.00889577
7.9 0.00852767
7.91 0.0081563
7.92 0.00778126
7.93 0.00740194
7.94 0.00701808
7.95 0.00662968
7.96 0.00623694
7.97 0.00584025
7.98 0.00544013
7.99 0.00503715
8 0.0046319
8.01 0.00422479
8.02 0.00381584
8.03 0.00340495
8.04 0.00299215
8.05 0.00257753
8.06 0.00216128
8.07 0.00174362
8.08 0.00132479
8.09 0.000905058
8.1 0.000484664
8.11 6.3926e-005
8.12 -0.00035673
8.13 -0.000776884
8.14 -0.00119622
8.15 -0.00161454
8.16 -0.0020317
8.17 -0.00244766
8.18 -0.00286245
8.19 -0.00327615
8.2 -0.00368887
8.21 -0.0041004
8.22 -0.00450992
8.23 -0.00491653
8.24 -0.00531964
8.25 -0.00571894
8.26 -0.00611437
8.27 -0.00650606
8.28 -0.0068943
8.29 -0.0072795
8.3 -0.00766214
8.31 -0.00804212
8.32 -0.00841828
8.33 -0.00878928
8.34 -0.00915428
8.35 -0.00951289
8.36 -0.00986512
8.37 -0.0102113
8.38 -0.0105519
8.39 -0.0108877
8.4 -0.0112195
8.41 -0.0115473
8.42 -0.0118697
8.43 -0.0121849
8.44 -0.012492
8.45 -0.0127904
8.46 -0.0130803
8.47 -0.0133622
8.48 -0.0136367
8.49 -0.0139048
8.5 -0.0141677
8.51 -0.0144256
8.52 -0.0146766
8.53 -0.014919
8.54 -0.0151515
8.55 -0.0153736
8.56 -0.0155854
8.57 -0.0157876
8.58 -0.0159811
8.59 -0.0161671
8.6 -0.0163469
8.61 -0.0165207
8.62 -0.0166869
8.63 -0.0168432
8.64 -0.0169885
8.65 -0.0171222
8.66 -0.0172445
8.67 -0.017356
8.68 -0.017458
8.69 -0.0175517
8.7 -0.0176386
8.71 -0.017719
8.72 -0.0177913
8.73 -0.0178531
8.74 -0.0179032
8.75 -0.0179413
8.76 -0.0179673
8.77 -0.0179823
8.78 -0.0179872
8.79 -0.0179835
8.8 -0.0179727
8.81 -0.0179554
8.82 -0.0179298
8.83 -0.0178938
8.84 -0.0178461
8.85 -0.0177864
8.86 -0.0177148
8.87 -0.0176323
8.88 -0.0175399
8.89 -0.017439
8.9 -0.0173312
8.91 -0.0172171
8.92 -0.017095
8.93 -0.016963
8.94 -0.0168201
8.95 -0.0166659
8.96 -0.0165006
8.97 -0.0163251
8.98 -0.0161404
8.99 -0.0159478
9 -0.0157489
9.01 -0.0155441
9.02 -0.0153321
9.03 -0.0151114
9.04 -0.014881
9.05 -0.0146407
9.06 -0.0143907
9.07 -0.0141317
9.08 -0.0138647
9.09 -0.0135908
9.1 -0.0133115
9.11 -0.0130272
9.12 -0.0127369
9.13 -0.0124395
9.14 -0.0121341
9.15 -0.0118207
9.16 -0.0114995
9.17 -0.0111711
9.18 -0.0108363
9.19 -0.0104961
9.2 -0.0101515
9.21 -0.00980314
9.22 -0.0094503
9.23 -0.00909221
9.24 -0.00872845
9.25 -0.00835897
9.26 -0.00798402
9.27 -0.00760403
9.28 -0.00721963
9.29 -0.00683153
9.3 -0.00644048
9.31 -0.0060469
9.32 -0.00565064
9.33 -0.00525137
9.34 -0.00484896
9.35 -0.00444349
9.36 -0.00403513
9.37 -0.0036242
9.38 -0.00321106
9.39 -0.00279612
9.4 -0.00237978
9.41 -0.0019624
9.42 -0.00154422
9.43 -0.00112544
9.44 -0.000706231
9.45 -0.000286763
9.46 0.000132816
9.47 0.000552382
9.48 0.000971834
9.49 0.0013911
9.5 0.00181012
9.51 0.00222864
9.52 0.00264603
9.53 0.00306158
9.54 0.00347483
9.55 0.00388552
9.56 0.00429354
9.57 0.00469897
9.58 0.00510196
9.59 0.00550278
9.6 0.00590174
9.61 0.00629869
9.62 0.00669262
9.63 0.00708239
9.64 0.00746725
9.65 0.00784686
9.66 0.00822119
9.67 0.00859046
9.68 0.00895512
9.69 0.00931574
9.7 0.00967298
9.71 0.0100268
9.72 0.0103759
9.73 0.0107187
9.74 0.0110543
9.75 0.0113822
9.76 0.0117025
9.77 0.0120156
9.78 0.0123221
9.79 0.012623
9.8 0.0129191
9.81 0.0132106
9.82 0.0134959
9.83 0.0137732
9.84 0.0140413
9.85 0.0142997
9.86 0.0145486
9.87 0.0147885
9.88 0.0150202
9.89 0.015245
9.9 0.0154639
9.91 0.0156772
9.92 0.0158833
9.93 0.0160799
9.94 0.016266
9.95 0.0164409
9.96 0.0166049
9.97 0.0167585
9.98 0.0169029
9.99 0.0170393
10 0.0171692
10.01 0.0172928
10.02 0.0174084
10.03 0.0175137
10.04 0.0176076
10.05 0.0176895
10.06 0.0177597
10.07 0.0178188
10.08 0.017868
10.09 0.0179087
10.1 0.0179424
10.11 0.0179696
10.12 0.0179884
10.13 0.0179968
10.14 0.0179934
10.15 0.0179779
10.16 0.0179504
10.17 0.0179117
10.18 0.0178631
10.19 0.0178058
10.2 0.0177416
10.21 0.0176708
10.22 0.0175919
10.23 0.0175028
10.24 0.0174024
10.25 0.0172902
10.26 0.0171666
10.27 0.0170323
10.28 0.0168884
10.29 0.0167364
10.3 0.0165777
10.31 0.0164128
10.32 0.0162404
10.33 0.0160587
10.34 0.0158667
10.35 0.015664
10.36 0.0154509
10.37 0.0152282
10.38 0.014997
10.39 0.0147583
10.4 0.0145138
10.41 0.0142638
10.42 0.0140073
10.43 0.0137428
10.44 0.0134696
10.45 0.0131874
10.46 0.0128965
10.47 0.0125975
10.48 0.0122913
10.49 0.0119791
10.5 0.011662
10.51 0.0113404
10.52 0.0110138
10.53 0.0106809
10.54 0.0103413
10.55 0.00999488
10.56 0.00964189
10.57 0.00928285
10.58 0.00891847
10.59 0.00854958
10.6 0.00817709
10.61 0.00780145
10.62 0.0074223
10.63 0.0070391
10.64 0.00665159
10.65 0.00625978
10.66 0.00586389
10.67 0.00546428
10.68 0.00506145
10.69 0.00465593
10.7 0.00424829
10.71 0.00383894
10.72 0.00342792
10.73 0.00301519
10.74 0.0026008
10.75 0.00218487
10.76 0.00176756
10.77 0.00134908
10.78 0.000929657
10.79 0.000509513
10.8 8.88655e-005
10.81 -0.000331981
10.82 -0.000752563
10.83 -0.00117241
10.84 -0.00159119
10.85 -0.00200868
10.86 -0.00242475
10.87 -0.00283938
10.88 -0.00325262
10.89 -0.00366457
10.9 -0.0040754
10.91 -0.00448489
10.92 -0.0048922
10.93 -0.00529637
10.94 -0.0056968
10.95 -0.00609317
10.96 -0.00648541
10.97 -0.00687368
10.98 -0.00725831
10.99 -0.00763971
11 -0.00801841
11.01 -0.00839431
11.02 -0.00876624
11.03 -0.0091328
11.04 -0.00949314
11.05 -0.00984687
11.06 -0.010194
11.07 -0.0105348
11.08 -0.01087
11.09 -0.0112001
11.1 -0.0115261
11.11 -0.011848
11.12 -0.0121644
11.13 -0.0124734
11.14 -0.0127741
11.15 -0.013066
11.16 -0.0133492
11.17 -0.0136241
11.18 -0.0138915
11.19 -0.0141525
11.2 -0.0144081
11.21 -0.0146586
11.22 -0.0149022
11.23 -0.0151369
11.24 -0.0153617
11.25 -0.0155759
11.26 -0.0157797
11.27 -0.0159737
11.28 -0.016159
11.29 -0.0163366
11.3 -0.016508
11.31 -0.0166733
11.32 -0.016831
11.33 -0.0169787
11.34 -0.0171152
11.35 -0.0172401
11.36 -0.0173536
11.37 -0.0174562
11.38 -0.0175492
11.39 -0.0176338
11.4 -0.0177116
11.41 -0.017783
11.42 -0.0178461
11.43 -0.0178987
11.44 -0.0179397
11.45 -0.0179685
11.46 -0.0179854
11.47 -0.017991
11.48 -0.0179867
11.49 -0.0179738
11.5 -0.0179538
11.51 -0.0179272
11.52 -0.0178923
11.53 -0.0178471
11.54 -0.0177903
11.55 -0.0177214
11.56 -0.0176408
11.57 -0.0175492
11.58 -0.0174478
11.59 -0.017338
11.6 -0.0172213
11.61 -0.0170982
11.62 -0.0169673
11.63 -0.0168266
11.64 -0.016675
11.65 -0.0165123
11.66 -0.0163386
11.67 -0.0161547
11.68 -0.0159617
11.69 -0.0157609
11.7 -0.0155539
11.71 -0.015341
11.72 -0.0151212
11.73 -0.0148926
11.74 -0.0146546
11.75 -0.0144067
11.76 -0.0141494
11.77 -0.0138831
11.78 -0.0136091
11.79 -0.0133283
11.8 -0.0130421
11.81 -0.012751
11.82 -0.0124541
11.83 -0.0121502
11.84 -0.0118386
11.85 -0.0115191
11.86 -0.011192
11.87 -0.0108579
11.88 -0.0105177
11.89 -0.0101721
11.9 -0.00982234
11.91 -0.00946882
11.92 -0.00911103
11.93 -0.00874818
11.94 -0.0083799
11.95 -0.00800614
11.96 -0.00762713
11.97 -0.00724331
11.98 -0.00685528
11.99 -0.00646371
12 -0.00606934
12.01 -0.00567258
12.02 -0.00527331
12.03 -0.00487124
12.04 -0.0044663
12.05 -0.00405854
12.06 -0.00364816
12.07 -0.00323545
12.08 -0.00282074
12.09 -0.00240442
12.1 -0.00198685
12.11 -0.00156838
12.12 -0.00114931
12.13 -0.000729851
12.14 -0.000310228
12.15 0.000109385
12.16 0.000528847
12.17 0.00094805
12.18 0.00136692
12.19 0.00178541
12.2 0.00220351
12.21 0.00262096
12.22 0.00303709
12.23 0.00345116
12.24 0.00386268
12.25 0.00427138
12.26 0.00467715
12.27 0.00508009
12.28 0.00548038
12.29 0.00587831
12.3 0.00627424
12.31 0.00666801
12.32 0.00705861
12.33 0.00744482
12.34 0.00782589
12.35 0.00820147
12.36 0.00857154
12.37 0.00893633
12.38 0.00929631
12.39 0.00965209
12.4 0.0100043
12.41 0.0103531
12.42 0.0106969
12.43 0.0110343
12.44 0.0113643
12.45 0.0116863
12.46 0.0120006
12.47 0.0123075
12.48 0.0126076
12.49 0.0129019
12.5 0.0131914
12.51 0.0134761
12.52 0.0137546
12.53 0.0140248
12.54 0.0142857
12.55 0.0145368
12.56 0.0147782
12.57 0.0150104
12.58 0.0152344
12.59 0.0154513
12.6 0.0156623
12.61 0.0158676
12.62 0.0160655
12.63 0.0162539
12.64 0.0164316
12.65 0.0165981
12.66 0.0167535
12.67 0.0168986
12.68 0.0170342
12.69 0.0171619
12.7 0.0172829
12.71 0.0173976
12.72 0.0175043
12.73 0.0176007
12.74 0.0176855
12.75 0.0177583
12.76 0.0178194
12.77 0.0178693
12.78 0.0179093
12.79 0.0179408
12.8 0.0179653
12.81 0.0179832
12.82 0.0179928
12.83 0.0179919
12.84 0.0179793
12.85 0.0179545
12.86 0.0179178
12.87 0.01787
12.88 0.0178122
12.89 0.0177458
12.9 0.0176724
12.91 0.0175925
12.92 0.0175046
12.93 0.0174064
12.94 0.0172971
12.95 0.017176
12.96 0.0170436
12.97 0.0169006
12.98 0.016748
12.99 0.0165874
13 0.0164202
13.01 0.0162468
13.02 0.016066
13.03 0.015876
13.04 0.0156758
13.05 0.0154651
13.06 0.0152441
13.07 0.0150137
13.08 0.0147747
13.09 0.0145285
13.1 0.0142765
13.11 0.0140191
13.12 0.0137554
13.13 0.0134838
13.14 0.0132036
13.15 0.0129146
13.16 0.0126171
13.17 0.0123117
13.18 0.0119993
13.19 0.011681
13.2 0.0113578
13.21 0.0110304
13.22 0.0106979
13.23 0.0103595
13.24 0.0100146
13.25 0.00966302
13.26 0.00930512
13.27 0.00894138
13.28 0.00857249
13.29 0.00819926
13.3 0.00782255
13.31 0.00744282
13.32 0.00705976
13.33 0.00667285
13.34 0.00628188
13.35 0.00588686
13.36 0.005488
13.37 0.00508567
13.38 0.00468031
13.39 0.00427245
13.4 0.00386263
13.41 0.00345122
13.42 0.00303833
13.43 0.00262396
13.44 0.00220818
13.45 0.00179113
13.46 0.00137296
13.47 0.000953875
13.48 0.000534059
13.49 0.000113712
13.5 -0.000306984
13.51 -0.000727733
13.52 -0.00114804
13.53 -0.00156738
13.54 -0.00198539
13.55 -0.00240184
13.56 -0.00281661
13.57 -0.00322971
13.58 -0.00364119
13.59 -0.00405121
13.6 -0.00445994
13.61 -0.00486719
13.62 -0.00527209
13.63 -0.00567363
13.64 -0.00607119
13.65 -0.00646443
13.66 -0.0068533
13.67 -0.00723797
13.68 -0.00761878
13.69 -0.00799621
13.7 -0.00837078
13.71 -0.00874243
13.72 -0.00910994
13.73 -0.00947189
13.74 -0.0098274
13.75 -0.0101761
13.76 -0.0105179
13.77 -0.0108533
13.78 -0.0111828
13.79 -0.0115071
13.8 -0.0118272
13.81 -0.0121431
13.82 -0.0124532
13.83 -0.0127559
13.84 -0.0130501
13.85 -0.0133353
13.86 -0.0136116
13.87 -0.0138794
13.88 -0.0141397
13.89 -0.0143933
13.9 -0.0146415
13.91 -0.0148845
13.92 -0.0151205
13.93 -0.0153475
13.94 -0.0155644
13.95 -0.0157706
13.96 -0.0159663
13.97 -0.0161521
13.98 -0.016329
13.99 -0.0164982
14 -0.016661
14.01 -0.0168179
14.02 -0.0169669
14.03 -0.0171059
14.04 -0.0172337
14.05 -0.0173497
14.06 -0.0174542
14.07 -0.0175479
14.08 -0.0176318
14.09 -0.0177074
14.1 -0.0177761
14.11 -0.0178383
14.12 -0.0178922
14.13 -0.0179357
14.14 -0.0179674
14.15 -0.017987
14.16 -0.0179947
14.17 -0.0179911
14.18 -0.0179775
14.19 -0.0179553
14.2 -0.0179261
14.21 -0.0178903
14.22 -0.0178462
14.23 -0.0177918
14.24 -0.0177258
14.25 -0.0176479
14.26 -0.0175582
14.27 -0.0174576
14.28 -0.0173473
14.29 -0.0172285
14.3 -0.017103
14.31 -0.0169711
14.32 -0.0168314
14.33 -0.016682
14.34 -0.0165219
14.35 -0.0163507
14.36 -0.0161686
14.37 -0.0159764
14.38 -0.0157753
14.39 -0.0155664
14.4 -0.0153514
14.41 -0.0151306
14.42 -0.0149029
14.43 -0.0146667
14.44 -0.014421
14.45 -0.0141658
14.46 -0.0139012
14.47 -0.0136279
14.48 -0.0133469
14.49 -0.0130593
14.5 -0.0127664
14.51 -0.0124687
14.52 -0.0121653
14.53 -0.0118551
14.54 -0.0115373
14.55 -0.0112119
14.56 -0.0108792
14.57 -0.0105396
14.58 -0.0101939
14.59 -0.0098432
14.6 -0.00948837
14.61 -0.00912992
14.62 -0.00876734
14.63 -0.00839992
14.64 -0.00802729
14.65 -0.00764942
14.66 -0.00726654
14.67 -0.00687907
14.68 -0.0064876
14.69 -0.00609276
14.7 -0.00569526
14.71 -0.00529551
14.72 -0.00489342
14.73 -0.00448876
14.74 -0.00408147
14.75 -0.00367163
14.76 -0.00325943
14.77 -0.00284514
14.78 -0.00242906
14.79 -0.00201156
14.8 -0.00159296
14.81 -0.00117361
14.82 -0.000753832
14.83 -0.000333908
14.84 8.59266e-005
14.85 0.000505483
14.86 0.000924625
14.87 0.00134326
14.88 0.00176134
14.89 0.00217886
14.9 0.00259582
14.91 0.003012
14.92 0.00342667
14.93 0.00383906
14.94 0.00424865
14.95 0.00465515
14.96 0.00505848
14.97 0.00545873
14.98 0.00585612
14.99 0.00625097
15 0.00664367
15.01 0.00703409
15.02 0.00742115
15.03 0.00780362
15.04 0.00818073
15.05 0.0085521
15.06 0.00891772
15.07 0.00927786
15.08 0.00963299
15.09 0.00998375
15.1 0.0103309
15.11 0.0106743
15.12 0.0110128
15.13 0.0113445
15.14 0.0116687
15.15 0.0119848
15.16 0.0122929
15.17 0.0125933
15.18 0.0128869
15.19 0.0131745
15.2 0.0134572
15.21 0.0137351
15.22 0.0140065
15.23 0.0142696
15.24 0.0145232
15.25 0.0147668
15.26 0.0150006
15.27 0.0152251
15.28 0.0154412
15.29 0.0156501
15.3 0.015853
15.31 0.0160502
15.32 0.0162399
15.33 0.01642
15.34 0.0165893
15.35 0.0167473
15.36 0.0168941
15.37 0.0170304
15.38 0.0171573
15.39 0.0172761
15.4 0.0173882
15.41 0.017494
15.42 0.0175917
15.43 0.017679
15.44 0.0177548
15.45 0.0178185
15.46 0.0178704
15.47 0.0179112
15.48 0.017942
15.49 0.0179642
15.5 0.0179795
15.51 0.0179881
15.52 0.0179885
15.53 0.0179783
15.54 0.0179565
15.55 0.0179225
15.56 0.0178766
15.57 0.0178196
15.58 0.0177526
15.59 0.0176771
15.6 0.0175947
15.61 0.0175057
15.62 0.0174087
15.63 0.0173016
15.64 0.0171833
15.65 0.0170535
15.66 0.0169123
15.67 0.0167606
15.68 0.0165995
15.69 0.0164304
15.7 0.0162547
15.71 0.016073
15.72 0.0158839
15.73 0.0156857
15.74 0.0154774
15.75 0.0152587
15.76 0.0150299
15.77 0.0147918
15.78 0.0145453
15.79 0.0142917
15.8 0.0140323
15.81 0.0137677
15.82 0.0134968
15.83 0.0132182
15.84 0.0129312
15.85 0.0126356
15.86 0.0123316
15.87 0.01202
15.88 0.0117015
15.89 0.0113771
15.9 0.0110482
15.91 0.010715
15.92 0.0103769
15.93 0.0100331
15.94 0.00968298
15.95 0.00932648
15.96 0.00896386
15.97 0.0085956
15.98 0.00822237
15.99 0.00784498
16 0.00746424
16.01 0.00708061
16.02 0.00669381
16.03 0.00630338
16.04 0.00590913
16.05 0.00551109
16.06 0.00510947
16.07 0.00470459
16.08 0.00429691
16.09 0.00388691
16.1 0.00347509
16.11 0.00306183
16.12 0.00264727
16.13 0.00223146
16.14 0.00181449
16.15 0.00139652
16.16 0.000977695
16.17 0.000558195
16.18 0.00013819
16.19 -0.000282158
16.2 -0.000702699
16.21 -0.00112315
16.22 -0.00154297
16.23 -0.0019616
16.24 -0.00237864
16.25 -0.00279386
16.26 -0.00320714
16.27 -0.00361849
16.28 -0.00402802
16.29 -0.0044359
16.3 -0.00484233
16.31 -0.00524715
16.32 -0.00564944
16.33 -0.00604815
16.34 -0.00644264
16.35 -0.00683256
16.36 -0.00721786
16.37 -0.00759874
16.38 -0.00797557
16.39 -0.00834883
16.4 -0.00871909
16.41 -0.0090863
16.42 -0.00944922
16.43 -0.00980638
16.44 -0.0101569
16.45 -0.0105003
16.46 -0.0108368
16.47 -0.0111665
16.48 -0.0114902
16.49 -0.0118085
16.5 -0.0121225
16.51 -0.0124322
16.52 -0.012736
16.53 -0.0130323
16.54 -0.0133198
16.55 -0.0135981
16.56 -0.0138674
16.57 -0.014128
16.58 -0.014381
16.59 -0.0146272
16.6 -0.0148679
16.61 -0.0151032
16.62 -0.0153315
16.63 -0.0155506
16.64 -0.0157595
16.65 -0.0159577
16.66 -0.0161452
16.67 -0.0163226
16.68 -0.0164911
16.69 -0.0166518
16.7 -0.0168061
16.71 -0.0169543
16.72 -0.0170946
16.73 -0.0172248
16.74 -0.0173438
16.75 -0.0174509
16.76 -0.0175465
16.77 -0.0176311
16.78 -0.017706
16.79 -0.0177724
16.8 -0.0178319
16.81 -0.0178849
16.82 -0.0179297
16.83 -0.017964
16.84 -0.0179865
16.85 -0.0179969
16.86 -0.0179952
16.87 -0.0179825
16.88 -0.0179596
16.89 -0.0179282
16.9 -0.0178898
16.91 -0.0178447
16.92 -0.0177914
16.93 -0.0177279
16.94 -0.0176528
16.95 -0.0175658
16.96 -0.0174671
16.97 -0.0173576
16.98 -0.0172383
16.99 -0.0171107
17 -0.0169764
17.01 -0.0168357
17.02 -0.0166874
17.03 -0.0165294
17.04 -0.0163607
17.05 -0.0161811
17.06 -0.0159907
17.07 -0.0157904
17.08 -0.0155812
17.09 -0.0153644
17.1 -0.0151414
17.11 -0.0149128
17.12 -0.0146774
17.13 -0.0144336
17.14 -0.0141805
17.15 -0.013918
17.16 -0.0136463
17.17 -0.0133661
17.18 -0.0130782
17.19 -0.012784
17.2 -0.0124845
17.21 -0.0121803
17.22 -0.0118706
17.23 -0.0115542
17.24 -0.0112305
17.25 -0.0108993
17.26 -0.010561
17.27 -0.0102161
17.28 -0.00986527
17.29 -0.00950953
17.3 -0.00914981
17.31 -0.00878659
17.32 -0.0084194
17.33 -0.00804757
17.34 -0.00767077
17.35 -0.00728898
17.36 -0.00690241
17.37 -0.00651149
17.38 -0.00611676
17.39 -0.00571884
17.4 -0.0053184
17.41 -0.00491585
17.42 -0.00451114
17.43 -0.00410408
17.44 -0.00369465
17.45 -0.00328293
17.46 -0.00286911
17.47 -0.00245343
17.48 -0.00203619
17.49 -0.00161771
17.5 -0.00119829
17.51 -0.000778261
17.52 -0.000357987
17.53 6.22029e-005
17.54 0.000482044
17.55 0.00090134
17.56 0.00131996
17.57 0.00173782
17.58 0.00215492
17.59 0.00257125
17.6 0.00298688
17.61 0.00340158
17.62 0.0038146
17.63 0.00422512
17.64 0.00463257
17.65 0.00503668
17.66 0.00543736
17.67 0.00583474
17.68 0.00622904
17.69 0.00662062
17.7 0.0070099
17.71 0.00739676
17.72 0.0077801
17.73 0.00815865
17.74 0.0085316
17.75 0.00889858
17.76 0.00925959
17.77 0.00961489
17.78 0.009965
17.79 0.0103106
17.8 0.0106524
17.81 0.0109904
17.82 0.0113232
17.83 0.0116493
17.84 0.0119675
17.85 0.0122774
17.86 0.0125791
17.87 0.0128731
17.88 0.01316
17.89 0.0134408
17.9 0.0137166
17.91 0.0139874
17.92 0.0142517
17.93 0.0145075
17.94 0.0147537
17.95 0.0149898
17.96 0.0152158
17.97 0.0154325
17.98 0.0156406
17.99 0.0158414
18 0.0160361
18.01 0.0162251
18.02 0.0164065
18.03 0.0165782
18.04 0.016739
18.05 0.0168883
18.06 0.0170265
18.07 0.017154
18.08 0.0172721
18.09 0.017382
18.1 0.0174851
18.11 0.0175819
18.12 0.0176706
18.13 0.0177489
18.14 0.0178155
18.15 0.0178701
18.16 0.0179128
18.17 0.0179444
18.18 0.0179659
18.19 0.0179789
18.2 0.0179849
18.21 0.0179843
18.22 0.0179754
18.23 0.017956
18.24 0.0179249
18.25 0.0178818
18.26 0.0178267
18.27 0.0177606
18.28 0.0176845
18.29 0.0175999
18.3 0.0175084
18.31 0.0174104
18.32 0.0173044
18.33 0.0171884
18.34 0.0170613
18.35 0.0169227
18.36 0.0167729
18.37 0.0166126
18.38 0.016443
18.39 0.0162654
18.4 0.0160814
18.41 0.0158913
18.42 0.015694
18.43 0.0154877
18.44 0.0152714
18.45 0.0150449
18.46 0.0148085
18.47 0.0145628
18.48 0.0143089
18.49 0.0140479
18.5 0.0137813
18.51 0.0135096
18.52 0.0132316
18.53 0.0129462
18.54 0.0126525
18.55 0.0123504
18.56 0.0120402
18.57 0.0117224
18.58 0.0113979
18.59 0.0110678
18.6 0.0107331
18.61 0.0103944
18.62 0.0100509
18.63 0.00970185
18.64 0.0093467
18.65 0.00898542
18.66 0.00861824
18.67 0.00824563
18.68 0.00786826
18.69 0.00748687
18.7 0.00710229
18.71 0.00671495
18.72 0.0063246
18.73 0.00593085
18.74 0.00553352
18.75 0.00513266
18.76 0.00472845
18.77 0.00432125
18.78 0.00391144
18.79 0.00349949
18.8 0.00308588
18.81 0.00267097
18.82 0.00225494
18.83 0.00183789
18.84 0.00141994
18.85 0.00100125
18.86 0.000581977
18.87 0.00016227
18.88 -0.000257722
18.89 -0.000677867
18.9 -0.00109805
18.91 -0.001518
18.92 -0.00193713
18.93 -0.00235485
18.94 -0.00277072
18.95 -0.0031845
18.96 -0.00359609
18.97 -0.00400551
18.98 -0.00441289
18.99 -0.00481842
19 -0.00522237
19.01 -0.00562456
19.02 -0.00602404
19.03 -0.00641974
19.04 -0.00681097
19.05 -0.00719738
19.06 -0.00757894
19.07 -0.00795585
19.08 -0.0083285
19.09 -0.00869741
19.1 -0.00906319
19.11 -0.00942579
19.12 -0.00978394
19.13 -0.0101361
19.14 -0.0104815
19.15 -0.0108196
19.16 -0.0111504
19.17 -0.0114743
19.18 -0.011792
19.19 -0.0121043
19.2 -0.012412
19.21 -0.0127153
19.22 -0.0130127
19.23 -0.0133023
19.24 -0.013583
19.25 -0.0138544
19.26 -0.0141165
19.27 -0.0143698
19.28 -0.0146153
19.29 -0.014854
19.3 -0.015087
19.31 -0.0153146
19.32 -0.015535
19.33 -0.0157463
19.34 -0.0159471
19.35 -0.016137
19.36 -0.0163162
19.37 -0.0164853
19.38 -0.0166452
19.39 -0.0167973
19.4 -0.016943
19.41 -0.0170824
19.42 -0.017214
19.43 -0.0173354
19.44 -0.0174455
19.45 -0.0175437
19.46 -0.0176302
19.47 -0.0177058
19.48 -0.0177715
19.49 -0.0178288
19.5 -0.0178792
19.51 -0.017923
19.52 -0.0179585
19.53 -0.0179835
19.54 -0.0179968
19.55 -0.017998
19.56 -0.0179871
19.57 -0.0179651
19.58 -0.017933
19.59 -0.0178924
19.6 -0.0178447
19.61 -0.0177905
19.62 -0.0177281
19.63 -0.0176554
19.64 -0.0175712
19.65 -0.0174752
19.66 -0.0173676
19.67 -0.0172491
19.68 -0.0171211
19.69 -0.0169847
19.7 -0.0168416
19.71 -0.0166923
19.72 -0.0165352
19.73 -0.0163687
19.74 -0.0161916
19.75 -0.0160037
19.76 -0.0158052
19.77 -0.0155968
19.78 -0.0153796
19.79 -0.0151549
19.8 -0.0149242
19.81 -0.0146878
19.82 -0.0144448
19.83 -0.0141935
19.84 -0.0139331
19.85 -0.0136634
19.86 -0.0133848
19.87 -0.0130977
19.88 -0.0128032
19.89 -0.0125024
19.9 -0.0121965
19.91 -0.011886
19.92 -0.0115701
19.93 -0.0112477
19.94 -0.0109182
19.95 -0.0105815
19.96 -0.0102378
19.97 -0.00988763
19.98 -0.00953184
19.99 -0.00917125
20 -0.00880681
20.01 -0.008439
20.02 -0.00806739
20.03 -0.00769134
20.04 -0.00731056
20.05 -0.00692502
20.06 -0.00653496
20.07 -0.00614077
20.08 -0.00574297
20.09 -0.00534217
20.1 -0.00493899
20.11 -0.00453383
20.12 -0.00412669
20.13 -0.00371744
20.14 -0.00330605
20.15 -0.00289265
20.16 -0.0024774
20.17 -0.00206054
20.18 -0.00164234
20.19 -0.00122309
20.2 -0.000803044
20.21 -0.000382542
20.22 3.80254e-005
20.23 0.000458278
20.24 0.000877923
20.25 0.00129675
20.26 0.00171465
20.27 0.00213154
20.28 0.00254744
20.29 0.0029624
20.3 0.0033765
20.31 0.00378952
20.32 0.00420068
20.33 0.00460911
20.34 0.00501424
20.35 0.00541576
20.36 0.00581361
20.37 0.00620791
20.38 0.00659894
20.39 0.00698706
20.4 0.00737274
20.41 0.00775586
20.42 0.00813529
20.43 0.00850973
20.44 0.00887835
20.45 0.00924076
20.46 0.00959697
20.47 0.00994727
20.48 0.0102922
20.49 0.0106324
20.5 0.0109687
20.51 0.0113012
20.52 0.0116283
20.53 0.0119484
20.54 0.0122605
20.55 0.0125641
20.56 0.0128594
20.57 0.0131466
20.58 0.0134267
20.59 0.0137006
20.6 0.0139693
20.61 0.0142329
20.62 0.01449
20.63 0.0147384
20.64 0.014977
20.65 0.0152054
20.66 0.0154236
20.67 0.0156323
20.68 0.0158323
20.69 0.016025
20.7 0.0162115
20.71 0.0163921
20.72 0.0165651
20.73 0.0167283
20.74 0.0168805
20.75 0.0170212
20.76 0.0171506
20.77 0.0172693
20.78 0.0173785
20.79 0.0174794
20.8 0.0175736
20.81 0.0176613
20.82 0.0177409
20.83 0.0178101
20.84 0.0178676
20.85 0.017913
20.86 0.0179465
20.87 0.0179689
20.88 0.0179812
20.89 0.017985
20.9 0.0179817
20.91 0.0179718
20.92 0.0179536
20.93 0.017925
20.94 0.0178847
20.95 0.0178324
20.96 0.0177682
20.97 0.0176929
20.98 0.0176078
20.99 0.0175142
21 0.0174136
21.01 0.0173067
21.02 0.0171917
21.03 0.0170669
21.04 0.016931
21.05 0.0167837
21.06 0.0166253
21.07 0.0164565
21.08 0.0162785
21.09 0.0160926
21.1 0.0159002
21.11 0.015702
21.12 0.0154965
21.13 0.0152822
21.14 0.015058
21.15 0.0148238
21.16 0.0145798
21.17 0.0143267
21.18 0.0140655
21.19 0.0137974
21.2 0.0135237
21.21 0.0132449
21.22 0.01296
21.23 0.0126679
21.24 0.0123677
21.25 0.0120592
21.26 0.0117429
21.27 0.0114191
21.28 0.0110889
21.29 0.0107531
21.3 0.0104129
21.31 0.0100688
21.32 0.00972003
21.33 0.00936589
21.34 0.0090059
21.35 0.00864001
21.36 0.00826845
21.37 0.00789168
21.38 0.00751034
21.39 0.00712516
21.4 0.00673691
21.41 0.00634604
21.42 0.00595234
21.43 0.00555544
21.44 0.00515522
21.45 0.00475172
21.46 0.00434514
21.47 0.00393579
21.48 0.00352406
21.49 0.00311037
21.5 0.00269516
21.51 0.00227881
21.52 0.00186151
21.53 0.00144341
21.54 0.00102469
21.55 0.000605486
21.56 0.00018596
21.57 -0.00023375
21.58 -0.000653525
21.59 -0.00107326
21.6 -0.00149289
21.61 -0.00191213
21.62 -0.00233038
21.63 -0.00274698
21.64 -0.00316148
21.65 -0.00357362
21.66 -0.00398332
21.67 -0.00439061
21.68 -0.00479563
21.69 -0.00519863
21.7 -0.00559989
21.71 -0.00599926
21.72 -0.00639574
21.73 -0.00678823
21.74 -0.00717601
21.75 -0.00755872
21.76 -0.00793635
21.77 -0.0083091
21.78 -0.00867739
21.79 -0.00904178
21.8 -0.00940289
21.81 -0.0097607
21.82 -0.0101139
21.83 -0.010461
21.84 -0.010801
21.85 -0.0111335
21.86 -0.0114585
21.87 -0.0117765
21.88 -0.0120881
21.89 -0.0123941
21.9 -0.0126954
21.91 -0.0129923
21.92 -0.013283
21.93 -0.0135658
21.94 -0.0138396
21.95 -0.0141039
21.96 -0.0143587
21.97 -0.0146046
21.98 -0.0148426
21.99 -0.0150735
22 -0.0152988
22.01 -0.0155185
22.02 -0.015731
22.03 -0.0159342
22.04 -0.0161269
22.05 -0.0163086
22.06 -0.0164793
22.07 -0.0166399
22.08 -0.0167913
22.09 -0.0169347
22.1 -0.0170716
22.11 -0.0172023
22.12 -0.0173251
22.13 -0.0174376
22.14 -0.0175387
22.15 -0.0176279
22.16 -0.0177054
22.17 -0.0177719
22.18 -0.0178285
22.19 -0.0178766
22.2 -0.0179177
22.21 -0.0179523
22.22 -0.0179786
22.23 -0.0179944
22.24 -0.0179985
22.25 -0.0179903
22.26 -0.0179703
22.27 -0.017939
22.28 -0.0178978
22.29 -0.0178479
22.3 -0.0177911
22.31 -0.0177277
22.32 -0.0176561
22.33 -0.0175743
22.34 -0.0174811
22.35 -0.0173761
22.36 -0.0172596
22.37 -0.0171323
22.38 -0.0169955
22.39 -0.0168504
22.4 -0.0166986
22.41 -0.0165407
22.42 -0.0163751
22.43 -0.0162001
22.44 -0.0160147
22.45 -0.0158186
22.46 -0.0156119
22.47 -0.0153956
22.48 -0.0151705
22.49 -0.0149381
22.5 -0.0146996
22.51 -0.0144557
22.52 -0.0142051
22.53 -0.0139465
22.54 -0.013679
22.55 -0.0134023
22.56 -0.0131168
22.57 -0.0128231
22.58 -0.012522
22.59 -0.0122149
22.6 -0.0119027
22.61 -0.011586
22.62 -0.0112641
22.63 -0.0109358
22.64 -0.0106006
22.65 -0.0102585
22.66 -0.00990954
22.67 -0.0095544
22.68 -0.00919378
22.69 -0.00882852
22.7 -0.00845955
22.71 -0.00808733
22.72 -0.00771147
22.73 -0.00733138
22.74 -0.0069468
22.75 -0.00655771
22.76 -0.00616434
22.77 -0.00576707
22.78 -0.0053664
22.79 -0.00496291
22.8 -0.00455718
22.81 -0.00414962
22.82 -0.00374025
22.83 -0.00332899
22.84 -0.00291586
22.85 -0.00250097
22.86 -0.0020845
22.87 -0.00166666
22.88 -0.0012477
22.89 -0.000827872
22.9 -0.000407412
22.91 1.33636e-005
22.92 0.000434021
22.93 0.000854133
22.94 0.00127338
22.95 0.00169155
22.96 0.00210851
22.97 0.00252423
22.98 0.00293874
22.99 0.00335211
23 0.00376448
23.01 0.00417562
23.02 0.00458473
23.03 0.00499088
23.04 0.00539348
23.05 0.00579222
23.06 0.00618704
23.07 0.00657808
23.08 0.00696563
23.09 0.00735011
23.1 0.00773199
23.11 0.00811119
23.12 0.00848654
23.13 0.00885668
23.14 0.00922079
23.15 0.00957846
23.16 0.0099297
23.17 0.0102748
23.18 0.0106144
23.19 0.0109491
23.2 0.0112798
23.21 0.0116064
23.22 0.0119276
23.23 0.0122417
23.24 0.0125475
23.25 0.0128447
23.26 0.0131333
23.27 0.0134138
23.28 0.0136869
23.29 0.0139537
23.3 0.0142152
23.31 0.0144716
23.32 0.0147212
23.33 0.0149621
23.34 0.0151931
23.35 0.0154137
23.36 0.015624
23.37 0.0158246
23.38 0.0160164
23.39 0.0162008
23.4 0.0163789
23.41 0.0165511
23.42 0.0167157
23.43 0.0168703
23.44 0.0170139
23.45 0.0171459
23.46 0.0172664
23.47 0.0173763
23.48 0.0174765
23.49 0.0175684
23.5 0.0176535
23.51 0.0177322
23.52 0.0178026
23.53 0.0178627
23.54 0.0179111
23.55 0.0179473
23.56 0.0179716
23.57 0.0179847
23.58 0.0179878
23.59 0.0179823
23.6 0.0179697
23.61 0.0179506
23.62 0.0179232
23.63 0.0178853
23.64 0.0178359
23.65 0.0177744
23.66 0.0177011
23.67 0.0176167
23.68 0.0175225
23.69 0.0174199
23.7 0.0173104
23.71 0.0171945
23.72 0.0170707
23.73 0.016937
23.74 0.0167924
23.75 0.0166365
23.76 0.0164696
23.77 0.0162924
23.78 0.0161061
23.79 0.0159119
23.8 0.0157114
23.81 0.015505
23.82 0.0152915
23.83 0.0150693
23.84 0.0148374
23.85 0.0145956
23.86 0.0143441
23.87 0.0140837
23.88 0.0138153
23.89 0.0135401
23.9 0.0132594
23.91 0.0129738
23.92 0.0126822
23.93 0.0123835
23.94 0.0120769
23.95 0.0117623
23.96 0.0114399
23.97 0.0111104
23.98 0.0107745
23.99 0.0104332
24 0.0100877
24.01 0.00973824
24.02 0.00938442
24.03 0.00902539
24.04 0.00866074
24.05 0.00829041
24.06 0.00791465
24.07 0.0075339
24.08 0.00714878
24.09 0.00675998
24.1 0.00636827
24.11 0.00597406
24.12 0.00557719
24.13 0.00517736
24.14 0.00477444
24.15 0.0043685
24.16 0.00395974
24.17 0.00354844
24.18 0.00313498
24.19 0.00271975
24.2 0.00230315
24.21 0.00188554
24.22 0.00146718
24.23 0.00104825
24.24 0.000628941
24.25 0.000209428
24.26 -0.000210144
24.27 -0.000629655
24.28 -0.00104901
24.29 -0.00146814
24.3 -0.001887
24.31 -0.00230533
24.32 -0.00272248
24.33 -0.00313776
24.34 -0.00355069
24.35 -0.003961
24.36 -0.0043686
24.37 -0.00477356
24.38 -0.00517604
24.39 -0.00557631
24.4 -0.00597469
24.41 -0.00637104
24.42 -0.00676433
24.43 -0.00715342
24.44 -0.00753756
24.45 -0.0079164
24.46 -0.00828991
24.47 -0.00865832
24.48 -0.00902208
24.49 -0.00938177
24.5 -0.00973804
24.51 -0.0100909
24.52 -0.010439
24.53 -0.0107808
24.54 -0.0111153
24.55 -0.011442
24.56 -0.0117612
24.57 -0.0120731
24.58 -0.0123784
24.59 -0.0126779
24.6 -0.0129728
24.61 -0.0132629
24.62 -0.0135469
24.63 -0.0138228
24.64 -0.0140895
24.65 -0.0143465
24.66 -0.014594
24.67 -0.0148324
24.68 -0.0150626
24.69 -0.0152858
24.7 -0.0155032
24.71 -0.015715
24.72 -0.0159195
24.73 -0.0161145
24.74 -0.0162989
24.75 -0.0164722
24.76 -0.0166345
24.77 -0.0167865
24.78 -0.0169292
24.79 -0.0170639
24.8 -0.017192
24.81 -0.0173139
24.82 -0.0174278
24.83 -0.0175314
24.84 -0.0176235
24.85 -0.0177036
24.86 -0.017772
24.87 -0.0178293
24.88 -0.0178768
24.89 -0.0179157
24.9 -0.0179476
24.91 -0.0179729
24.92 -0.01799
24.93 -0.0179965
24.94 -0.0179914
24.95 -0.017974
24.96 -0.0179447
24.97 -0.0179043
24.98 -0.0178538
24.99 -0.0177948
25 -0.0177288
25.01 -0.0176562
25.02 -0.0175755
25.03 -0.0174847
25.04 -0.0173825
25.05 -0.0172686
25.06 -0.0171433
25.07 -0.0170072
25.08 -0.0168617
25.09 -0.0167079
25.1 -0.0165476
25.11 -0.016381
25.12 -0.016207
25.13 -0.0160237
25.14 -0.01583
25.15 -0.0156258
25.16 -0.0154111
25.17 -0.0151869
25.18 -0.0149541
25.19 -0.014714
25.2 -0.014468
25.21 -0.0142166
25.22 -0.0139587
25.23 -0.0136928
25.24 -0.0134182
25.25 -0.0131346
25.26 -0.0128424
25.27 -0.0125422
25.28 -0.0122348
25.29 -0.0119214
25.3 -0.011603
25.31 -0.0112803
25.32 -0.0109525
25.33 -0.0106185
25.34 -0.0102779
25.35 -0.00993047
25.36 -0.00957651
25.37 -0.00921654
25.38 -0.00885126
25.39 -0.00848152
25.4 -0.00810819
25.41 -0.00773173
25.42 -0.00735181
25.43 -0.00696787
25.44 -0.00657967
25.45 -0.00618722
25.46 -0.00579073
25.47 -0.00539058
25.48 -0.00498724
25.49 -0.00458124
25.5 -0.00417317
25.51 -0.00376339
25.52 -0.00335199
25.53 -0.00293893
25.54 -0.00252425
25.55 -0.00210808
25.56 -0.00169059
25.57 -0.00127197
25.58 -0.000852458
25.59 -0.000432259
25.6 -1.15864e-005
25.61 0.000409257
25.62 0.000829799
25.63 0.00124957
25.64 0.00166821
25.65 0.00208551
25.66 0.00250134
25.67 0.00291569
25.68 0.0033286
25.69 0.0037402
25.7 0.00415063
25.71 0.0045597
25.72 0.00496655
25.73 0.00537023
25.74 0.00577012
25.75 0.00616588
25.76 0.00655748
25.77 0.00694507
25.78 0.00732896
25.79 0.00770961
25.8 0.00808751
25.81 0.0084626
25.82 0.00883368
25.83 0.00919935
25.84 0.00955877
25.85 0.00991152
25.86 0.0102576
25.87 0.0105974
25.88 0.0109314
25.89 0.0112605
25.9 0.0115853
25.91 0.0119061
25.92 0.0122212
25.93 0.0125291
25.94 0.0128285
25.95 0.0131191
25.96 0.0134009
25.97 0.0136745
25.98 0.0139405
25.99 0.0142001
26 0.0144542
26.01 0.0147032
26.02 0.0149454
26.03 0.0151786
26.04 0.0154018
26.05 0.0156145
26.06 0.0158167
26.07 0.0160092
26.08 0.0161928
26.09 0.0163688
26.1 0.0165385
26.11 0.0167022
26.12 0.0168581
26.13 0.0170042
26.14 0.017139
26.15 0.0172622
26.16 0.0173739
26.17 0.0174748
26.18 0.017566
26.19 0.0176489
26.2 0.0177249
26.21 0.0177944
26.22 0.0178557
26.23 0.0179066
26.24 0.0179458
26.25 0.0179728
26.26 0.0179879
26.27 0.0179917
26.28 0.0179856
26.29 0.0179708
26.3 0.0179491
26.31 0.0179207
26.32 0.017884
26.33 0.017837
26.34 0.0177784
26.35 0.0177077
26.36 0.0176253
26.37 0.017532
26.38 0.0174288
26.39 0.0173173
26.4 0.0171988
26.41 0.0170741
26.42 0.0169414
26.43 0.016799
26.44 0.0166458
26.45 0.0164813
26.46 0.016306
26.47 0.0161205
26.48 0.0159259
26.49 0.0157236
26.5 0.0155149
26.51 0.0153005
26.52 0.0150791
26.53 0.0148491
26.54 0.0146095
26.55 0.0143602
26.56 0.0141014
26.57 0.0138338
26.58 0.0135584
26.59 0.0132763
26.6 0.0129888
26.61 0.0126964
26.62 0.0123982
26.63 0.0120931
26.64 0.0117802
26.65 0.0114596
26.66 0.0111314
26.67 0.0107962
26.68 0.0104549
26.69 0.0101083
26.7 0.00975752
26.71 0.00940303
26.72 0.00904428
26.73 0.00868053
26.74 0.00831138
26.75 0.0079368
26.76 0.00755702
26.77 0.00717248
26.78 0.00678376
26.79 0.00639154
26.8 0.00599654
26.81 0.00559918
26.82 0.00519934
26.83 0.00479676
26.84 0.00439134
26.85 0.00398316
26.86 0.00357241
26.87 0.00315937
26.88 0.00274438
26.89 0.00232781
26.9 0.00191002
26.91 0.00149137
26.92 0.00107213
26.93 0.000652571
26.94 0.00023289
26.95 -0.000186729
26.96 -0.000606145
26.97 -0.00102525
26.98 -0.00144398
26.99 -0.0018623
27 -0.00228019
27.01 -0.00269741
27.02 -0.00311327
27.03 -0.00352703
27.04 -0.00393819
27.05 -0.00434646
27.06 -0.00475178
27.07 -0.0051542
27.08 -0.00555394
27.09 -0.00595129
27.1 -0.0063466
27.11 -0.00673974
27.12 -0.00712966
27.13 -0.00751516
27.14 -0.00789547
27.15 -0.00827025
27.16 -0.00863946
27.17 -0.00900336
27.18 -0.00936241
27.19 -0.00971722
27.2 -0.0100685
27.21 -0.0104162
27.22 -0.010759
27.23 -0.0110953
27.24 -0.0114241
27.25 -0.0117451
27.26 -0.0120581
27.27 -0.0123637
27.28 -0.0126626
27.29 -0.0129556
27.3 -0.0132438
27.31 -0.0135272
27.32 -0.0138043
27.33 -0.0140731
27.34 -0.0143326
27.35 -0.0145823
27.36 -0.0148222
27.37 -0.0150529
27.38 -0.0152754
27.39 -0.0154907
27.4 -0.0157001
27.41 -0.0159038
27.42 -0.0161001
27.43 -0.016287
27.44 -0.016463
27.45 -0.0166279
27.46 -0.0167816
27.47 -0.0169249
27.48 -0.0170589
27.49 -0.0171848
27.5 -0.0173041
27.51 -0.0174171
27.52 -0.017522
27.53 -0.0176166
27.54 -0.0176997
27.55 -0.0177708
27.56 -0.01783
27.57 -0.0178782
27.58 -0.0179164
27.59 -0.0179461
27.6 -0.0179688
27.61 -0.0179849
27.62 -0.0179926
27.63 -0.01799
27.64 -0.0179755
27.65 -0.017949
27.66 -0.0179105
27.67 -0.0178608
27.68 -0.0178012
27.69 -0.0177331
27.7 -0.0176579
27.71 -0.0175763
27.72 -0.0174865
27.73 -0.0173866
27.74 -0.0172755
27.75 -0.0171528
27.76 -0.0170186
27.77 -0.0168739
27.78 -0.0167197
27.79 -0.0165574
27.8 -0.0163885
27.81 -0.0162135
27.82 -0.0160311
27.83 -0.0158395
27.84 -0.0156377
27.85 -0.0154254
27.86 -0.0152029
27.87 -0.0149709
27.88 -0.0147305
27.89 -0.0144828
27.9 -0.0142294
27.91 -0.0139706
27.92 -0.0137054
27.93 -0.0134324
27.94 -0.0131509
27.95 -0.0128606
27.96 -0.0125618
27.97 -0.0122552
27.98 -0.0119416
27.99 -0.0116221
28 -0.0112978
28.01 -0.0109692
28.02 -0.0106357
28.03 -0.0102962
28.04 -0.00995021
28.05 -0.00959768
28.06 -0.00923885
28.07 -0.00887422
28.08 -0.00850447
28.09 -0.00813041
28.1 -0.0077529
28.11 -0.00737239
28.12 -0.00698859
28.13 -0.00660098
28.14 -0.00620935
28.15 -0.00581372
28.16 -0.00541431
28.17 -0.00501147
28.18 -0.00460564
28.19 -0.00419734
28.2 -0.00378711
28.21 -0.00337533
28.22 -0.00296209
28.23 -0.00254742
28.24 -0.0021314
28.25 -0.00171415
28.26 -0.00129584
28.27 -0.000876652
28.28 -0.000456784
28.29 -3.64213e-005
28.3 0.00038426
28.31 0.000804966
28.32 0.00122519
28.33 0.00164441
28.34 0.00206224
28.35 0.00247847
28.36 0.00289297
28.37 0.00330574
28.38 0.00371685
28.39 0.00412647
28.4 0.00453476
28.41 0.00494156
28.42 0.00534596
28.43 0.00574697
28.44 0.00614394
28.45 0.00653655
28.46 0.00692474
28.47 0.00730868
28.48 0.00768873
28.49 0.00806536
28.5 0.00843911
28.51 0.0088099
28.52 0.00917653
28.53 0.00953756
28.54 0.00989211
28.55 0.0102398
28.56 0.0105806
28.57 0.0109149
28.58 0.0112432
28.59 0.0115664
28.6 0.0118853
28.61 0.0122
28.62 0.0125089
28.63 0.0128104
28.64 0.0131033
28.65 0.0133871
28.66 0.013662
28.67 0.0139285
28.68 0.0141873
28.69 0.0144395
28.7 0.0146863
28.71 0.0149277
28.72 0.0151622
28.73 0.0153878
28.74 0.0156031
28.75 0.0158077
28.76 0.0160018
28.77 0.016186
28.78 0.0163613
28.79 0.0165288
28.8 0.01669
28.81 0.0168451
28.82 0.0169925
28.83 0.0171298
28.84 0.0172558
28.85 0.0173702
28.86 0.0174729
28.87 0.0175648
28.88 0.017647
28.89 0.0177208
28.9 0.0177877
28.91 0.0178481
28.92 0.0179002
28.93 0.0179419
28.94 0.0179719
28.95 0.0179896
28.96 0.0179955
28.97 0.0179901
28.98 0.0179747
28.99 0.0179507
29 0.0179197
29.01 0.0178821
29.02 0.0178362
29.03 0.01778
29.04 0.0177122
29.05 0.0176325
29.06 0.0175411
29.07 0.0174388
29.08 0.0173266
29.09 0.0172062
29.1 0.0170789
29.11 0.0169453
29.12 0.0168039
29.13 0.0166529
29.14 0.016491
29.15 0.0163182
29.16 0.0161345
29.17 0.0159407
29.18 0.015738
29.19 0.0155276
29.2 0.015311
29.21 0.0150886
29.22 0.0148594
29.23 0.0146217
29.24 0.0143746
29.25 0.014118
29.26 0.013852
29.27 0.0135773
29.28 0.0132949
29.29 0.013006
29.3 0.0127118
29.31 0.0124129
29.32 0.0121082
29.33 0.0117968
29.34 0.0114779
29.35 0.0111513
29.36 0.0108175
29.37 0.0104768
29.38 0.0101302
29.39 0.00977843
29.4 0.00942263
29.41 0.00906323
29.42 0.00869974
29.43 0.00833144
29.44 0.00795798
29.45 0.00757933
29.46 0.00719571
29.47 0.00680756
29.48 0.00641543
29.49 0.00601998
29.5 0.00562189
29.51 0.00522158
29.52 0.00481896
29.53 0.00441382
29.54 0.0040061
29.55 0.00359588
29.56 0.00318334
29.57 0.00276877
29.58 0.00235245
29.59 0.00193474
29.6 0.00151596
29.61 0.00109647
29.62 0.000676577
29.63 0.000256585
29.64 -0.000163266
29.65 -0.000582788
29.66 -0.00100184
29.67 -0.00142034
29.68 -0.00183825
29.69 -0.00225555
29.7 -0.00267227
29.71 -0.00308817
29.72 -0.00350254
29.73 -0.00391458
29.74 -0.00432377
29.75 -0.00472981
29.76 -0.00513264
29.77 -0.00553234
29.78 -0.00592915
29.79 -0.00632338
29.8 -0.00671542
29.81 -0.00710516
29.82 -0.00749151
29.83 -0.00787323
29.84 -0.00824954
29.85 -0.00862007
29.86 -0.0089848
29.87 -0.00934401
29.88 -0.00969817
29.89 -0.0100479
29.9 -0.010394
29.91 -0.0107364
29.92 -0.0110738
29.93 -0.0114045
29.94 -0.0117275
29.95 -0.0120424
29.96 -0.0123492
29.97 -0.0126484
29.98 -0.0129407
29.99 -0.013227
30 -0.0135084
30.01 -0.0137849
30.02 -0.0140549
30.03 -0.0143166
30.04 -0.0145688
30.05 -0.0148109
30.06 -0.0150432
30.07 -0.0152662
30.08 -0.0154808
30.09 -0.0156881
30.1 -0.0158894
30.11 -0.016085
30.12 -0.016273
30.13 -0.0164515
30.14 -0.0166192
30.15 -0.0167755
30.16 -0.0169206
30.17 -0.0170552
30.18 -0.0171804
30.19 -0.0172974
30.2 -0.0174078
30.21 -0.0175118
30.22 -0.0176078
30.23 -0.0176934
30.24 -0.0177674
30.25 -0.0178293
30.26 -0.0178794
30.27 -0.0179183
30.28 -0.0179474
30.29 -0.0179678
30.3 -0.0179812
30.31 -0.0179881
30.32 -0.0179866
30.33 -0.0179747
30.34 -0.017951
30.35 -0.0179152
30.36 -0.0178676
30.37 -0.0178088
30.38 -0.01774
30.39 -0.0176627
30.4 -0.0175785
30.41 -0.0174878
30.42 -0.017389
30.43 -0.0172802
30.44 -0.0171602
30.45 -0.0170286
30.46 -0.0168857
30.47 -0.0167324
30.48 -0.0165696
30.49 -0.0163988
30.5 -0.0162215
30.51 -0.0160381
30.52 -0.0158474
30.53 -0.0156476
30.54 -0.0154377
30.55 -0.0152175
30.56 -0.0149873
30.57 -0.0147476
30.58 -0.0144997
30.59 -0.0142446
30.6 -0.0139838
30.61 -0.0137178
30.62 -0.0134455
30.63 -0.0131656
30.64 -0.0128772
30.65 -0.0125804
30.66 -0.0122752
30.67 -0.0119623
30.68 -0.0116426
30.69 -0.0113172
30.7 -0.0109871
30.71 -0.0106528
30.72 -0.0103137
30.73 -0.00996882
30.74 -0.0096177
30.75 -0.00926025
30.76 -0.00889672
30.77 -0.0085276
30.78 -0.00815355
30.79 -0.00777536
30.8 -0.00739386
30.81 -0.00700949
30.82 -0.00662198
30.83 -0.00623089
30.84 -0.00583603
30.85 -0.00543742
30.86 -0.00503528
30.87 -0.00462993
30.88 -0.00422182
30.89 -0.00381143
30.9 -0.00339924
30.91 -0.00298565
30.92 -0.00257078
30.93 -0.00215471
30.94 -0.00173754
30.95 -0.00131941
30.96 -0.000900486
30.97 -0.00048093
30.98 -6.09106e-005
30.99 0.000359414
31 0.000779902
31.01 0.00120027
31.02 0.00161997
31.03 0.00203844
31.04 0.00245527
31.05 0.00287023
31.06 0.00328319
31.07 0.00369419
31.08 0.00410332
31.09 0.00451075
31.1 0.00491671
31.11 0.00532104
31.12 0.00572279
31.13 0.00612094
31.14 0.0065148
31.15 0.00690405
31.16 0.00728864
31.17 0.00766876
31.18 0.00804478
31.19 0.00841721
31.2 0.00878661
31.21 0.00915294
31.22 0.00951494
31.23 0.00987115
31.24 0.0102207
31.25 0.0105631
31.26 0.0108984
31.27 0.011227
31.28 0.0115495
31.29 0.0118667
31.3 0.0121795
31.31 0.012488
31.32 0.0127905
31.33 0.0130855
31.34 0.0133717
31.35 0.0136487
31.36 0.0139165
31.37 0.0141758
31.38 0.0144273
31.39 0.014672
31.4 0.0149112
31.41 0.015145
31.42 0.0153718
31.43 0.0155894
31.44 0.0157968
31.45 0.0159933
31.46 0.0161792
31.47 0.016355
31.48 0.0165218
31.49 0.0166808
31.5 0.0168334
31.51 0.0169799
31.52 0.0171185
31.53 0.0172471
31.54 0.0173643
31.55 0.0174697
31.56 0.0175635
31.57 0.0176464
31.58 0.0177194
31.59 0.0177841
31.6 0.0178418
31.61 0.017893
31.62 0.017936
31.63 0.0179685
31.64 0.0179892
31.65 0.0179977
31.66 0.0179943
31.67 0.0179797
31.68 0.0179551
31.69 0.0179219
31.7 0.0178816
31.71 0.0178348
31.72 0.0177798
31.73 0.0177144
31.74 0.0176375
31.75 0.0175488
31.76 0.0174484
31.77 0.0173371
31.78 0.0172161
31.79 0.0170868
31.8 0.0169507
31.81 0.0168084
31.82 0.0166583
31.83 0.0164986
31.84 0.0163283
31.85 0.0161471
31.86 0.0159551
31.87 0.0157532
31.88 0.0155424
31.89 0.0153241
31.9 0.0150996
31.91 0.0148695
31.92 0.0146325
31.93 0.0143872
31.94 0.0141328
31.95 0.0138688
31.96 0.0135958
31.97 0.0133142
31.98 0.013025
31.99 0.0127295
32 0.0124287
32.01 0.0121233
32.02 0.0118124
32.03 0.0114948
32.04 0.0111699
32.05 0.0108377
32.06 0.0104983
32.07 0.0101523
32.08 0.00980054
32.09 0.00944384
32.1 0.00908319
32.11 0.00871906
32.12 0.008351
32.13 0.00797833
32.14 0.00760074
32.15 0.0072182
32.16 0.00683094
32.17 0.00643936
32.18 0.00604402
32.19 0.00564553
32.2 0.00524454
32.21 0.00484146
32.22 0.00443626
32.23 0.00402875
32.24 0.00361892
32.25 0.00320686
32.26 0.00279274
32.27 0.00237682
32.28 0.00195938
32.29 0.00154073
32.3 0.00112117
32.31 0.000701033
32.32 0.000280686
32.33 -0.000139532
32.34 -0.00055935
32.35 -0.00097857
32.36 -0.00139706
32.37 -0.00181475
32.38 -0.00223163
32.39 -0.00264771
32.4 -0.00306306
32.41 -0.00347745
32.42 -0.00389012
32.43 -0.00430024
32.44 -0.00470726
32.45 -0.00511088
32.46 -0.00551102
32.47 -0.00590781
32.48 -0.00630149
32.49 -0.00669242
32.5 -0.00708101
32.51 -0.00746716
32.52 -0.00784975
32.53 -0.00822751
32.54 -0.00859963
32.55 -0.00896574
32.56 -0.00932582
32.57 -0.00968016
32.58 -0.0100293
32.59 -0.0103738
32.6 -0.0107146
32.61 -0.0110515
32.62 -0.0113832
32.63 -0.0117081
32.64 -0.0120251
32.65 -0.0123339
32.66 -0.0126343
32.67 -0.012927
32.68 -0.0132126
32.69 -0.013492
32.7 -0.0137664
32.71 -0.0140359
32.72 -0.0142988
32.73 -0.0145532
32.74 -0.0147979
32.75 -0.0150324
32.76 -0.015257
32.77 -0.0154721
32.78 -0.0156786
32.79 -0.0158778
32.8 -0.016071
32.81 -0.0162583
32.82 -0.0164381
32.83 -0.0166081
32.84 -0.0167673
32.85 -0.0169149
32.86 -0.0170514
32.87 -0.0171772
32.88 -0.0172935
32.89 -0.0174017
32.9 -0.0175031
32.91 -0.0175981
32.92 -0.017685
32.93 -0.0177615
32.94 -0.0178264
32.95 -0.0178792
32.96 -0.0179201
32.97 -0.0179498
32.98 -0.0179696
32.99 -0.0179808
33 -0.017985
33.01 -0.0179826
33.02 -0.0179718
33.03 -0.0179506
33.04 -0.0179178
33.05 -0.0178728
33.06 -0.017816
33.07 -0.017748
33.08 -0.0176702
33.09 -0.0175838
33.1 -0.0174905
33.11 -0.0173908
33.12 -0.0172831
33.13 -0.0171653
33.14 -0.0170365
33.15 -0.0168962
33.16 -0.0167447
33.17 -0.0165828
33.18 -0.0164115
33.19 -0.0162323
33.2 -0.0160466
33.21 -0.015855
33.22 -0.015656
33.23 -0.0154481
33.24 -0.0152303
33.25 -0.0150023
33.26 -0.0147644
33.27 -0.0145172
33.28 -0.0142619
33.29 -0.0139995
33.3 -0.0137315
33.31 -0.0134584
33.32 -0.0131791
33.33 -0.0128923
33.34 -0.0125974
33.35 -0.012294
33.36 -0.0119826
33.37 -0.0116636
33.38 -0.011338
33.39 -0.0110068
33.4 -0.010671
33.41 -0.0103312
33.42 -0.0099867
33.43 -0.00963662
33.44 -0.00928052
33.45 -0.00891832
33.46 -0.00855027
33.47 -0.00817684
33.48 -0.00779868
33.49 -0.00741654
33.5 -0.00703123
33.51 -0.00664318
33.52 -0.00625217
33.53 -0.00585779
33.54 -0.00545988
33.55 -0.00505848
33.56 -0.0046538
33.57 -0.00424616
33.58 -0.00383596
33.59 -0.00342366
33.6 -0.00300972
33.61 -0.00259452
33.62 -0.00217822
33.63 -0.00176095
33.64 -0.00134283
33.65 -0.000924025
33.66 -0.000504684
33.67 -8.49604e-005
33.68 0.000335006
33.69 0.000755088
33.7 0.00117518
33.71 0.00159501
33.72 0.00201398
33.73 0.0024315
33.74 0.00284712
33.75 0.0032606
33.76 0.00367183
33.77 0.00408085
33.78 0.00448779
33.79 0.00489284
33.8 0.00529628
33.81 0.00569793
33.82 0.00609685
33.83 0.00649194
33.84 0.0068825
33.85 0.00726821
33.86 0.00764901
33.87 0.00802512
33.88 0.00839694
33.89 0.00876498
33.9 0.00912986
33.91 0.00949154
33.92 0.00984874
33.93 0.0102
33.94 0.0105443
33.95 0.0108813
33.96 0.011211
33.97 0.0115337
33.98 0.0118502
33.99 0.0121613
34 0.0124678
34.01 0.0127699
34.02 0.013066
34.03 0.0133542
34.04 0.0136336
34.05 0.0139036
34.06 0.0141643
34.07 0.0144162
34.08 0.0146602
34.09 0.0148974
34.1 0.0151289
34.11 0.015355
34.12 0.0155739
34.13 0.0157836
34.14 0.0159828
34.15 0.0161711
34.16 0.0163487
34.17 0.0165161
34.18 0.0166744
34.19 0.0168248
34.2 0.0169687
34.21 0.0171065
34.22 0.0172363
34.23 0.017356
34.24 0.0174644
34.25 0.0175608
34.26 0.0176456
34.27 0.0177194
34.28 0.0177833
34.29 0.0178388
34.3 0.0178874
34.31 0.0179294
34.32 0.0179631
34.33 0.0179863
34.34 0.0179978
34.35 0.0179972
34.36 0.0179845
34.37 0.0179607
34.38 0.0179268
34.39 0.0178844
34.4 0.0178349
34.41 0.0177789
34.42 0.0177147
34.43 0.0176402
34.44 0.0175543
34.45 0.0174565
34.46 0.0173471
34.47 0.017227
34.48 0.0170972
34.49 0.0169591
34.5 0.0168143
34.51 0.0166633
34.52 0.0165046
34.53 0.0163364
34.54 0.0161577
34.55 0.0159682
34.56 0.0157681
34.57 0.0155581
34.58 0.0153394
34.59 0.0151132
34.6 0.0148809
34.61 0.0146431
34.62 0.0143985
34.63 0.0141458
34.64 0.013884
34.65 0.013613
34.66 0.013333
34.67 0.0130446
34.68 0.0127488
34.69 0.0124468
34.7 0.0121396
34.71 0.0118279
34.72 0.0115108
34.73 0.0111872
34.74 0.0108566
34.75 0.0105188
34.76 0.0101741
34.77 0.00982294
34.78 0.00946619
34.79 0.00910468
34.8 0.00873935
34.81 0.00837066
34.82 0.00799821
34.83 0.00762136
34.84 0.00723982
34.85 0.00685358
34.86 0.00646286
34.87 0.00606805
34.88 0.00566968
34.89 0.00526834
34.9 0.00486464
34.91 0.004459
34.92 0.00405141
34.93 0.00364174
34.94 0.00323
34.95 0.00281629
34.96 0.00240079
34.97 0.00198372
34.98 0.00156536
34.99 0.00114597
35 0.000725831
35.01 0.000305258
35.02 -0.000115345
35.03 -0.000535587
35.04 -0.000955171
35.05 -0.00137389
35.06 -0.00179162
35.07 -0.0022083
35.08 -0.00262394
35.09 -0.0030386
35.1 -0.00345238
35.11 -0.00386505
35.12 -0.00427583
35.13 -0.00468383
35.14 -0.00508848
35.15 -0.00548947
35.16 -0.00588674
35.17 -0.00628042
35.18 -0.00667078
35.19 -0.00705821
35.2 -0.00744315
35.21 -0.00782552
35.22 -0.00820418
35.23 -0.00857779
35.24 -0.00894554
35.25 -0.00930704
35.26 -0.00966229
35.27 -0.0100116
35.28 -0.0103555
35.29 -0.0106946
35.3 -0.0110299
35.31 -0.0113612
35.32 -0.0116872
35.33 -0.0120061
35.34 -0.012317
35.35 -0.0126194
35.36 -0.0129133
35.37 -0.0131993
35.38 -0.013478
35.39 -0.0137505
35.4 -0.0140178
35.41 -0.0142801
35.42 -0.0145357
35.43 -0.0147826
35.44 -0.0150198
35.45 -0.0152466
35.46 -0.0154633
35.47 -0.0156704
35.48 -0.0158689
35.49 -0.0160599
35.5 -0.0162448
35.51 -0.0164237
35.52 -0.0165951
35.53 -0.0167567
35.54 -0.0169072
35.55 -0.0170462
35.56 -0.0171739
35.57 -0.0172909
35.58 -0.0173983
35.59 -0.0174974
35.6 -0.0175898
35.61 -0.0176758
35.62 -0.0177536
35.63 -0.017821
35.64 -0.0178768
35.65 -0.0179204
35.66 -0.0179521
35.67 -0.0179726
35.68 -0.0179832
35.69 -0.0179851
35.7 -0.01798
35.71 -0.0179683
35.72 -0.0179484
35.73 -0.017918
35.74 -0.0178759
35.75 -0.0178217
35.76 -0.0177558
35.77 -0.0176787
35.78 -0.0175918
35.79 -0.0174964
35.8 -0.0173941
35.81 -0.0172854
35.82 -0.0171687
35.83 -0.0170422
35.84 -0.0169046
35.85 -0.0167556
35.86 -0.0165955
35.87 -0.0164251
35.88 -0.0162454
35.89 -0.0160579
35.9 -0.015864
35.91 -0.0156641
35.92 -0.0154571
35.93 -0.0152412
35.94 -0.0150155
35.95 -0.0147798
35.96 -0.0145344
35.97 -0.0142798
35.98 -0.0140172
35.99 -0.0137477
36 -0.0134726
36.01 -0.0131924
36.02 -0.0129063
36.03 -0.0126128
36.04 -0.0123114
36.05 -0.0120017
36.06 -0.0116842
36.07 -0.0113593
36.08 -0.0110279
36.09 -0.0106911
36.1 -0.0103498
36.11 -0.0100046
36.12 -0.00965488
36.13 -0.00929977
36.14 -0.00893886
36.15 -0.00857208
36.16 -0.00819969
36.17 -0.00782213
36.18 -0.00744003
36.19 -0.00705413
36.2 -0.00666519
36.21 -0.00627365
36.22 -0.00587932
36.23 -0.00548184
36.24 -0.00508108
36.25 -0.00467708
36.26 -0.00427006
36.27 -0.00386032
36.28 -0.00344823
36.29 -0.00303423
36.3 -0.00261873
36.31 -0.00220212
36.32 -0.0017846
36.33 -0.00136632
36.34 -0.000947469
36.35 -0.000528192
36.36 -0.000108643
36.37 0.000311044
36.38 0.000730751
36.39 0.00115039
36.4 0.00156988
36.41 0.00198895
36.42 0.002407
36.43 0.00282336
36.44 0.00323757
36.45 0.00364938
36.46 0.00405868
36.47 0.00446553
36.48 0.00487007
36.49 0.00527256
36.5 0.00567327
36.51 0.00607206
36.52 0.00646795
36.53 0.00685979
36.54 0.00724687
36.55 0.00762884
36.56 0.00800568
36.57 0.0083776
36.58 0.00874502
36.59 0.0091085
36.6 0.00946869
36.61 0.00982554
36.62 0.0101778
36.63 0.0105238
36.64 0.0108627
36.65 0.0111942
36.66 0.0115181
36.67 0.0118349
36.68 0.0121452
36.69 0.01245
36.7 0.0127501
36.71 0.0130456
36.72 0.0133351
36.73 0.0136165
36.74 0.0138889
36.75 0.0141518
36.76 0.0144052
36.77 0.0146497
36.78 0.0148861
36.79 0.0151156
36.8 0.0153393
36.81 0.0155575
36.82 0.0157684
36.83 0.01597
36.84 0.0161611
36.85 0.0163411
36.86 0.0165103
36.87 0.0166692
36.88 0.0168188
36.89 0.0169606
36.9 0.0170958
36.91 0.0172248
36.92 0.0173458
36.93 0.0174566
36.94 0.017556
36.95 0.0176434
36.96 0.0177191
36.97 0.0177838
36.98 0.0178386
36.99 0.0178849
37 0.0179242
37.01 0.017957
37.02 0.0179815
37.03 0.0179955
37.04 0.0179977
37.05 0.0179878
37.06 0.017966
37.07 0.0179329
37.08 0.0178899
37.09 0.0178382
37.1 0.0177796
37.11 0.0177144
37.12 0.017641
37.13 0.0175575
37.14 0.0174625
37.15 0.0173558
37.16 0.0172375
37.17 0.0171086
37.18 0.01697
37.19 0.0168232
37.2 0.0166698
37.21 0.0165101
37.22 0.0163429
37.23 0.0161663
37.24 0.0159793
37.25 0.0157815
37.26 0.0155733
37.27 0.0153554
37.28 0.0151289
37.29 0.0148949
37.3 0.014655
37.31 0.0144096
37.32 0.0141576
37.33 0.0138975
37.34 0.0136286
37.35 0.0133505
37.36 0.0130637
37.37 0.0127687
37.38 0.0124664
37.39 0.012158
37.4 0.0118446
37.41 0.0115268
37.42 0.0112037
37.43 0.0108743
37.44 0.010538
37.45 0.0101948
37.46 0.0098449
37.47 0.0094888
37.48 0.00912726
37.49 0.00876111
37.5 0.00839127
37.51 0.00801821
37.52 0.00764154
37.53 0.00726069
37.54 0.00687538
37.55 0.00648562
37.56 0.00609163
37.57 0.00569378
37.58 0.00529257
37.59 0.00488857
37.6 0.00448237
37.61 0.00407436
37.62 0.00366458
37.63 0.00325295
37.64 0.0028395
37.65 0.00242435
37.66 0.00200766
37.67 0.00158966
37.68 0.00117058
37.69 0.000750661
37.7 0.000330146
37.71 -9.06569e-005
37.72 -0.000511306
37.73 -0.000931365
37.74 -0.00135051
37.75 -0.00176852
37.76 -0.00218528
37.77 -0.00260075
37.78 -0.00301496
37.79 -0.003428
37.8 -0.00384
37.81 -0.00425076
37.82 -0.00465945
37.83 -0.00506513
37.84 -0.00546722
37.85 -0.0058654
37.86 -0.00625961
37.87 -0.00664999
37.88 -0.00703684
37.89 -0.00742058
37.9 -0.00780171
37.91 -0.00818011
37.92 -0.00855464
37.93 -0.00892393
37.94 -0.00928713
37.95 -0.00964386
37.96 -0.00999411
37.97 -0.0103382
37.98 -0.0106767
37.99 -0.0110103
38 -0.0113399
38.01 -0.0116654
38.02 -0.0119854
38.03 -0.0122983
38.04 -0.0126029
38.05 -0.0128988
38.06 -0.0131861
38.07 -0.0134652
38.08 -0.013737
38.09 -0.0140023
38.1 -0.0142624
38.11 -0.0145174
38.12 -0.0147656
38.13 -0.015005
38.14 -0.0152344
38.15 -0.0154535
38.16 -0.0156622
38.17 -0.0158612
38.18 -0.0160515
38.19 -0.0162342
38.2 -0.0164107
38.21 -0.0165813
38.22 -0.0167441
38.23 -0.0168971
38.24 -0.017039
38.25 -0.0171692
38.26 -0.0172881
38.27 -0.0173962
38.28 -0.0174946
38.29 -0.0175848
38.3 -0.0176681
38.31 -0.017745
38.32 -0.0178137
38.33 -0.0178719
38.34 -0.0179185
38.35 -0.0179529
38.36 -0.0179754
38.37 -0.0179867
38.38 -0.017988
38.39 -0.0179807
38.4 -0.0179664
38.41 -0.0179454
38.42 -0.0179162
38.43 -0.0178766
38.44 -0.0178253
38.45 -0.017762
38.46 -0.0176869
38.47 -0.0176009
38.48 -0.0175049
38.49 -0.0174005
38.5 -0.0172893
38.51 -0.0171717
38.52 -0.0170461
38.53 -0.0169107
38.54 -0.0167644
38.55 -0.0166069
38.56 -0.0164383
38.57 -0.0162595
38.58 -0.0160715
38.59 -0.0158757
38.6 -0.0156736
38.61 -0.0154657
38.62 -0.0152506
38.63 -0.0150269
38.64 -0.0147935
38.65 -0.0145502
38.66 -0.0142973
38.67 -0.0140354
38.68 -0.0137657
38.69 -0.0134891
38.7 -0.0132071
38.71 -0.0129201
38.72 -0.0126273
38.73 -0.0123272
38.74 -0.0120194
38.75 -0.0117036
38.76 -0.0113801
38.77 -0.0110495
38.78 -0.0107125
38.79 -0.0103702
38.8 -0.0100236
38.81 -0.00967318
38.82 -0.00931838
38.83 -0.00895841
38.84 -0.00859286
38.85 -0.00822169
38.86 -0.00784513
38.87 -0.00746363
38.88 -0.00707779
38.89 -0.00668831
38.9 -0.00629593
38.91 -0.00590109
38.92 -0.00550363
38.93 -0.00510324
38.94 -0.00469982
38.95 -0.00429343
38.96 -0.00388427
38.97 -0.00347262
38.98 -0.00305884
38.99 -0.00264333
39 -0.00222649
39.01 -0.00180866
39.02 -0.00139011
39.03 -0.000971044
39.04 -0.00055165
39.05 -0.000132101
39.06 0.000287456
39.07 0.000706904
39.08 0.00112615
39.09 0.00154514
39.1 0.00196382
39.11 0.00238195
39.12 0.00279887
39.13 0.00321387
39.14 0.00362647
39.15 0.0040364
39.16 0.00444358
39.17 0.00484805
39.18 0.00525001
39.19 0.00564973
39.2 0.00604753
39.21 0.00644326
39.22 0.00683592
39.23 0.00722432
39.24 0.00760772
39.25 0.00798578
39.26 0.00835846
39.27 0.00872601
39.28 0.00908886
39.29 0.00944761
39.3 0.00980293
39.31 0.0101548
39.32 0.0105019
39.33 0.0108426
39.34 0.011176
39.35 0.0115016
39.36 0.0118196
39.37 0.0121303
39.38 0.0124343
39.39 0.0127326
39.4 0.0130262
39.41 0.013315
39.42 0.0135977
39.43 0.0138722
39.44 0.0141375
39.45 0.0143931
39.46 0.0146391
39.47 0.014876
39.48 0.0151047
39.49 0.0153264
39.5 0.0155422
39.51 0.0157525
39.52 0.0159553
39.53 0.0161488
39.54 0.0163316
39.55 0.0165032
39.56 0.0166639
39.57 0.0168142
39.58 0.0169552
39.59 0.0170882
39.6 0.0172146
39.61 0.0173347
39.62 0.0174468
39.63 0.0175487
39.64 0.0176391
39.65 0.0177174
39.66 0.017784
39.67 0.0178396
39.68 0.0178852
39.69 0.0179223
39.7 0.0179524
39.71 0.0179759
39.72 0.0179912
39.73 0.0179959
39.74 0.017989
39.75 0.0179698
39.76 0.0179387
39.77 0.0178965
39.78 0.0178442
39.79 0.0177834
39.8 0.0177156
39.81 0.0176413
39.82 0.0175588
39.83 0.0174662
39.84 0.0173623
39.85 0.0172467
39.86 0.0171196
39.87 0.0169819
39.88 0.0168346
39.89 0.0166792
39.9 0.0165171
39.91 0.016349
39.92 0.0161733
39.93 0.0159883
39.94 0.0157931
39.95 0.0155872
39.96 0.0153711
39.97 0.0151453
39.98 0.014911
39.99 0.0146695
40 0.014422
40.01 0.0141691
40.02 0.0139097
40.03 0.0136425
40.04 0.0133665
40.05 0.0130816
40.06 0.0127881
40.07 0.0124866
40.08 0.012178
40.09 0.0118634
40.1 0.0115439
40.11 0.01122
40.12 0.0108911
40.13 0.010556
40.14 0.0102143
40.15 0.00986588
40.16 0.00951096
40.17 0.00915006
40.18 0.0087839
40.19 0.00841329
40.2 0.00803913
40.21 0.00766187
40.22 0.00728117
40.23 0.0068965
40.24 0.00650761
40.25 0.00611453
40.26 0.00571745
40.27 0.00531676
40.28 0.00491291
40.29 0.00450645
40.3 0.00409794
40.31 0.00368776
40.32 0.00327599
40.33 0.00286259
40.34 0.00244764
40.35 0.00203124
40.36 0.00161357
40.37 0.00119483
40.38 0.000775235
40.39 0.000354989
40.4 -6.57007e-005
40.41 -0.000486532
40.42 -0.000907028
40.43 -0.0013267
40.44 -0.00174521
40.45 -0.00216231
40.46 -0.0025779
40.47 -0.00299195
40.48 -0.00340453
40.49 -0.00381575
40.5 -0.00422578
40.51 -0.00463442
40.52 -0.00504082
40.53 -0.00544399
40.54 -0.00584332
40.55 -0.00623849
40.56 -0.00662944
40.57 -0.00701633
40.58 -0.00739949
40.59 -0.00777936
40.6 -0.00815647
40.61 -0.00853073
40.62 -0.00890095
40.63 -0.00926573
40.64 -0.00962421
40.65 -0.00997599
40.66 -0.0103211
40.67 -0.0106598
40.68 -0.0109927
40.69 -0.0113206
40.7 -0.0116443
40.71 -0.0119639
40.72 -0.0122779
40.73 -0.0125845
40.74 -0.0128826
40.75 -0.0131719
40.76 -0.0134524
40.77 -0.0137246
40.78 -0.0139892
40.79 -0.0142474
40.8 -0.0145001
40.81 -0.0147476
40.82 -0.0149883
40.83 -0.01522
40.84 -0.0154417
40.85 -0.0156528
40.86 -0.0158535
40.87 -0.0160443
40.88 -0.0162263
40.89 -0.0164006
40.9 -0.0165687
40.91 -0.0167307
40.92 -0.016885
40.93 -0.0170293
40.94 -0.0171625
40.95 -0.0172839
40.96 -0.0173939
40.97 -0.017493
40.98 -0.0175825
40.99 -0.0176636
41 -0.0177378
41.01 -0.0178056
41.02 -0.0178651
41.03 -0.0179142
41.04 -0.0179516
41.05 -0.0179768
41.06 -0.01799
41.07 -0.0179921
41.08 -0.0179841
41.09 -0.0179676
41.1 -0.017944
41.11 -0.0179138
41.12 -0.0178754
41.13 -0.0178265
41.14 -0.0177661
41.15 -0.0176937
41.16 -0.0176096
41.17 -0.0175145
41.18 -0.0174095
41.19 -0.0172962
41.2 -0.0171761
41.21 -0.0170496
41.22 -0.0169152
41.23 -0.0167711
41.24 -0.0166162
41.25 -0.0164501
41.26 -0.0162731
41.27 -0.016086
41.28 -0.0158898
41.29 -0.0156859
41.3 -0.0154757
41.31 -0.0152598
41.32 -0.0150368
41.33 -0.0148053
41.34 -0.0145642
41.35 -0.0143135
41.36 -0.0140533
41.37 -0.0137843
41.38 -0.0135075
41.39 -0.013224
41.4 -0.0129352
41.41 -0.0126415
41.42 -0.0123421
41.43 -0.0120357
41.44 -0.0117216
41.45 -0.0113998
41.46 -0.0110705
41.47 -0.0107342
41.48 -0.0103919
41.49 -0.0100443
41.5 -0.0096925
41.51 -0.00933704
41.52 -0.00897735
41.53 -0.0086127
41.54 -0.0082427
41.55 -0.00786731
41.56 -0.00748676
41.57 -0.0071015
41.58 -0.0067121
41.59 -0.00631924
41.6 -0.00592362
41.61 -0.00552567
41.62 -0.00512528
41.63 -0.00472218
41.64 -0.00431629
41.65 -0.0039077
41.66 -0.00349659
41.67 -0.00308324
41.68 -0.00266797
41.69 -0.00225116
41.7 -0.00183316
41.71 -0.00141433
41.72 -0.000994956
41.73 -0.000575293
41.74 -0.000155564
41.75 0.000264051
41.76 0.000683412
41.77 0.00110242
41.78 0.001521
41.79 0.00193914
41.8 0.00235681
41.81 0.00277379
41.82 0.00318938
41.83 0.00360282
41.84 0.00401361
41.85 0.00442147
41.86 0.00482631
41.87 0.00522822
41.88 0.00562741
41.89 0.00602416
41.9 0.00641885
41.91 0.00681134
41.92 0.00720057
41.93 0.00758535
41.94 0.0079649
41.95 0.00833886
41.96 0.00870721
41.97 0.00907021
41.98 0.00942832
41.99 0.00978216
42 0.0101324
42.01 0.0104791
42.02 0.0108209
42.03 0.0111561
42.04 0.0114838
42.05 0.0118036
42.06 0.0121154
42.07 0.0124198
42.08 0.0127174
42.09 0.0130091
42.1 0.0132959
42.11 0.013578
42.12 0.0138537
42.13 0.0141212
42.14 0.0143793
42.15 0.0146275
42.16 0.0148659
42.17 0.0150951
42.18 0.0153161
42.19 0.0155298
42.2 0.0157377
42.21 0.0159398
42.22 0.0161345
42.23 0.0163197
42.24 0.0164941
42.25 0.0166573
42.26 0.0168094
42.27 0.016951
42.28 0.0170833
42.29 0.0172075
42.3 0.017325
42.31 0.0174363
42.32 0.0175394
42.33 0.0176323
42.34 0.0177136
42.35 0.0177829
42.36 0.0178403
42.37 0.0178867
42.38 0.0179231
42.39 0.017951
42.4 0.0179719
42.41 0.0179862
42.42 0.0179921
42.43 0.0179877
42.44 0.0179714
42.45 0.0179431
42.46 0.0179028
42.47 0.0178513
42.48 0.0177899
42.49 0.01772
42.5 0.0176431
42.51 0.0175597
42.52 0.0174681
42.53 0.0173665
42.54 0.0172536
42.55 0.0171292
42.56 0.0169933
42.57 0.0168469
42.58 0.016691
42.59 0.016527
42.6 0.0163565
42.61 0.0161799
42.62 0.0159958
42.63 0.0158026
42.64 0.0155992
42.65 0.0153854
42.66 0.0151614
42.67 0.0149279
42.68 0.014686
42.69 0.0144369
42.7 0.014182
42.71 0.0139218
42.72 0.0136552
42.73 0.0133808
42.74 0.013098
42.75 0.0128064
42.76 0.0125064
42.77 0.0121985
42.78 0.0118837
42.79 0.011563
42.8 0.0112376
42.81 0.0109079
42.82 0.0105732
42.83 0.0102326
42.84 0.00988566
42.85 0.00953216
42.86 0.0091724
42.87 0.00880688
42.88 0.00843627
42.89 0.00806139
42.9 0.00768309
42.91 0.00730181
42.92 0.00691727
42.93 0.00652897
42.94 0.00613669
42.95 0.00574047
42.96 0.00534051
42.97 0.00493716
42.98 0.00453088
42.99 0.00412216
43 0.00371153
43.01 0.00329938
43.02 0.00288581
43.03 0.00247085
43.04 0.00205459
43.05 0.00163715
43.06 0.00121871
43.07 0.000799433
43.08 0.00037952
43.09 -4.0852e-005
43.1 -0.000461512
43.11 -0.000882169
43.12 -0.00130231
43.13 -0.0017214
43.14 -0.00213905
43.15 -0.00255505
43.16 -0.00296926
43.17 -0.0033817
43.18 -0.00379245
43.19 -0.00420165
43.2 -0.00460951
43.21 -0.00501583
43.22 -0.00541973
43.23 -0.0058202
43.24 -0.00621658
43.25 -0.00660854
43.26 -0.00699604
43.27 -0.00737926
43.28 -0.00775854
43.29 -0.00813436
43.3 -0.00850727
43.31 -0.00887721
43.32 -0.00924295
43.33 -0.00960305
43.34 -0.00995663
43.35 -0.0103033
43.36 -0.010643
43.37 -0.0109762
43.38 -0.0113034
43.39 -0.0116255
43.4 -0.0119432
43.41 -0.0122567
43.42 -0.0125644
43.43 -0.0128646
43.44 -0.0131562
43.45 -0.0134387
43.46 -0.0137122
43.47 -0.0139773
43.48 -0.0142347
43.49 -0.0144855
43.5 -0.0147308
43.51 -0.0149707
43.52 -0.0152037
43.53 -0.0154277
43.54 -0.0156415
43.55 -0.0158445
43.56 -0.0160371
43.57 -0.0162196
43.58 -0.0163932
43.59 -0.0165591
43.6 -0.0167186
43.61 -0.0168721
43.62 -0.0170177
43.63 -0.0171533
43.64 -0.0172777
43.65 -0.0173903
43.66 -0.0174913
43.67 -0.0175814
43.68 -0.0176618
43.69 -0.0177338
43.7 -0.0177989
43.71 -0.0178575
43.72 -0.0179079
43.73 -0.0179478
43.74 -0.0179759
43.75 -0.0179919
43.76 -0.0179959
43.77 -0.0179888
43.78 -0.0179716
43.79 -0.0179458
43.8 -0.0179129
43.81 -0.0178735
43.82 -0.0178259
43.83 -0.0177679
43.84 -0.0176983
43.85 -0.0176168
43.86 -0.0175236
43.87 -0.0174196
43.88 -0.0173057
43.89 -0.0171835
43.9 -0.0170545
43.91 -0.0169192
43.92 -0.0167761
43.93 -0.0166234
43.94 -0.0164599
43.95 -0.0162854
43.96 -0.0161001
43.97 -0.0159047
43.98 -0.0157004
43.99 -0.0154884
44 -0.0152703
44.01 -0.0150464
44.02 -0.0148157
44.03 -0.0145765
44.04 -0.0143279
44.05 -0.0140698
44.06 -0.0138025
44.07 -0.0135264
44.08 -0.0132427
44.09 -0.0129525
44.1 -0.0126571
44.11 -0.0123568
44.12 -0.0120509
44.13 -0.0117383
44.14 -0.0114182
44.15 -0.0110905
44.16 -0.0107556
44.17 -0.0104139
44.18 -0.0100662
44.19 -0.00971348
44.2 -0.00935672
44.21 -0.00899638
44.22 -0.00863199
44.23 -0.00826282
44.24 -0.00788854
44.25 -0.00750911
44.26 -0.00712477
44.27 -0.00673594
44.28 -0.00634317
44.29 -0.0059471
44.3 -0.00554843
44.31 -0.00514756
44.32 -0.00474443
44.33 -0.00433881
44.34 -0.00393066
44.35 -0.00352006
44.36 -0.0031072
44.37 -0.00269235
44.38 -0.00227579
44.39 -0.00185788
44.4 -0.00143894
44.41 -0.0010193
44.42 -0.000599305
44.43 -0.000179252
44.44 0.000240609
44.45 0.000660088
44.46 0.00107905
44.47 0.00149741
44.48 0.00191513
44.49 0.00233221
44.5 0.00274868
44.51 0.0031643
44.52 0.00357835
44.53 0.00399003
44.54 0.00439881
44.55 0.0048044
44.56 0.00520672
44.57 0.00560587
44.58 0.00600208
44.59 0.00639568
44.6 0.00678706
44.61 0.00717611
44.62 0.00756174
44.63 0.0079427
44.64 0.00831821
44.65 0.00868789
44.66 0.00905172
44.67 0.00940999
44.68 0.00976319
44.69 0.0101119
44.7 0.010457
44.71 0.0107984
44.72 0.0111346
44.73 0.0114642
44.74 0.011786
44.75 0.0120997
44.76 0.0124053
44.77 0.0127033
44.78 0.0129943
44.79 0.0132793
44.8 0.0135593
44.81 0.0138344
44.82 0.0141031
44.83 0.0143633
44.84 0.014614
44.85 0.0148547
44.86 0.0150855
44.87 0.015307
44.88 0.01552
44.89 0.0157257
44.9 0.0159254
44.91 0.0161194
44.92 0.0163059
44.93 0.0164827
44.94 0.0166487
44.95 0.0168033
44.96 0.0169468
44.97 0.0170797
44.98 0.0172031
44.99 0.0173184
45 0.0174271
45.01 0.0175294
45.02 0.0176235
45.03 0.0177073
45.04 0.0177796
45.05 0.0178397
45.06 0.017888
45.07 0.0179252
45.08 0.0179524
45.09 0.017971
45.1 0.0179826
45.11 0.0179877
45.12 0.0179844
45.13 0.0179706
45.14 0.0179452
45.15 0.0179076
45.16 0.0178582
45.17 0.0177976
45.18 0.017727
45.19 0.017648
45.2 0.017562
45.21 0.0174695
45.22 0.017369
45.23 0.0172584
45.24 0.0171367
45.25 0.0170034
45.26 0.0168589
45.27 0.0167038
45.28 0.0165394
45.29 0.0163669
45.3 0.016188
45.31 0.016003
45.32 0.0158106
45.33 0.0156093
45.34 0.0153978
45.35 0.0151761
45.36 0.0149443
45.37 0.0147032
45.38 0.0144538
45.39 0.0141973
45.4 0.0139351
45.41 0.0136677
45.42 0.013394
45.43 0.0131127
45.44 0.0128231
45.45 0.0125249
45.46 0.0122185
45.47 0.0119045
45.48 0.0115836
45.49 0.011257
45.5 0.0109258
45.51 0.0105904
45.52 0.0102502
45.53 0.00990434
45.54 0.00955224
45.55 0.00919385
45.56 0.00882942
45.57 0.00845944
45.58 0.00808458
45.59 0.0077056
45.6 0.00732334
45.61 0.00693824
45.62 0.00655003
45.63 0.00615829
45.64 0.00576281
45.65 0.00536365
45.66 0.00496099
45.67 0.00455518
45.68 0.00414665
45.69 0.00373586
45.7 0.00332332
45.71 0.00290939
45.72 0.00249423
45.73 0.00207791
45.74 0.00166054
45.75 0.00124226
45.76 0.000823239
45.77 0.000403634
45.78 -1.63903e-005
45.79 -0.000436683
45.8 -0.00085711
45.81 -0.00127739
45.82 -0.00169697
45.83 -0.00211526
45.84 -0.00253187
45.85 -0.00294655
45.86 -0.0033592
45.87 -0.00376982
45.88 -0.00417854
45.89 -0.00458552
45.9 -0.00499101
45.91 -0.00539482
45.92 -0.00579604
45.93 -0.0061936
45.94 -0.00658684
45.95 -0.00697541
45.96 -0.00735927
45.97 -0.00773863
45.98 -0.00811384
45.99 -0.00848543
46 -0.00885396
46.01 -0.00921939
46.02 -0.00958047
46.03 -0.00993572
46.04 -0.0102842
46.05 -0.0106256
46.06 -0.0109598
46.07 -0.0112873
46.08 -0.0116087
46.09 -0.0119247
46.1 -0.0122363
46.11 -0.0125435
46.12 -0.0128448
46.13 -0.0131384
46.14 -0.0134233
46.15 -0.013699
46.16 -0.0139654
46.17 -0.0142233
46.18 -0.0144733
46.19 -0.0147166
46.2 -0.0149543
46.21 -0.0151866
46.22 -0.0154118
46.23 -0.0156279
46.24 -0.0158337
46.25 -0.0160286
46.26 -0.0162129
46.27 -0.0163871
46.28 -0.0165522
46.29 -0.0167096
46.3 -0.0168605
46.31 -0.0170053
46.32 -0.0171422
46.33 -0.017269
46.34 -0.0173845
46.35 -0.0174882
46.36 -0.0175802
46.37 -0.0176613
46.38 -0.0177326
46.39 -0.0177954
46.4 -0.0178514
46.41 -0.0179008
46.42 -0.017942
46.43 -0.0179726
46.44 -0.0179916
46.45 -0.0179983
46.46 -0.0179931
46.47 -0.0179767
46.48 -0.0179503
46.49 -0.0179153
46.5 -0.0178732
46.51 -0.0178246
46.52 -0.0177677
46.53 -0.0177006
46.54 -0.0176219
46.55 -0.0175314
46.56 -0.0174293
46.57 -0.0173162
46.58 -0.0171935
46.59 -0.0170625
46.6 -0.0169247
46.61 -0.0167807
46.62 -0.0166289
46.63 -0.0164676
46.64 -0.0162956
46.65 -0.0161128
46.66 -0.0159192
46.67 -0.0157157
46.68 -0.0155034
46.69 -0.0152835
46.7 -0.0150575
46.71 -0.0148258
46.72 -0.0145874
46.73 -0.0143406
46.74 -0.0140847
46.75 -0.0138194
46.76 -0.013545
46.77 -0.013262
46.78 -0.0129716
46.79 -0.0126748
46.8 -0.0123728
46.81 -0.0120661
46.82 -0.011754
46.83 -0.0114352
46.84 -0.0111092
46.85 -0.0107758
46.86 -0.0104354
46.87 -0.0100884
46.88 -0.00973565
46.89 -0.009378
46.9 -0.00901641
46.91 -0.00865138
46.92 -0.00828245
46.93 -0.00790895
46.94 -0.00753057
46.95 -0.00714729
46.96 -0.00675934
46.97 -0.00636711
46.98 -0.00597116
46.99 -0.0055721
47 -0.00517056
47.01 -0.00476697
47.02 -0.00436128
47.03 -0.00395334
47.04 -0.00354312
47.05 -0.00313072
47.06 -0.00271632
47.07 -0.00230015
47.08 -0.00188252
47.09 -0.00146371
47.1 -0.00104402
47.11 -0.000623783
47.12 -0.000203371
47.13 0.000216867
47.14 0.000636655
47.15 0.00105579
47.16 0.00147415
47.17 0.00189166
47.18 0.00230831
47.19 0.00272413
47.2 0.00313919
47.21 0.00355326
47.22 0.00396558
47.23 0.0043753
47.24 0.00478187
47.25 0.00518499
47.26 0.00558459
47.27 0.00598079
47.28 0.00637383
47.29 0.00676409
47.3 0.00715199
47.31 0.00753741
47.32 0.00791925
47.33 0.00829621
47.34 0.00866749
47.35 0.00903271
47.36 0.00939187
47.37 0.00974524
47.38 0.0100933
47.39 0.0104368
47.4 0.0107765
47.41 0.0111124
47.42 0.011443
47.43 0.0117668
47.44 0.0120826
47.45 0.0123901
47.46 0.0126893
47.47 0.0129807
47.48 0.0132649
47.49 0.013543
47.5 0.013816
47.51 0.0140841
47.52 0.0143456
47.53 0.0145985
47.54 0.0148418
47.55 0.0150748
47.56 0.0152978
47.57 0.0155114
47.58 0.0157164
47.59 0.015914
47.6 0.0161055
47.61 0.0162912
47.62 0.0164693
47.63 0.0166378
47.64 0.0167952
47.65 0.0169412
47.66 0.0170759
47.67 0.0172
47.68 0.0173146
47.69 0.017421
47.7 0.0175207
47.71 0.0176139
47.72 0.017699
47.73 0.0177738
47.74 0.0178369
47.75 0.0178879
47.76 0.017927
47.77 0.017955
47.78 0.0179729
47.79 0.0179823
47.8 0.0179847
47.81 0.0179805
47.82 0.0179679
47.83 0.017945
47.84 0.0179103
47.85 0.0178635
47.86 0.0178049
47.87 0.0177352
47.88 0.0176556
47.89 0.0175674
47.9 0.0174724
47.91 0.0173709
47.92 0.0172614
47.93 0.0171419
47.94 0.0170114
47.95 0.0168694
47.96 0.0167162
47.97 0.0165526
47.98 0.0163797
47.99 0.0161989
48 0.0160116
48.01 0.0158183
48.02 0.0156178
48.03 0.0154083
48.04 0.015189
48.05 0.0149595
48.06 0.01472
48.07 0.0144714
48.08 0.0142146
48.09 0.0139509
48.1 0.0136815
48.11 0.013407
48.12 0.0131263
48.13 0.0128382
48.14 0.012542
48.15 0.0122374
48.16 0.0119248
48.17 0.0116047
48.18 0.0112779
48.19 0.0109456
48.2 0.0106087
48.21 0.0102678
48.22 0.0099223
48.23 0.00957123
48.24 0.00921417
48.25 0.00885107
48.26 0.00848215
48.27 0.0081079
48.28 0.00772896
48.29 0.00734607
48.3 0.00696003
48.31 0.00657129
48.32 0.00617961
48.33 0.00578461
48.34 0.00538613
48.35 0.00498421
48.36 0.00457906
48.37 0.00417099
48.38 0.0037604
48.39 0.00334775
48.4 0.00293349
48.41 0.002518
48.42 0.00210144
48.43 0.00168396
48.44 0.00126568
48.45 0.00084677
48.46 0.000427372
48.47 7.63978e-006
48.48 -0.000412292
48.49 -0.000832302
48.5 -0.00125229
48.51 -0.00167199
48.52 -0.0020908
48.53 -0.0025081
48.54 -0.00292347
48.55 -0.00333663
48.56 -0.00374751
48.57 -0.00415612
48.58 -0.0045626
48.59 -0.00496717
48.6 -0.00537009
48.61 -0.0057712
48.62 -0.00616954
48.63 -0.00656401
48.64 -0.00695391
48.65 -0.0073389
48.66 -0.00771894
48.67 -0.00809425
48.68 -0.00846522
48.69 -0.00883238
48.7 -0.00919636
48.71 -0.00955711
48.72 -0.00991335
48.73 -0.0102636
48.74 -0.0106068
48.75 -0.0109428
48.76 -0.0112713
48.77 -0.011593
48.78 -0.0119083
48.79 -0.0122181
48.8 -0.0125234
48.81 -0.0128242
48.82 -0.013119
48.83 -0.013406
48.84 -0.013684
48.85 -0.0139526
48.86 -0.0142118
48.87 -0.0144623
48.88 -0.0147049
48.89 -0.0149406
48.9 -0.0151706
48.91 -0.0153951
48.92 -0.0156125
48.93 -0.0158206
48.94 -0.0160182
48.95 -0.0162049
48.96 -0.0163808
48.97 -0.0165466
48.98 -0.0167032
48.99 -0.0168519
49 -0.0169942
49.01 -0.0171303
49.02 -0.0172584
49.03 -0.0173764
49.04 -0.0174829
49.05 -0.0175776
49.06 -0.0176606
49.07 -0.0177326
49.08 -0.0177948
49.09 -0.0178485
49.1 -0.0178952
49.11 -0.0179355
49.12 -0.0179674
49.13 -0.0179888
49.14 -0.0179985
49.15 -0.017996
49.16 -0.0179816
49.17 -0.017956
49.18 -0.0179203
49.19 -0.0178761
49.2 -0.0178248
49.21 -0.017767
49.22 -0.017701
49.23 -0.0176247
49.24 -0.017537
49.25 -0.0174375
49.26 -0.0173264
49.27 -0.0172045
49.28 -0.017073
49.29 -0.0169332
49.3 -0.0167867
49.31 -0.016634
49.32 -0.0164737
49.33 -0.0163038
49.34 -0.0161235
49.35 -0.0159323
49.36 -0.0157306
49.37 -0.0155191
49.38 -0.0152989
49.39 -0.0150711
49.4 -0.0148374
49.41 -0.014598
49.42 -0.014352
49.43 -0.0140979
49.44 -0.0138347
49.45 -0.0135623
49.46 -0.0132809
49.47 -0.0129912
49.48 -0.0126942
49.49 -0.0123909
49.5 -0.0120825
49.51 -0.0117696
49.52 -0.0114513
49.53 -0.0111266
49.54 -0.0107948
49.55 -0.0104559
49.56 -0.0101102
49.57 -0.00975809
49.58 -0.00940039
49.59 -0.00903796
49.6 -0.00867173
49.61 -0.00830217
49.62 -0.00792888
49.63 -0.00755124
49.64 -0.00716894
49.65 -0.006782
49.66 -0.00639062
49.67 -0.00599521
49.68 -0.00559627
49.69 -0.00519439
49.7 -0.00479019
49.71 -0.00438407
49.72 -0.00397604
49.73 -0.00356597
49.74 -0.00315388
49.75 -0.00273987
49.76 -0.00232412
49.77 -0.00190686
49.78 -0.00148834
49.79 -0.00106883
49.8 -0.000648604
49.81 -0.000227972
49.82 0.000192654
49.83 0.000612875
49.84 0.00103239
49.85 0.00145098
49.86 0.00186853
49.87 0.00228499
49.88 0.00270037
49.89 0.00311473
49.9 0.00352818
49.91 0.00394049
49.92 0.00435087
49.93 0.00475844
49.94 0.0051626
49.95 0.00556306
49.96 0.00595975
49.97 0.0063528
49.98 0.00674249
49.99 0.00712922
50 0.00751344
50.01 0.00789505
