0.01 -7.49731e-006
0.02 -4.3178e-005
0.03 -0.000129879
0.04 -0.000283564
0.05 -0.000513875
0.06 -0.00082487
0.07 -0.00121591
0.08 -0.00168257
0.09 -0.00221762
0.1 -0.00281188
0.11 -0.00345414
0.12 -0.00413121
0.13 -0.00482982
0.14 -0.00553819
0.15 -0.00624636
0.16 -0.00694626
0.17 -0.0076318
0.18 -0.00829875
0.19 -0.0089446
0.2 -0.00956833
0.21 -0.0101685
0.22 -0.0107417
0.23 -0.0112847
0.24 -0.0117964
0.25 -0.0122775
0.26 -0.0127299
0.27 -0.0131567
0.28 -0.0135616
0.29 -0.0139485
0.3 -0.0143216
0.31 -0.0146827
0.32 -0.015029
0.33 -0.0153569
0.34 -0.0156643
0.35 -0.0159504
0.36 -0.0162157
0.37 -0.0164616
0.38 -0.0166902
0.39 -0.0169039
0.4 -0.0171056
0.41 -0.0172954
0.42 -0.0174688
0.43 -0.0176204
0.44 -0.0177468
0.45 -0.0178466
0.46 -0.0179198
0.47 -0.0179678
0.48 -0.017993
0.49 -0.0179984
0.5 -0.0179873
0.51 -0.0179607
0.52 -0.0179148
0.53 -0.017845
0.54 -0.0177487
0.55 -0.017625
0.56 -0.0174746
0.57 -0.0172993
0.58 -0.0171019
0.59 -0.0168856
0.6 -0.0166539
0.61 -0.0164081
0.62 -0.0161455
0.63 -0.0158623
0.64 -0.0155564
0.65 -0.0152274
0.66 -0.0148759
0.67 -0.0145036
0.68 -0.0141127
0.69 -0.0137062
0.7 -0.0132871
0.71 -0.0128566
0.72 -0.0124132
0.73 -0.0119543
0.74 -0.0114787
0.75 -0.0109862
0.76 -0.0104775
0.77 -0.00995403
0.78 -0.00941747
0.79 -0.00886995
0.8 -0.00831368
0.81 -0.00775001
0.82 -0.0071786
0.83 -0.00659868
0.84 -0.00601005
0.85 -0.00541295
0.86 -0.00480802
0.87 -0.00419612
0.88 -0.0035783
0.89 -0.00295571
0.9 -0.00232948
0.91 -0.00170077
0.92 -0.00107065
0.93 -0.000440117
0.94 0.000190018
0.95 0.000819118
0.96 0.00144672
0.97 0.00207251
0.98 0.00269635
0.99 0.00331819
1 0.00393812
1.01 0.00455534
1.02 0.00516747
1.03 0.0057719
1.04 0.00636689
1.05 0.00695151
1.06 0.00752549
1.07 0.00808914
1.08 0.00864322
1.09 0.00918879
1.1 0.00972715
1.11 0.0102579
1.12 0.0107778
1.13 0.0112827
1.14 0.0117704
1.15 0.0122395
1.16 0.0126902
1.17 0.0131233
1.18 0.0135403
1.19 0.0139434
1.2 0.0143348
1.21 0.0147147
1.22 0.0150791
1.23 0.0154233
1.24 0.0157443
1.25 0.0160411
1.26 0.0163137
1.27 0.0165636
1.28 0.016793
1.29 0.0170046
1.3 0.0172015
1.31 0.0173844
1.32 0.0175491
1.33 0.0176907
1.34 0.0178061
1.35 0.0178944
1.36 0.0179559
1.37 0.0179923
1.38 0.0180061
1.39 0.0180005
1.4 0.017979
1.41 0.0179427
1.42 0.0178877
1.43 0.0178094
1.44 0.0177053
1.45 0.0175744
1.46 0.0174172
1.47 0.0172357
1.48 0.0170323
1.49 0.0168102
1.5 0.0165729
1.51 0.0163217
1.52 0.0160538
1.53 0.0157652
1.54 0.0154541
1.55 0.0151199
1.56 0.0147632
1.57 0.0143858
1.58 0.0139899
1.59 0.0135783
1.6 0.013154
1.61 0.0127185
1.62 0.0122701
1.63 0.0118063
1.64 0.011326
1.65 0.0108291
1.66 0.0103162
1.67 0.00978869
1.68 0.00924835
1.69 0.00869723
1.7 0.00813753
1.71 0.00757059
1.72 0.00699613
1.73 0.00641343
1.74 0.00582231
1.75 0.00522304
1.76 0.00461623
1.77 0.00400274
1.78 0.00338358
1.79 0.00275987
1.8 0.0021327
1.81 0.0015032
1.82 0.000872504
1.83 0.000241653
1.84 -0.000388513
1.85 -0.00101735
1.86 -0.00164439
1.87 -0.00226935
1.88 -0.00289211
1.89 -0.00351267
1.9 -0.00413115
1.91 -0.00474675
1.92 -0.00535708
1.93 -0.00595947
1.94 -0.00655215
1.95 -0.00713417
1.96 -0.00770528
1.97 -0.00826582
1.98 -0.00881655
1.99 -0.00935859
2 -0.00989326
2.01 -0.0104202
2.02 -0.010936
2.03 -0.0114368
2.04 -0.01192
2.05 -0.0123845
2.06 -0.0128304
2.07 -0.0132584
2.08 -0.0136702
2.09 -0.0140679
2.1 -0.0144538
2.11 -0.0148281
2.12 -0.0151868
2.13 -0.0155251
2.14 -0.0158402
2.15 -0.0161308
2.16 -0.0163972
2.17 -0.0166407
2.18 -0.0168636
2.19 -0.0170686
2.2 -0.0172589
2.21 -0.0174351
2.22 -0.0175931
2.23 -0.0177278
2.24 -0.0178365
2.25 -0.0179179
2.26 -0.0179725
2.27 -0.0180019
2.28 -0.0180088
2.29 -0.0179963
2.3 -0.0179679
2.31 -0.0179245
2.32 -0.0178626
2.33 -0.0177775
2.34 -0.0176665
2.35 -0.0175288
2.36 -0.017365
2.37 -0.0171768
2.38 -0.0169669
2.39 -0.0167383
2.4 -0.0164946
2.41 -0.016237
2.42 -0.0159627
2.43 -0.015668
2.44 -0.0153509
2.45 -0.0150108
2.46 -0.0146485
2.47 -0.0142655
2.48 -0.0138642
2.49 -0.0134474
2.5 -0.013018
2.51 -0.0125774
2.52 -0.0121241
2.53 -0.0116556
2.54 -0.0111709
2.55 -0.0106697
2.56 -0.0101529
2.57 -0.0096216
2.58 -0.00907771
2.59 -0.00852322
2.6 -0.0079603
2.61 -0.00739029
2.62 -0.00681294
2.63 -0.0062276
2.64 -0.00563412
2.65 -0.00503277
2.66 -0.00442417
2.67 -0.00380915
2.68 -0.00318871
2.69 -0.00256392
2.7 -0.00193585
2.71 -0.00130561
2.72 -0.000674376
2.73 -4.32479e-005
2.74 0.000586905
2.75 0.00121542
2.76 0.00184185
2.77 0.00246593
2.78 0.00308756
2.79 0.00370678
2.8 0.00432373
2.81 0.00493766
2.82 0.00554611
2.83 0.00614637
2.84 0.00673666
2.85 0.00731602
2.86 0.00788419
2.87 0.00844154
2.88 0.00898886
2.89 0.00952729
2.9 0.0100582
2.91 0.0105812
2.92 0.011093
2.93 0.0115895
2.94 0.0120682
2.95 0.0125281
2.96 0.012969
2.97 0.0133919
2.98 0.0137984
2.99 0.0141907
3 0.014571
3.01 0.0149397
3.02 0.0152926
3.03 0.015625
3.04 0.0159341
3.05 0.0162185
3.06 0.0164786
3.07 0.0167157
3.08 0.0169321
3.09 0.0171306
3.1 0.0173142
3.11 0.0174837
3.12 0.0176349
3.13 0.0177629
3.14 0.0178647
3.15 0.0179392
3.16 0.0179869
3.17 0.0180094
3.18 0.0180094
3.19 0.0179899
3.2 0.0179545
3.21 0.0179042
3.22 0.0178354
3.23 0.0177434
3.24 0.0176256
3.25 0.0174811
3.26 0.0173106
3.27 0.0171159
3.28 0.0168994
3.29 0.0166643
3.3 0.0164142
3.31 0.0161503
3.32 0.0158697
3.33 0.0155689
3.34 0.0152458
3.35 0.0148999
3.36 0.0145319
3.37 0.0141435
3.38 0.0137369
3.39 0.0133148
3.4 0.0128803
3.41 0.0124348
3.42 0.0119766
3.43 0.0115035
3.44 0.0110144
3.45 0.0105091
3.46 0.00998831
3.47 0.00945336
3.48 0.00890598
3.49 0.00834819
3.5 0.00778213
3.51 0.00720911
3.52 0.00662894
3.53 0.00604102
3.54 0.00544524
3.55 0.00484189
3.56 0.00423156
3.57 0.00361509
3.58 0.00299345
3.59 0.00236765
3.6 0.00173875
3.61 0.00110784
3.62 0.00047615
3.63 -0.00015518
3.64 -0.000785244
3.65 -0.00141337
3.66 -0.00203912
3.67 -0.00266223
3.68 -0.00328265
3.69 -0.00390044
3.7 -0.0045158
3.71 -0.00512797
3.72 -0.00573447
3.73 -0.00633254
3.74 -0.00692036
3.75 -0.00749697
3.76 -0.00806214
3.77 -0.00861622
3.78 -0.00916006
3.79 -0.00969482
3.8 -0.0102219
3.81 -0.010741
3.82 -0.0112486
3.83 -0.0117408
3.84 -0.012215
3.85 -0.01267
3.86 -0.013106
3.87 -0.0135237
3.88 -0.0139249
3.89 -0.0143117
3.9 -0.0146865
3.91 -0.0150495
3.92 -0.0153966
3.93 -0.0157231
3.94 -0.0160261
3.95 -0.0163043
3.96 -0.0165581
3.97 -0.0167888
3.98 -0.0169986
3.99 -0.0171905
4 -0.0173674
4.01 -0.0175302
4.02 -0.0176746
4.03 -0.0177958
4.04 -0.0178907
4.05 -0.0179584
4.06 -0.0179992
4.07 -0.0180148
4.08 -0.0180078
4.09 -0.0179813
4.1 -0.017939
4.11 -0.0178818
4.12 -0.017806
4.13 -0.0177071
4.14 -0.0175825
4.15 -0.0174313
4.16 -0.0172542
4.17 -0.0170528
4.18 -0.0168298
4.19 -0.0165884
4.2 -0.0163318
4.21 -0.0160616
4.22 -0.0157748
4.23 -0.0154679
4.24 -0.0151389
4.25 -0.0147872
4.26 -0.0144137
4.27 -0.0140198
4.28 -0.0136079
4.29 -0.0131807
4.3 -0.0127411
4.31 -0.0122907
4.32 -0.0118277
4.33 -0.0113501
4.34 -0.0108566
4.35 -0.0103472
4.36 -0.00982254
4.37 -0.00928397
4.38 -0.00873318
4.39 -0.00817216
4.4 -0.00760301
4.41 -0.00702705
4.42 -0.00644414
4.43 -0.00585372
4.44 -0.00525572
4.45 -0.00465043
4.46 -0.00403846
4.47 -0.00342061
4.48 -0.00279783
4.49 -0.00217112
4.5 -0.00154146
4.51 -0.000909965
4.52 -0.000277891
4.53 0.000353563
4.54 0.000983461
4.55 0.00161112
4.56 0.0022361
4.57 0.00285818
4.58 0.00347731
4.59 0.00409361
4.6 0.0047073
4.61 0.00531764
4.62 0.00592211
4.63 0.00651791
4.64 0.0071032
4.65 0.00767701
4.66 0.0082391
4.67 0.00878986
4.68 0.00933014
4.69 0.00986117
4.7 0.0103844
4.71 0.0108994
4.72 0.0114029
4.73 0.0118906
4.74 0.0123602
4.75 0.0128105
4.76 0.0132414
4.77 0.013654
4.78 0.0140498
4.79 0.0144311
4.8 0.0148002
4.81 0.0151574
4.82 0.0154987
4.83 0.0158192
4.84 0.0161161
4.85 0.0163881
4.86 0.0166355
4.87 0.0168598
4.88 0.0170631
4.89 0.0172483
4.9 0.0174185
4.91 0.0175745
4.92 0.0177122
4.93 0.0178265
4.94 0.0179146
4.95 0.0179754
4.96 0.0180092
4.97 0.0180179
4.98 0.018004
4.99 0.0179706
5 0.0179213
5.01 0.0178571
5.02 0.0177745
5.03 0.0176687
5.04 0.0175373
5.05 0.0173794
5.06 0.0171957
5.07 0.0169877
5.08 0.0167583
5.09 0.0165104
5.1 0.0162475
5.11 0.015971
5.12 0.015678
5.13 0.015365
5.14 0.0150301
5.15 0.0146727
5.16 0.0142936
5.17 0.0138943
5.18 0.0134772
5.19 0.0130449
5.2 0.0126004
5.21 0.0121451
5.22 0.0116774
5.23 0.0111952
5.24 0.0106974
5.25 0.010184
5.26 0.00965559
5.27 0.00911345
5.28 0.00855932
5.29 0.00799513
5.3 0.00742296
5.31 0.00684414
5.32 0.00625855
5.33 0.0056657
5.34 0.00506554
5.35 0.00445839
5.36 0.00384485
5.37 0.0032257
5.38 0.00260186
5.39 0.0019743
5.4 0.00134397
5.41 0.000711954
5.42 7.95724e-005
5.43 -0.00055193
5.44 -0.00118159
5.45 -0.0018087
5.46 -0.00243285
5.47 -0.00305381
5.48 -0.00367159
5.49 -0.00428631
5.5 -0.00489825
5.51 -0.00550669
5.52 -0.00610906
5.53 -0.00670252
5.54 -0.0072852
5.55 -0.00785613
5.56 -0.00841507
5.57 -0.00896244
5.58 -0.00949911
5.59 -0.0100263
5.6 -0.0105456
5.61 -0.0110565
5.62 -0.0115557
5.63 -0.0120391
5.64 -0.012504
5.65 -0.0129494
5.66 -0.0133753
5.67 -0.0137826
5.68 -0.0141729
5.69 -0.0145486
5.7 -0.0149121
5.71 -0.0152635
5.72 -0.0155989
5.73 -0.0159135
5.74 -0.0162042
5.75 -0.0164699
5.76 -0.016711
5.77 -0.0169287
5.78 -0.0171254
5.79 -0.017304
5.8 -0.0174675
5.81 -0.0176167
5.82 -0.0177476
5.83 -0.0178551
5.84 -0.0179363
5.85 -0.0179902
5.86 -0.0180171
5.87 -0.0180189
5.88 -0.017998
5.89 -0.0179577
5.9 -0.0179014
5.91 -0.0178303
5.92 -0.0177408
5.93 -0.0176282
5.94 -0.01749
5.95 -0.0173254
5.96 -0.017135
5.97 -0.0169206
5.98 -0.0166847
5.99 -0.0164304
6 -0.0161612
6.01 -0.0158784
6.02 -0.0155793
6.03 -0.0152603
6.04 -0.0149195
6.05 -0.0145565
6.06 -0.0141719
6.07 -0.0137673
6.08 -0.0133449
6.09 -0.0129076
6.1 -0.0124582
6.11 -0.011998
6.12 -0.0115257
6.13 -0.011039
6.14 -0.010537
6.15 -0.0100196
6.16 -0.00948746
6.17 -0.00894183
6.18 -0.00838441
6.19 -0.00781713
6.2 -0.00724202
6.21 -0.0066604
6.22 -0.0060722
6.23 -0.005477
6.24 -0.00487476
6.25 -0.00426583
6.26 -0.00365079
6.27 -0.00303042
6.28 -0.0024056
6.29 -0.00177726
6.3 -0.00114633
6.31 -0.000513879
6.32 0.000118735
6.33 0.000750209
6.34 0.00137955
6.35 0.00200605
6.36 0.00262928
6.37 0.00324905
6.38 0.00386539
6.39 0.00447847
6.4 0.00508859
6.41 0.00569505
6.42 0.00629525
6.43 0.0068863
6.44 0.0074663
6.45 0.00803428
6.46 0.00859001
6.47 0.00913391
6.48 0.00966691
6.49 0.0101903
6.5 0.0107055
6.51 0.0112123
6.52 0.0117072
6.53 0.012186
6.54 0.0126463
6.55 0.0130867
6.56 0.0135075
6.57 0.0139094
6.58 0.0142944
6.59 0.0146644
6.6 0.0150222
6.61 0.0153678
6.62 0.0156973
6.63 0.0160057
6.64 0.0162903
6.65 0.0165498
6.66 0.0167844
6.67 0.0169956
6.68 0.0171857
6.69 0.0173576
6.7 0.0175144
6.71 0.0176568
6.72 0.0177809
6.73 0.0178815
6.74 0.0179558
6.75 0.0180028
6.76 0.0180228
6.77 0.0180176
6.78 0.0179898
6.79 0.0179426
6.8 0.0178794
6.81 0.0178014
6.82 0.0177049
6.83 0.0175855
6.84 0.0174406
6.85 0.0172693
6.86 0.0170723
6.87 0.0168514
6.88 0.016609
6.89 0.0163484
6.9 0.0160729
6.91 0.0157839
6.92 0.0154787
6.93 0.0151537
6.94 0.0148071
6.95 0.0144385
6.96 0.0140484
6.97 0.0136385
6.98 0.013211
6.99 0.0127687
7 0.0123144
7.01 0.0118495
7.02 0.0113725
7.03 0.0108815
7.04 0.0103753
7.05 0.00985399
7.06 0.00931818
7.07 0.00876913
7.08 0.00820849
7.09 0.00763818
7.1 0.0070602
7.11 0.00647585
7.12 0.00588512
7.13 0.00528763
7.14 0.00468339
7.15 0.00407275
7.16 0.00345628
7.17 0.00283476
7.18 0.00220903
7.19 0.00158
7.2 0.000948543
7.21 0.000315735
7.22 -0.000317034
7.23 -0.000948404
7.24 -0.00157735
7.25 -0.00220316
7.26 -0.0028254
7.27 -0.00344391
7.28 -0.00405874
7.29 -0.0046701
7.3 -0.00527833
7.31 -0.00588274
7.32 -0.00648069
7.33 -0.00706926
7.34 -0.00764652
7.35 -0.00821148
7.36 -0.00876393
7.37 -0.00930431
7.38 -0.00983356
7.39 -0.010353
7.4 -0.0108641
7.41 -0.0113667
7.42 -0.0118572
7.43 -0.0123315
7.44 -0.012787
7.45 -0.0132225
7.46 -0.013638
7.47 -0.0140347
7.48 -0.0144141
7.49 -0.0147785
7.5 -0.0151305
7.51 -0.0154702
7.52 -0.0157937
7.53 -0.0160961
7.54 -0.0163745
7.55 -0.0166276
7.56 -0.0168558
7.57 -0.0170605
7.58 -0.017244
7.59 -0.0174091
7.6 -0.0175591
7.61 -0.0176948
7.62 -0.017812
7.63 -0.0179058
7.64 -0.0179732
7.65 -0.0180132
7.66 -0.0180264
7.67 -0.0180143
7.68 -0.0179795
7.69 -0.0179253
7.7 -0.0178552
7.71 -0.0177703
7.72 -0.0176669
7.73 -0.0175407
7.74 -0.017389
7.75 -0.0172111
7.76 -0.0170076
7.77 -0.0167801
7.78 -0.0165314
7.79 -0.0162645
7.8 -0.0159827
7.81 -0.0156875
7.82 -0.0153762
7.83 -0.0150453
7.84 -0.0146929
7.85 -0.0143187
7.86 -0.0139232
7.87 -0.013508
7.88 -0.0130755
7.89 -0.0126283
7.9 -0.0121691
7.91 -0.0116995
7.92 -0.011218
7.93 -0.0107226
7.94 -0.0102124
7.95 -0.00968719
7.96 -0.00914777
7.97 -0.00859536
7.98 -0.00803158
7.99 -0.00745831
8 -0.00687752
8.01 -0.00629052
8.02 -0.00569733
8.03 -0.00509762
8.04 -0.00449145
8.05 -0.00387916
8.06 -0.00326135
8.07 -0.00263875
8.08 -0.00201219
8.09 -0.00138254
8.1 -0.000750638
8.11 -0.000117548
8.12 0.000515297
8.13 0.00114649
8.14 0.00177496
8.15 0.00239999
8.16 0.00302117
8.17 0.00363835
8.18 0.00425159
8.19 0.00486115
8.2 0.00546742
8.21 0.0060697
8.22 0.00666534
8.23 0.00725135
8.24 0.0078258
8.25 0.00838767
8.26 0.00893677
8.27 0.00947356
8.28 0.00999901
8.29 0.0105144
8.3 0.0110214
8.31 0.0115198
8.32 0.0120059
8.33 0.0124755
8.34 0.0129262
8.35 0.0133566
8.36 0.013767
8.37 0.0141582
8.38 0.014532
8.39 0.0148907
8.4 0.0152369
8.41 0.0155707
8.42 0.0158882
8.43 0.0161845
8.44 0.0164566
8.45 0.0167034
8.46 0.0169251
8.47 0.0171233
8.48 0.0173001
8.49 0.0174585
8.5 0.0176018
8.51 0.0177306
8.52 0.0178409
8.53 0.0179278
8.54 0.0179884
8.55 0.0180215
8.56 0.0180277
8.57 0.0180087
8.58 0.017967
8.59 0.0179059
8.6 0.0178289
8.61 0.017737
8.62 0.0176268
8.63 0.0174938
8.64 0.0173354
8.65 0.0171508
8.66 0.0169407
8.67 0.0167069
8.68 0.0164518
8.69 0.0161785
8.7 0.0158906
8.71 0.0155892
8.72 0.0152719
8.73 0.0149351
8.74 0.014577
8.75 0.0141972
8.76 0.0137963
8.77 0.013376
8.78 0.0129384
8.79 0.0124863
8.8 0.0120224
8.81 0.0115481
8.82 0.0110621
8.83 0.0105624
8.84 0.0100482
8.85 0.0095192
8.86 0.00897626
8.87 0.00842055
8.88 0.0078537
8.89 0.00727754
8.9 0.00669401
8.91 0.00610442
8.92 0.00550884
8.93 0.00490699
8.94 0.00429896
8.95 0.00368511
8.96 0.00306603
8.97 0.00244243
8.98 0.00181511
8.99 0.00118492
9 0.000552646
9.01 -8.06506e-005
9.02 -0.000713495
9.03 -0.00134443
9.04 -0.00197235
9.05 -0.00259654
9.06 -0.00321658
9.07 -0.00383234
9.08 -0.00444393
9.09 -0.00505162
9.1 -0.00565585
9.11 -0.00625594
9.12 -0.00684919
9.13 -0.00743257
9.14 -0.00800413
9.15 -0.00856285
9.16 -0.00910854
9.17 -0.00964168
9.18 -0.0101633
9.19 -0.0106746
9.2 -0.0111774
9.21 -0.0116714
9.22 -0.012153
9.23 -0.012618
9.24 -0.0130638
9.25 -0.0134892
9.26 -0.0138942
9.27 -0.01428
9.28 -0.0146482
9.29 -0.0150012
9.3 -0.0153415
9.31 -0.0156694
9.32 -0.0159808
9.33 -0.0162709
9.34 -0.0165368
9.35 -0.0167772
9.36 -0.0169924
9.37 -0.017184
9.38 -0.0173541
9.39 -0.0175058
9.4 -0.0176423
9.41 -0.0177642
9.42 -0.0178677
9.43 -0.0179477
9.44 -0.0180014
9.45 -0.0180276
9.46 -0.0180269
9.47 -0.0180009
9.48 -0.0179523
9.49 -0.0178843
9.5 -0.0178003
9.51 -0.0177016
9.52 -0.0175846
9.53 -0.0174447
9.54 -0.0172796
9.55 -0.0170885
9.56 -0.0168719
9.57 -0.0166316
9.58 -0.0163701
9.59 -0.0160907
9.6 -0.0157965
9.61 -0.0154891
9.62 -0.0151657
9.63 -0.014823
9.64 -0.0144593
9.65 -0.0140739
9.66 -0.0136678
9.67 -0.0132423
9.68 -0.0127998
9.69 -0.0123428
9.7 -0.0118742
9.71 -0.0113953
9.72 -0.0109049
9.73 -0.010401
9.74 -0.00988275
9.75 -0.00935007
9.76 -0.00880366
9.77 -0.00824473
9.78 -0.00767487
9.79 -0.00709589
9.8 -0.0065097
9.81 -0.00591759
9.82 -0.00531969
9.83 -0.00471578
9.84 -0.00410596
9.85 -0.00349063
9.86 -0.00287034
9.87 -0.00224582
9.88 -0.00161782
9.89 -0.000987157
9.9 -0.000354593
9.91 0.000278835
9.92 0.000911605
9.93 0.0015422
9.94 0.0021695
9.95 0.00279277
9.96 0.0034116
9.97 0.00402587
9.98 0.00463572
9.99 0.00524148
10 0.00584359
10.01 0.00644141
10.02 0.0070322
10.03 0.00761288
10.04 0.00818149
10.05 0.00873699
10.06 0.00927919
10.07 0.00980861
10.08 0.0103263
10.09 0.0108335
10.1 0.0113321
10.11 0.0118217
10.12 0.0122987
10.13 0.012759
10.14 0.0131998
10.15 0.0136201
10.16 0.0140198
10.17 0.0144001
10.18 0.0147626
10.19 0.0151098
10.2 0.0154442
10.21 0.0157661
10.22 0.0160715
10.23 0.0163554
10.24 0.016615
10.25 0.0168489
10.26 0.0170577
10.27 0.0172426
10.28 0.017406
10.29 0.0175509
10.3 0.0176806
10.31 0.0177958
10.32 0.0178924
10.33 0.0179655
10.34 0.0180122
10.35 0.0180315
10.36 0.0180238
10.37 0.0179909
10.38 0.0179354
10.39 0.0178605
10.4 0.0177697
10.41 0.0176641
10.42 0.0175402
10.43 0.0173936
10.44 0.0172218
10.45 0.0170241
10.46 0.016801
10.47 0.0165543
10.48 0.0162865
10.49 0.0160008
10.5 0.0157006
10.51 0.015387
10.52 0.0150577
10.53 0.0147092
10.54 0.0143398
10.55 0.013949
10.56 0.0135376
10.57 0.013107
10.58 0.0126596
10.59 0.0121978
10.6 0.0117246
10.61 0.0112411
10.62 0.0107464
10.63 0.0102383
10.64 0.00971614
10.65 0.00917981
10.66 0.00863
10.67 0.00806791
10.68 0.00749511
10.69 0.00691337
10.7 0.00632459
10.71 0.00573004
10.72 0.00512989
10.73 0.00452398
10.74 0.00391245
10.75 0.0032957
10.76 0.00267429
10.77 0.00204891
10.78 0.00142031
10.79 0.000789254
10.8 0.000156473
10.81 -0.000477008
10.82 -0.00110963
10.83 -0.00173981
10.84 -0.00236641
10.85 -0.00298868
10.86 -0.00360622
10.87 -0.00421893
10.88 -0.00482697
10.89 -0.00543071
10.9 -0.00603064
10.91 -0.00662611
10.92 -0.00721436
10.93 -0.00779229
10.94 -0.00835786
10.95 -0.00891007
10.96 -0.00944873
10.97 -0.00997436
10.98 -0.010488
10.99 -0.0109911
11 -0.0114853
11.01 -0.0119705
11.02 -0.0124429
11.03 -0.0128984
11.04 -0.0133342
11.05 -0.0137493
11.06 -0.0141437
11.07 -0.0145184
11.08 -0.0148752
11.09 -0.0152166
11.1 -0.0155451
11.11 -0.015861
11.12 -0.0161602
11.13 -0.0164379
11.14 -0.0166911
11.15 -0.0169187
11.16 -0.0171208
11.17 -0.0172991
11.18 -0.0174559
11.19 -0.017594
11.2 -0.0177168
11.21 -0.0178251
11.22 -0.0179148
11.23 -0.017981
11.24 -0.0180208
11.25 -0.0180332
11.26 -0.0180186
11.27 -0.0179788
11.28 -0.0179164
11.29 -0.0178346
11.3 -0.0177368
11.31 -0.0176244
11.32 -0.0174937
11.33 -0.0173403
11.34 -0.0171619
11.35 -0.0169576
11.36 -0.016728
11.37 -0.016475
11.38 -0.016201
11.39 -0.0159091
11.4 -0.0156027
11.41 -0.0152831
11.42 -0.0149478
11.43 -0.0145936
11.44 -0.0142186
11.45 -0.0138224
11.46 -0.0134057
11.47 -0.0129702
11.48 -0.0125179
11.49 -0.0120514
11.5 -0.0115735
11.51 -0.0110856
11.52 -0.0105865
11.53 -0.0100744
11.54 -0.00954835
11.55 -0.00900843
11.56 -0.00845528
11.57 -0.0078901
11.58 -0.00731443
11.59 -0.00673002
11.6 -0.00613871
11.61 -0.00554179
11.62 -0.00493947
11.63 -0.00433164
11.64 -0.00371847
11.65 -0.00310038
11.66 -0.00247792
11.67 -0.00185177
11.68 -0.00122265
11.69 -0.00059128
11.7 4.16416e-005
11.71 0.000675098
11.72 0.00130749
11.73 0.00193718
11.74 0.00256301
11.75 0.00318421
11.76 0.00380038
11.77 0.00441145
11.78 0.00501762
11.79 0.00561927
11.8 0.00621694
11.81 0.00680999
11.82 0.00739564
11.83 0.00797073
11.84 0.00853322
11.85 0.00908207
11.86 0.00961712
11.87 0.0101389
11.88 0.0106485
11.89 0.0111473
11.9 0.0116372
11.91 0.0121178
11.92 0.0125856
11.93 0.0130362
11.94 0.013467
11.95 0.0138769
11.96 0.0142658
11.97 0.014635
11.98 0.0149861
11.99 0.0153216
12 0.015644
12.01 0.0159539
12.02 0.016247
12.03 0.0165184
12.04 0.0167653
12.05 0.0169863
12.06 0.0171819
12.07 0.0173536
12.08 0.0175036
12.09 0.0176349
12.1 0.0177509
12.11 0.0178523
12.12 0.0179351
12.13 0.0179944
12.14 0.0180273
12.15 0.0180327
12.16 0.0180112
12.17 0.0179645
12.18 0.0178952
12.19 0.0178065
12.2 0.0177019
12.21 0.0175825
12.22 0.017445
12.23 0.0172849
12.24 0.0170999
12.25 0.016889
12.26 0.016653
12.27 0.0163936
12.28 0.0161134
12.29 0.0158154
12.3 0.0155029
12.31 0.0151773
12.32 0.0148361
12.33 0.0144762
12.34 0.0140956
12.35 0.0136941
12.36 0.0132723
12.37 0.0128317
12.38 0.0123746
12.39 0.0119035
12.4 0.0114211
12.41 0.0109288
12.42 0.0104254
12.43 0.00990922
12.44 0.0093794
12.45 0.00883596
12.46 0.00827955
12.47 0.00771135
12.48 0.00713287
12.49 0.00654585
12.5 0.0059521
12.51 0.00535288
12.52 0.00474846
12.53 0.00413878
12.54 0.00352405
12.55 0.00290469
12.56 0.00228126
12.57 0.00165442
12.58 0.00102484
12.59 0.000393232
12.6 -0.000239753
12.61 -0.00087311
12.62 -0.00150519
12.63 -0.00213433
12.64 -0.00275931
12.65 -0.00337936
12.66 -0.00399409
12.67 -0.00460345
12.68 -0.00520767
12.69 -0.00580716
12.7 -0.0064025
12.71 -0.00699307
12.72 -0.00757605
12.73 -0.00814823
12.74 -0.00870756
12.75 -0.00925299
12.76 -0.00978436
12.77 -0.0103022
12.78 -0.0108077
12.79 -0.0113023
12.8 -0.0117876
12.81 -0.0122637
12.82 -0.0127268
12.83 -0.0131725
12.84 -0.0135982
12.85 -0.0140028
12.86 -0.0143863
12.87 -0.0147498
12.88 -0.0150951
12.89 -0.0154247
12.9 -0.0157411
12.91 -0.0160449
12.92 -0.0163318
12.93 -0.0165969
12.94 -0.0168374
12.95 -0.017052
12.96 -0.017241
12.97 -0.0174059
12.98 -0.0175492
12.99 -0.0176737
13 -0.0177828
13.01 -0.0178773
13.02 -0.0179533
13.03 -0.0180056
13.04 -0.0180316
13.05 -0.0180301
13.06 -0.0180017
13.07 -0.017948
13.08 -0.0178718
13.09 -0.0177762
13.1 -0.0176648
13.11 -0.0175386
13.12 -0.0173943
13.13 -0.0172275
13.14 -0.0170358
13.15 -0.0168184
13.16 -0.016576
13.17 -0.0163103
13.18 -0.0160239
13.19 -0.0157198
13.2 -0.0154012
13.21 -0.0150697
13.22 -0.0147227
13.23 -0.014357
13.24 -0.013971
13.25 -0.0135641
13.26 -0.0131372
13.27 -0.0126917
13.28 -0.0122298
13.29 -0.0117541
13.3 -0.0112672
13.31 -0.0107706
13.32 -0.010263
13.33 -0.00974286
13.34 -0.00920932
13.35 -0.00866241
13.36 -0.0081028
13.37 -0.00753165
13.38 -0.00695045
13.39 -0.00636089
13.4 -0.00576476
13.41 -0.00516331
13.42 -0.00455687
13.43 -0.00394541
13.44 -0.00332919
13.45 -0.00270864
13.46 -0.00208432
13.47 -0.00145685
13.48 -0.000826898
13.49 -0.000195127
13.5 0.000437846
13.51 0.00107103
13.52 0.00170273
13.53 0.00233122
13.54 0.00295528
13.55 0.0035741
13.56 0.00418732
13.57 0.0047949
13.58 0.00539709
13.59 0.00599434
13.6 0.00658728
13.61 0.00717529
13.62 0.00775552
13.63 0.00832472
13.64 0.00888082
13.65 0.00942276
13.66 0.0099504
13.67 0.0104643
13.68 0.0109656
13.69 0.0114558
13.7 0.0119367
13.71 0.0124081
13.72 0.0128664
13.73 0.0133072
13.74 0.0137278
13.75 0.014127
13.76 0.014505
13.77 0.0148628
13.78 0.0152023
13.79 0.0155259
13.8 0.0158363
13.81 0.0161339
13.82 0.0164146
13.83 0.0166734
13.84 0.0169074
13.85 0.0171155
13.86 0.0172979
13.87 0.0174561
13.88 0.0175926
13.89 0.0177103
13.9 0.0178126
13.91 0.0179002
13.92 0.0179692
13.93 0.0180146
13.94 0.0180337
13.95 0.0180253
13.96 0.0179899
13.97 0.0179294
13.98 0.0178463
13.99 0.0177438
14 0.0176255
14.01 0.0174925
14.02 0.0173414
14.03 0.0171679
14.04 0.0169697
14.05 0.0167458
14.06 0.016497
14.07 0.0162251
14.08 0.0159325
14.09 0.0156223
14.1 0.0152977
14.11 0.0149603
14.12 0.0146075
14.13 0.0142361
14.14 0.0138446
14.15 0.0134325
14.16 0.0130005
14.17 0.0125502
14.18 0.0120836
14.19 0.0116033
14.2 0.011112
14.21 0.0106111
14.22 0.0100994
14.23 0.00957533
14.24 0.00903814
14.25 0.00848783
14.26 0.00792509
14.27 0.00735105
14.28 0.00676719
14.29 0.00617517
14.3 0.00557673
14.31 0.00497313
14.32 0.00436473
14.33 0.00375157
14.34 0.00313394
14.35 0.00251227
14.36 0.00188712
14.37 0.00125911
14.38 0.000628858
14.39 -2.99867e-006
14.4 -0.000635883
14.41 -0.00126881
14.42 -0.00190005
14.43 -0.00252783
14.44 -0.00315089
14.45 -0.00376842
14.46 -0.00438005
14.47 -0.00498577
14.48 -0.00558585
14.49 -0.0061808
14.5 -0.00677126
14.51 -0.00735665
14.52 -0.00793406
14.53 -0.00850022
14.54 -0.00905302
14.55 -0.00959141
14.56 -0.0101152
14.57 -0.0106251
14.58 -0.0111221
14.59 -0.0116079
14.6 -0.0120842
14.61 -0.012551
14.62 -0.0130044
14.63 -0.0134402
14.64 -0.0138556
14.65 -0.0142495
14.66 -0.0146219
14.67 -0.014974
14.68 -0.0153076
14.69 -0.0156252
14.7 -0.0159296
14.71 -0.016221
14.72 -0.0164954
14.73 -0.0167479
14.74 -0.0169755
14.75 -0.017177
14.76 -0.0173527
14.77 -0.0175042
14.78 -0.0176339
14.79 -0.0177448
14.8 -0.0178402
14.81 -0.0179209
14.82 -0.017983
14.83 -0.0180215
14.84 -0.0180336
14.85 -0.0180182
14.86 -0.017976
14.87 -0.0179086
14.88 -0.0178186
14.89 -0.0177092
14.9 -0.0175841
14.91 -0.0174443
14.92 -0.0172865
14.93 -0.0171063
14.94 -0.0169014
14.95 -0.0166711
14.96 -0.016416
14.97 -0.0161378
14.98 -0.0158391
14.99 -0.0155228
15 -0.0151924
15.01 -0.014849
15.02 -0.0144904
15.03 -0.0141135
15.04 -0.0137166
15.05 -0.0132993
15.06 -0.0128623
15.07 -0.0124071
15.08 -0.0119359
15.09 -0.0114512
15.1 -0.0109555
15.11 -0.0104503
15.12 -0.00993454
15.13 -0.00940664
15.14 -0.00886585
15.15 -0.00831222
15.16 -0.00774642
15.17 -0.00716956
15.18 -0.00658311
15.19 -0.00598869
15.2 -0.00538802
15.21 -0.00478234
15.22 -0.00417206
15.23 -0.00355728
15.24 -0.00293831
15.25 -0.0023156
15.26 -0.00168971
15.27 -0.00106122
15.28 -0.000430748
15.29 0.000201118
15.3 0.000833836
15.31 0.00146643
15.32 0.00209714
15.33 0.00272413
15.34 0.0033461
15.35 0.00396226
15.36 0.00457223
15.37 0.00517602
15.38 0.00577393
15.39 0.0063665
15.4 0.00695442
15.41 0.0075371
15.42 0.00811163
15.43 0.00867468
15.44 0.00922412
15.45 0.00975888
15.46 0.0102788
15.47 0.0107846
15.48 0.0112773
15.49 0.0117587
15.5 0.0122304
15.51 0.0126924
15.52 0.0131409
15.53 0.0135717
15.54 0.0139818
15.55 0.0143703
15.56 0.0147371
15.57 0.0150834
15.58 0.0154111
15.59 0.0157227
15.6 0.0160209
15.61 0.0163061
15.62 0.0165743
15.63 0.0168203
15.64 0.0170414
15.65 0.0172363
15.66 0.0174054
15.67 0.0175502
15.68 0.0176731
15.69 0.0177772
15.7 0.0178657
15.71 0.0179394
15.72 0.0179946
15.73 0.0180261
15.74 0.0180313
15.75 0.018009
15.76 0.0179599
15.77 0.0178856
15.78 0.0177887
15.79 0.0176725
15.8 0.0175406
15.81 0.017394
15.82 0.0172294
15.83 0.0170426
15.84 0.0168312
15.85 0.0165945
15.86 0.016333
15.87 0.0160486
15.88 0.0157438
15.89 0.0154216
15.9 0.0150851
15.91 0.014736
15.92 0.0143717
15.93 0.0139892
15.94 0.0135869
15.95 0.0131644
15.96 0.0127225
15.97 0.0122626
15.98 0.0117868
15.99 0.0112976
16 0.0107976
16.01 0.0102882
16.02 0.00976848
16.03 0.0092368
16.04 0.00869248
16.05 0.00813559
16.06 0.00756679
16.07 0.0069872
16.08 0.00639823
16.09 0.00580149
16.1 0.00519865
16.11 0.00459097
16.12 0.00397888
16.13 0.00336255
16.14 0.00274231
16.15 0.00211864
16.16 0.00149207
16.17 0.000863194
16.18 0.000232578
16.19 -0.00039922
16.2 -0.00103169
16.21 -0.00166388
16.22 -0.00229398
16.23 -0.0029201
16.24 -0.00354092
16.25 -0.00415563
16.26 -0.00476387
16.27 -0.00536565
16.28 -0.00596132
16.29 -0.00655144
16.3 -0.00713674
16.31 -0.00771665
16.32 -0.00828822
16.33 -0.00884809
16.34 -0.0093941
16.35 -0.00992518
16.36 -0.0104412
16.37 -0.0109428
16.38 -0.0114312
16.39 -0.011908
16.4 -0.012375
16.41 -0.0128322
16.42 -0.0132758
16.43 -0.0137015
16.44 -0.0141063
16.45 -0.0144893
16.46 -0.0148505
16.47 -0.015191
16.48 -0.0155127
16.49 -0.0158182
16.5 -0.0161103
16.51 -0.0163893
16.52 -0.0166511
16.53 -0.0168907
16.54 -0.0171053
16.55 -0.0172936
16.56 -0.0174561
16.57 -0.0175941
16.58 -0.0177102
16.59 -0.0178073
16.6 -0.0178889
16.61 -0.0179558
16.62 -0.018004
16.63 -0.0180286
16.64 -0.0180268
16.65 -0.0179976
16.66 -0.0179416
16.67 -0.0178604
16.68 -0.0177567
16.69 -0.0176337
16.7 -0.0174949
16.71 -0.0173416
16.72 -0.0171703
16.73 -0.0169768
16.74 -0.0167589
16.75 -0.0165158
16.76 -0.0162481
16.77 -0.0159575
16.78 -0.0156466
16.79 -0.0153184
16.8 -0.0149761
16.81 -0.0146211
16.82 -0.0142512
16.83 -0.0138632
16.84 -0.0134556
16.85 -0.013028
16.86 -0.0125812
16.87 -0.0121165
16.88 -0.0116362
16.89 -0.0111426
16.9 -0.0106384
16.91 -0.0101249
16.92 -0.00960125
16.93 -0.00906584
16.94 -0.00851806
16.95 -0.00795798
16.96 -0.00738626
16.97 -0.00680399
16.98 -0.00621257
16.99 -0.00561358
17 -0.00500866
17.01 -0.00439905
17.02 -0.00378522
17.03 -0.00316741
17.04 -0.00254599
17.05 -0.00192143
17.06 -0.00129427
17.07 -0.000665071
17.08 -3.43855e-005
17.09 0.000597268
17.1 0.00122942
17.11 0.00186113
17.12 0.00249054
17.13 0.00311572
17.14 0.00373531
17.15 0.0043485
17.16 0.00495492
17.17 0.00555463
17.18 0.00614798
17.19 0.00673558
17.2 0.00731819
17.21 0.00789527
17.22 0.00846381
17.23 0.00902043
17.24 0.00956294
17.25 0.0100903
17.26 0.0106023
17.27 0.0110997
17.28 0.0115837
17.29 0.0120558
17.3 0.0125181
17.31 0.0129705
17.32 0.0134091
17.33 0.0138296
17.34 0.0142291
17.35 0.0146066
17.36 0.014962
17.37 0.0152967
17.38 0.0156125
17.39 0.0159119
17.4 0.0161977
17.41 0.0164704
17.42 0.0167259
17.43 0.0169591
17.44 0.0171672
17.45 0.0173489
17.46 0.0175046
17.47 0.0176358
17.48 0.0177451
17.49 0.0178354
17.5 0.0179101
17.51 0.01797
17.52 0.0180112
17.53 0.0180289
17.54 0.0180202
17.55 0.0179841
17.56 0.0179211
17.57 0.0178331
17.58 0.0177225
17.59 0.0175927
17.6 0.0174472
17.61 0.017287
17.62 0.0171091
17.63 0.016909
17.64 0.0166846
17.65 0.0164351
17.66 0.0161611
17.67 0.0158645
17.68 0.0155475
17.69 0.0152134
17.7 0.0148653
17.71 0.0145045
17.72 0.014129
17.73 0.0137355
17.74 0.0133226
17.75 0.01289
17.76 0.0124383
17.77 0.011969
17.78 0.0114842
17.79 0.0109864
17.8 0.010478
17.81 0.00996042
17.82 0.00943285
17.83 0.00889379
17.84 0.00834262
17.85 0.00777941
17.86 0.00720483
17.87 0.00661996
17.88 0.00602616
17.89 0.00542499
17.9 0.00481805
17.91 0.00420658
17.92 0.0035911
17.93 0.00297188
17.94 0.00234935
17.95 0.00172397
17.96 0.00109629
17.97 0.000466851
17.98 -0.000163826
17.99 -0.000795258
18 -0.00142702
18.01 -0.00205816
18.02 -0.0026868
18.03 -0.00331096
18.04 -0.00392925
18.05 -0.00454084
18.06 -0.00514538
18.07 -0.00574294
18.08 -0.0063339
18.09 -0.00691891
18.1 -0.00749876
18.11 -0.00807292
18.12 -0.00863838
18.13 -0.00919168
18.14 -0.00973063
18.15 -0.0102542
18.16 -0.0107621
18.17 -0.0112552
18.18 -0.0117347
18.19 -0.0122022
18.2 -0.0126598
18.21 -0.0131072
18.22 -0.0135408
18.23 -0.013956
18.24 -0.0143502
18.25 -0.0147221
18.26 -0.0150718
18.27 -0.0154006
18.28 -0.0157103
18.29 -0.0160036
18.3 -0.0162832
18.31 -0.0165496
18.32 -0.0167987
18.33 -0.0170254
18.34 -0.0172269
18.35 -0.017402
18.36 -0.017551
18.37 -0.0176754
18.38 -0.0177779
18.39 -0.0178612
18.4 -0.017929
18.41 -0.017982
18.42 -0.0180163
18.43 -0.018027
18.44 -0.0180114
18.45 -0.0179683
18.46 -0.0178985
18.47 -0.0178036
18.48 -0.0176862
18.49 -0.0175496
18.5 -0.0173973
18.51 -0.0172304
18.52 -0.0170458
18.53 -0.0168392
18.54 -0.0166083
18.55 -0.0163524
18.56 -0.0160722
18.57 -0.0157695
18.58 -0.0154466
18.59 -0.0151065
18.6 -0.0147526
18.61 -0.0143862
18.62 -0.014005
18.63 -0.0136062
18.64 -0.0131881
18.65 -0.0127504
18.66 -0.0122939
18.67 -0.0118201
18.68 -0.0113309
18.69 -0.0108287
18.7 -0.0103162
18.71 -0.00979468
18.72 -0.0092633
18.73 -0.00872065
18.74 -0.00816615
18.75 -0.00759988
18.76 -0.00702252
18.77 -0.00643511
18.78 -0.00583901
18.79 -0.00523574
18.8 -0.00462686
18.81 -0.0040136
18.82 -0.00339654
18.83 -0.002776
18.84 -0.00215242
18.85 -0.00152631
18.86 -0.000898193
18.87 -0.000268589
18.88 0.000362003
18.89 0.000993136
18.9 0.00162442
18.91 0.00225493
18.92 0.00288273
18.93 0.00350579
18.94 0.0041227
18.95 0.00473262
18.96 0.00533521
18.97 0.00593054
18.98 0.00651905
18.99 0.00710139
19 0.00767841
19.01 0.0082496
19.02 0.00881189
19.03 0.00936181
19.04 0.00989713
19.05 0.0104168
19.06 0.0109207
19.07 0.0114094
19.08 0.0118844
19.09 0.0123472
19.1 0.0127999
19.11 0.0132423
19.12 0.0136708
19.13 0.0140808
19.14 0.0144695
19.15 0.0148358
19.16 0.0151797
19.17 0.0155026
19.18 0.0158063
19.19 0.0160934
19.2 0.0163667
19.21 0.0166268
19.22 0.0168694
19.23 0.0170897
19.24 0.0172846
19.25 0.017453
19.26 0.0175952
19.27 0.0177129
19.28 0.0178085
19.29 0.017885
19.3 0.0179458
19.31 0.0179918
19.32 0.0180192
19.33 0.0180229
19.34 0.0180003
19.35 0.0179504
19.36 0.0178737
19.37 0.017772
19.38 0.0176478
19.39 0.0175044
19.4 0.0173453
19.41 0.0171717
19.42 0.0169804
19.43 0.0167673
19.44 0.0165299
19.45 0.0162677
19.46 0.0159814
19.47 0.0156726
19.48 0.0153437
19.49 0.0149979
19.5 0.0146382
19.51 0.0142661
19.52 0.0138794
19.53 0.0134752
19.54 0.0130519
19.55 0.0126093
19.56 0.0121481
19.57 0.0116697
19.58 0.0111761
19.59 0.0106698
19.6 0.0101532
19.61 0.00962777
19.62 0.00909264
19.63 0.00854647
19.64 0.0079887
19.65 0.00741945
19.66 0.00683936
19.67 0.0062495
19.68 0.00565117
19.69 0.00504586
19.7 0.00443512
19.71 0.00382015
19.72 0.00320158
19.73 0.00257979
19.74 0.00195525
19.75 0.00132848
19.76 0.000699991
19.77 7.02974e-005
19.78 -0.000560136
19.79 -0.0011909
19.8 -0.00182163
19.81 -0.00245143
19.82 -0.00307831
19.83 -0.00370021
19.84 -0.00431567
19.85 -0.00492384
19.86 -0.0055244
19.87 -0.00611744
19.88 -0.00670342
19.89 -0.00728302
19.9 -0.00785715
19.91 -0.00842528
19.92 -0.00898435
19.93 -0.00953082
19.94 -0.0100624
19.95 -0.0105782
19.96 -0.0110779
19.97 -0.0115622
19.98 -0.0120326
19.99 -0.0124906
20 -0.0129384
20.01 -0.0133759
20.02 -0.0137992
20.03 -0.0142039
20.04 -0.0145871
20.05 -0.0149477
20.06 -0.0152859
20.07 -0.0156027
20.08 -0.0159003
20.09 -0.0161812
20.1 -0.0164482
20.11 -0.0167019
20.12 -0.0169381
20.13 -0.0171518
20.14 -0.0173401
20.15 -0.0175018
20.16 -0.0176374
20.17 -0.0177482
20.18 -0.0178369
20.19 -0.0179065
20.2 -0.0179604
20.21 -0.0179995
20.22 -0.0180198
20.23 -0.0180167
20.24 -0.0179872
20.25 -0.0179303
20.26 -0.0178468
20.27 -0.0177382
20.28 -0.0176072
20.29 -0.017457
20.3 -0.0172912
20.31 -0.0171109
20.32 -0.016913
20.33 -0.0166933
20.34 -0.0164496
20.35 -0.0161811
20.36 -0.0158886
20.37 -0.0155738
20.38 -0.015239
20.39 -0.0148874
20.4 -0.014522
20.41 -0.0141442
20.42 -0.013752
20.43 -0.0133425
20.44 -0.0129142
20.45 -0.0124667
20.46 -0.0120008
20.47 -0.0115179
20.48 -0.01102
20.49 -0.0105096
20.5 -0.009989
20.51 -0.00945969
20.52 -0.00892088
20.53 -0.00837125
20.54 -0.00781029
20.55 -0.00723812
20.56 -0.00665539
20.57 -0.00606314
20.58 -0.00546265
20.59 -0.00485539
20.6 -0.00424285
20.61 -0.00362624
20.62 -0.00300624
20.63 -0.00238327
20.64 -0.00175784
20.65 -0.00113048
20.66 -0.000501706
20.67 0.000128001
20.68 0.000758199
20.69 0.00138851
20.7 0.00201862
20.71 0.00264763
20.72 0.00327353
20.73 0.00389418
20.74 0.00450811
20.75 0.00511447
20.76 0.00571293
20.77 0.0063036
20.78 0.00688697
20.79 0.00746378
20.8 0.00803493
20.81 0.00859995
20.82 0.00915571
20.83 0.00969866
20.84 0.0102265
20.85 0.0107383
20.86 0.0112337
20.87 0.0117136
20.88 0.0121793
20.89 0.0126325
20.9 0.0130754
20.91 0.0135078
20.92 0.0139259
20.93 0.0143252
20.94 0.0147029
20.95 0.0150578
20.96 0.0153901
20.97 0.015701
20.98 0.0159924
20.99 0.016267
21 0.0165278
21.01 0.016775
21.02 0.0170048
21.03 0.0172119
21.04 0.0173936
21.05 0.0175486
21.06 0.0176773
21.07 0.0177814
21.08 0.0178632
21.09 0.0179259
21.1 0.0179728
21.11 0.0180049
21.12 0.0180183
21.13 0.0180082
21.14 0.0179718
21.15 0.0179081
21.16 0.0178176
21.17 0.0177022
21.18 0.0175645
21.19 0.0174076
21.2 0.017235
21.21 0.0170481
21.22 0.0168436
21.23 0.0166174
21.24 0.0163672
21.25 0.0160925
21.26 0.0157939
21.27 0.0154731
21.28 0.0151325
21.29 0.0147751
21.3 0.014404
21.31 0.0140207
21.32 0.0136231
21.33 0.0132083
21.34 0.0127749
21.35 0.0123225
21.36 0.011852
21.37 0.0113647
21.38 0.0108626
21.39 0.0103481
21.4 0.00982358
21.41 0.00929047
21.42 0.00874803
21.43 0.00819502
21.44 0.00763093
21.45 0.00705591
21.46 0.0064706
21.47 0.00587603
21.48 0.00527345
21.49 0.0046643
21.5 0.00405004
21.51 0.00343188
21.52 0.00281051
21.53 0.00218644
21.54 0.0015602
21.55 0.000932332
21.56 0.000303341
21.57 -0.000326302
21.58 -0.000956186
21.59 -0.00158597
21.6 -0.00221538
21.61 -0.00284352
21.62 -0.00346834
21.63 -0.00408767
21.64 -0.0047
21.65 -0.00530447
21.66 -0.00590075
21.67 -0.00648898
21.68 -0.00706968
21.69 -0.00764361
21.7 -0.00821173
21.71 -0.00877355
21.72 -0.00932596
21.73 -0.00986532
21.74 -0.0103894
21.75 -0.010897
21.76 -0.0113882
21.77 -0.0118636
21.78 -0.0123246
21.79 -0.0127729
21.8 -0.0132108
21.81 -0.013638
21.82 -0.0140509
21.83 -0.0144448
21.84 -0.014817
21.85 -0.0151661
21.86 -0.0154925
21.87 -0.0157973
21.88 -0.0160826
21.89 -0.0163509
21.9 -0.0166053
21.91 -0.0168461
21.92 -0.0170694
21.93 -0.0172699
21.94 -0.017445
21.95 -0.0175933
21.96 -0.0177152
21.97 -0.0178124
21.98 -0.0178873
21.99 -0.0179431
22 -0.0179831
22.01 -0.0180082
22.02 -0.0180147
22.03 -0.0179976
22.04 -0.0179542
22.05 -0.0178836
22.06 -0.0177863
22.07 -0.0176641
22.08 -0.0175196
22.09 -0.017356
22.1 -0.0171768
22.11 -0.0169832
22.12 -0.0167721
22.13 -0.0165394
22.14 -0.0162829
22.15 -0.016002
22.16 -0.0156973
22.17 -0.0153705
22.18 -0.0150241
22.19 -0.014661
22.2 -0.0142843
22.21 -0.0138955
22.22 -0.0134924
22.23 -0.0130724
22.24 -0.012634
22.25 -0.0121769
22.26 -0.0117018
22.27 -0.0112101
22.28 -0.0107039
22.29 -0.0101853
22.3 -0.00965696
22.31 -0.00912012
22.32 -0.00857412
22.33 -0.00801779
22.34 -0.00745065
22.35 -0.00687285
22.36 -0.00628504
22.37 -0.00568821
22.38 -0.00508363
22.39 -0.00447267
22.4 -0.00385677
22.41 -0.00323711
22.42 -0.00261447
22.43 -0.00198937
22.44 -0.0013624
22.45 -0.000734092
22.46 -0.000104962
22.47 0.000524542
22.48 0.00115404
22.49 0.00178322
22.5 0.00241185
22.51 0.00303905
22.52 0.00366274
22.53 0.00428067
22.54 0.00489133
22.55 0.00549383
22.56 0.00608787
22.57 0.00667359
22.58 0.00725155
22.59 0.00782253
22.6 0.00838754
22.61 0.00894612
22.62 0.00949509
22.63 0.0100308
22.64 0.010551
22.65 0.0110545
22.66 0.0115413
22.67 0.0120121
22.68 0.0124683
22.69 0.0129118
22.7 0.0133445
22.71 0.0137666
22.72 0.0141742
22.73 0.0145627
22.74 0.0149292
22.75 0.0152726
22.76 0.015593
22.77 0.0158917
22.78 0.0161708
22.79 0.0164328
22.8 0.0166808
22.81 0.0169152
22.82 0.0171319
22.83 0.0173259
22.84 0.0174942
22.85 0.0176358
22.86 0.0177509
22.87 0.0178413
22.88 0.0179093
22.89 0.0179581
22.9 0.0179912
22.91 0.0180093
22.92 0.0180088
22.93 0.0179848
22.94 0.0179345
22.95 0.017857
22.96 0.0177529
22.97 0.0176239
22.98 0.0174727
22.99 0.0173023
23 0.0171164
23.01 0.0169162
23.02 0.0166985
23.03 0.0164594
23.04 0.0161966
23.05 0.0159095
23.06 0.0155988
23.07 0.0152661
23.08 0.0149139
23.09 0.0145451
23.1 0.0141629
23.11 0.0137685
23.12 0.0133602
23.13 0.012935
23.14 0.0124916
23.15 0.0120298
23.16 0.0115501
23.17 0.0110542
23.18 0.0105438
23.19 0.0100213
23.2 0.00948917
23.21 0.00894866
23.22 0.00839918
23.23 0.00783959
23.24 0.00726946
23.25 0.00668895
23.26 0.00609871
23.27 0.00549971
23.28 0.00489318
23.29 0.00428049
23.3 0.00366301
23.31 0.00304195
23.32 0.00241809
23.33 0.00179205
23.34 0.00116441
23.35 0.000535747
23.36 -9.34448e-005
23.37 -0.000722733
23.38 -0.00135176
23.39 -0.00198027
23.4 -0.00260804
23.41 -0.00323423
23.42 -0.00385669
23.43 -0.00447315
23.44 -0.00508206
23.45 -0.00568253
23.46 -0.00627424
23.47 -0.00685739
23.48 -0.00743253
23.49 -0.0080005
23.5 -0.00856234
23.51 -0.00911759
23.52 -0.00966306
23.53 -0.0101951
23.54 -0.0107113
23.55 -0.0112106
23.56 -0.011693
23.57 -0.0121592
23.58 -0.0126106
23.59 -0.013049
23.6 -0.0134767
23.61 -0.0138936
23.62 -0.0142958
23.63 -0.0146788
23.64 -0.0150396
23.65 -0.0153772
23.66 -0.0156916
23.67 -0.0159842
23.68 -0.0162571
23.69 -0.0165128
23.7 -0.0167543
23.71 -0.0169822
23.72 -0.0171923
23.73 -0.0173797
23.74 -0.0175413
23.75 -0.0176761
23.76 -0.0177845
23.77 -0.017868
23.78 -0.0179291
23.79 -0.017971
23.8 -0.0179971
23.81 -0.0180083
23.82 -0.0180008
23.83 -0.0179698
23.84 -0.0179126
23.85 -0.0178283
23.86 -0.0177173
23.87 -0.0175816
23.88 -0.0174236
23.89 -0.0172465
23.9 -0.017054
23.91 -0.0168472
23.92 -0.016623
23.93 -0.0163774
23.94 -0.0161084
23.95 -0.0158151
23.96 -0.0154984
23.97 -0.0151598
23.98 -0.0148019
23.99 -0.0144275
24 -0.0140397
24.01 -0.0136399
24.02 -0.0132263
24.03 -0.012796
24.04 -0.0123477
24.05 -0.0118812
24.06 -0.0113971
24.07 -0.0108969
24.08 -0.0103825
24.09 -0.00985615
24.1 -0.00932024
24.11 -0.00877612
24.12 -0.00822322
24.13 -0.00766044
24.14 -0.00708739
24.15 -0.00650425
24.16 -0.00591164
24.17 -0.00531054
24.18 -0.00470215
24.19 -0.00408779
24.2 -0.00346882
24.21 -0.00284642
24.22 -0.00222143
24.23 -0.00159451
24.24 -0.000966295
24.25 -0.00033735
24.26 0.000291827
24.27 0.000920822
24.28 0.00154931
24.29 0.00217706
24.3 0.00280391
24.31 0.003429
24.32 0.00405016
24.33 0.00466508
24.34 0.00527217
24.35 0.00587052
24.36 0.00645985
24.37 0.00704035
24.38 0.0076126
24.39 0.00817749
24.4 0.00873609
24.41 0.00928795
24.42 0.00982986
24.43 0.0103581
24.44 0.0108703
24.45 0.0113654
24.46 0.0118433
24.47 0.0123048
24.48 0.0127513
24.49 0.0131848
24.5 0.0136072
24.51 0.0140189
24.52 0.0144157
24.53 0.0147931
24.54 0.0151482
24.55 0.0154799
24.56 0.0157884
24.57 0.0160748
24.58 0.0163414
24.59 0.0165907
24.6 0.0168258
24.61 0.0170471
24.62 0.0172507
24.63 0.0174314
24.64 0.0175863
24.65 0.0177144
24.66 0.0178159
24.67 0.0178925
24.68 0.0179467
24.69 0.0179816
24.7 0.0180008
24.71 0.018005
24.72 0.0179905
24.73 0.0179526
24.74 0.0178886
24.75 0.0177974
24.76 0.0176796
24.77 0.0175371
24.78 0.0173724
24.79 0.0171887
24.8 0.0169895
24.81 0.0167761
24.82 0.0165454
24.83 0.0162935
24.84 0.0160182
24.85 0.0157188
24.86 0.0153961
24.87 0.0150517
24.88 0.0146881
24.89 0.0143081
24.9 0.0139148
24.91 0.0135097
24.92 0.0130908
24.93 0.0126554
24.94 0.0122023
24.95 0.0117312
24.96 0.0112427
24.97 0.0107383
24.98 0.0102199
24.99 0.00968976
25 0.00915017
25.01 0.00860251
25.02 0.00804626
25.03 0.00748036
25.04 0.00690446
25.05 0.00631874
25.06 0.00572384
25.07 0.00512071
25.08 0.00451053
25.09 0.00389458
25.1 0.00327419
25.11 0.00265054
25.12 0.00202449
25.13 0.00139677
25.14 0.00076805
25.15 0.000138899
25.16 -0.000490186
25.17 -0.00111881
25.18 -0.00174669
25.19 -0.0023736
25.2 -0.00299944
25.21 -0.00362337
25.22 -0.00424317
25.23 -0.00485647
25.24 -0.00546165
25.25 -0.00605783
25.26 -0.00664469
25.27 -0.00722247
25.28 -0.00779178
25.29 -0.00835352
25.3 -0.0089088
25.31 -0.00945721
25.32 -0.00999548
25.33 -0.0105199
25.34 -0.011028
25.35 -0.0115188
25.36 -0.0119922
25.37 -0.0124489
25.38 -0.0128905
25.39 -0.0133189
25.4 -0.0137362
25.41 -0.0141424
25.42 -0.0145338
25.43 -0.0149056
25.44 -0.015255
25.45 -0.0155808
25.46 -0.0158832
25.47 -0.0161634
25.48 -0.0164237
25.49 -0.0166666
25.5 -0.0168952
25.51 -0.01711
25.52 -0.017307
25.53 -0.017481
25.54 -0.0176292
25.55 -0.0177505
25.56 -0.0178451
25.57 -0.0179149
25.58 -0.0179621
25.59 -0.0179901
25.6 -0.0180023
25.61 -0.0179996
25.62 -0.0179782
25.63 -0.0179333
25.64 -0.0178623
25.65 -0.0177643
25.66 -0.0176397
25.67 -0.0174905
25.68 -0.0173191
25.69 -0.0171287
25.7 -0.016923
25.71 -0.016703
25.72 -0.0164658
25.73 -0.0162076
25.74 -0.015926
25.75 -0.0156206
25.76 -0.015292
25.77 -0.0149418
25.78 -0.0145725
25.79 -0.014187
25.8 -0.0137883
25.81 -0.0133778
25.82 -0.0129537
25.83 -0.0125134
25.84 -0.0120554
25.85 -0.0115797
25.86 -0.0110869
25.87 -0.0105784
25.88 -0.0100561
25.89 -0.0095222
25.9 -0.008979
25.91 -0.00842788
25.92 -0.00786833
25.93 -0.00729938
25.94 -0.0067207
25.95 -0.00613248
25.96 -0.00553536
25.97 -0.00493028
25.98 -0.00431837
25.99 -0.00370091
26 -0.00307918
26.01 -0.00245433
26.02 -0.00182731
26.03 -0.00119887
26.04 -0.000569714
26.05 5.95653e-005
26.06 0.000688483
26.07 0.00131666
26.08 0.00194384
26.09 0.00256985
26.1 0.00319461
26.11 0.00381729
26.12 0.00443564
26.13 0.00504724
26.14 0.00565046
26.15 0.00624438
26.16 0.00682871
26.17 0.0074037
26.18 0.00796998
26.19 0.00852851
26.2 0.00908041
26.21 0.00962529
26.22 0.0101599
26.23 0.0106804
26.24 0.0111844
26.25 0.0116708
26.26 0.0121396
26.27 0.0125915
26.28 0.0130281
26.29 0.0134513
26.3 0.0138634
26.31 0.0142643
26.32 0.0146502
26.33 0.0150163
26.34 0.0153599
26.35 0.0156798
26.36 0.0159761
26.37 0.0162501
26.38 0.016504
26.39 0.0167405
26.4 0.0169626
26.41 0.0171708
26.42 0.0173611
26.43 0.0175285
26.44 0.01767
26.45 0.0177844
26.46 0.0178722
26.47 0.017935
26.48 0.0179754
26.49 0.0179965
26.5 0.0180017
26.51 0.0179919
26.52 0.0179636
26.53 0.0179118
26.54 0.0178339
26.55 0.017729
26.56 0.0175977
26.57 0.0174417
26.58 0.0172637
26.59 0.0170667
26.6 0.0168544
26.61 0.0166279
26.62 0.0163843
26.63 0.0161197
26.64 0.0158319
26.65 0.0155205
26.66 0.015186
26.67 0.0148301
26.68 0.0144552
26.69 0.0140642
26.7 0.0136601
26.71 0.0132443
26.72 0.0128151
26.73 0.0123698
26.74 0.0119071
26.75 0.0114269
26.76 0.0109298
26.77 0.0104173
26.78 0.00989109
26.79 0.00935348
26.8 0.00880674
26.81 0.00825221
26.82 0.00768944
26.83 0.00711751
26.84 0.00653612
26.85 0.00594547
26.86 0.00534621
26.87 0.00473924
26.88 0.00412569
26.89 0.00350679
26.9 0.00288379
26.91 0.00225783
26.92 0.0016299
26.93 0.00100082
26.94 0.000371308
26.95 -0.000258025
26.96 -0.0008867
26.97 -0.00151436
26.98 -0.00214077
26.99 -0.0027658
27 -0.0033894
27.01 -0.00401075
27.02 -0.00462759
27.03 -0.00523743
27.04 -0.0058386
27.05 -0.00643019
27.06 -0.00701192
27.07 -0.00758405
27.08 -0.00814724
27.09 -0.00870248
27.1 -0.00925093
27.11 -0.00979223
27.12 -0.010323
27.13 -0.0108396
27.14 -0.0113394
27.15 -0.0118214
27.16 -0.0122855
27.17 -0.0127326
27.18 -0.0131642
27.19 -0.0135822
27.2 -0.0139889
27.21 -0.0143844
27.22 -0.0147647
27.23 -0.0151252
27.24 -0.015463
27.25 -0.0157768
27.26 -0.016067
27.27 -0.0163348
27.28 -0.0165823
27.29 -0.0168124
27.3 -0.0170279
27.31 -0.0172296
27.32 -0.0174132
27.33 -0.0175739
27.34 -0.0177086
27.35 -0.0178162
27.36 -0.0178971
27.37 -0.0179531
27.38 -0.0179865
27.39 -0.0180006
27.4 -0.0179988
27.41 -0.0179821
27.42 -0.0179468
27.43 -0.0178881
27.44 -0.0178034
27.45 -0.0176917
27.46 -0.0175536
27.47 -0.0173909
27.48 -0.0172062
27.49 -0.0170026
27.5 -0.0167837
27.51 -0.0165508
27.52 -0.0163007
27.53 -0.0160298
27.54 -0.0157359
27.55 -0.0154185
27.56 -0.0150781
27.57 -0.0147165
27.58 -0.0143361
27.59 -0.0139396
27.6 -0.0135302
27.61 -0.0131092
27.62 -0.0126749
27.63 -0.0122247
27.64 -0.0117573
27.65 -0.0112727
27.66 -0.0107714
27.67 -0.0102548
27.68 -0.00972486
27.69 -0.00918363
27.7 -0.00863341
27.71 -0.00807554
27.72 -0.00750963
27.73 -0.00693479
27.74 -0.00635076
27.75 -0.00575776
27.76 -0.00515642
27.77 -0.00454764
27.78 -0.00393253
27.79 -0.00331226
27.8 -0.00268806
27.81 -0.00206108
27.82 -0.00143231
27.83 -0.00080266
27.84 -0.000172869
27.85 0.000456442
27.86 0.0010848
27.87 0.00171186
27.88 0.00233743
27.89 0.0029614
27.9 0.00358377
27.91 0.00420373
27.92 0.00481897
27.93 0.00542696
27.94 0.00602602
27.95 0.00661522
27.96 0.00719428
27.97 0.00776347
27.98 0.00832351
27.99 0.00887539
28 0.00942034
28.01 0.00995798
28.02 0.010485
28.03 0.0109975
28.04 0.011493
28.05 0.0119706
28.06 0.01243
28.07 0.0128722
28.08 0.0132987
28.09 0.0137114
28.1 0.0141128
28.11 0.0145028
28.12 0.0148775
28.13 0.0152323
28.14 0.0155642
28.15 0.015872
28.16 0.016156
28.17 0.0164175
28.18 0.0166587
28.19 0.0168822
28.2 0.0170912
28.21 0.0172862
28.22 0.0174632
28.23 0.0176171
28.24 0.017745
28.25 0.0178458
28.26 0.0179199
28.27 0.0179689
28.28 0.0179954
28.29 0.0180026
28.3 0.0179938
28.31 0.0179702
28.32 0.0179279
28.33 0.0178623
28.34 0.0177707
28.35 0.0176522
28.36 0.0175073
28.37 0.0173379
28.38 0.0171466
28.39 0.0169365
28.4 0.0167111
28.41 0.0164716
28.42 0.0162152
28.43 0.015938
28.44 0.015638
28.45 0.0153146
28.46 0.0149684
28.47 0.0146012
28.48 0.0142153
28.49 0.0138134
28.5 0.0133987
28.51 0.0129725
28.52 0.0125332
28.53 0.0120781
28.54 0.0116061
28.55 0.0111171
28.56 0.0106116
28.57 0.0100912
28.58 0.00955746
28.59 0.00901267
28.6 0.00845904
28.61 0.0078979
28.62 0.0073289
28.63 0.00675122
28.64 0.00616461
28.65 0.00556933
28.66 0.00496599
28.67 0.00435548
28.68 0.00373886
28.69 0.00311731
28.7 0.00249199
28.71 0.00186404
28.72 0.00123453
28.73 0.000604379
28.74 -2.56138e-005
28.75 -0.000654825
28.76 -0.00128279
28.77 -0.00190918
28.78 -0.00253382
28.79 -0.00315665
28.8 -0.00377771
28.81 -0.0043962
28.82 -0.00500976
28.83 -0.00561584
28.84 -0.00621271
28.85 -0.00679943
28.86 -0.00737574
28.87 -0.00794194
28.88 -0.00849875
28.89 -0.00904721
28.9 -0.00958858
28.91 -0.0101225
28.92 -0.0106456
28.93 -0.011154
28.94 -0.0116453
28.95 -0.0121182
28.96 -0.0125729
28.97 -0.0130101
28.98 -0.0134315
28.99 -0.013839
29 -0.0142349
29.01 -0.0146194
29.02 -0.0149885
29.03 -0.0153375
29.04 -0.0156635
29.05 -0.0159653
29.06 -0.0162431
29.07 -0.0164982
29.08 -0.016733
29.09 -0.01695
29.1 -0.0171524
29.11 -0.0173408
29.12 -0.0175111
29.13 -0.0176582
29.14 -0.0177793
29.15 -0.0178733
29.16 -0.0179405
29.17 -0.0179826
29.18 -0.0180022
29.19 -0.0180023
29.2 -0.0179866
29.21 -0.017956
29.22 -0.0179068
29.23 -0.0178343
29.24 -0.0177358
29.25 -0.0176105
29.26 -0.0174589
29.27 -0.0172829
29.28 -0.0170849
29.29 -0.0168683
29.3 -0.0166364
29.31 -0.0163905
29.32 -0.0161277
29.33 -0.0158443
29.34 -0.0155382
29.35 -0.0152089
29.36 -0.014857
29.37 -0.0144841
29.38 -0.0140927
29.39 -0.0136855
29.4 -0.0132656
29.41 -0.0128343
29.42 -0.0123899
29.43 -0.0119301
29.44 -0.0114535
29.45 -0.0109601
29.46 -0.0104506
29.47 -0.00992625
29.48 -0.00938889
29.49 -0.00884061
29.5 -0.00828364
29.51 -0.00771931
29.52 -0.00714729
29.53 -0.00656684
29.54 -0.00597774
29.55 -0.00538024
29.56 -0.00477497
29.57 -0.0041628
29.58 -0.00354477
29.59 -0.002922
29.6 -0.00229563
29.61 -0.00166681
29.62 -0.00103661
29.63 -0.000406048
29.64 0.000224073
29.65 0.00085311
29.66 0.0014806
29.67 0.00210624
29.68 0.00272989
29.69 0.00335151
29.7 0.00397119
29.71 0.00458813
29.72 0.00519996
29.73 0.00580405
29.74 0.00639865
29.75 0.00698284
29.76 0.00755633
29.77 0.00811946
29.78 0.00867298
29.79 0.00921795
29.8 0.00975568
29.81 0.0102858
29.82 0.010805
29.83 0.0113092
29.84 0.0117961
29.85 0.0122645
29.86 0.0127143
29.87 0.0131466
29.88 0.0135627
29.89 0.0139649
29.9 0.0143553
29.91 0.0147343
29.92 0.0150977
29.93 0.0154409
29.94 0.0157609
29.95 0.0160566
29.96 0.0163282
29.97 0.016577
29.98 0.0168052
29.99 0.0170157
30 0.0172115
30.01 0.0173932
30.02 0.0175568
30.03 0.0176972
30.04 0.0178115
30.05 0.0178986
30.06 0.0179589
30.07 0.0179941
30.08 0.0180067
30.09 0.0179999
30.1 0.0179773
30.11 0.0179397
30.12 0.0178835
30.13 0.0178041
30.14 0.0176988
30.15 0.0175667
30.16 0.0174084
30.17 0.0172257
30.18 0.0170212
30.19 0.016798
30.2 0.0165597
30.21 0.0163074
30.22 0.0160383
30.23 0.0157487
30.24 0.0154366
30.25 0.0151013
30.26 0.0147437
30.27 0.0143653
30.28 0.0139685
30.29 0.013556
30.3 0.0131308
30.31 0.0126945
30.32 0.0122452
30.33 0.0117806
30.34 0.0112995
30.35 0.0108019
30.36 0.0102883
30.37 0.00976015
30.38 0.00921919
30.39 0.00866749
30.4 0.00810724
30.41 0.00753977
30.42 0.00696481
30.43 0.00638165
30.44 0.00579013
30.45 0.00519049
30.46 0.00458337
30.47 0.00396961
30.48 0.00335023
30.49 0.00272632
30.5 0.00209899
30.51 0.00146936
30.52 0.00083857
30.53 0.000207665
30.54 -0.000422505
30.55 -0.00105129
30.56 -0.00167823
30.57 -0.00230305
30.58 -0.00292562
30.59 -0.00354596
30.6 -0.00416418
30.61 -0.00477951
30.62 -0.00538952
30.63 -0.00599154
30.64 -0.00658382
30.65 -0.00716539
30.66 -0.00773601
30.67 -0.008296
30.68 -0.00884616
30.69 -0.00938759
30.7 -0.00992161
30.71 -0.0104479
30.72 -0.010963
30.73 -0.0114631
30.74 -0.0119455
30.75 -0.0124092
30.76 -0.0128542
30.77 -0.0132814
30.78 -0.0136923
30.79 -0.0140891
30.8 -0.014474
30.81 -0.0148474
30.82 -0.0152051
30.83 -0.0155424
30.84 -0.0158564
30.85 -0.0161459
30.86 -0.0164113
30.87 -0.0166537
30.88 -0.0168755
30.89 -0.0170794
30.9 -0.0172685
30.91 -0.0174436
30.92 -0.0176004
30.93 -0.017734
30.94 -0.0178415
30.95 -0.0179217
30.96 -0.0179751
30.97 -0.0180034
30.98 -0.0180091
30.99 -0.0179954
31 -0.0179657
31.01 -0.0179212
31.02 -0.0178581
31.03 -0.0177718
31.04 -0.0176597
31.05 -0.0175208
31.06 -0.0173558
31.07 -0.0171665
31.08 -0.0169554
31.09 -0.0167258
31.1 -0.016481
31.11 -0.0162223
31.12 -0.0159469
31.13 -0.0156512
31.14 -0.015333
31.15 -0.014992
31.16 -0.0146286
31.17 -0.0142447
31.18 -0.0138425
31.19 -0.0134248
31.2 -0.0129945
31.21 -0.0125531
31.22 -0.0120989
31.23 -0.0116297
31.24 -0.0111442
31.25 -0.0106423
31.26 -0.0101248
31.27 -0.00959287
31.28 -0.00904838
31.29 -0.00849332
31.3 -0.00792986
31.31 -0.00735932
31.32 -0.00678149
31.33 -0.00619569
31.34 -0.00560181
31.35 -0.00500011
31.36 -0.00439121
31.37 -0.00377593
31.38 -0.00315528
31.39 -0.00253031
31.4 -0.00190209
31.41 -0.00127173
31.42 -0.000640413
31.43 -9.24343e-006
31.44 0.0006209
31.45 0.00124936
31.46 0.00187568
31.47 0.00249959
31.48 0.00312102
31.49 0.00374
31.5 0.00435668
31.51 0.00497031
31.52 0.00557843
31.53 0.00617832
31.54 0.0067682
31.55 0.00734709
31.56 0.00791475
31.57 0.00847154
31.58 0.00901827
31.59 0.00955608
31.6 0.0100863
31.61 0.0106087
31.62 0.0111198
31.63 0.0116155
31.64 0.0120935
31.65 0.0125525
31.66 0.0129926
31.67 0.0134146
31.68 0.0138202
31.69 0.0142115
31.7 0.014591
31.71 0.0149586
31.72 0.0153106
31.73 0.015642
31.74 0.01595
31.75 0.0162334
31.76 0.0164924
31.77 0.0167284
31.78 0.0169437
31.79 0.017141
31.8 0.0173235
31.81 0.0174918
31.82 0.0176419
31.83 0.0177687
31.84 0.0178693
31.85 0.0179426
31.86 0.0179892
31.87 0.0180105
31.88 0.0180093
31.89 0.0179886
31.9 0.017952
31.91 0.0179005
31.92 0.0178305
31.93 0.0177373
31.94 0.0176184
31.95 0.0174728
31.96 0.0173011
31.97 0.0171052
31.98 0.0168876
31.99 0.0166515
32 0.0164002
32.01 0.0161352
32.02 0.0158536
32.03 0.0155517
32.04 0.0152276
32.05 0.0148808
32.06 0.0145118
32.07 0.0141224
32.08 0.0137149
32.09 0.013292
32.1 0.0128566
32.11 0.0124102
32.12 0.0119512
32.13 0.0114773
32.14 0.0109875
32.15 0.0104815
32.16 0.00996001
32.17 0.00942443
32.18 0.00887646
32.19 0.00831811
32.2 0.00775151
32.21 0.00717798
32.22 0.00659734
32.23 0.00600899
32.24 0.00541282
32.25 0.00480913
32.26 0.00419852
32.27 0.00358181
32.28 0.00295996
32.29 0.00233401
32.3 0.00170497
32.31 0.00107395
32.32 0.000442193
32.33 -0.000189164
32.34 -0.000819205
32.35 -0.00144726
32.36 -0.00207288
32.37 -0.00269582
32.38 -0.00331602
32.39 -0.00393357
32.4 -0.00454864
32.41 -0.00516051
32.42 -0.00576666
32.43 -0.00636435
32.44 -0.00695174
32.45 -0.00752788
32.46 -0.00809252
32.47 -0.00864604
32.48 -0.00918927
32.49 -0.0097234
32.5 -0.0102498
32.51 -0.0107682
32.52 -0.0112751
32.53 -0.0117666
32.54 -0.01224
32.55 -0.0126942
32.56 -0.0131293
32.57 -0.0135462
32.58 -0.0139465
32.59 -0.0143323
32.6 -0.0147061
32.61 -0.0150681
32.62 -0.0154142
32.63 -0.0157397
32.64 -0.0160416
32.65 -0.0163188
32.66 -0.0165715
32.67 -0.0168011
32.68 -0.0170098
32.69 -0.0172005
32.7 -0.0173763
32.71 -0.0175379
32.72 -0.0176812
32.73 -0.0178012
32.74 -0.017895
32.75 -0.0179614
32.76 -0.0180011
32.77 -0.0180155
32.78 -0.0180073
32.79 -0.0179797
32.8 -0.0179361
32.81 -0.0178777
32.82 -0.0178008
32.83 -0.0177007
32.84 -0.0175749
32.85 -0.0174226
32.86 -0.0172443
32.87 -0.0170418
32.88 -0.0168177
32.89 -0.0165751
32.9 -0.0163175
32.91 -0.0160462
32.92 -0.0157584
32.93 -0.0154504
32.94 -0.0151204
32.95 -0.0147678
32.96 -0.0143932
32.97 -0.0139984
32.98 -0.0135856
32.99 -0.0131575
33 -0.0127172
33.01 -0.0122659
33.02 -0.0118021
33.03 -0.0113236
33.04 -0.0108294
33.05 -0.0103193
33.06 -0.00979403
33.07 -0.00925484
33.08 -0.00870347
33.09 -0.0081419
33.1 -0.00757223
33.11 -0.00699578
33.12 -0.0064124
33.13 -0.00582156
33.14 -0.00522319
33.15 -0.00461757
33.16 -0.00400533
33.17 -0.00338725
33.18 -0.00276429
33.19 -0.00213742
33.2 -0.00150764
33.21 -0.00087605
33.22 -0.000243916
33.23 0.000387553
33.24 0.00101742
33.25 0.00164499
33.26 0.00226984
33.27 0.00289173
33.28 0.00351063
33.29 0.00412667
33.3 0.00474006
33.31 0.00535008
33.32 0.00595419
33.33 0.0065496
33.34 0.00713445
33.35 0.00770776
33.36 0.00826932
33.37 0.0088195
33.38 0.00935917
33.39 0.00988955
33.4 0.0104121
33.41 0.0109264
33.42 0.0114291
33.43 0.0119162
33.44 0.012385
33.45 0.0128344
33.46 0.0132645
33.47 0.0136761
33.48 0.014071
33.49 0.0144513
33.5 0.0148195
33.51 0.0151757
33.52 0.015516
33.53 0.0158355
33.54 0.0161313
33.55 0.0164023
33.56 0.0166486
33.57 0.0168717
33.58 0.0170739
33.59 0.0172579
33.6 0.0174271
33.61 0.0175819
33.62 0.0177184
33.63 0.0178316
33.64 0.0179185
33.65 0.0179781
33.66 0.0180107
33.67 0.0180182
33.68 0.0180031
33.69 0.0179685
33.7 0.0179181
33.71 0.0178527
33.72 0.0177688
33.73 0.0176619
33.74 0.0175294
33.75 0.0173703
33.76 0.0171854
33.77 0.0169764
33.78 0.0167458
33.79 0.0164968
33.8 0.0162329
33.81 0.0159552
33.82 0.0156612
33.83 0.0153472
33.84 0.0150113
33.85 0.014653
33.86 0.0142729
33.87 0.0138727
33.88 0.0134547
33.89 0.0130215
33.9 0.0125762
33.91 0.01212
33.92 0.0116515
33.93 0.0111685
33.94 0.0106701
33.95 0.0101559
33.96 0.00962686
33.97 0.00908412
33.98 0.00852942
33.99 0.0079647
34 0.00739202
34.01 0.00681271
34.02 0.00622667
34.03 0.00563342
34.04 0.0050329
34.05 0.00442544
34.06 0.00381164
34.07 0.00319228
34.08 0.00256826
34.09 0.00194056
34.1 0.00131012
34.11 0.000678031
34.12 4.56036e-005
34.13 -0.0005859
34.14 -0.00121551
34.15 -0.00184253
34.16 -0.00246652
34.17 -0.00308729
34.18 -0.00370482
34.19 -0.00431927
34.2 -0.0049309
34.21 -0.00553901
34.22 -0.00614101
34.23 -0.00673407
34.24 -0.0073163
34.25 -0.00788672
34.26 -0.00844512
34.27 -0.0089919
34.28 -0.00952794
34.29 -0.0100545
34.3 -0.0105731
34.31 -0.0110833
34.32 -0.0115818
34.33 -0.0120644
34.34 -0.0125285
34.35 -0.012973
34.36 -0.013398
34.37 -0.0138044
34.38 -0.0141939
34.39 -0.0145686
34.4 -0.0149311
34.41 -0.0152815
34.42 -0.0156159
34.43 -0.0159294
34.44 -0.0162191
34.45 -0.0164838
34.46 -0.0167237
34.47 -0.0169403
34.48 -0.0171359
34.49 -0.0173133
34.5 -0.0174757
34.51 -0.0176238
34.52 -0.0177535
34.53 -0.0178598
34.54 -0.0179398
34.55 -0.0179925
34.56 -0.0180183
34.57 -0.0180188
34.58 -0.0179968
34.59 -0.0179553
34.6 -0.0178978
34.61 -0.0178255
34.62 -0.0177348
34.63 -0.017621
34.64 -0.0174817
34.65 -0.017316
34.66 -0.0171244
34.67 -0.0169089
34.68 -0.0166718
34.69 -0.0164165
34.7 -0.0161462
34.71 -0.0158623
34.72 -0.0155622
34.73 -0.0152422
34.74 -0.0149004
34.75 -0.0145364
34.76 -0.0141508
34.77 -0.0137453
34.78 -0.0133221
34.79 -0.0128839
34.8 -0.0124336
34.81 -0.0119726
34.82 -0.0114995
34.83 -0.0110121
34.84 -0.0105094
34.85 -0.00999132
34.86 -0.00945854
34.87 -0.00891232
34.88 -0.00835434
34.89 -0.00778654
34.9 -0.00721093
34.91 -0.00662884
34.92 -0.0060402
34.93 -0.0054446
34.94 -0.00484202
34.95 -0.00423279
34.96 -0.0036175
34.97 -0.00299692
34.98 -0.00237194
34.99 -0.00174348
35 -0.00111245
35.01 -0.000479934
35.02 0.000152712
35.03 0.000784175
35.04 0.00141345
35.05 0.00203984
35.06 0.00266291
35.07 0.00328247
35.08 0.00389856
35.09 0.00451135
35.1 0.00512115
35.11 0.00572727
35.12 0.00632709
35.13 0.00691771
35.14 0.00749726
35.15 0.00806472
35.16 0.00861989
35.17 0.0091632
35.18 0.00969556
35.19 0.0102182
35.2 0.0107328
35.21 0.0112389
35.22 0.011733
35.23 0.0122111
35.24 0.0126705
35.25 0.0131101
35.26 0.01353
35.27 0.013931
35.28 0.014315
35.29 0.0146841
35.3 0.0150409
35.31 0.0153855
35.32 0.0157139
35.33 0.0160214
35.34 0.0163049
35.35 0.0165632
35.36 0.0167968
35.37 0.0170069
35.38 0.0171958
35.39 0.0173665
35.4 0.0175222
35.41 0.0176635
35.42 0.0177863
35.43 0.0178858
35.44 0.017959
35.45 0.0180047
35.46 0.0180236
35.47 0.0180172
35.48 0.0179882
35.49 0.0179398
35.5 0.0178754
35.51 0.0177962
35.52 0.0176986
35.53 0.017578
35.54 0.0174319
35.55 0.0172595
35.56 0.0170614
35.57 0.0168393
35.58 0.0165959
35.59 0.0163342
35.6 0.0160576
35.61 0.0157675
35.62 0.0154613
35.63 0.0151353
35.64 0.0147877
35.65 0.0144181
35.66 0.014027
35.67 0.0136163
35.68 0.0131879
35.69 0.0127448
35.7 0.0122896
35.71 0.0118239
35.72 0.0113461
35.73 0.0108544
35.74 0.0103475
35.75 0.00982551
35.76 0.00928907
35.77 0.00873944
35.78 0.00817826
35.79 0.00760744
35.8 0.00702897
35.81 0.00644415
35.82 0.005853
35.83 0.00525512
35.84 0.00465054
35.85 0.00403961
35.86 0.00342291
35.87 0.0028012
35.88 0.00217532
35.89 0.00154617
35.9 0.000914637
35.91 0.000281775
35.92 -0.000351011
35.93 -0.000982355
35.94 -0.00161122
35.95 -0.0022369
35.96 -0.00285897
35.97 -0.00347726
35.98 -0.00409182
35.99 -0.00470287
36 -0.00531078
36.01 -0.00591482
36.02 -0.00651239
36.03 -0.00710052
36.04 -0.00767731
36.05 -0.00824174
36.06 -0.00879362
36.07 -0.00933339
36.08 -0.009862
36.09 -0.0103807
36.1 -0.0108912
36.11 -0.0113931
36.12 -0.0118828
36.13 -0.0123563
36.14 -0.012811
36.15 -0.0132456
36.16 -0.0136603
36.17 -0.014056
36.18 -0.0144344
36.19 -0.0147978
36.2 -0.0151488
36.21 -0.0154876
36.22 -0.01581
36.23 -0.0161114
36.24 -0.0163887
36.25 -0.0166407
36.26 -0.0168678
36.27 -0.0170714
36.28 -0.0172537
36.29 -0.0174177
36.3 -0.0175666
36.31 -0.0177011
36.32 -0.0178171
36.33 -0.0179097
36.34 -0.017976
36.35 -0.0180148
36.36 -0.0180268
36.37 -0.0180135
36.38 -0.0179775
36.39 -0.0179221
36.4 -0.0178509
36.41 -0.0177647
36.42 -0.0176602
36.43 -0.0175328
36.44 -0.01738
36.45 -0.0172009
36.46 -0.0169963
36.47 -0.0167677
36.48 -0.0165179
36.49 -0.0162499
36.5 -0.0159671
36.51 -0.0156708
36.52 -0.0153585
36.53 -0.0150266
36.54 -0.0146732
36.55 -0.014298
36.56 -0.0139016
36.57 -0.0134855
36.58 -0.0130522
36.59 -0.0126041
36.6 -0.0121441
36.61 -0.0116737
36.62 -0.0111914
36.63 -0.0106953
36.64 -0.0101843
36.65 -0.0096585
36.66 -0.00911848
36.67 -0.00856549
36.68 -0.00800118
36.69 -0.00742741
36.7 -0.00684615
36.71 -0.00625869
36.72 -0.00566508
36.73 -0.005065
36.74 -0.00445851
36.75 -0.00384595
36.76 -0.00322791
36.77 -0.00260513
36.78 -0.00197844
36.79 -0.00134869
36.8 -0.000716719
36.81 -8.35881e-005
36.82 0.000549262
36.83 0.00118041
36.84 0.00180879
36.85 0.00243369
36.86 0.00305468
36.87 0.00367162
36.88 0.00428458
36.89 0.00489383
36.9 0.00549975
36.91 0.00610166
36.92 0.0066969
36.93 0.00728247
36.94 0.00785642
36.95 0.00841776
36.96 0.00896628
36.97 0.00950245
36.98 0.0100272
36.99 0.010542
37 0.0110483
37.01 0.0115459
37.02 0.0120312
37.03 0.0125
37.04 0.0129499
37.05 0.0133795
37.06 0.0137889
37.07 0.0141792
37.08 0.0145521
37.09 0.0149098
37.1 0.0152549
37.11 0.0155878
37.12 0.0159042
37.13 0.0161995
37.14 0.0164705
37.15 0.0167162
37.16 0.0169368
37.17 0.0171338
37.18 0.0173095
37.19 0.0174667
37.2 0.0176089
37.21 0.0177365
37.22 0.0178457
37.23 0.0179314
37.24 0.0179908
37.25 0.0180227
37.26 0.0180277
37.27 0.0180075
37.28 0.0179646
37.29 0.0179023
37.3 0.0178241
37.31 0.0177311
37.32 0.0176197
37.33 0.0174855
37.34 0.017326
37.35 0.0171403
37.36 0.0169291
37.37 0.0166941
37.38 0.0164379
37.39 0.0161636
37.4 0.0158746
37.41 0.0155722
37.42 0.0152538
37.43 0.014916
37.44 0.0145569
37.45 0.0141762
37.46 0.0137744
37.47 0.0133532
37.48 0.0129148
37.49 0.0124618
37.5 0.0119971
37.51 0.011522
37.52 0.0110353
37.53 0.0105349
37.54 0.0100199
37.55 0.00949031
37.56 0.00894676
37.57 0.0083905
37.58 0.00782313
37.59 0.00724648
37.6 0.00666249
37.61 0.00607246
37.62 0.00547648
37.63 0.00487427
37.64 0.00426593
37.65 0.00365182
37.66 0.00303252
37.67 0.00240876
37.68 0.00178132
37.69 0.00115104
37.7 0.000518713
37.71 -0.000114611
37.72 -0.000747448
37.73 -0.00137833
37.74 -0.00200615
37.75 -0.00263018
37.76 -0.00325002
37.77 -0.00386553
37.78 -0.00447682
37.79 -0.00508419
37.8 -0.00568806
37.81 -0.00628776
37.82 -0.0068806
37.83 -0.00746353
37.84 -0.00803458
37.85 -0.00859276
37.86 -0.00913785
37.87 -0.00967035
37.88 -0.0101913
37.89 -0.0107019
37.9 -0.011204
37.91 -0.0116973
37.92 -0.0121781
37.93 -0.0126423
37.94 -0.0130872
37.95 -0.0135117
37.96 -0.0139159
37.97 -0.0143007
37.98 -0.0146679
37.99 -0.0150199
38 -0.0153592
38.01 -0.0156861
38.02 -0.0159965
38.03 -0.0162856
38.04 -0.0165503
38.05 -0.0167896
38.06 -0.0170038
38.07 -0.0171942
38.08 -0.0173632
38.09 -0.0175137
38.1 -0.017649
38.11 -0.0177698
38.12 -0.0178721
38.13 -0.0179509
38.14 -0.0180034
38.15 -0.0180284
38.16 -0.0180265
38.17 -0.0179994
38.18 -0.0179496
38.19 -0.0178804
38.2 -0.0177952
38.21 -0.0176953
38.22 -0.0175771
38.23 -0.0174361
38.24 -0.0172699
38.25 -0.0170776
38.26 -0.0168599
38.27 -0.0166185
38.28 -0.016356
38.29 -0.0160754
38.3 -0.0157802
38.31 -0.0154717
38.32 -0.0151473
38.33 -0.0148036
38.34 -0.0144389
38.35 -0.0140527
38.36 -0.0136456
38.37 -0.0132192
38.38 -0.0127759
38.39 -0.0123181
38.4 -0.0118487
38.41 -0.011369
38.42 -0.0108778
38.43 -0.0103732
38.44 -0.00985429
38.45 -0.00932099
38.46 -0.00877399
38.47 -0.00821451
38.48 -0.00764414
38.49 -0.00706468
38.5 -0.00647804
38.51 -0.00588551
38.52 -0.00528722
38.53 -0.00468296
38.54 -0.00407284
38.55 -0.00345726
38.56 -0.00283677
38.57 -0.00221209
38.58 -0.00158399
38.59 -0.000953252
38.6 -0.000320644
38.61 0.000312798
38.62 0.000945548
38.63 0.00157608
38.64 0.00220327
38.65 0.00282637
38.66 0.00344498
38.67 0.00405899
38.68 0.00466854
38.69 0.00527395
38.7 0.00587569
38.71 0.00647311
38.72 0.00706347
38.73 0.00764369
38.74 0.00821178
38.75 0.00876671
38.76 0.00930832
38.77 0.00983709
38.78 0.0103541
38.79 0.0108606
38.8 0.0113584
38.81 0.0118473
38.82 0.0123235
38.83 0.012783
38.84 0.013223
38.85 0.0136423
38.86 0.0140412
38.87 0.0144205
38.88 0.0147821
38.89 0.0151282
38.9 0.0154616
38.91 0.0157825
38.92 0.0160868
38.93 0.0163697
38.94 0.0166282
38.95 0.016861
38.96 0.0170686
38.97 0.0172524
38.98 0.0174147
38.99 0.0175585
39 0.017687
39.01 0.0178009
39.02 0.0178964
39.03 0.0179683
39.04 0.0180138
39.05 0.0180319
39.06 0.0180231
39.07 0.017989
39.08 0.0179323
39.09 0.0178562
39.1 0.0177642
39.11 0.0176574
39.12 0.0175324
39.13 0.0173846
39.14 0.0172117
39.15 0.0170128
39.16 0.0167886
39.17 0.0165408
39.18 0.016272
39.19 0.0159853
39.2 0.0156839
39.21 0.0153693
39.22 0.015039
39.23 0.0146895
39.24 0.0143191
39.25 0.0139274
39.26 0.0135151
39.27 0.0130837
39.28 0.0126354
39.29 0.0121728
39.3 0.0116988
39.31 0.0112146
39.32 0.0107191
39.33 0.0102103
39.34 0.00968748
39.35 0.00915052
39.36 0.00860014
39.37 0.00803751
39.38 0.00746421
39.39 0.00688202
39.4 0.0062928
39.41 0.00569784
39.42 0.00509731
39.43 0.00449106
39.44 0.00387925
39.45 0.00326226
39.46 0.00264067
39.47 0.00201515
39.48 0.00138646
39.49 0.000755342
39.5 0.000122531
39.51 -0.000510951
39.52 -0.00114354
39.53 -0.00177364
39.54 -0.00240012
39.55 -0.00302221
39.56 -0.00363952
39.57 -0.00425195
39.58 -0.00485968
39.59 -0.00546307
39.6 -0.00606261
39.61 -0.00665768
39.62 -0.00724549
39.63 -0.00782294
39.64 -0.00838799
39.65 -0.00893963
39.66 -0.00947767
39.67 -0.0100026
39.68 -0.0105156
39.69 -0.011018
39.7 -0.0115114
39.71 -0.0119958
39.72 -0.0124675
39.73 -0.0129221
39.74 -0.0133571
39.75 -0.0137713
39.76 -0.0141647
39.77 -0.0145385
39.78 -0.0148944
39.79 -0.0152347
39.8 -0.0155622
39.81 -0.015877
39.82 -0.0161752
39.83 -0.0164519
39.84 -0.016704
39.85 -0.0169304
39.86 -0.0171315
39.87 -0.0173086
39.88 -0.0174642
39.89 -0.0176012
39.9 -0.0177228
39.91 -0.0178299
39.92 -0.0179185
39.93 -0.0179835
39.94 -0.0180221
39.95 -0.0180333
39.96 -0.0180175
39.97 -0.0179765
39.98 -0.0179129
39.99 -0.0178299
40 -0.017731
40.01 -0.0176173
40.02 -0.0174855
40.03 -0.017331
40.04 -0.0171514
40.05 -0.016946
40.06 -0.0167153
40.07 -0.0164612
40.08 -0.0161861
40.09 -0.0158932
40.1 -0.0155857
40.11 -0.0152651
40.12 -0.0149288
40.13 -0.0145736
40.14 -0.0141976
40.15 -0.0138005
40.16 -0.013383
40.17 -0.0129466
40.18 -0.0124934
40.19 -0.0120261
40.2 -0.0115475
40.21 -0.0110588
40.22 -0.010559
40.23 -0.0100462
40.24 -0.00951949
40.25 -0.00897896
40.26 -0.00842525
40.27 -0.00785955
40.28 -0.00728339
40.29 -0.00669853
40.3 -0.0061068
40.31 -0.00550948
40.32 -0.00490679
40.33 -0.00429864
40.34 -0.0036852
40.35 -0.00306689
40.36 -0.00244426
40.37 -0.00181798
40.38 -0.00118878
40.39 -0.00055736
40.4 7.55783e-005
40.41 0.000709024
40.42 0.00134137
40.43 0.00197097
40.44 0.00259666
40.45 0.00321767
40.46 0.0038336
40.47 0.00444439
40.48 0.00505022
40.49 0.00565151
40.5 0.00624878
40.51 0.00684142
40.52 0.00742662
40.53 0.00800121
40.54 0.00856316
40.55 0.00911143
40.56 0.00964586
40.57 0.010167
40.58 0.0106759
40.59 0.011174
40.6 0.0116631
40.61 0.0121429
40.62 0.0126099
40.63 0.0130597
40.64 0.0134896
40.65 0.0138986
40.66 0.0142866
40.67 0.0146547
40.68 0.0150049
40.69 0.0153393
40.7 0.0156608
40.71 0.0159696
40.72 0.0162616
40.73 0.016532
40.74 0.0167778
40.75 0.0169977
40.76 0.0171922
40.77 0.0173627
40.78 0.0175115
40.79 0.0176417
40.8 0.0177565
40.81 0.0178567
40.82 0.0179384
40.83 0.0179965
40.84 0.0180282
40.85 0.0180324
40.86 0.0180097
40.87 0.0179618
40.88 0.0178913
40.89 0.0178014
40.9 0.0176957
40.91 0.0175751
40.92 0.0174365
40.93 0.0172752
40.94 0.017089
40.95 0.0168771
40.96 0.01664
40.97 0.0163795
40.98 0.0160982
40.99 0.0157991
41 0.0154856
41.01 0.015159
41.02 0.0148168
41.03 0.0144559
41.04 0.0140744
41.05 0.0136719
41.06 0.0132492
41.07 0.0128078
41.08 0.0123499
41.09 0.011878
41.1 0.0113948
41.11 0.0109017
41.12 0.0103977
41.13 0.0098808
41.14 0.00935034
41.15 0.0088063
41.16 0.00824933
41.17 0.00768062
41.18 0.00710167
41.19 0.00651421
41.2 0.00592005
41.21 0.00532044
41.22 0.00471567
41.23 0.00410568
41.24 0.00349069
41.25 0.00287112
41.26 0.00224754
41.27 0.00162058
41.28 0.000990932
41.29 0.00035929
41.3 -0.000273698
41.31 -0.000907029
41.32 -0.00153905
41.33 -0.00216808
41.34 -0.00279291
41.35 -0.00341275
41.36 -0.00402723
41.37 -0.00463629
41.38 -0.00524016
41.39 -0.00583927
41.4 -0.0064342
41.41 -0.00702434
41.42 -0.00760685
41.43 -0.00817853
41.44 -0.0087373
41.45 -0.00928214
41.46 -0.00981288
41.47 -0.0103301
41.48 -0.0108348
41.49 -0.0113286
41.5 -0.0118133
41.51 -0.0122885
41.52 -0.0127508
41.53 -0.0131957
41.54 -0.0136205
41.55 -0.0140242
41.56 -0.0144067
41.57 -0.0147692
41.58 -0.0151136
41.59 -0.0154421
41.6 -0.0157576
41.61 -0.0160603
41.62 -0.0163461
41.63 -0.0166102
41.64 -0.0168495
41.65 -0.017063
41.66 -0.0172508
41.67 -0.0174146
41.68 -0.0175567
41.69 -0.0176801
41.7 -0.0177881
41.71 -0.0178814
41.72 -0.0179561
41.73 -0.0180073
41.74 -0.0180321
41.75 -0.0180294
41.76 -0.0179998
41.77 -0.017945
41.78 -0.0178676
41.79 -0.0177708
41.8 -0.0176582
41.81 -0.0175308
41.82 -0.0173854
41.83 -0.0172174
41.84 -0.0170246
41.85 -0.0168061
41.86 -0.0165626
41.87 -0.0162959
41.88 -0.0160084
41.89 -0.0157032
41.9 -0.0153836
41.91 -0.0150511
41.92 -0.0147031
41.93 -0.0143364
41.94 -0.0139494
41.95 -0.0135417
41.96 -0.0131139
41.97 -0.0126676
41.98 -0.0122049
41.99 -0.0117284
42 -0.0112407
42.01 -0.0107433
42.02 -0.0102351
42.03 -0.00971425
42.04 -0.00918008
42.05 -0.00863258
42.06 -0.00807243
42.07 -0.00750078
42.08 -0.00691911
42.09 -0.00632913
42.1 -0.00573259
42.11 -0.00513077
42.12 -0.00452398
42.13 -0.00391223
42.14 -0.00329577
42.15 -0.00267502
42.16 -0.00205054
42.17 -0.00142297
42.18 -0.000792966
42.19 -0.000161175
42.2 0.000471788
42.21 0.00110493
42.22 0.00173656
42.23 0.00236494
42.24 0.00298882
42.25 0.00360743
42.26 0.00422038
42.27 0.00482765
42.28 0.00542948
42.29 0.00602634
42.3 0.00661886
42.31 0.00720643
42.32 0.00778618
42.33 0.00835487
42.34 0.0089104
42.35 0.00945174
42.36 0.00997873
42.37 0.0104919
42.38 0.0109925
42.39 0.0114819
42.4 0.011962
42.41 0.0124327
42.42 0.0128901
42.43 0.0133301
42.44 0.0137498
42.45 0.0141481
42.46 0.0145251
42.47 0.0148819
42.48 0.0152204
42.49 0.015543
42.5 0.0158524
42.51 0.016149
42.52 0.0164286
42.53 0.0166863
42.54 0.0169192
42.55 0.0171262
42.56 0.0173074
42.57 0.0174645
42.58 0.0175998
42.59 0.0177164
42.6 0.0178175
42.61 0.0179039
42.62 0.0179717
42.63 0.018016
42.64 0.0180338
42.65 0.0180242
42.66 0.0179877
42.67 0.017926
42.68 0.0178417
42.69 0.017738
42.7 0.0176185
42.71 0.0174844
42.72 0.0173321
42.73 0.0171575
42.74 0.0169581
42.75 0.0167331
42.76 0.0164833
42.77 0.0162103
42.78 0.0159166
42.79 0.0156053
42.8 0.0152798
42.81 0.0149413
42.82 0.0145875
42.83 0.0142153
42.84 0.0138228
42.85 0.0134098
42.86 0.012977
42.87 0.0125258
42.88 0.0120584
42.89 0.0115774
42.9 0.0110853
42.91 0.0105836
42.92 0.0100712
42.93 0.00954651
42.94 0.00900869
42.95 0.00845781
42.96 0.00789454
42.97 0.00732002
42.98 0.00673571
42.99 0.00614327
43 0.00554444
43.01 0.00494048
43.02 0.00433175
43.03 0.00371831
43.04 0.00310044
43.05 0.00247859
43.06 0.00185331
43.07 0.0012252
43.08 0.000594911
43.09 -3.69521e-005
43.1 -0.000669812
43.11 -0.00130269
43.12 -0.00193384
43.13 -0.00256149
43.14 -0.00318436
43.15 -0.00380166
43.16 -0.00441301
43.17 -0.00501841
43.18 -0.00561812
43.19 -0.00621267
43.2 -0.0068027
43.21 -0.00738762
43.22 -0.00796455
43.23 -0.00853018
43.24 -0.0090824
43.25 -0.00962018
43.26 -0.0101433
43.27 -0.0106525
43.28 -0.0111488
43.29 -0.0116338
43.3 -0.0121094
43.31 -0.0125753
43.32 -0.0130279
43.33 -0.0134629
43.34 -0.0138774
43.35 -0.0142703
43.36 -0.0146418
43.37 -0.0149928
43.38 -0.0153255
43.39 -0.0156421
43.4 -0.0159454
43.41 -0.0162357
43.42 -0.0165091
43.43 -0.0167604
43.44 -0.0169869
43.45 -0.0171873
43.46 -0.0173619
43.47 -0.0175123
43.48 -0.0176408
43.49 -0.0177505
43.5 -0.0178447
43.51 -0.0179242
43.52 -0.0179851
43.53 -0.0180224
43.54 -0.0180333
43.55 -0.0180168
43.56 -0.0179734
43.57 -0.0179048
43.58 -0.0178136
43.59 -0.0177031
43.6 -0.0175768
43.61 -0.0174358
43.62 -0.0172768
43.63 -0.0170955
43.64 -0.0168896
43.65 -0.0166581
43.66 -0.0164019
43.67 -0.0161227
43.68 -0.0158229
43.69 -0.0155056
43.7 -0.0151741
43.71 -0.0148298
43.72 -0.0144702
43.73 -0.0140924
43.74 -0.0136945
43.75 -0.0132763
43.76 -0.0128385
43.77 -0.0123825
43.78 -0.0119105
43.79 -0.0114249
43.8 -0.0109285
43.81 -0.0104226
43.82 -0.00990617
43.83 -0.00937761
43.84 -0.00883621
43.85 -0.00828202
43.86 -0.0077157
43.87 -0.00713837
43.88 -0.00655148
43.89 -0.00595666
43.9 -0.00535561
43.91 -0.00474959
43.92 -0.00413899
43.93 -0.00352394
43.94 -0.00290475
43.95 -0.00228187
43.96 -0.00165586
43.97 -0.0010273
43.98 -0.000396798
43.99 0.00023506
44 0.00086774
44.01 0.00150027
44.02 0.00213088
44.03 0.00275772
44.04 0.00337951
44.05 0.00399542
44.06 0.0046051
44.07 0.00520855
44.08 0.00580608
44.09 0.00639824
44.1 0.00698571
44.11 0.00756793
44.12 0.00814196
44.13 0.00870446
44.14 0.00925332
44.15 0.00978746
44.16 0.0103068
44.17 0.0108118
44.18 0.0113038
44.19 0.0117843
44.2 0.0122553
44.21 0.0127164
44.22 0.0131642
44.23 0.013594
44.24 0.0140033
44.25 0.0143908
44.26 0.0147566
44.27 0.0151019
44.28 0.0154286
44.29 0.0157392
44.3 0.0160364
44.31 0.0163205
44.32 0.0165876
44.33 0.0168325
44.34 0.0170525
44.35 0.0172463
44.36 0.0174143
44.37 0.0175579
44.38 0.0176796
44.39 0.0177825
44.4 0.0178698
44.41 0.0179424
44.42 0.0179963
44.43 0.0180267
44.44 0.0180307
44.45 0.0180072
44.46 0.0179569
44.47 0.0178814
44.48 0.0177834
44.49 0.017666
44.5 0.0175329
44.51 0.0173851
44.52 0.0172194
44.53 0.0170315
44.54 0.016819
44.55 0.0165811
44.56 0.0163186
44.57 0.0160332
44.58 0.0157273
44.59 0.015404
44.6 0.0150666
44.61 0.0147164
44.62 0.0143512
44.63 0.0139678
44.64 0.0135645
44.65 0.0131412
44.66 0.0126984
44.67 0.0122377
44.68 0.0117611
44.69 0.0112711
44.7 0.0107704
44.71 0.0102604
44.72 0.00973993
44.73 0.00920759
44.74 0.00866268
44.75 0.00810524
44.76 0.00753593
44.77 0.00695587
44.78 0.00636648
44.79 0.00576934
44.8 0.00516615
44.81 0.00455813
44.82 0.00394573
44.83 0.00332914
44.84 0.0027087
44.85 0.00208487
44.86 0.0014582
44.87 0.000829256
44.88 0.000198623
44.89 -0.000433154
44.9 -0.00106558
44.91 -0.00169769
44.92 -0.00232767
44.93 -0.00295364
44.94 -0.00357425
44.95 -0.00418871
44.96 -0.00479664
44.97 -0.00539807
44.98 -0.00599335
44.99 -0.00658304
45 -0.00716788
45.01 -0.00774731
45.02 -0.00831837
45.03 -0.00887769
45.04 -0.0094231
45.05 -0.00995355
45.06 -0.0104689
45.07 -0.0109698
45.08 -0.0114574
45.09 -0.0119334
45.1 -0.0123996
45.11 -0.012856
45.12 -0.0132988
45.13 -0.0137235
45.14 -0.0141275
45.15 -0.0145095
45.16 -0.0148697
45.17 -0.0152092
45.18 -0.0155299
45.19 -0.0158344
45.2 -0.0161254
45.21 -0.0164033
45.22 -0.016664
45.23 -0.0169026
45.24 -0.0171161
45.25 -0.0173033
45.26 -0.0174645
45.27 -0.0176014
45.28 -0.0177163
45.29 -0.0178123
45.3 -0.0178927
45.31 -0.0179584
45.32 -0.0180054
45.33 -0.0180288
45.34 -0.0180258
45.35 -0.0179955
45.36 -0.0179382
45.37 -0.0178559
45.38 -0.017751
45.39 -0.0176268
45.4 -0.0174869
45.41 -0.0173324
45.42 -0.0171599
45.43 -0.0169654
45.44 -0.0167463
45.45 -0.0165021
45.46 -0.0162333
45.47 -0.0159417
45.48 -0.0156298
45.49 -0.0153005
45.5 -0.0149573
45.51 -0.0146013
45.52 -0.0142304
45.53 -0.0138415
45.54 -0.0134329
45.55 -0.0130045
45.56 -0.0125568
45.57 -0.0120914
45.58 -0.0116103
45.59 -0.011116
45.6 -0.010611
45.61 -0.0100968
45.62 -0.00957248
45.63 -0.00903645
45.64 -0.00848808
45.65 -0.00792746
45.66 -0.00735524
45.67 -0.00677252
45.68 -0.00618069
45.69 -0.00558132
45.7 -0.00497605
45.71 -0.00436611
45.72 -0.003752
45.73 -0.00313394
45.74 -0.00251232
45.75 -0.00188762
45.76 -0.00126036
45.77 -0.000631118
45.78 -4.28602e-007
45.79 0.000631192
45.8 0.00126328
45.81 0.0018949
45.82 0.00252418
45.83 0.00314919
45.84 0.00376857
45.85 0.00438149
45.86 0.00498759
45.87 0.00558694
45.88 0.00617989
45.89 0.00676705
45.9 0.00734919
45.91 0.00792577
45.92 0.00849379
45.93 0.00904985
45.94 0.00959175
45.95 0.0101184
45.96 0.0106298
45.97 0.0111264
45.98 0.0116096
45.99 0.012081
46 0.0125425
46.01 0.012994
46.02 0.0134318
46.03 0.0138514
46.04 0.01425
46.05 0.0146265
46.06 0.014981
46.07 0.0153146
46.08 0.0156294
46.09 0.0159277
46.1 0.0162125
46.11 0.0164841
46.12 0.0167385
46.13 0.0169706
46.14 0.0171775
46.15 0.0173581
46.16 0.0175127
46.17 0.0176428
46.18 0.0177509
46.19 0.01784
46.2 0.0179135
46.21 0.0179722
46.22 0.0180122
46.23 0.0180287
46.24 0.0180188
46.25 0.0179815
46.26 0.0179174
46.27 0.0178282
46.28 0.0177165
46.29 0.0175855
46.3 0.0174388
46.31 0.0172775
46.32 0.0170984
46.33 0.0168972
46.34 0.0166717
46.35 0.0164211
46.36 0.016146
46.37 0.0158483
46.38 0.0155304
46.39 0.0151952
46.4 0.0148461
46.41 0.0144844
46.42 0.0141078
46.43 0.0137135
46.44 0.0132997
46.45 0.0128662
46.46 0.0124137
46.47 0.0119436
46.48 0.0114581
46.49 0.0109594
46.5 0.0104503
46.51 0.0099321
46.52 0.00940388
46.53 0.0088642
46.54 0.00831245
46.55 0.00774872
46.56 0.00717366
46.57 0.00658835
46.58 0.00599415
46.59 0.00539262
46.6 0.00478535
46.61 0.00417356
46.62 0.00355781
46.63 0.00293836
46.64 0.00231564
46.65 0.00169013
46.66 0.00106237
46.67 0.000432899
46.68 -0.000197771
46.69 -0.000829158
46.7 -0.00146084
46.71 -0.00209189
46.72 -0.00272039
46.73 -0.00334437
46.74 -0.00396243
46.75 -0.00457374
46.76 -0.00517796
46.77 -0.00577514
46.78 -0.00636569
46.79 -0.00695024
46.8 -0.00752961
46.81 -0.00810327
46.82 -0.00866819
46.83 -0.00922091
46.84 -0.00975925
46.85 -0.0102821
46.86 -0.0107894
46.87 -0.0112818
46.88 -0.0117605
46.89 -0.0122272
46.9 -0.0126839
46.91 -0.0131305
46.92 -0.0135632
46.93 -0.0139775
46.94 -0.0143708
46.95 -0.0147417
46.96 -0.0150904
46.97 -0.0154182
46.98 -0.0157269
46.99 -0.0160191
47 -0.0162976
47.01 -0.016563
47.02 -0.0168109
47.03 -0.0170366
47.04 -0.0172369
47.05 -0.0174108
47.06 -0.0175587
47.07 -0.017682
47.08 -0.0177832
47.09 -0.0178655
47.1 -0.017932
47.11 -0.0179838
47.12 -0.0180169
47.13 -0.0180265
47.14 -0.0180096
47.15 -0.0179654
47.16 -0.0178944
47.17 -0.0177983
47.18 -0.0176798
47.19 -0.017542
47.2 -0.0173885
47.21 -0.0172205
47.22 -0.0170347
47.23 -0.016827
47.24 -0.016595
47.25 -0.016338
47.26 -0.0160568
47.27 -0.015753
47.28 -0.0154291
47.29 -0.015088
47.3 -0.0147331
47.31 -0.0143657
47.32 -0.0139836
47.33 -0.0135838
47.34 -0.0131649
47.35 -0.0127264
47.36 -0.0122691
47.37 -0.0117944
47.38 -0.0113045
47.39 -0.0108016
47.4 -0.0102884
47.41 -0.00976617
47.42 -0.00923414
47.43 -0.00869089
47.44 -0.00813582
47.45 -0.00756904
47.46 -0.0069912
47.47 -0.00640337
47.48 -0.00580689
47.49 -0.00520326
47.5 -0.00459406
47.51 -0.0039805
47.52 -0.00336317
47.53 -0.00274241
47.54 -0.00211867
47.55 -0.00149244
47.56 -0.000864248
47.57 -0.000234623
47.58 0.000395948
47.59 0.00102702
47.6 0.00165822
47.61 0.00228861
47.62 0.00291626
47.63 0.00353913
47.64 0.0041558
47.65 0.00476543
47.66 0.00536767
47.67 0.00596262
47.68 0.00655069
47.69 0.00713257
47.7 0.0077091
47.71 0.00827977
47.72 0.00884152
47.73 0.00939085
47.74 0.00992555
47.75 0.0104445
47.76 0.0109477
47.77 0.0114357
47.78 0.0119098
47.79 0.0123719
47.8 0.0128237
47.81 0.0132653
47.82 0.0136929
47.83 0.014102
47.84 0.0144898
47.85 0.0148551
47.86 0.0151981
47.87 0.0155199
47.88 0.0158225
47.89 0.0161085
47.9 0.0163808
47.91 0.0166398
47.92 0.0168813
47.93 0.0171005
47.94 0.0172942
47.95 0.0174615
47.96 0.0176026
47.97 0.0177191
47.98 0.0178135
47.99 0.0178888
48 0.0179484
48.01 0.0179933
48.02 0.0180194
48.03 0.018022
48.04 0.0179982
48.05 0.0179471
48.06 0.0178693
48.07 0.0177663
48.08 0.017641
48.09 0.0174964
48.1 0.0173362
48.11 0.0171615
48.12 0.016969
48.13 0.0167547
48.14 0.0165163
48.15 0.0162531
48.16 0.0159656
48.17 0.0156558
48.18 0.0153259
48.19 0.0149791
48.2 0.0146184
48.21 0.0142453
48.22 0.0138577
48.23 0.0134525
48.24 0.0130284
48.25 0.012585
48.26 0.012123
48.27 0.0116438
48.28 0.0111495
48.29 0.0106424
48.3 0.0101252
48.31 0.00959906
48.32 0.00906329
48.33 0.00851653
48.34 0.00795821
48.35 0.00738845
48.36 0.00680791
48.37 0.00621763
48.38 0.00561892
48.39 0.00501328
48.4 0.00440222
48.41 0.00378696
48.42 0.00316814
48.43 0.00254614
48.44 0.00192144
48.45 0.00129456
48.46 0.00066602
48.47 3.63182e-005
48.48 -0.00059408
48.49 -0.00122477
48.5 -0.0018554
48.51 -0.00248507
48.52 -0.00311179
48.53 -0.00373347
48.54 -0.00434868
48.55 -0.00495655
48.56 -0.00555675
48.57 -0.00614939
48.58 -0.00673492
48.59 -0.00731405
48.6 -0.00788767
48.61 -0.00845528
48.62 -0.00901378
48.63 -0.00955965
48.64 -0.0100906
48.65 -0.0106057
48.66 -0.0111046
48.67 -0.0115882
48.68 -0.0120578
48.69 -0.012515
48.7 -0.012962
48.71 -0.0133986
48.72 -0.013821
48.73 -0.0142248
48.74 -0.0146071
48.75 -0.0149667
48.76 -0.0153038
48.77 -0.0156197
48.78 -0.0159162
48.79 -0.016196
48.8 -0.016462
48.81 -0.0167146
48.82 -0.0169497
48.83 -0.0171623
48.84 -0.0173494
48.85 -0.01751
48.86 -0.0176444
48.87 -0.0177541
48.88 -0.0178416
48.89 -0.01791
48.9 -0.0179627
48.91 -0.0180006
48.92 -0.0180197
48.93 -0.0180154
48.94 -0.0179847
48.95 -0.0179267
48.96 -0.0178419
48.97 -0.0177322
48.98 -0.0176
48.99 -0.0174487
49 -0.0172817
49.01 -0.0171003
49.02 -0.0169013
49.03 -0.0166804
49.04 -0.0164356
49.05 -0.0161661
49.06 -0.0158725
49.07 -0.0155566
49.08 -0.0152209
49.09 -0.0148682
49.1 -0.0145019
49.11 -0.0141232
49.12 -0.0137301
49.13 -0.0133196
49.14 -0.0128904
49.15 -0.0124421
49.16 -0.0119754
49.17 -0.0114917
49.18 -0.0109932
49.19 -0.010482
49.2 -0.00996074
49.21 -0.00943078
49.22 -0.00889133
49.23 -0.00834112
49.24 -0.00777962
49.25 -0.00720696
49.26 -0.00662378
49.27 -0.00603112
49.28 -0.00543028
49.29 -0.00482268
49.3 -0.00420985
49.31 -0.00359297
49.32 -0.00297273
49.33 -0.00234957
49.34 -0.001724
49.35 -0.00109654
49.36 -0.000467723
49.37 0.000161978
49.38 0.000792128
49.39 0.00142235
49.4 0.00205235
49.41 0.00268121
49.42 0.00330693
49.43 0.00392736
49.44 0.00454103
49.45 0.00514707
49.46 0.00574515
49.47 0.00633542
49.48 0.00691833
49.49 0.00749465
49.5 0.00806529
49.51 0.00862976
49.52 0.00918495
49.53 0.00972729
49.54 0.0102545
49.55 0.0107655
49.56 0.0112603
49.57 0.0117394
49.58 0.0122043
49.59 0.0126567
49.6 0.0130987
49.61 0.0135302
49.62 0.0139474
49.63 0.0143458
49.64 0.0147226
49.65 0.0150765
49.66 0.0154078
49.67 0.0157176
49.68 0.016008
49.69 0.0162816
49.7 0.0165412
49.71 0.0167874
49.72 0.017016
49.73 0.017222
49.74 0.0174026
49.75 0.0175564
49.76 0.017684
49.77 0.0177869
49.78 0.0178675
49.79 0.017929
49.8 0.0179747
49.81 0.0180057
49.82 0.0180179
49.83 0.0180066
49.84 0.0179689
49.85 0.017904
49.86 0.0178124
49.87 0.0176959
49.88 0.0175569
49.89 0.0173989
49.9 0.0172252
49.91 0.0170371
49.92 0.0168315
49.93 0.0166041
49.94 0.0163529
49.95 0.0160772
49.96 0.0157775
49.97 0.0154556
49.98 0.015114
49.99 0.0147556
50 0.0143836
50.01 0.0139994
